2025-11-25 21:02:12 - INFO - ==================================================
2025-11-25 21:02:12 - INFO - 游戏开始
2025-11-25 21:02:12 - INFO - 时间: 2025-11-25 21:02:12
2025-11-25 21:02:12 - INFO - 模式: 正常模式
2025-11-25 21:02:12 - INFO - ==================================================
2025-11-25 21:02:12 - INFO - 开始新游戏，玩家数量: 5
2025-11-25 21:02:12 - INFO - 开始初始化游戏...
2025-11-25 21:02:12 - INFO - 开始初始化牌堆...
2025-11-25 21:02:12 - INFO - 牌堆初始化完成，总牌数: 69
2025-11-25 21:02:12 - INFO - 牌堆创建完成，总牌数: 69
2025-11-25 21:02:12 - INFO - 开始初始化玩家...
2025-11-25 21:02:17 - INFO - 主公 初始手牌: 杀, 杀, 杀, 杀
2025-11-25 21:02:17 - INFO - 创建玩家 0: 主公 (身份: 主公, 武将: 白板武将, 血量: 5)
2025-11-25 21:02:19 - INFO - 反贼1 初始手牌: 杀, 闪, 决斗, 杀
2025-11-25 21:02:19 - INFO - 创建玩家 1: 反贼1 (身份: 反贼, 武将: 张飞, 血量: 4)
2025-11-25 21:02:22 - INFO - 忠臣 初始手牌: 闪, 杀, 闪, 桃
2025-11-25 21:02:22 - INFO - 创建玩家 2: 忠臣 (身份: 忠臣, 武将: 赵云, 血量: 4)
2025-11-25 21:02:24 - INFO - 反贼2 初始手牌: 闪, 杀, 桃, 杀
2025-11-25 21:02:24 - INFO - 创建玩家 3: 反贼2 (身份: 反贼, 武将: 吕蒙, 血量: 4)
2025-11-25 21:02:25 - INFO - 内奸 初始手牌: 闪, 桃, 闪, 杀
2025-11-25 21:02:25 - INFO - 创建玩家 4: 内奸 (身份: 内奸, 武将: 凌操, 血量: 4)
2025-11-25 21:02:25 - INFO - ControlManager初始化完成，管理 5 个Control实例
2025-11-25 21:02:25 - INFO - 玩家控制器创建完成，玩家数量: 5
2025-11-25 21:02:25 - INFO - 初始玩家ID: 0
2025-11-25 21:02:25 - INFO - 游戏初始化完成
2025-11-25 21:02:25 - INFO - 游戏主循环开始
2025-11-25 21:02:25 - INFO - === 第 1 回合开始，主公 的回合 ===
2025-11-25 21:02:25 - INFO - ============================================================
2025-11-25 21:02:25 - INFO - 当前所有玩家状态:
2025-11-25 21:02:25 - INFO - 玩家0 (主公) [主公] (白板武将) - 血量: 5/5 - 手牌: 杀, 杀, 杀, 杀 - 装备: 无
2025-11-25 21:02:25 - INFO - 玩家1 (反贼1) [反贼] (张飞) - 血量: 4/4 - 手牌: 杀, 闪, 决斗, 杀 - 装备: 无
2025-11-25 21:02:25 - INFO - 玩家2 (忠臣) [忠臣] (赵云) - 血量: 4/4 - 手牌: 闪, 杀, 闪, 桃 - 装备: 无
2025-11-25 21:02:25 - INFO - 玩家3 (反贼2) [反贼] (吕蒙) - 血量: 4/4 - 手牌: 闪, 杀, 桃, 杀 - 装备: 无
2025-11-25 21:02:25 - INFO - 玩家4 (内奸) [内奸] (凌操) - 血量: 4/4 - 手牌: 闪, 桃, 闪, 杀 - 装备: 无
2025-11-25 21:02:25 - INFO - ============================================================
2025-11-25 21:02:25 - INFO - ============================================================
2025-11-25 21:02:25 - INFO - 当前牌堆状态:
2025-11-25 21:02:25 - INFO - 正常牌堆: 49 张牌
2025-11-25 21:02:25 - INFO - 弃牌堆: 0 张牌
2025-11-25 21:02:25 - INFO - ============================================================
2025-11-25 21:02:25 - INFO - 主公 进入 准备 阶段
2025-11-25 21:02:25 - INFO - 主公 进入 摸牌 阶段
2025-11-25 21:02:27 - INFO - 主公 摸牌: 杀, 南蛮入侵
2025-11-25 21:02:27 - INFO - 主公 进入 出牌 阶段
2025-11-25 21:02:27 - INFO - 主公 使用 南蛮入侵，目标: 反贼1, 忠臣, 反贼2, 内奸
2025-11-25 21:02:29 - INFO - 玩家 主公 打出牌: 南蛮入侵
2025-11-25 21:02:29 - INFO - 主公 使用 南蛮入侵 响应
2025-11-25 21:02:29 - INFO - 反贼1 使用 杀 响应
2025-11-25 21:02:34 - INFO - 忠臣 使用 杀 响应
2025-11-25 21:02:36 - INFO - 反贼2 使用 杀 响应
2025-11-25 21:02:39 - INFO - 内奸 使用 杀 响应
2025-11-25 21:02:41 - INFO - 主公 回合结束
2025-11-25 21:02:41 - INFO - === 第 2 回合开始，反贼1 的回合 ===
2025-11-25 21:02:41 - INFO - ============================================================
2025-11-25 21:02:41 - INFO - 当前所有玩家状态:
2025-11-25 21:02:41 - INFO - 玩家0 (主公) [主公] (白板武将) - 血量: 5/5 - 手牌: 杀, 杀, 杀, 杀, 杀 - 装备: 无
2025-11-25 21:02:41 - INFO - 玩家1 (反贼1) [反贼] (张飞) - 血量: 4/4 - 手牌: 闪, 决斗, 杀 - 装备: 无
2025-11-25 21:02:41 - INFO - 玩家2 (忠臣) [忠臣] (赵云) - 血量: 4/4 - 手牌: 杀, 闪, 桃 - 装备: 无
2025-11-25 21:02:41 - INFO - 玩家3 (反贼2) [反贼] (吕蒙) - 血量: 4/4 - 手牌: 闪, 桃, 杀 - 装备: 无
2025-11-25 21:02:41 - INFO - 玩家4 (内奸) [内奸] (凌操) - 血量: 4/4 - 手牌: 闪, 桃, 闪 - 装备: 无
2025-11-25 21:02:41 - INFO - ============================================================
2025-11-25 21:02:41 - INFO - ============================================================
2025-11-25 21:02:41 - INFO - 当前牌堆状态:
2025-11-25 21:02:41 - INFO - 正常牌堆: 47 张牌
2025-11-25 21:02:41 - INFO - 弃牌堆: 5 张牌
2025-11-25 21:02:41 - INFO - 弃牌堆所有牌: 杀, 闪, 杀, 杀, 南蛮入侵
2025-11-25 21:02:41 - INFO - ============================================================
2025-11-25 21:02:41 - INFO - 反贼1 进入 准备 阶段
2025-11-25 21:02:41 - INFO - 反贼1 进入 摸牌 阶段
2025-11-25 21:02:42 - INFO - 反贼1 摸牌: 桃, 南蛮入侵
2025-11-25 21:02:42 - INFO - 反贼1 进入 出牌 阶段
2025-11-25 21:02:42 - INFO - 反贼1发动技能[咆哮]
2025-11-25 21:02:42 - INFO - 反贼1 使用 决斗，目标: 主公
2025-11-25 21:02:44 - INFO - 反贼1对主公表敌意（决斗）
2025-11-25 21:02:44 - INFO - 反贼1跳反
2025-11-25 21:02:44 - INFO - 反贼1对主公表敌意（决斗）
2025-11-25 21:02:44 - INFO - 反贼1跳反
2025-11-25 21:02:44 - INFO - 反贼1对主公表敌意（决斗）
2025-11-25 21:02:44 - INFO - 反贼1跳反
2025-11-25 21:02:44 - INFO - 玩家 反贼1 打出牌: 决斗
2025-11-25 21:02:44 - INFO - 反贼1 使用 决斗，目标: 主公
2025-11-25 21:02:44 - INFO - 决斗第1轮：主公 对 反贼1
2025-11-25 21:02:44 - INFO - 主公 使用 杀 响应
2025-11-25 21:02:47 - INFO - 决斗第2轮：反贼1 对 主公
2025-11-25 21:02:47 - INFO - 反贼1 使用 杀 响应
2025-11-25 21:02:49 - INFO - 决斗第3轮：主公 对 反贼1
2025-11-25 21:02:49 - INFO - 主公 使用 杀 响应
2025-11-25 21:02:51 - INFO - 决斗第4轮：反贼1 对 主公
2025-11-25 21:02:51 - INFO - 反贼1 受到 1 点伤害，当前血量: 3/4
2025-11-25 21:02:53 - INFO - 反贼1发动技能[咆哮]
2025-11-25 21:02:53 - INFO - 反贼1 使用 桃，目标: 反贼1
2025-11-25 21:02:56 - INFO - 玩家 反贼1 打出牌: 桃
2025-11-25 21:02:56 - INFO - 反贼1 恢复 1 点血量，当前血量: 4/4
2025-11-25 21:02:58 - INFO - 反贼1发动技能[咆哮]
2025-11-25 21:02:58 - INFO - 反贼1 使用 南蛮入侵，目标: 主公, 忠臣, 反贼2, 内奸
2025-11-25 21:03:00 - INFO - 玩家 反贼1 打出牌: 南蛮入侵
2025-11-25 21:03:00 - INFO - 反贼1 使用 南蛮入侵 响应
2025-11-25 21:03:02 - INFO - 忠臣 使用 杀 响应
2025-11-25 21:03:05 - INFO - 反贼2 使用 杀 响应
2025-11-25 21:03:07 - INFO - 内奸 受到 1 点伤害，当前血量: 3/4
2025-11-25 21:03:09 - INFO - 主公 使用 杀 响应
2025-11-25 21:03:11 - INFO - 反贼1发动技能[咆哮]
2025-11-25 21:03:11 - INFO - 反贼1 回合结束
2025-11-25 21:03:11 - INFO - === 第 3 回合开始，忠臣 的回合 ===
2025-11-25 21:03:11 - INFO - ============================================================
2025-11-25 21:03:11 - INFO - 当前所有玩家状态:
2025-11-25 21:03:11 - INFO - 玩家0 (主公) [主公] (白板武将) - 血量: 5/5 - 手牌: 杀, 杀 - 装备: 无
2025-11-25 21:03:11 - INFO - 玩家1 (反贼1) [反贼] (张飞) - 血量: 4/4 - 手牌: 闪 - 装备: 无
2025-11-25 21:03:11 - INFO - 玩家2 (忠臣) [忠臣] (赵云) - 血量: 4/4 - 手牌: 闪, 桃 - 装备: 无
2025-11-25 21:03:11 - INFO - 玩家3 (反贼2) [反贼] (吕蒙) - 血量: 4/4 - 手牌: 闪, 桃 - 装备: 无
2025-11-25 21:03:11 - INFO - 玩家4 (内奸) [内奸] (凌操) - 血量: 3/4 - 手牌: 闪, 桃, 闪 - 装备: 无
2025-11-25 21:03:11 - INFO - ============================================================
2025-11-25 21:03:11 - INFO - ============================================================
2025-11-25 21:03:11 - INFO - 当前牌堆状态:
2025-11-25 21:03:11 - INFO - 正常牌堆: 45 张牌
2025-11-25 21:03:11 - INFO - 弃牌堆: 14 张牌
2025-11-25 21:03:11 - INFO - 弃牌堆最后5张牌: 桃, 杀, 杀, 杀, 南蛮入侵
2025-11-25 21:03:11 - INFO - ============================================================
2025-11-25 21:03:11 - INFO - 忠臣 进入 准备 阶段
2025-11-25 21:03:11 - INFO - 忠臣 进入 摸牌 阶段
2025-11-25 21:03:13 - INFO - 忠臣 摸牌: 仁王盾, 万箭齐发
2025-11-25 21:03:13 - INFO - 忠臣 进入 出牌 阶段
2025-11-25 21:03:15 - INFO - 忠臣 使用 闪，目标: 忠臣
2025-11-25 21:03:17 - INFO - 玩家 忠臣 打出牌: 闪
2025-11-25 21:03:17 - WARNING - 未知的牌类型或牌名: 闪
2025-11-25 21:03:20 - INFO - 忠臣 使用 仁王盾，目标: 忠臣
2025-11-25 21:03:22 - INFO - 玩家 忠臣 打出牌: 仁王盾
2025-11-25 21:03:22 - INFO - 忠臣 装备 仁王盾 (防具)
