2025-11-26 14:19:34 - INFO - ==================================================
2025-11-26 14:19:34 - INFO - 游戏开始
2025-11-26 14:19:34 - INFO - 时间: 2025-11-26 14:19:34
2025-11-26 14:19:34 - INFO - 模式: 正常模式
2025-11-26 14:19:34 - INFO - ==================================================
2025-11-26 14:19:34 - INFO - 开始新游戏，玩家数量: 5
2025-11-26 14:19:34 - INFO - 开始初始化游戏...
2025-11-26 14:19:34 - INFO - 开始初始化牌堆...
2025-11-26 14:19:34 - INFO - 牌堆初始化完成，总牌数: 69
2025-11-26 14:19:34 - INFO - 牌堆创建完成，总牌数: 69
2025-11-26 14:19:34 - INFO - 开始初始化玩家...
2025-11-26 14:19:38 - INFO - 主公 初始手牌: 南蛮入侵, 杀, 杀, 桃
2025-11-26 14:19:38 - INFO - 创建玩家 0: 主公 (身份: 主公, 武将: 白板武将, 血量: 5)
2025-11-26 14:19:40 - INFO - 反贼1 初始手牌: 杀, 闪, 杀, 闪
2025-11-26 14:19:40 - INFO - 创建玩家 1: 反贼1 (身份: 反贼, 武将: 张飞, 血量: 4)
2025-11-26 14:19:43 - INFO - 忠臣 初始手牌: 决斗, 杀, 杀, 万箭齐发
2025-11-26 14:19:43 - INFO - 创建玩家 2: 忠臣 (身份: 忠臣, 武将: 赵云, 血量: 4)
2025-11-26 14:19:44 - INFO - 反贼2 初始手牌: 杀, 杀, 杀, 杀
2025-11-26 14:19:44 - INFO - 创建玩家 3: 反贼2 (身份: 反贼, 武将: 吕蒙, 血量: 4)
2025-11-26 14:19:46 - INFO - 内奸 初始手牌: 杀, 杀, 闪, 杀
2025-11-26 14:19:46 - INFO - 创建玩家 4: 内奸 (身份: 内奸, 武将: 凌操, 血量: 4)
2025-11-26 14:19:46 - INFO - ControlManager初始化完成，管理 5 个Control实例
2025-11-26 14:19:46 - INFO - 玩家控制器创建完成，玩家数量: 5
2025-11-26 14:19:46 - INFO - 初始玩家ID: 0
2025-11-26 14:19:46 - INFO - 游戏初始化完成
2025-11-26 14:19:46 - INFO - 游戏主循环开始
2025-11-26 14:19:46 - INFO - === 第 1 回合开始，主公 的回合 ===
2025-11-26 14:19:46 - INFO - ============================================================
2025-11-26 14:19:46 - INFO - 当前所有玩家状态:
2025-11-26 14:19:46 - INFO - 玩家0 (主公) [主公] (白板武将) - 血量: 5/5 - 手牌: 南蛮入侵, 杀, 杀, 桃 - 装备: 无
2025-11-26 14:19:46 - INFO - 玩家1 (反贼1) [反贼] (张飞) - 血量: 4/4 - 手牌: 杀, 闪, 杀, 闪 - 装备: 无
2025-11-26 14:19:46 - INFO - 玩家2 (忠臣) [忠臣] (赵云) - 血量: 4/4 - 手牌: 决斗, 杀, 杀, 万箭齐发 - 装备: 无
2025-11-26 14:19:46 - INFO - 玩家3 (反贼2) [反贼] (吕蒙) - 血量: 4/4 - 手牌: 杀, 杀, 杀, 杀 - 装备: 无
2025-11-26 14:19:46 - INFO - 玩家4 (内奸) [内奸] (凌操) - 血量: 4/4 - 手牌: 杀, 杀, 闪, 杀 - 装备: 无
2025-11-26 14:19:46 - INFO - ============================================================
2025-11-26 14:19:46 - INFO - ============================================================
2025-11-26 14:19:46 - INFO - 当前牌堆状态:
2025-11-26 14:19:46 - INFO - 正常牌堆: 49 张牌
2025-11-26 14:19:46 - INFO - 弃牌堆: 0 张牌
2025-11-26 14:19:46 - INFO - ============================================================
2025-11-26 14:19:46 - INFO - 主公 进入 准备 阶段
2025-11-26 14:19:46 - INFO - 主公 进入 摸牌 阶段
2025-11-26 14:19:48 - INFO - 主公 摸牌: 杀, 南蛮入侵
2025-11-26 14:19:48 - INFO - 主公 进入 出牌 阶段
2025-11-26 14:19:48 - INFO - 主公 使用 南蛮入侵，目标: 反贼1, 忠臣, 反贼2, 内奸
2025-11-26 14:19:50 - INFO - 玩家 主公 打出牌: 南蛮入侵
2025-11-26 14:19:50 - INFO - 主公 使用 南蛮入侵 响应
2025-11-26 14:19:50 - INFO - 反贼1 使用 杀 响应
2025-11-26 14:19:55 - INFO - 忠臣 使用 杀 响应
2025-11-26 14:19:58 - INFO - 反贼2 使用 杀 响应
