2025-11-25 20:27:34 - INFO - ==================================================
2025-11-25 20:27:34 - INFO - 游戏开始
2025-11-25 20:27:34 - INFO - 时间: 2025-11-25 20:27:34
2025-11-25 20:27:34 - INFO - 模式: 正常模式
2025-11-25 20:27:34 - INFO - ==================================================
2025-11-25 20:27:34 - INFO - 开始新游戏（猪国杀模式），玩家数量: 3
2025-11-25 20:27:34 - INFO - 开始初始化游戏...
2025-11-25 20:27:34 - INFO - 开始初始化牌堆...
2025-11-25 20:27:34 - INFO - 牌堆初始化完成，总牌数: 10
2025-11-25 20:27:34 - INFO - 牌堆创建完成，总牌数: 10
2025-11-25 20:27:34 - INFO - 开始初始化玩家...
2025-11-25 20:27:34 - INFO - 玩家1 初始手牌: 决斗, 决斗, 决斗, 决斗
2025-11-25 20:27:34 - INFO - 创建玩家 0: 玩家1 (身份: 主公, 武将: 猪国杀武将, 血量: 5)
2025-11-25 20:27:34 - INFO - 玩家2 初始手牌: 闪, 闪, 闪, 无懈可击
2025-11-25 20:27:34 - INFO - 创建玩家 1: 玩家2 (身份: 忠臣, 武将: 赵云, 血量: 4)
2025-11-25 20:27:34 - INFO - 玩家3 初始手牌: 无懈可击, 杀
2025-11-25 20:27:34 - INFO - 创建玩家 2: 玩家3 (身份: 反贼, 武将: 猪国杀武将, 血量: 4)
2025-11-25 20:27:34 - INFO - ControlManager初始化完成，管理 3 个Control实例
2025-11-25 20:27:34 - INFO - 玩家控制器创建完成，玩家数量: 3
2025-11-25 20:27:34 - INFO - 初始玩家ID: 0
2025-11-25 20:27:34 - INFO - 游戏初始化完成
2025-11-25 20:27:34 - INFO - 游戏主循环开始
2025-11-25 20:27:34 - INFO - === 第 1 回合开始，玩家1 的回合 ===
2025-11-25 20:27:34 - INFO - ============================================================
2025-11-25 20:27:34 - INFO - 当前所有玩家状态:
2025-11-25 20:27:34 - INFO - 玩家0 (玩家1) [主公] (猪国杀武将) - 血量: 4/4 - 手牌: 闪, 闪, 决斗, 决斗 - 装备: 无
2025-11-25 20:27:34 - INFO - 玩家1 (玩家2) [忠臣] (赵云) - 血量: 4/4 - 手牌: 南蛮入侵, 南蛮入侵, 南蛮入侵, 闪 - 装备: 无
2025-11-25 20:27:34 - INFO - 玩家2 (玩家3) [反贼] (猪国杀武将) - 血量: 4/4 - 手牌: 无懈可击, 无懈可击, 无懈可击, 无懈可击 - 装备: 无
2025-11-25 20:27:34 - INFO - ============================================================
2025-11-25 20:27:34 - INFO - ============================================================
2025-11-25 20:27:34 - INFO - 当前牌堆状态:
2025-11-25 20:27:34 - INFO - 正常牌堆: 110 张牌
2025-11-25 20:27:34 - INFO - 弃牌堆: 0 张牌
2025-11-25 20:27:34 - INFO - ============================================================
2025-11-25 20:27:34 - INFO - 玩家1 进入 准备 阶段
2025-11-25 20:27:34 - INFO - 玩家1 进入 摸牌 阶段
2025-11-25 20:27:34 - INFO - 玩家1 摸牌: 决斗, 决斗
2025-11-25 20:27:34 - INFO - 玩家1 进入 出牌 阶段
2025-11-25 20:27:34 - INFO - 玩家1发动技能[无弃牌阶段]
2025-11-25 20:27:34 - INFO - 玩家1 猪国杀规则：跳过弃牌阶段
2025-11-25 20:27:34 - INFO - 玩家1 回合结束
2025-11-25 20:27:34 - INFO - === 第 2 回合开始，玩家2 的回合 ===
2025-11-25 20:27:34 - INFO - ============================================================
2025-11-25 20:27:34 - INFO - 当前所有玩家状态:
2025-11-25 20:27:34 - INFO - 玩家0 (玩家1) [主公] (猪国杀武将) - 血量: 4/4 - 手牌: 闪, 闪, 决斗, 决斗, 决斗, 决斗 - 装备: 无
2025-11-25 20:27:34 - INFO - 玩家1 (玩家2) [忠臣] (赵云) - 血量: 4/4 - 手牌: 南蛮入侵, 南蛮入侵, 南蛮入侵, 闪 - 装备: 无
2025-11-25 20:27:34 - INFO - 玩家2 (玩家3) [反贼] (猪国杀武将) - 血量: 4/4 - 手牌: 无懈可击, 无懈可击, 无懈可击, 无懈可击 - 装备: 无
2025-11-25 20:27:34 - INFO - ============================================================
2025-11-25 20:27:34 - INFO - ============================================================
2025-11-25 20:27:34 - INFO - 当前牌堆状态:
2025-11-25 20:27:34 - INFO - 正常牌堆: 108 张牌
2025-11-25 20:27:34 - INFO - 弃牌堆: 0 张牌
2025-11-25 20:27:34 - INFO - ============================================================
2025-11-25 20:27:34 - INFO - 玩家2 进入 准备 阶段
2025-11-25 20:27:34 - INFO - 玩家2 进入 摸牌 阶段
2025-11-25 20:27:34 - INFO - 玩家2 摸牌: 闪, 闪
2025-11-25 20:27:34 - INFO - 玩家2 进入 出牌 阶段
2025-11-25 20:27:34 - INFO - 玩家2 使用 南蛮入侵，目标: 玩家1, 玩家3
2025-11-25 20:27:34 - INFO - 玩家 玩家2 打出牌: 南蛮入侵
2025-11-25 20:27:34 - INFO - 玩家2 使用 南蛮入侵 响应
2025-11-25 20:27:34 - INFO - 玩家3 受到 1 点伤害，当前血量: 3/4
2025-11-25 20:27:34 - INFO - 玩家1 受到 1 点伤害，当前血量: 3/4
2025-11-25 20:27:34 - INFO - 主猪认为玩家2是类反猪
2025-11-25 20:27:34 - INFO - 玩家2 使用 南蛮入侵，目标: 玩家1, 玩家3
2025-11-25 20:27:34 - INFO - 玩家 玩家2 打出牌: 南蛮入侵
2025-11-25 20:27:34 - INFO - 玩家2 使用 南蛮入侵 响应
2025-11-25 20:27:34 - INFO - 玩家3 受到 1 点伤害，当前血量: 2/4
2025-11-25 20:27:34 - INFO - 玩家1 受到 1 点伤害，当前血量: 2/4
2025-11-25 20:27:34 - INFO - 玩家2 使用 南蛮入侵，目标: 玩家1, 玩家3
2025-11-25 20:27:34 - INFO - 玩家 玩家2 打出牌: 南蛮入侵
2025-11-25 20:27:34 - INFO - 玩家2 使用 南蛮入侵 响应
2025-11-25 20:27:34 - INFO - 玩家3 受到 1 点伤害，当前血量: 1/4
2025-11-25 20:27:34 - INFO - 玩家1 受到 1 点伤害，当前血量: 1/4
2025-11-25 20:27:34 - INFO - 玩家2 回合结束
2025-11-25 20:27:34 - INFO - === 第 3 回合开始，玩家3 的回合 ===
2025-11-25 20:27:34 - INFO - ============================================================
2025-11-25 20:27:34 - INFO - 当前所有玩家状态:
2025-11-25 20:27:34 - INFO - 玩家0 (玩家1) [主公] (猪国杀武将) - 血量: 1/4 - 手牌: 闪, 闪, 决斗, 决斗, 决斗, 决斗 - 装备: 无
2025-11-25 20:27:34 - INFO - 玩家1 (玩家2) [忠臣] (赵云) - 血量: 4/4 - 手牌: 闪, 闪, 闪 - 装备: 无
2025-11-25 20:27:34 - INFO - 玩家2 (玩家3) [反贼] (猪国杀武将) - 血量: 1/4 - 手牌: 无懈可击, 无懈可击, 无懈可击, 无懈可击 - 装备: 无
2025-11-25 20:27:34 - INFO - ============================================================
2025-11-25 20:27:34 - INFO - ============================================================
2025-11-25 20:27:34 - INFO - 当前牌堆状态:
2025-11-25 20:27:34 - INFO - 正常牌堆: 106 张牌
2025-11-25 20:27:34 - INFO - 弃牌堆: 3 张牌
2025-11-25 20:27:34 - INFO - 弃牌堆所有牌: 南蛮入侵, 南蛮入侵, 南蛮入侵
2025-11-25 20:27:34 - INFO - ============================================================
2025-11-25 20:27:34 - INFO - 玩家3 进入 准备 阶段
2025-11-25 20:27:34 - INFO - 玩家3 进入 摸牌 阶段
2025-11-25 20:27:34 - INFO - 玩家3 摸牌: 无懈可击, 无懈可击
2025-11-25 20:27:34 - INFO - 玩家3 进入 出牌 阶段
2025-11-25 20:27:34 - INFO - 玩家3发动技能[无弃牌阶段]
2025-11-25 20:27:34 - INFO - 玩家3 猪国杀规则：跳过弃牌阶段
2025-11-25 20:27:34 - INFO - 玩家3 回合结束
2025-11-25 20:27:34 - INFO - === 第 4 回合开始，玩家1 的回合 ===
2025-11-25 20:27:34 - INFO - ============================================================
2025-11-25 20:27:34 - INFO - 当前所有玩家状态:
2025-11-25 20:27:34 - INFO - 玩家0 (玩家1) [主公] (猪国杀武将) - 血量: 1/4 - 手牌: 闪, 闪, 决斗, 决斗, 决斗, 决斗 - 装备: 无
2025-11-25 20:27:34 - INFO - 玩家1 (玩家2) [忠臣] (赵云) - 血量: 4/4 - 手牌: 闪, 闪, 闪 - 装备: 无
2025-11-25 20:27:34 - INFO - 玩家2 (玩家3) [反贼] (猪国杀武将) - 血量: 1/4 - 手牌: 无懈可击, 无懈可击, 无懈可击, 无懈可击, 无懈可击, 无懈可击 - 装备: 无
2025-11-25 20:27:34 - INFO - ============================================================
2025-11-25 20:27:34 - INFO - ============================================================
2025-11-25 20:27:34 - INFO - 当前牌堆状态:
2025-11-25 20:27:34 - INFO - 正常牌堆: 104 张牌
2025-11-25 20:27:34 - INFO - 弃牌堆: 3 张牌
2025-11-25 20:27:34 - INFO - 弃牌堆所有牌: 南蛮入侵, 南蛮入侵, 南蛮入侵
2025-11-25 20:27:34 - INFO - ============================================================
2025-11-25 20:27:34 - INFO - 玩家1 进入 准备 阶段
2025-11-25 20:27:34 - INFO - 玩家1 进入 摸牌 阶段
2025-11-25 20:27:34 - INFO - 玩家1 摸牌: 决斗, 决斗
2025-11-25 20:27:34 - INFO - 玩家1 进入 出牌 阶段
2025-11-25 20:27:34 - INFO - 玩家1 使用 决斗，目标: 玩家2
2025-11-25 20:27:34 - INFO - 玩家1对玩家2表敌意（决斗）
2025-11-25 20:27:34 - INFO - 玩家1对玩家2表敌意（决斗）
2025-11-25 20:27:34 - INFO - 玩家1对玩家2表敌意（决斗）
2025-11-25 20:27:34 - INFO - 玩家 玩家1 打出牌: 决斗
2025-11-25 20:27:34 - INFO - 玩家1 使用 决斗，目标: 玩家2
2025-11-25 20:27:34 - INFO - 决斗第1轮：玩家2 对 玩家1
2025-11-25 20:27:34 - INFO - 玩家2 受到 1 点伤害，当前血量: 3/4
2025-11-25 20:27:34 - INFO - 玩家1 使用 决斗，目标: 玩家2
2025-11-25 20:27:34 - INFO - 玩家1对玩家2表敌意（决斗）
2025-11-25 20:27:34 - INFO - 玩家1对玩家2表敌意（决斗）
2025-11-25 20:27:34 - INFO - 玩家1对玩家2表敌意（决斗）
2025-11-25 20:27:34 - INFO - 玩家 玩家1 打出牌: 决斗
2025-11-25 20:27:34 - INFO - 玩家1 使用 决斗，目标: 玩家2
2025-11-25 20:27:34 - INFO - 决斗第1轮：玩家2 对 玩家1
2025-11-25 20:27:34 - INFO - 玩家2 受到 1 点伤害，当前血量: 2/4
2025-11-25 20:27:34 - INFO - 玩家1 使用 决斗，目标: 玩家2
2025-11-25 20:27:34 - INFO - 玩家1对玩家2表敌意（决斗）
2025-11-25 20:27:34 - INFO - 玩家1对玩家2表敌意（决斗）
2025-11-25 20:27:34 - INFO - 玩家1对玩家2表敌意（决斗）
2025-11-25 20:27:34 - INFO - 玩家 玩家1 打出牌: 决斗
2025-11-25 20:27:34 - INFO - 玩家1 使用 决斗，目标: 玩家2
2025-11-25 20:27:34 - INFO - 决斗第1轮：玩家2 对 玩家1
2025-11-25 20:27:34 - INFO - 玩家2 受到 1 点伤害，当前血量: 1/4
2025-11-25 20:27:34 - INFO - 玩家1 使用 决斗，目标: 玩家2
2025-11-25 20:27:34 - INFO - 玩家1对玩家2表敌意（决斗）
2025-11-25 20:27:34 - INFO - 玩家1对玩家2表敌意（决斗）
2025-11-25 20:27:34 - INFO - 玩家1对玩家2表敌意（决斗）
2025-11-25 20:27:34 - INFO - 玩家 玩家1 打出牌: 决斗
2025-11-25 20:27:34 - INFO - 玩家1 使用 决斗，目标: 玩家2
2025-11-25 20:27:34 - INFO - 决斗第1轮：玩家2 对 玩家1
2025-11-25 20:27:34 - INFO - 玩家2 受到 1 点伤害，当前血量: 0/4
2025-11-25 20:27:34 - WARNING - 玩家2 (忠臣) 死亡！
2025-11-25 20:27:34 - INFO - 玩家1 杀死了忠臣 玩家2，需要弃掉所有牌！
2025-11-25 20:27:34 - INFO - 玩家1 弃掉了所有手牌
2025-11-25 20:27:34 - INFO - 玩家1发动技能[无弃牌阶段]
2025-11-25 20:27:34 - INFO - 玩家1 猪国杀规则：跳过弃牌阶段
2025-11-25 20:27:34 - INFO - 玩家1 回合结束
2025-11-25 20:27:34 - INFO - === 第 5 回合开始，玩家3 的回合 ===
2025-11-25 20:27:34 - INFO - ============================================================
2025-11-25 20:27:34 - INFO - 当前所有玩家状态:
2025-11-25 20:27:34 - INFO - 玩家0 (玩家1) [主公] (猪国杀武将) - 血量: 1/4 - 手牌: 无 - 装备: 无
2025-11-25 20:27:34 - INFO - 玩家1 (玩家2) [忠臣] (赵云) - 血量: 0/4 - 手牌: 无 - 装备: 无
2025-11-25 20:27:34 - INFO - 玩家2 (玩家3) [反贼] (猪国杀武将) - 血量: 1/4 - 手牌: 无懈可击, 无懈可击, 无懈可击, 无懈可击, 无懈可击, 无懈可击 - 装备: 无
2025-11-25 20:27:34 - INFO - ============================================================
2025-11-25 20:27:34 - INFO - ============================================================
2025-11-25 20:27:34 - INFO - 当前牌堆状态:
2025-11-25 20:27:34 - INFO - 正常牌堆: 102 张牌
2025-11-25 20:27:34 - INFO - 弃牌堆: 14 张牌
2025-11-25 20:27:34 - INFO - 弃牌堆最后5张牌: 决斗, 决斗, 闪, 闪, 闪
2025-11-25 20:27:34 - INFO - ============================================================
2025-11-25 20:27:34 - INFO - 玩家3 进入 准备 阶段
2025-11-25 20:27:34 - INFO - 玩家3 进入 摸牌 阶段
2025-11-25 20:27:34 - INFO - 玩家3 摸牌: 杀, 闪
2025-11-25 20:27:34 - INFO - 玩家3 进入 出牌 阶段
2025-11-25 20:27:34 - INFO - 玩家3 使用 杀，目标: 玩家1
2025-11-25 20:27:34 - INFO - 玩家3对玩家1表敌意（杀）
2025-11-25 20:27:34 - INFO - 玩家3跳反
2025-11-25 20:27:34 - INFO - 玩家3对玩家1表敌意（杀）
2025-11-25 20:27:34 - INFO - 玩家3跳反
2025-11-25 20:27:34 - INFO - 玩家3对玩家1表敌意（杀）
2025-11-25 20:27:34 - INFO - 玩家3跳反
2025-11-25 20:27:34 - INFO - 玩家 玩家3 打出牌: 杀
2025-11-25 20:27:34 - INFO - 玩家1 受到 1 点伤害，当前血量: 0/4
2025-11-25 20:27:34 - WARNING - 玩家1 濒死！
2025-11-25 20:27:34 - WARNING - 玩家1 (主公) 死亡！
2025-11-25 20:27:34 - INFO - 玩家3发动技能[无弃牌阶段]
2025-11-25 20:27:34 - INFO - 玩家3 猪国杀规则：跳过弃牌阶段
2025-11-25 20:27:34 - INFO - 玩家3 回合结束
2025-11-25 20:27:34 - INFO -  游戏结束！反贼胜利 - 玩家3
2025-11-25 20:27:34 - INFO - ==================================================
2025-11-25 20:27:34 - INFO - 游戏会话结束
2025-11-25 20:27:34 - INFO - ==================================================
