2025-11-26 20:39:59 - INFO - ==================================================
2025-11-26 20:39:59 - INFO - 游戏开始
2025-11-26 20:39:59 - INFO - 时间: 2025-11-26 20:39:59
2025-11-26 20:39:59 - INFO - 模式: 正常模式
2025-11-26 20:39:59 - INFO - ==================================================
2025-11-26 20:39:59 - INFO - 开始新游戏，玩家数量: 5
2025-11-26 20:39:59 - INFO - 开始初始化游戏...
2025-11-26 20:39:59 - INFO - 开始初始化牌堆...
2025-11-26 20:39:59 - INFO - 牌堆初始化完成，总牌数: 69
2025-11-26 20:39:59 - INFO - 牌堆创建完成，总牌数: 69
2025-11-26 20:39:59 - INFO - 开始初始化玩家...
2025-11-26 20:40:04 - INFO - 主公 初始手牌: 闪, 闪, 青釭剑, 进攻马
2025-11-26 20:40:04 - INFO - 创建玩家 0: 主公 (身份: 主公, 武将: 白板武将, 血量: 5)
2025-11-26 20:40:06 - INFO - 反贼1 初始手牌: 杀, 杀, 仁王盾, 桃
2025-11-26 20:40:06 - INFO - 创建玩家 1: 反贼1 (身份: 反贼, 武将: 张飞, 血量: 4)
2025-11-26 20:40:09 - INFO - 忠臣 初始手牌: 南蛮入侵, 杀, 杀, 无懈可击
2025-11-26 20:40:09 - INFO - 创建玩家 2: 忠臣 (身份: 忠臣, 武将: 赵云, 血量: 4)
2025-11-26 20:40:11 - INFO - 反贼2 初始手牌: 杀, 杀, 桃, 杀
2025-11-26 20:40:11 - INFO - 创建玩家 3: 反贼2 (身份: 反贼, 武将: 吕蒙, 血量: 4)
2025-11-26 20:40:12 - INFO - 内奸 初始手牌: 闪, 杀, 杀, 杀
2025-11-26 20:40:12 - INFO - 创建玩家 4: 内奸 (身份: 内奸, 武将: 凌操, 血量: 4)
2025-11-26 20:40:12 - INFO - ControlManager初始化完成，管理 5 个Control实例
2025-11-26 20:40:12 - INFO - 玩家控制器创建完成，玩家数量: 5
2025-11-26 20:40:12 - INFO - 初始玩家ID: 0
2025-11-26 20:40:12 - INFO - 游戏初始化完成
2025-11-26 20:40:12 - INFO - 游戏主循环开始
2025-11-26 20:40:12 - INFO - === 第 1 回合开始，主公 的回合 ===
2025-11-26 20:40:12 - INFO - ============================================================
2025-11-26 20:40:12 - INFO - 当前所有玩家状态:
2025-11-26 20:40:12 - INFO - 玩家0 (主公) [主公] (白板武将) - 血量: 5/5 - 手牌: 闪, 闪, 青釭剑, 进攻马 - 装备: 无
2025-11-26 20:40:12 - INFO - 玩家1 (反贼1) [反贼] (张飞) - 血量: 4/4 - 手牌: 杀, 杀, 仁王盾, 桃 - 装备: 无
2025-11-26 20:40:12 - INFO - 玩家2 (忠臣) [忠臣] (赵云) - 血量: 4/4 - 手牌: 南蛮入侵, 杀, 杀, 无懈可击 - 装备: 无
2025-11-26 20:40:12 - INFO - 玩家3 (反贼2) [反贼] (吕蒙) - 血量: 4/4 - 手牌: 杀, 杀, 桃, 杀 - 装备: 无
2025-11-26 20:40:12 - INFO - 玩家4 (内奸) [内奸] (凌操) - 血量: 4/4 - 手牌: 闪, 杀, 杀, 杀 - 装备: 无
2025-11-26 20:40:12 - INFO - ============================================================
2025-11-26 20:40:12 - INFO - ============================================================
2025-11-26 20:40:12 - INFO - 当前牌堆状态:
2025-11-26 20:40:12 - INFO - 正常牌堆: 49 张牌
2025-11-26 20:40:12 - INFO - 弃牌堆: 0 张牌
2025-11-26 20:40:12 - INFO - ============================================================
2025-11-26 20:40:12 - INFO - 主公 进入 准备 阶段
2025-11-26 20:40:12 - INFO - 主公 进入 摸牌 阶段
2025-11-26 20:40:13 - INFO - 主公 摸牌: 决斗, 杀
2025-11-26 20:40:13 - INFO - 主公 进入 出牌 阶段
2025-11-26 20:40:13 - INFO - 主公 使用 青釭剑，目标: 主公
