2025-12-11 15:23:42 - INFO - ==================================================
2025-12-11 15:23:42 - INFO - 游戏开始
2025-12-11 15:23:42 - INFO - 时间: 2025-12-11 15:23:42
2025-12-11 15:23:42 - INFO - 模式: 正常模式
2025-12-11 15:23:42 - INFO - ==================================================
2025-12-11 15:23:42 - INFO - 开始新游戏，玩家数量: 5
2025-12-11 15:23:42 - INFO - 开始初始化游戏...
2025-12-11 15:23:42 - INFO - 开始初始化牌堆...
2025-12-11 15:23:42 - INFO - 牌堆初始化完成，总牌数: 69
2025-12-11 15:23:42 - INFO - 牌堆创建完成，总牌数: 69
2025-12-11 15:23:42 - INFO - 开始初始化玩家...
2025-12-11 15:23:42 - INFO - 赵云 的技能 冲阵 已解锁！
2025-12-11 15:23:42 - INFO - 赵云 的技能 绝境 已解锁！
2025-12-11 15:23:42 - INFO - 创建玩家 0: 赵云 (身份: 忠臣, 武将: 赵云3, 血量: 4)
2025-12-11 15:23:42 - INFO - 创建玩家 1: 曹军1 (身份: 反贼, 武将: 曹军, 血量: 4)
2025-12-11 15:23:42 - INFO - 创建玩家 2: 曹军2 (身份: 反贼, 武将: 曹军, 血量: 4)
2025-12-11 15:23:42 - INFO - 创建玩家 3: 曹军3 (身份: 反贼, 武将: 曹军, 血量: 4)
2025-12-11 15:23:42 - INFO - 创建玩家 4: 张郃 (身份: 反贼, 武将: 张郃, 血量: 4)
2025-12-11 15:23:42 - INFO - ControlManager初始化完成，管理 5 个Control实例
2025-12-11 15:23:42 - INFO - 玩家控制器创建完成，玩家数量: 5
2025-12-11 15:23:42 - INFO - 初始玩家ID: 0
2025-12-11 15:23:42 - INFO - 游戏初始化完成
2025-12-11 15:23:46 - INFO - 赵云 初始手牌: 杀, 杀, 杀, 决斗
2025-12-11 15:23:49 - INFO - 曹军1 初始手牌: 南蛮入侵, 诸葛连弩, 闪, 闪
2025-12-11 15:23:51 - INFO - 曹军2 初始手牌: 桃, 闪, 闪, 闪
2025-12-11 15:23:53 - INFO - 曹军3 初始手牌: 杀, 无懈可击, 杀, 杀
2025-12-11 15:23:54 - INFO - 张郃 初始手牌: 闪, 仁王盾, 杀, 无懈可击
2025-12-11 15:23:54 - INFO - 游戏主循环开始
2025-12-11 15:23:54 - INFO - === 第 1 回合开始，赵云 的回合 ===
2025-12-11 15:23:54 - INFO - ============================================================
2025-12-11 15:23:54 - INFO - 当前所有玩家状态:
2025-12-11 15:23:54 - INFO - 玩家0 (赵云) [忠臣] (赵云3) - 血量: 4/4 - 手牌: 杀, 杀, 杀, 决斗 - 装备: 无
2025-12-11 15:23:54 - INFO - 玩家1 (曹军1) [反贼] (曹军) - 血量: 4/4 - 手牌: 南蛮入侵, 诸葛连弩, 闪, 闪 - 装备: 无
2025-12-11 15:23:54 - INFO - 玩家2 (曹军2) [反贼] (曹军) - 血量: 4/4 - 手牌: 桃, 闪, 闪, 闪 - 装备: 无
2025-12-11 15:23:54 - INFO - 玩家3 (曹军3) [反贼] (曹军) - 血量: 4/4 - 手牌: 杀, 无懈可击, 杀, 杀 - 装备: 无
2025-12-11 15:23:54 - INFO - 玩家4 (张郃) [反贼] (张郃) - 血量: 4/4 - 手牌: 闪, 仁王盾, 杀, 无懈可击 - 装备: 无
2025-12-11 15:23:54 - INFO - ============================================================
2025-12-11 15:23:54 - INFO - ============================================================
2025-12-11 15:23:54 - INFO - 当前牌堆状态:
2025-12-11 15:23:54 - INFO - 正常牌堆: 49 张牌
2025-12-11 15:23:54 - INFO - 弃牌堆: 0 张牌
2025-12-11 15:23:54 - INFO - ============================================================
2025-12-11 15:23:54 - INFO - 赵云 进入 准备 阶段
2025-12-11 15:23:54 - INFO - 赵云 进入 摸牌 阶段
2025-12-11 15:24:06 - INFO - 赵云发动技能[绝境]
2025-12-11 15:24:07 - INFO - 赵云 摸牌: 闪, 南蛮入侵
2025-12-11 15:24:07 - INFO - 赵云 发动技能[绝境]：手牌上限+2，当进入/脱离濒死时摸一张牌
2025-12-11 15:24:07 - INFO - 赵云 进入 出牌 阶段
