2025-11-24 22:03:54 - INFO - ==================================================
2025-11-24 22:03:54 - INFO - 游戏开始
2025-11-24 22:03:54 - INFO - 时间: 2025-11-24 22:03:54
2025-11-24 22:03:54 - INFO - 模式: 正常模式
2025-11-24 22:03:54 - INFO - ==================================================
2025-11-24 22:03:54 - INFO - 开始新游戏，玩家数量: 5
2025-11-24 22:03:54 - INFO - 开始初始化游戏...
2025-11-24 22:03:54 - INFO - 开始初始化牌堆...
2025-11-24 22:03:54 - INFO - 牌堆初始化完成，总牌数: 69
2025-11-24 22:03:54 - INFO - 牌堆创建完成，总牌数: 69
2025-11-24 22:03:54 - INFO - 开始初始化玩家...
2025-11-24 22:03:58 - INFO - 主公 初始手牌: 进攻马, 桃, 桃, 杀
2025-11-24 22:03:58 - INFO - 创建玩家 0: 主公 (身份: 主公, 武将: 白板武将, 血量: 5)
2025-11-24 22:04:02 - INFO - 反贼1 初始手牌: 防御马, 桃, 南蛮入侵, 决斗
2025-11-24 22:04:02 - INFO - 创建玩家 1: 反贼1 (身份: 反贼, 武将: 张飞, 血量: 4)
2025-11-24 22:04:04 - INFO - 忠臣 初始手牌: 杀, 闪, 杀, 杀
2025-11-24 22:04:04 - INFO - 创建玩家 2: 忠臣 (身份: 忠臣, 武将: 白板武将, 血量: 4)
2025-11-24 22:04:05 - INFO - 反贼2 初始手牌: 杀, 仁王盾, 杀, 无懈可击
2025-11-24 22:04:05 - INFO - 创建玩家 3: 反贼2 (身份: 反贼, 武将: 吕蒙, 血量: 4)
2025-11-24 22:04:07 - INFO - 内奸 初始手牌: 闪, 杀, 杀, 闪
2025-11-24 22:04:07 - INFO - 创建玩家 4: 内奸 (身份: 内奸, 武将: 凌操, 血量: 4)
2025-11-24 22:04:07 - INFO - ControlManager初始化完成，管理 5 个Control实例
2025-11-24 22:04:07 - INFO - 玩家控制器创建完成，玩家数量: 5
2025-11-24 22:04:07 - INFO - 初始玩家ID: 0
2025-11-24 22:04:07 - INFO - 游戏初始化完成
2025-11-24 22:04:07 - INFO - 游戏主循环开始
2025-11-24 22:04:07 - INFO - === 第 1 回合开始，主公 的回合 ===
2025-11-24 22:04:07 - INFO - ============================================================
2025-11-24 22:04:07 - INFO - 当前所有玩家状态:
2025-11-24 22:04:07 - INFO - 玩家0 (主公) [主公] (白板武将) - 血量: 5/5 - 手牌: 进攻马, 桃, 桃, 杀 - 装备: 无
2025-11-24 22:04:07 - INFO - 玩家1 (反贼1) [反贼] (张飞) - 血量: 4/4 - 手牌: 防御马, 桃, 南蛮入侵, 决斗 - 装备: 无
2025-11-24 22:04:07 - INFO - 玩家2 (忠臣) [忠臣] (白板武将) - 血量: 4/4 - 手牌: 杀, 闪, 杀, 杀 - 装备: 无
2025-11-24 22:04:07 - INFO - 玩家3 (反贼2) [反贼] (吕蒙) - 血量: 4/4 - 手牌: 杀, 仁王盾, 杀, 无懈可击 - 装备: 无
2025-11-24 22:04:07 - INFO - 玩家4 (内奸) [内奸] (凌操) - 血量: 4/4 - 手牌: 闪, 杀, 杀, 闪 - 装备: 无
2025-11-24 22:04:07 - INFO - ============================================================
2025-11-24 22:04:07 - INFO - ============================================================
2025-11-24 22:04:07 - INFO - 当前牌堆状态:
2025-11-24 22:04:07 - INFO - 正常牌堆: 49 张牌
2025-11-24 22:04:07 - INFO - 弃牌堆: 0 张牌
2025-11-24 22:04:07 - INFO - ============================================================
2025-11-24 22:04:07 - INFO - 主公 进入 准备 阶段
2025-11-24 22:04:07 - INFO - 主公 进入 摸牌 阶段
2025-11-24 22:04:08 - INFO - 主公 摸牌: 桃, 桃
2025-11-24 22:04:08 - INFO - 主公 进入 出牌 阶段
2025-11-24 22:04:08 - INFO - 主公 使用 进攻马，目标: 主公
2025-11-24 22:04:10 - INFO - 玩家 主公 打出牌: 进攻马
2025-11-24 22:04:10 - INFO - 主公 装备 进攻马 (进攻马)
2025-11-24 22:04:10 - INFO - 主公 回合结束
2025-11-24 22:04:10 - INFO - === 第 2 回合开始，反贼1 的回合 ===
2025-11-24 22:04:10 - INFO - ============================================================
2025-11-24 22:04:10 - INFO - 当前所有玩家状态:
2025-11-24 22:04:10 - INFO - 玩家0 (主公) [主公] (白板武将) - 血量: 5/5 - 手牌: 桃, 桃, 杀, 桃, 桃 - 装备: 进攻马: 进攻马
2025-11-24 22:04:10 - INFO - 玩家1 (反贼1) [反贼] (张飞) - 血量: 4/4 - 手牌: 防御马, 桃, 南蛮入侵, 决斗 - 装备: 无
2025-11-24 22:04:10 - INFO - 玩家2 (忠臣) [忠臣] (白板武将) - 血量: 4/4 - 手牌: 杀, 闪, 杀, 杀 - 装备: 无
2025-11-24 22:04:10 - INFO - 玩家3 (反贼2) [反贼] (吕蒙) - 血量: 4/4 - 手牌: 杀, 仁王盾, 杀, 无懈可击 - 装备: 无
2025-11-24 22:04:10 - INFO - 玩家4 (内奸) [内奸] (凌操) - 血量: 4/4 - 手牌: 闪, 杀, 杀, 闪 - 装备: 无
2025-11-24 22:04:10 - INFO - ============================================================
2025-11-24 22:04:10 - INFO - ============================================================
2025-11-24 22:04:10 - INFO - 当前牌堆状态:
2025-11-24 22:04:10 - INFO - 正常牌堆: 47 张牌
2025-11-24 22:04:10 - INFO - 弃牌堆: 0 张牌
2025-11-24 22:04:10 - INFO - ============================================================
2025-11-24 22:04:10 - INFO - 反贼1 进入 准备 阶段
2025-11-24 22:04:10 - INFO - 反贼1 进入 摸牌 阶段
2025-11-24 22:04:12 - INFO - 反贼1 摸牌: 诸葛连弩, 决斗
2025-11-24 22:04:12 - INFO - 反贼1 进入 出牌 阶段
2025-11-24 22:04:29 - INFO - 反贼1发动技能[咆哮]
2025-11-24 22:04:33 - INFO - 反贼1 使用 防御马，目标: 反贼1
2025-11-24 22:04:35 - INFO - 玩家 反贼1 打出牌: 防御马
2025-11-24 22:04:35 - INFO - 反贼1 装备 防御马 (防御马)
2025-11-24 22:04:38 - INFO - 反贼1发动技能[咆哮]
2025-11-24 22:04:41 - INFO - 反贼1 使用 南蛮入侵，目标: 主公, 忠臣, 反贼2, 内奸
2025-11-24 22:04:44 - INFO - 玩家 反贼1 打出牌: 南蛮入侵
2025-11-24 22:04:44 - INFO - 反贼1 使用 南蛮入侵 响应
2025-11-24 22:04:44 - INFO - 忠臣 使用 杀 响应
2025-11-24 22:04:46 - INFO - 反贼2 使用 杀 响应
2025-11-24 22:04:48 - INFO - 内奸 使用 杀 响应
2025-11-24 22:04:51 - INFO - 主公 使用 杀 响应
2025-11-24 22:05:14 - INFO - 反贼1发动技能[咆哮]
2025-11-24 22:05:17 - INFO - 反贼1 使用 诸葛连弩，目标: 反贼1
2025-11-24 22:05:19 - INFO - 玩家 反贼1 打出牌: 诸葛连弩
2025-11-24 22:05:19 - INFO - 反贼1 装备 诸葛连弩 (武器)
2025-11-24 22:05:21 - INFO - 反贼1发动技能[咆哮]
2025-11-24 22:05:25 - INFO - 反贼1 回合结束
2025-11-24 22:05:25 - INFO - === 第 3 回合开始，忠臣 的回合 ===
2025-11-24 22:05:25 - INFO - ============================================================
2025-11-24 22:05:25 - INFO - 当前所有玩家状态:
2025-11-24 22:05:25 - INFO - 玩家0 (主公) [主公] (白板武将) - 血量: 5/5 - 手牌: 桃, 桃, 桃, 桃 - 装备: 进攻马: 进攻马
2025-11-24 22:05:25 - INFO - 玩家1 (反贼1) [反贼] (张飞) - 血量: 4/4 - 手牌: 桃, 决斗, 决斗 - 装备: 武器: 诸葛连弩, 防御马: 防御马
2025-11-24 22:05:25 - INFO - 玩家2 (忠臣) [忠臣] (白板武将) - 血量: 4/4 - 手牌: 闪, 杀, 杀 - 装备: 无
2025-11-24 22:05:25 - INFO - 玩家3 (反贼2) [反贼] (吕蒙) - 血量: 4/4 - 手牌: 仁王盾, 杀, 无懈可击 - 装备: 无
2025-11-24 22:05:25 - INFO - 玩家4 (内奸) [内奸] (凌操) - 血量: 4/4 - 手牌: 闪, 杀, 闪 - 装备: 无
2025-11-24 22:05:25 - INFO - ============================================================
2025-11-24 22:05:25 - INFO - ============================================================
2025-11-24 22:05:25 - INFO - 当前牌堆状态:
2025-11-24 22:05:25 - INFO - 正常牌堆: 45 张牌
2025-11-24 22:05:25 - INFO - 弃牌堆: 5 张牌
2025-11-24 22:05:25 - INFO - 弃牌堆所有牌: 杀, 杀, 杀, 杀, 南蛮入侵
2025-11-24 22:05:25 - INFO - ============================================================
2025-11-24 22:05:25 - INFO - 忠臣 进入 准备 阶段
2025-11-24 22:05:25 - INFO - 忠臣 进入 摸牌 阶段
2025-11-24 22:05:26 - INFO - 忠臣 摸牌: 闪, 杀
2025-11-24 22:05:26 - INFO - 忠臣 进入 出牌 阶段
2025-11-24 22:05:28 - INFO - 忠臣 弃牌: 杀
2025-11-24 22:05:28 - INFO - 忠臣 回合结束
2025-11-24 22:05:28 - INFO - === 第 4 回合开始，反贼2 的回合 ===
2025-11-24 22:05:28 - INFO - ============================================================
2025-11-24 22:05:28 - INFO - 当前所有玩家状态:
2025-11-24 22:05:28 - INFO - 玩家0 (主公) [主公] (白板武将) - 血量: 5/5 - 手牌: 桃, 桃, 桃, 桃 - 装备: 进攻马: 进攻马
2025-11-24 22:05:28 - INFO - 玩家1 (反贼1) [反贼] (张飞) - 血量: 4/4 - 手牌: 桃, 决斗, 决斗 - 装备: 武器: 诸葛连弩, 防御马: 防御马
2025-11-24 22:05:28 - INFO - 玩家2 (忠臣) [忠臣] (白板武将) - 血量: 4/4 - 手牌: 闪, 杀, 闪, 杀 - 装备: 无
2025-11-24 22:05:28 - INFO - 玩家3 (反贼2) [反贼] (吕蒙) - 血量: 4/4 - 手牌: 仁王盾, 杀, 无懈可击 - 装备: 无
2025-11-24 22:05:28 - INFO - 玩家4 (内奸) [内奸] (凌操) - 血量: 4/4 - 手牌: 闪, 杀, 闪 - 装备: 无
2025-11-24 22:05:28 - INFO - ============================================================
2025-11-24 22:05:28 - INFO - ============================================================
2025-11-24 22:05:28 - INFO - 当前牌堆状态:
2025-11-24 22:05:28 - INFO - 正常牌堆: 43 张牌
2025-11-24 22:05:28 - INFO - 弃牌堆: 6 张牌
2025-11-24 22:05:28 - INFO - 弃牌堆最后5张牌: 杀, 杀, 杀, 南蛮入侵, 杀
2025-11-24 22:05:28 - INFO - ============================================================
2025-11-24 22:05:28 - INFO - 反贼2 进入 准备 阶段
2025-11-24 22:05:28 - INFO - 反贼2 进入 摸牌 阶段
2025-11-24 22:05:29 - INFO - 反贼2 摸牌: 闪, 南蛮入侵
2025-11-24 22:05:29 - INFO - 反贼2 进入 出牌 阶段
2025-11-24 22:05:29 - INFO - 反贼2 使用 仁王盾，目标: 反贼2
