2025-11-24 21:28:22 - INFO - ==================================================
2025-11-24 21:28:22 - INFO - 游戏开始
2025-11-24 21:28:22 - INFO - 时间: 2025-11-24 21:28:22
2025-11-24 21:28:22 - INFO - 模式: 正常模式
2025-11-24 21:28:22 - INFO - ==================================================
2025-11-24 21:28:22 - INFO - 开始新游戏，玩家数量: 5
2025-11-24 21:28:22 - INFO - 开始初始化游戏...
2025-11-24 21:28:22 - INFO - 开始初始化牌堆...
2025-11-24 21:28:22 - INFO - 牌堆初始化完成，总牌数: 69
2025-11-24 21:28:22 - INFO - 牌堆创建完成，总牌数: 69
2025-11-24 21:28:22 - INFO - 开始初始化玩家...
2025-11-24 21:28:26 - INFO - 主公 初始手牌: 闪, 决斗, 杀, 杀
2025-11-24 21:28:26 - INFO - 创建玩家 0: 主公 (身份: 主公, 武将: 白板武将, 血量: 5)
2025-11-24 21:28:30 - INFO - 反贼1 初始手牌: 杀, 杀, 青釭剑, 杀
2025-11-24 21:28:30 - INFO - 创建玩家 1: 反贼1 (身份: 反贼, 武将: 张飞, 血量: 4)
2025-11-24 21:28:32 - INFO - 忠臣 初始手牌: 杀, 无懈可击, 杀, 杀
2025-11-24 21:28:32 - INFO - 创建玩家 2: 忠臣 (身份: 忠臣, 武将: 白板武将, 血量: 4)
2025-11-24 21:28:33 - INFO - 反贼2 初始手牌: 杀, 杀, 防御马, 杀
2025-11-24 21:28:33 - INFO - 创建玩家 3: 反贼2 (身份: 反贼, 武将: 吕蒙, 血量: 4)
2025-11-24 21:28:35 - INFO - 内奸 初始手牌: 闪, 桃, 无懈可击, 闪
2025-11-24 21:28:35 - INFO - 创建玩家 4: 内奸 (身份: 内奸, 武将: 凌操, 血量: 4)
2025-11-24 21:28:35 - INFO - ControlManager初始化完成，管理 5 个Control实例
2025-11-24 21:28:35 - INFO - 玩家控制器创建完成，玩家数量: 5
2025-11-24 21:28:35 - INFO - 初始玩家ID: 0
2025-11-24 21:28:35 - INFO - 游戏初始化完成
2025-11-24 21:28:35 - INFO - 游戏主循环开始
2025-11-24 21:28:35 - INFO - === 第 1 回合开始，主公 的回合 ===
2025-11-24 21:28:35 - INFO - ============================================================
2025-11-24 21:28:35 - INFO - 当前所有玩家状态:
2025-11-24 21:28:35 - INFO - 玩家0 (主公) [主公] (白板武将) - 血量: 5/5 - 手牌: 闪, 决斗, 杀, 杀 - 装备: 无
2025-11-24 21:28:35 - INFO - 玩家1 (反贼1) [反贼] (张飞) - 血量: 4/4 - 手牌: 杀, 杀, 青釭剑, 杀 - 装备: 无
2025-11-24 21:28:35 - INFO - 玩家2 (忠臣) [忠臣] (白板武将) - 血量: 4/4 - 手牌: 杀, 无懈可击, 杀, 杀 - 装备: 无
2025-11-24 21:28:35 - INFO - 玩家3 (反贼2) [反贼] (吕蒙) - 血量: 4/4 - 手牌: 杀, 杀, 防御马, 杀 - 装备: 无
2025-11-24 21:28:35 - INFO - 玩家4 (内奸) [内奸] (凌操) - 血量: 4/4 - 手牌: 闪, 桃, 无懈可击, 闪 - 装备: 无
2025-11-24 21:28:35 - INFO - ============================================================
2025-11-24 21:28:35 - INFO - ============================================================
2025-11-24 21:28:35 - INFO - 当前牌堆状态:
2025-11-24 21:28:35 - INFO - 正常牌堆: 49 张牌
2025-11-24 21:28:35 - INFO - 弃牌堆: 0 张牌
2025-11-24 21:28:35 - INFO - ============================================================
2025-11-24 21:28:35 - INFO - 主公 进入 准备 阶段
2025-11-24 21:28:35 - INFO - 主公 进入 摸牌 阶段
2025-11-24 21:28:36 - INFO - 主公 摸牌: 桃, 杀
2025-11-24 21:28:36 - INFO - 主公 进入 出牌 阶段
2025-11-24 21:28:38 - INFO - 主公 弃牌: 决斗
2025-11-24 21:28:38 - INFO - 主公 回合结束
2025-11-24 21:28:38 - INFO - === 第 2 回合开始，反贼1 的回合 ===
2025-11-24 21:28:38 - INFO - ============================================================
2025-11-24 21:28:38 - INFO - 当前所有玩家状态:
2025-11-24 21:28:38 - INFO - 玩家0 (主公) [主公] (白板武将) - 血量: 5/5 - 手牌: 闪, 杀, 杀, 桃, 杀 - 装备: 无
2025-11-24 21:28:38 - INFO - 玩家1 (反贼1) [反贼] (张飞) - 血量: 4/4 - 手牌: 杀, 杀, 青釭剑, 杀 - 装备: 无
2025-11-24 21:28:38 - INFO - 玩家2 (忠臣) [忠臣] (白板武将) - 血量: 4/4 - 手牌: 杀, 无懈可击, 杀, 杀 - 装备: 无
2025-11-24 21:28:38 - INFO - 玩家3 (反贼2) [反贼] (吕蒙) - 血量: 4/4 - 手牌: 杀, 杀, 防御马, 杀 - 装备: 无
2025-11-24 21:28:38 - INFO - 玩家4 (内奸) [内奸] (凌操) - 血量: 4/4 - 手牌: 闪, 桃, 无懈可击, 闪 - 装备: 无
2025-11-24 21:28:38 - INFO - ============================================================
2025-11-24 21:28:38 - INFO - ============================================================
2025-11-24 21:28:38 - INFO - 当前牌堆状态:
2025-11-24 21:28:38 - INFO - 正常牌堆: 47 张牌
2025-11-24 21:28:38 - INFO - 弃牌堆: 1 张牌
2025-11-24 21:28:38 - INFO - 弃牌堆所有牌: 决斗
2025-11-24 21:28:38 - INFO - ============================================================
2025-11-24 21:28:38 - INFO - 反贼1 进入 准备 阶段
2025-11-24 21:28:38 - INFO - 反贼1 进入 摸牌 阶段
2025-11-24 21:28:40 - INFO - 反贼1 摸牌: 杀, 诸葛连弩
2025-11-24 21:28:40 - INFO - 反贼1 进入 出牌 阶段
2025-11-24 21:28:40 - INFO - 反贼1发动技能[咆哮]
2025-11-24 21:28:40 - INFO - 反贼1 使用 青釭剑，目标: 反贼1
2025-11-24 21:28:42 - INFO - 玩家 反贼1 打出牌: 青釭剑
2025-11-24 21:28:42 - INFO - 反贼1 装备 青釭剑 (武器)
2025-11-24 21:28:42 - INFO - 反贼1发动技能[咆哮]
2025-11-24 21:28:42 - INFO - 反贼1 使用 诸葛连弩，目标: 反贼1
2025-11-24 21:28:45 - INFO - 玩家 反贼1 打出牌: 诸葛连弩
2025-11-24 21:28:48 - INFO - 反贼1 装备 诸葛连弩 (武器)
2025-11-24 21:28:48 - INFO - 反贼1发动技能[咆哮]
2025-11-24 21:28:48 - INFO - 反贼1 回合结束
2025-11-24 21:28:48 - INFO - === 第 3 回合开始，忠臣 的回合 ===
2025-11-24 21:28:48 - INFO - ============================================================
2025-11-24 21:28:48 - INFO - 当前所有玩家状态:
2025-11-24 21:28:48 - INFO - 玩家0 (主公) [主公] (白板武将) - 血量: 5/5 - 手牌: 闪, 杀, 杀, 桃, 杀 - 装备: 无
2025-11-24 21:28:48 - INFO - 玩家1 (反贼1) [反贼] (张飞) - 血量: 4/4 - 手牌: 杀, 杀, 杀, 杀 - 装备: 武器: 诸葛连弩
2025-11-24 21:28:48 - INFO - 玩家2 (忠臣) [忠臣] (白板武将) - 血量: 4/4 - 手牌: 杀, 无懈可击, 杀, 杀 - 装备: 无
2025-11-24 21:28:48 - INFO - 玩家3 (反贼2) [反贼] (吕蒙) - 血量: 4/4 - 手牌: 杀, 杀, 防御马, 杀 - 装备: 无
2025-11-24 21:28:48 - INFO - 玩家4 (内奸) [内奸] (凌操) - 血量: 4/4 - 手牌: 闪, 桃, 无懈可击, 闪 - 装备: 无
2025-11-24 21:28:48 - INFO - ============================================================
2025-11-24 21:28:48 - INFO - ============================================================
2025-11-24 21:28:48 - INFO - 当前牌堆状态:
2025-11-24 21:28:48 - INFO - 正常牌堆: 45 张牌
2025-11-24 21:28:48 - INFO - 弃牌堆: 2 张牌
2025-11-24 21:28:48 - INFO - 弃牌堆所有牌: 决斗, 青釭剑
2025-11-24 21:28:48 - INFO - ============================================================
2025-11-24 21:28:48 - INFO - 忠臣 进入 准备 阶段
2025-11-24 21:28:48 - INFO - 忠臣 进入 摸牌 阶段
