2025-11-25 20:35:50 - INFO - ==================================================
2025-11-25 20:35:50 - INFO - 游戏开始
2025-11-25 20:35:50 - INFO - 时间: 2025-11-25 20:35:50
2025-11-25 20:35:50 - INFO - 模式: 正常模式
2025-11-25 20:35:50 - INFO - ==================================================
2025-11-25 20:35:50 - INFO - 开始新游戏，玩家数量: 5
2025-11-25 20:35:50 - INFO - 开始初始化游戏...
2025-11-25 20:35:50 - INFO - 开始初始化牌堆...
2025-11-25 20:35:50 - INFO - 牌堆初始化完成，总牌数: 69
2025-11-25 20:35:50 - INFO - 牌堆创建完成，总牌数: 69
2025-11-25 20:35:50 - INFO - 开始初始化玩家...
2025-11-25 20:35:54 - INFO - 主公 初始手牌: 闪, 万箭齐发, 桃, 南蛮入侵
2025-11-25 20:35:54 - INFO - 创建玩家 0: 主公 (身份: 主公, 武将: 白板武将, 血量: 5)
2025-11-25 20:35:57 - INFO - 反贼1 初始手牌: 桃, 杀, 无懈可击, 闪
2025-11-25 20:35:57 - INFO - 创建玩家 1: 反贼1 (身份: 反贼, 武将: 张飞, 血量: 4)
2025-11-25 20:36:00 - INFO - 忠臣 初始手牌: 诸葛连弩, 闪, 杀, 桃
2025-11-25 20:36:00 - INFO - 创建玩家 2: 忠臣 (身份: 忠臣, 武将: 赵云, 血量: 4)
2025-11-25 20:36:03 - INFO - 反贼2 初始手牌: 杀, 杀, 杀, 进攻马
2025-11-25 20:36:03 - INFO - 创建玩家 3: 反贼2 (身份: 反贼, 武将: 吕蒙, 血量: 4)
2025-11-25 20:36:04 - INFO - 内奸 初始手牌: 仁王盾, 闪, 无懈可击, 闪
2025-11-25 20:36:04 - INFO - 创建玩家 4: 内奸 (身份: 内奸, 武将: 凌操, 血量: 4)
2025-11-25 20:36:04 - INFO - ControlManager初始化完成，管理 5 个Control实例
2025-11-25 20:36:04 - INFO - 玩家控制器创建完成，玩家数量: 5
2025-11-25 20:36:04 - INFO - 初始玩家ID: 0
2025-11-25 20:36:04 - INFO - 游戏初始化完成
2025-11-25 20:36:04 - INFO - 游戏主循环开始
2025-11-25 20:36:04 - INFO - === 第 1 回合开始，主公 的回合 ===
2025-11-25 20:36:04 - INFO - ============================================================
2025-11-25 20:36:04 - INFO - 当前所有玩家状态:
2025-11-25 20:36:04 - INFO - 玩家0 (主公) [主公] (白板武将) - 血量: 5/5 - 手牌: 闪, 万箭齐发, 桃, 南蛮入侵 - 装备: 无
2025-11-25 20:36:04 - INFO - 玩家1 (反贼1) [反贼] (张飞) - 血量: 4/4 - 手牌: 桃, 杀, 无懈可击, 闪 - 装备: 无
2025-11-25 20:36:04 - INFO - 玩家2 (忠臣) [忠臣] (赵云) - 血量: 4/4 - 手牌: 诸葛连弩, 闪, 杀, 桃 - 装备: 无
2025-11-25 20:36:04 - INFO - 玩家3 (反贼2) [反贼] (吕蒙) - 血量: 4/4 - 手牌: 杀, 杀, 杀, 进攻马 - 装备: 无
2025-11-25 20:36:04 - INFO - 玩家4 (内奸) [内奸] (凌操) - 血量: 4/4 - 手牌: 仁王盾, 闪, 无懈可击, 闪 - 装备: 无
2025-11-25 20:36:04 - INFO - ============================================================
2025-11-25 20:36:04 - INFO - ============================================================
2025-11-25 20:36:04 - INFO - 当前牌堆状态:
2025-11-25 20:36:04 - INFO - 正常牌堆: 49 张牌
2025-11-25 20:36:04 - INFO - 弃牌堆: 0 张牌
2025-11-25 20:36:04 - INFO - ============================================================
2025-11-25 20:36:04 - INFO - 主公 进入 准备 阶段
2025-11-25 20:36:04 - INFO - 主公 进入 摸牌 阶段
2025-11-25 20:36:06 - INFO - 主公 摸牌: 决斗, 杀
2025-11-25 20:36:06 - INFO - 主公 进入 出牌 阶段
2025-11-25 20:36:06 - INFO - 主公 使用 万箭齐发，目标: 反贼1, 忠臣, 反贼2, 内奸
2025-11-25 20:36:09 - INFO - 玩家 主公 打出牌: 万箭齐发
2025-11-25 20:36:09 - INFO - 主公 使用 万箭齐发 响应
2025-11-25 20:36:09 - INFO - 内奸 使用 无懈可击 响应
2025-11-25 20:36:11 - INFO - 内奸对反贼1献殷勤（无懈可击）
2025-11-25 20:36:11 - INFO - 内奸对反贼1献殷勤（无懈可击）
2025-11-25 20:36:11 - INFO - 内奸对反贼1献殷勤（无懈可击）
2025-11-25 20:36:11 - INFO - 万箭齐发对 反贼1 被无懈可击
2025-11-25 20:36:19 - INFO - 忠臣 受到 1 点伤害，当前血量: 3/4
2025-11-25 20:36:21 - INFO - 反贼2 受到 1 点伤害，当前血量: 3/4
2025-11-25 20:36:23 - INFO - 内奸 使用 闪 响应
2025-11-25 20:36:26 - INFO - 主公 使用 南蛮入侵，目标: 反贼1, 忠臣, 反贼2, 内奸
2025-11-25 20:36:28 - INFO - 玩家 主公 打出牌: 南蛮入侵
2025-11-25 20:36:28 - INFO - 主公 使用 南蛮入侵 响应
2025-11-25 20:36:28 - INFO - 反贼1 使用 杀 响应
2025-11-25 20:36:33 - INFO - 忠臣 使用 杀 响应
2025-11-25 20:36:35 - INFO - 反贼2 使用 杀 响应
2025-11-25 20:36:37 - INFO - 内奸 受到 1 点伤害，当前血量: 3/4
2025-11-25 20:36:39 - INFO - 主公 回合结束
2025-11-25 20:36:39 - INFO - === 第 2 回合开始，反贼1 的回合 ===
2025-11-25 20:36:39 - INFO - ============================================================
2025-11-25 20:36:39 - INFO - 当前所有玩家状态:
2025-11-25 20:36:39 - INFO - 玩家0 (主公) [主公] (白板武将) - 血量: 5/5 - 手牌: 闪, 桃, 决斗, 杀 - 装备: 无
2025-11-25 20:36:39 - INFO - 玩家1 (反贼1) [反贼] (张飞) - 血量: 4/4 - 手牌: 桃, 无懈可击, 闪 - 装备: 无
2025-11-25 20:36:39 - INFO - 玩家2 (忠臣) [忠臣] (赵云) - 血量: 3/4 - 手牌: 诸葛连弩, 闪, 桃 - 装备: 无
2025-11-25 20:36:39 - INFO - 玩家3 (反贼2) [反贼] (吕蒙) - 血量: 3/4 - 手牌: 杀, 杀, 进攻马 - 装备: 无
2025-11-25 20:36:39 - INFO - 玩家4 (内奸) [内奸] (凌操) - 血量: 3/4 - 手牌: 仁王盾, 闪 - 装备: 无
2025-11-25 20:36:39 - INFO - ============================================================
2025-11-25 20:36:39 - INFO - ============================================================
2025-11-25 20:36:39 - INFO - 当前牌堆状态:
2025-11-25 20:36:39 - INFO - 正常牌堆: 47 张牌
2025-11-25 20:36:39 - INFO - 弃牌堆: 7 张牌
2025-11-25 20:36:39 - INFO - 弃牌堆最后5张牌: 万箭齐发, 杀, 杀, 杀, 南蛮入侵
2025-11-25 20:36:39 - INFO - ============================================================
2025-11-25 20:36:39 - INFO - 反贼1 进入 准备 阶段
2025-11-25 20:36:39 - INFO - 反贼1 进入 摸牌 阶段
2025-11-25 20:36:41 - INFO - 反贼1 摸牌: 杀, 杀
2025-11-25 20:36:41 - INFO - 反贼1 进入 出牌 阶段
2025-11-25 20:36:41 - INFO - 反贼1发动技能[咆哮]
2025-11-25 20:36:43 - INFO - 反贼1 弃牌: 桃
2025-11-25 20:36:43 - INFO - 反贼1 回合结束
2025-11-25 20:36:43 - INFO - === 第 3 回合开始，忠臣 的回合 ===
2025-11-25 20:36:43 - INFO - ============================================================
2025-11-25 20:36:43 - INFO - 当前所有玩家状态:
2025-11-25 20:36:43 - INFO - 玩家0 (主公) [主公] (白板武将) - 血量: 5/5 - 手牌: 闪, 桃, 决斗, 杀 - 装备: 无
2025-11-25 20:36:43 - INFO - 玩家1 (反贼1) [反贼] (张飞) - 血量: 4/4 - 手牌: 无懈可击, 闪, 杀, 杀 - 装备: 无
2025-11-25 20:36:43 - INFO - 玩家2 (忠臣) [忠臣] (赵云) - 血量: 3/4 - 手牌: 诸葛连弩, 闪, 桃 - 装备: 无
2025-11-25 20:36:43 - INFO - 玩家3 (反贼2) [反贼] (吕蒙) - 血量: 3/4 - 手牌: 杀, 杀, 进攻马 - 装备: 无
2025-11-25 20:36:43 - INFO - 玩家4 (内奸) [内奸] (凌操) - 血量: 3/4 - 手牌: 仁王盾, 闪 - 装备: 无
2025-11-25 20:36:43 - INFO - ============================================================
2025-11-25 20:36:43 - INFO - ============================================================
2025-11-25 20:36:43 - INFO - 当前牌堆状态:
2025-11-25 20:36:43 - INFO - 正常牌堆: 45 张牌
2025-11-25 20:36:43 - INFO - 弃牌堆: 8 张牌
2025-11-25 20:36:43 - INFO - 弃牌堆最后5张牌: 杀, 杀, 杀, 南蛮入侵, 桃
2025-11-25 20:36:43 - INFO - ============================================================
2025-11-25 20:36:43 - INFO - 忠臣 进入 准备 阶段
2025-11-25 20:36:43 - INFO - 忠臣 进入 摸牌 阶段
2025-11-25 20:36:45 - INFO - 忠臣 摸牌: 南蛮入侵, 杀
2025-11-25 20:36:45 - INFO - 忠臣 进入 出牌 阶段
2025-11-25 20:36:48 - INFO - 忠臣 使用 桃，目标: 忠臣
2025-11-25 20:36:51 - INFO - 玩家 忠臣 打出牌: 桃
2025-11-25 20:36:51 - INFO - 忠臣 恢复 1 点血量，当前血量: 4/4
2025-11-25 20:36:55 - INFO - 忠臣 使用 诸葛连弩，目标: 忠臣
2025-11-25 20:36:58 - INFO - 玩家 忠臣 打出牌: 诸葛连弩
2025-11-25 20:36:58 - INFO - 忠臣 装备 诸葛连弩 (武器)
2025-11-25 20:37:00 - INFO - 忠臣 使用 南蛮入侵，目标: 主公, 反贼1, 反贼2, 内奸
2025-11-25 20:37:03 - INFO - 玩家 忠臣 打出牌: 南蛮入侵
2025-11-25 20:37:03 - INFO - 忠臣 使用 南蛮入侵 响应
2025-11-25 20:37:03 - INFO - 反贼2 使用 杀 响应
2025-11-25 20:37:05 - INFO - 内奸 受到 1 点伤害，当前血量: 2/4
2025-11-25 20:37:07 - INFO - 主公 使用 杀 响应
2025-11-25 20:37:09 - INFO - 反贼1 使用 杀 响应
2025-11-25 20:37:18 - INFO - 忠臣 使用 杀，目标: 反贼2
2025-11-25 20:37:20 - INFO - 忠臣对反贼2表敌意（杀）
2025-11-25 20:37:20 - INFO - 忠臣对反贼2表敌意（杀）
2025-11-25 20:37:20 - INFO - 忠臣对反贼2表敌意（杀）
2025-11-25 20:37:20 - INFO - 玩家 忠臣 打出牌: 杀
2025-11-25 20:37:20 - INFO - 反贼2 受到 1 点伤害，当前血量: 2/4
2025-11-25 20:37:22 - INFO - 忠臣 回合结束
2025-11-25 20:37:22 - INFO - === 第 4 回合开始，反贼2 的回合 ===
2025-11-25 20:37:22 - INFO - ============================================================
2025-11-25 20:37:22 - INFO - 当前所有玩家状态:
2025-11-25 20:37:22 - INFO - 玩家0 (主公) [主公] (白板武将) - 血量: 5/5 - 手牌: 闪, 桃, 决斗 - 装备: 无
2025-11-25 20:37:22 - INFO - 玩家1 (反贼1) [反贼] (张飞) - 血量: 4/4 - 手牌: 无懈可击, 闪, 杀 - 装备: 无
2025-11-25 20:37:22 - INFO - 玩家2 (忠臣) [忠臣] (赵云) - 血量: 4/4 - 手牌: 闪 - 装备: 武器: 诸葛连弩
2025-11-25 20:37:22 - INFO - 玩家3 (反贼2) [反贼] (吕蒙) - 血量: 2/4 - 手牌: 杀, 进攻马 - 装备: 无
2025-11-25 20:37:22 - INFO - 玩家4 (内奸) [内奸] (凌操) - 血量: 2/4 - 手牌: 仁王盾, 闪 - 装备: 无
2025-11-25 20:37:22 - INFO - ============================================================
2025-11-25 20:37:22 - INFO - ============================================================
2025-11-25 20:37:22 - INFO - 当前牌堆状态:
2025-11-25 20:37:22 - INFO - 正常牌堆: 43 张牌
2025-11-25 20:37:22 - INFO - 弃牌堆: 14 张牌
2025-11-25 20:37:22 - INFO - 弃牌堆最后5张牌: 杀, 杀, 杀, 南蛮入侵, 杀
2025-11-25 20:37:22 - INFO - ============================================================
2025-11-25 20:37:22 - INFO - 反贼2 进入 准备 阶段
2025-11-25 20:37:22 - INFO - 反贼2 进入 摸牌 阶段
2025-11-25 20:37:23 - INFO - 反贼2 摸牌: 青釭剑, 杀
2025-11-25 20:37:23 - INFO - 反贼2 进入 出牌 阶段
2025-11-25 20:37:23 - INFO - 反贼2 使用 进攻马，目标: 反贼2
2025-11-25 20:37:25 - INFO - 玩家 反贼2 打出牌: 进攻马
2025-11-25 20:37:25 - INFO - 反贼2 装备 进攻马 (进攻马)
2025-11-25 20:37:26 - INFO - 反贼2 使用 青釭剑，目标: 反贼2
2025-11-25 20:37:28 - INFO - 玩家 反贼2 打出牌: 青釭剑
2025-11-25 20:37:28 - INFO - 反贼2 装备 青釭剑 (武器)
2025-11-25 20:37:28 - INFO - 反贼2发动技能[克己]
2025-11-25 20:37:28 - INFO - 反贼2 技能[克己]生效：本回合未使用杀，手牌未超限，无需弃牌
2025-11-25 20:37:28 - INFO - 反贼2 回合结束
2025-11-25 20:37:28 - INFO - === 第 5 回合开始，内奸 的回合 ===
2025-11-25 20:37:28 - INFO - ============================================================
2025-11-25 20:37:28 - INFO - 当前所有玩家状态:
2025-11-25 20:37:28 - INFO - 玩家0 (主公) [主公] (白板武将) - 血量: 5/5 - 手牌: 闪, 桃, 决斗 - 装备: 无
2025-11-25 20:37:28 - INFO - 玩家1 (反贼1) [反贼] (张飞) - 血量: 4/4 - 手牌: 无懈可击, 闪, 杀 - 装备: 无
2025-11-25 20:37:28 - INFO - 玩家2 (忠臣) [忠臣] (赵云) - 血量: 4/4 - 手牌: 闪 - 装备: 武器: 诸葛连弩
2025-11-25 20:37:28 - INFO - 玩家3 (反贼2) [反贼] (吕蒙) - 血量: 2/4 - 手牌: 杀, 杀 - 装备: 武器: 青釭剑, 进攻马: 进攻马
2025-11-25 20:37:28 - INFO - 玩家4 (内奸) [内奸] (凌操) - 血量: 2/4 - 手牌: 仁王盾, 闪 - 装备: 无
2025-11-25 20:37:28 - INFO - ============================================================
2025-11-25 20:37:28 - INFO - ============================================================
2025-11-25 20:37:28 - INFO - 当前牌堆状态:
2025-11-25 20:37:28 - INFO - 正常牌堆: 41 张牌
2025-11-25 20:37:28 - INFO - 弃牌堆: 14 张牌
2025-11-25 20:37:28 - INFO - 弃牌堆最后5张牌: 杀, 杀, 杀, 南蛮入侵, 杀
2025-11-25 20:37:28 - INFO - ============================================================
2025-11-25 20:37:28 - INFO - 内奸 进入 准备 阶段
2025-11-25 20:37:28 - INFO - 内奸 进入 摸牌 阶段
2025-11-25 20:37:28 - INFO - 内奸发动技能[凌操]
2025-11-25 20:37:29 - INFO - 内奸 摸牌: 闪, 杀, 闪
2025-11-25 20:37:29 - INFO - 内奸 进入 出牌 阶段
2025-11-25 20:37:29 - INFO - 内奸 使用 杀，目标: 反贼2
2025-11-25 20:37:31 - INFO - 内奸对反贼2表敌意（杀）
2025-11-25 20:37:31 - INFO - 内奸对反贼2表敌意（杀）
2025-11-25 20:37:31 - INFO - 内奸对反贼2表敌意（杀）
2025-11-25 20:37:31 - INFO - 玩家 内奸 打出牌: 杀
2025-11-25 20:37:31 - INFO - 反贼2 受到 1 点伤害，当前血量: 1/4
2025-11-25 20:37:33 - INFO - 内奸 使用 仁王盾，目标: 内奸
2025-11-25 20:37:35 - INFO - 玩家 内奸 打出牌: 仁王盾
2025-11-25 20:37:35 - INFO - 内奸 装备 仁王盾 (防具)
2025-11-25 20:37:38 - INFO - 内奸 弃牌: 闪
2025-11-25 20:37:38 - INFO - 内奸 回合结束
2025-11-25 20:37:38 - INFO - === 第 6 回合开始，主公 的回合 ===
2025-11-25 20:37:38 - INFO - ============================================================
2025-11-25 20:37:38 - INFO - 当前所有玩家状态:
2025-11-25 20:37:38 - INFO - 玩家0 (主公) [主公] (白板武将) - 血量: 5/5 - 手牌: 闪, 桃, 决斗 - 装备: 无
2025-11-25 20:37:38 - INFO - 玩家1 (反贼1) [反贼] (张飞) - 血量: 4/4 - 手牌: 无懈可击, 闪, 杀 - 装备: 无
2025-11-25 20:37:38 - INFO - 玩家2 (忠臣) [忠臣] (赵云) - 血量: 4/4 - 手牌: 闪 - 装备: 武器: 诸葛连弩
2025-11-25 20:37:38 - INFO - 玩家3 (反贼2) [反贼] (吕蒙) - 血量: 1/4 - 手牌: 杀, 杀 - 装备: 武器: 青釭剑, 进攻马: 进攻马
2025-11-25 20:37:38 - INFO - 玩家4 (内奸) [内奸] (凌操) - 血量: 2/4 - 手牌: 闪, 闪 - 装备: 防具: 仁王盾
2025-11-25 20:37:38 - INFO - ============================================================
2025-11-25 20:37:38 - INFO - ============================================================
2025-11-25 20:37:38 - INFO - 当前牌堆状态:
2025-11-25 20:37:38 - INFO - 正常牌堆: 38 张牌
2025-11-25 20:37:38 - INFO - 弃牌堆: 16 张牌
2025-11-25 20:37:38 - INFO - 弃牌堆最后5张牌: 杀, 南蛮入侵, 杀, 杀, 闪
2025-11-25 20:37:38 - INFO - ============================================================
2025-11-25 20:37:38 - INFO - 主公 进入 准备 阶段
2025-11-25 20:37:38 - INFO - 主公 进入 摸牌 阶段
2025-11-25 20:37:39 - INFO - 主公 摸牌: 杀, 无懈可击
2025-11-25 20:37:39 - INFO - 主公 进入 出牌 阶段
2025-11-25 20:37:39 - INFO - 主公 回合结束
2025-11-25 20:37:39 - INFO - === 第 7 回合开始，反贼1 的回合 ===
2025-11-25 20:37:39 - INFO - ============================================================
2025-11-25 20:37:39 - INFO - 当前所有玩家状态:
2025-11-25 20:37:39 - INFO - 玩家0 (主公) [主公] (白板武将) - 血量: 5/5 - 手牌: 闪, 桃, 决斗, 杀, 无懈可击 - 装备: 无
2025-11-25 20:37:39 - INFO - 玩家1 (反贼1) [反贼] (张飞) - 血量: 4/4 - 手牌: 无懈可击, 闪, 杀 - 装备: 无
2025-11-25 20:37:39 - INFO - 玩家2 (忠臣) [忠臣] (赵云) - 血量: 4/4 - 手牌: 闪 - 装备: 武器: 诸葛连弩
2025-11-25 20:37:39 - INFO - 玩家3 (反贼2) [反贼] (吕蒙) - 血量: 1/4 - 手牌: 杀, 杀 - 装备: 武器: 青釭剑, 进攻马: 进攻马
2025-11-25 20:37:39 - INFO - 玩家4 (内奸) [内奸] (凌操) - 血量: 2/4 - 手牌: 闪, 闪 - 装备: 防具: 仁王盾
2025-11-25 20:37:39 - INFO - ============================================================
2025-11-25 20:37:39 - INFO - ============================================================
2025-11-25 20:37:39 - INFO - 当前牌堆状态:
2025-11-25 20:37:39 - INFO - 正常牌堆: 36 张牌
2025-11-25 20:37:39 - INFO - 弃牌堆: 16 张牌
2025-11-25 20:37:39 - INFO - 弃牌堆最后5张牌: 杀, 南蛮入侵, 杀, 杀, 闪
2025-11-25 20:37:39 - INFO - ============================================================
2025-11-25 20:37:39 - INFO - 反贼1 进入 准备 阶段
2025-11-25 20:37:39 - INFO - 反贼1 进入 摸牌 阶段
2025-11-25 20:37:40 - INFO - 反贼1 摸牌: 杀, 杀
2025-11-25 20:37:40 - INFO - 反贼1 进入 出牌 阶段
2025-11-25 20:37:40 - INFO - 反贼1发动技能[咆哮]
2025-11-25 20:37:43 - INFO - 反贼1 弃牌: 杀
2025-11-25 20:37:43 - INFO - 反贼1 回合结束
2025-11-25 20:37:43 - INFO - === 第 8 回合开始，忠臣 的回合 ===
2025-11-25 20:37:43 - INFO - ============================================================
2025-11-25 20:37:43 - INFO - 当前所有玩家状态:
2025-11-25 20:37:43 - INFO - 玩家0 (主公) [主公] (白板武将) - 血量: 5/5 - 手牌: 闪, 桃, 决斗, 杀, 无懈可击 - 装备: 无
2025-11-25 20:37:43 - INFO - 玩家1 (反贼1) [反贼] (张飞) - 血量: 4/4 - 手牌: 无懈可击, 闪, 杀, 杀 - 装备: 无
2025-11-25 20:37:43 - INFO - 玩家2 (忠臣) [忠臣] (赵云) - 血量: 4/4 - 手牌: 闪 - 装备: 武器: 诸葛连弩
2025-11-25 20:37:43 - INFO - 玩家3 (反贼2) [反贼] (吕蒙) - 血量: 1/4 - 手牌: 杀, 杀 - 装备: 武器: 青釭剑, 进攻马: 进攻马
2025-11-25 20:37:43 - INFO - 玩家4 (内奸) [内奸] (凌操) - 血量: 2/4 - 手牌: 闪, 闪 - 装备: 防具: 仁王盾
2025-11-25 20:37:43 - INFO - ============================================================
2025-11-25 20:37:43 - INFO - ============================================================
2025-11-25 20:37:43 - INFO - 当前牌堆状态:
2025-11-25 20:37:43 - INFO - 正常牌堆: 34 张牌
2025-11-25 20:37:43 - INFO - 弃牌堆: 17 张牌
2025-11-25 20:37:43 - INFO - 弃牌堆最后5张牌: 南蛮入侵, 杀, 杀, 闪, 杀
2025-11-25 20:37:43 - INFO - ============================================================
2025-11-25 20:37:43 - INFO - 忠臣 进入 准备 阶段
2025-11-25 20:37:43 - INFO - 忠臣 进入 摸牌 阶段
2025-11-25 20:37:44 - INFO - 忠臣 摸牌: 杀, 桃
2025-11-25 20:37:44 - INFO - 忠臣 进入 出牌 阶段
2025-11-25 20:37:49 - INFO - 忠臣 使用 杀，目标: 反贼2
2025-11-25 20:37:51 - INFO - 忠臣对反贼2表敌意（杀）
2025-11-25 20:37:51 - INFO - 忠臣对反贼2表敌意（杀）
2025-11-25 20:37:51 - INFO - 忠臣对反贼2表敌意（杀）
2025-11-25 20:37:51 - INFO - 玩家 忠臣 打出牌: 杀
2025-11-25 20:37:51 - INFO - 反贼2 受到 1 点伤害，当前血量: 0/4
2025-11-25 20:37:53 - WARNING - 反贼2 濒死！
2025-11-25 20:37:53 - WARNING - 反贼2 (反贼) 死亡！
2025-11-25 20:37:53 - INFO - 忠臣 杀死了反贼 反贼2，摸三张牌！
2025-11-25 20:37:55 - INFO - 忠臣 摸牌: 杀, 决斗, 闪
2025-11-25 20:37:55 - INFO - 忠臣 摸到了: 杀, 决斗, 闪
2025-11-25 20:38:27 - INFO - 忠臣 使用 决斗，目标: 反贼1
2025-11-25 20:38:29 - INFO - 忠臣对反贼1表敌意（决斗）
2025-11-25 20:38:29 - INFO - 忠臣对反贼1表敌意（决斗）
2025-11-25 20:38:29 - INFO - 忠臣对反贼1表敌意（决斗）
2025-11-25 20:38:29 - INFO - 玩家 忠臣 打出牌: 决斗
2025-11-25 20:38:29 - INFO - 忠臣 使用 决斗，目标: 反贼1
2025-11-25 20:38:29 - INFO - 决斗第1轮：反贼1 对 忠臣
2025-11-25 20:38:29 - INFO - 反贼1 使用 杀 响应
2025-11-25 20:38:32 - INFO - 决斗第2轮：忠臣 对 反贼1
2025-11-25 20:38:34 - INFO - 忠臣 使用 杀 响应
2025-11-25 20:38:37 - INFO - 决斗第3轮：反贼1 对 忠臣
2025-11-25 20:38:37 - INFO - 反贼1 使用 杀 响应
2025-11-25 20:38:39 - INFO - 决斗第4轮：忠臣 对 反贼1
2025-11-25 20:38:39 - INFO - 忠臣 受到 1 点伤害，当前血量: 3/4
