2025-11-26 20:47:39 - INFO - ==================================================
2025-11-26 20:47:39 - INFO - 游戏开始
2025-11-26 20:47:39 - INFO - 时间: 2025-11-26 20:47:39
2025-11-26 20:47:39 - INFO - 模式: 正常模式
2025-11-26 20:47:39 - INFO - ==================================================
2025-11-26 20:47:39 - INFO - 开始新游戏，玩家数量: 5
2025-11-26 20:47:39 - INFO - 开始初始化游戏...
2025-11-26 20:47:39 - INFO - 开始初始化牌堆...
2025-11-26 20:47:39 - INFO - 牌堆初始化完成，总牌数: 69
2025-11-26 20:47:39 - INFO - 牌堆创建完成，总牌数: 69
2025-11-26 20:47:39 - INFO - 开始初始化玩家...
2025-11-26 20:47:43 - INFO - 主公 初始手牌: 杀, 青釭剑, 无懈可击, 杀
2025-11-26 20:47:43 - INFO - 创建玩家 0: 主公 (身份: 主公, 武将: 白板武将, 血量: 5)
2025-11-26 20:47:46 - INFO - 反贼1 初始手牌: 杀, 杀, 闪, 杀
2025-11-26 20:47:46 - INFO - 创建玩家 1: 反贼1 (身份: 反贼, 武将: 张飞, 血量: 4)
2025-11-26 20:47:48 - INFO - 忠臣 初始手牌: 闪, 桃, 杀, 杀
2025-11-26 20:47:48 - INFO - 创建玩家 2: 忠臣 (身份: 忠臣, 武将: 赵云, 血量: 4)
2025-11-26 20:47:50 - INFO - 反贼2 初始手牌: 闪, 防御马, 杀, 闪
2025-11-26 20:47:50 - INFO - 创建玩家 3: 反贼2 (身份: 反贼, 武将: 吕蒙, 血量: 4)
2025-11-26 20:47:51 - INFO - 内奸 初始手牌: 杀, 杀, 杀, 决斗
2025-11-26 20:47:51 - INFO - 创建玩家 4: 内奸 (身份: 内奸, 武将: 凌操, 血量: 4)
2025-11-26 20:47:51 - INFO - ControlManager初始化完成，管理 5 个Control实例
2025-11-26 20:47:51 - INFO - 玩家控制器创建完成，玩家数量: 5
2025-11-26 20:47:51 - INFO - 初始玩家ID: 0
2025-11-26 20:47:51 - INFO - 游戏初始化完成
2025-11-26 20:47:51 - INFO - 游戏主循环开始
2025-11-26 20:47:51 - INFO - === 第 1 回合开始，主公 的回合 ===
2025-11-26 20:47:51 - INFO - ============================================================
2025-11-26 20:47:51 - INFO - 当前所有玩家状态:
2025-11-26 20:47:51 - INFO - 玩家0 (主公) [主公] (白板武将) - 血量: 5/5 - 手牌: 杀, 青釭剑, 无懈可击, 杀 - 装备: 无
2025-11-26 20:47:51 - INFO - 玩家1 (反贼1) [反贼] (张飞) - 血量: 4/4 - 手牌: 杀, 杀, 闪, 杀 - 装备: 无
2025-11-26 20:47:51 - INFO - 玩家2 (忠臣) [忠臣] (赵云) - 血量: 4/4 - 手牌: 闪, 桃, 杀, 杀 - 装备: 无
2025-11-26 20:47:51 - INFO - 玩家3 (反贼2) [反贼] (吕蒙) - 血量: 4/4 - 手牌: 闪, 防御马, 杀, 闪 - 装备: 无
2025-11-26 20:47:51 - INFO - 玩家4 (内奸) [内奸] (凌操) - 血量: 4/4 - 手牌: 杀, 杀, 杀, 决斗 - 装备: 无
2025-11-26 20:47:51 - INFO - ============================================================
2025-11-26 20:47:51 - INFO - ============================================================
2025-11-26 20:47:51 - INFO - 当前牌堆状态:
2025-11-26 20:47:51 - INFO - 正常牌堆: 49 张牌
2025-11-26 20:47:51 - INFO - 弃牌堆: 0 张牌
2025-11-26 20:47:51 - INFO - ============================================================
2025-11-26 20:47:51 - INFO - 主公 进入 准备 阶段
2025-11-26 20:47:51 - INFO - 主公 进入 摸牌 阶段
2025-11-26 20:47:53 - INFO - 主公 摸牌: 杀, 杀
2025-11-26 20:47:53 - INFO - 主公 进入 出牌 阶段
2025-11-26 20:47:53 - INFO - 主公 使用 青釭剑，目标: 主公
2025-11-26 20:47:55 - INFO - 玩家 主公 打出牌: 青釭剑
2025-11-26 20:47:55 - INFO - 主公 装备 青釭剑 (武器)
2025-11-26 20:47:55 - INFO - 主公 回合结束
2025-11-26 20:47:55 - INFO - === 第 2 回合开始，反贼1 的回合 ===
2025-11-26 20:47:55 - INFO - ============================================================
2025-11-26 20:47:55 - INFO - 当前所有玩家状态:
2025-11-26 20:47:55 - INFO - 玩家0 (主公) [主公] (白板武将) - 血量: 5/5 - 手牌: 杀, 无懈可击, 杀, 杀, 杀 - 装备: 武器: 青釭剑
2025-11-26 20:47:55 - INFO - 玩家1 (反贼1) [反贼] (张飞) - 血量: 4/4 - 手牌: 杀, 杀, 闪, 杀 - 装备: 无
2025-11-26 20:47:55 - INFO - 玩家2 (忠臣) [忠臣] (赵云) - 血量: 4/4 - 手牌: 闪, 桃, 杀, 杀 - 装备: 无
2025-11-26 20:47:55 - INFO - 玩家3 (反贼2) [反贼] (吕蒙) - 血量: 4/4 - 手牌: 闪, 防御马, 杀, 闪 - 装备: 无
2025-11-26 20:47:55 - INFO - 玩家4 (内奸) [内奸] (凌操) - 血量: 4/4 - 手牌: 杀, 杀, 杀, 决斗 - 装备: 无
2025-11-26 20:47:55 - INFO - ============================================================
2025-11-26 20:47:55 - INFO - ============================================================
2025-11-26 20:47:55 - INFO - 当前牌堆状态:
2025-11-26 20:47:55 - INFO - 正常牌堆: 47 张牌
2025-11-26 20:47:55 - INFO - 弃牌堆: 0 张牌
2025-11-26 20:47:55 - INFO - ============================================================
2025-11-26 20:47:55 - INFO - 反贼1 进入 准备 阶段
2025-11-26 20:47:55 - INFO - 反贼1 进入 摸牌 阶段
2025-11-26 20:47:56 - INFO - 反贼1 摸牌: 万箭齐发, 闪
2025-11-26 20:47:56 - INFO - 反贼1 进入 出牌 阶段
2025-11-26 20:47:56 - INFO - 反贼1发动技能[咆哮]
2025-11-26 20:47:56 - INFO - 反贼1 使用 万箭齐发，目标: 主公, 忠臣, 反贼2, 内奸
2025-11-26 20:47:58 - INFO - 玩家 反贼1 打出牌: 万箭齐发
2025-11-26 20:47:58 - INFO - 反贼1 使用 万箭齐发 响应
2025-11-26 20:48:25 - INFO - 忠臣 使用 闪 响应
2025-11-26 20:48:27 - INFO - 反贼2 使用 闪 响应
2025-11-26 20:48:30 - INFO - 内奸 受到 1 点伤害，当前血量: 3/4
2025-11-26 20:48:32 - INFO - 主公 使用 无懈可击 响应
2025-11-26 20:48:34 - INFO - 主公对主公献殷勤（无懈可击）
2025-11-26 20:48:34 - INFO - 主公跳忠
2025-11-26 20:48:34 - INFO - 主公对主公献殷勤（无懈可击）
2025-11-26 20:48:34 - INFO - 主公跳忠
2025-11-26 20:48:34 - INFO - 主公对主公献殷勤（无懈可击）
2025-11-26 20:48:34 - INFO - 主公跳忠
2025-11-26 20:48:34 - INFO - 万箭齐发对 主公 被无懈可击
2025-11-26 20:48:34 - INFO - 反贼1发动技能[咆哮]
2025-11-26 20:48:37 - INFO - 反贼1 弃牌: 闪
2025-11-26 20:48:37 - INFO - 反贼1 回合结束
2025-11-26 20:48:37 - INFO - === 第 3 回合开始，忠臣 的回合 ===
2025-11-26 20:48:37 - INFO - ============================================================
2025-11-26 20:48:37 - INFO - 当前所有玩家状态:
2025-11-26 20:48:37 - INFO - 玩家0 (主公) [主公] (白板武将) - 血量: 5/5 - 手牌: 杀, 杀, 杀, 杀 - 装备: 武器: 青釭剑
2025-11-26 20:48:37 - INFO - 玩家1 (反贼1) [反贼] (张飞) - 血量: 4/4 - 手牌: 杀, 杀, 杀, 闪 - 装备: 无
2025-11-26 20:48:37 - INFO - 玩家2 (忠臣) [忠臣] (赵云) - 血量: 4/4 - 手牌: 桃, 杀, 杀 - 装备: 无
2025-11-26 20:48:37 - INFO - 玩家3 (反贼2) [反贼] (吕蒙) - 血量: 4/4 - 手牌: 防御马, 杀, 闪 - 装备: 无
2025-11-26 20:48:37 - INFO - 玩家4 (内奸) [内奸] (凌操) - 血量: 3/4 - 手牌: 杀, 杀, 杀, 决斗 - 装备: 无
2025-11-26 20:48:37 - INFO - ============================================================
2025-11-26 20:48:37 - INFO - ============================================================
2025-11-26 20:48:37 - INFO - 当前牌堆状态:
2025-11-26 20:48:37 - INFO - 正常牌堆: 45 张牌
2025-11-26 20:48:37 - INFO - 弃牌堆: 5 张牌
2025-11-26 20:48:37 - INFO - 弃牌堆所有牌: 闪, 闪, 无懈可击, 万箭齐发, 闪
2025-11-26 20:48:37 - INFO - ============================================================
2025-11-26 20:48:37 - INFO - 忠臣 进入 准备 阶段
2025-11-26 20:48:37 - INFO - 忠臣 进入 摸牌 阶段
2025-11-26 20:48:38 - INFO - 忠臣 摸牌: 闪, 闪
2025-11-26 20:48:38 - INFO - 忠臣 进入 出牌 阶段
2025-11-26 20:48:46 - INFO - 忠臣 使用 杀，目标: 反贼1
2025-11-26 20:48:48 - INFO - 忠臣对反贼1表敌意（杀）
2025-11-26 20:48:48 - INFO - 忠臣对反贼1表敌意（杀）
2025-11-26 20:48:48 - INFO - 忠臣对反贼1表敌意（杀）
2025-11-26 20:48:48 - INFO - 玩家 忠臣 打出牌: 杀
2025-11-26 20:48:48 - INFO - 反贼1 使用 闪 响应
2025-11-26 20:48:54 - INFO - 忠臣 使用 杀，目标: 反贼1
2025-11-26 20:48:57 - INFO - 忠臣对反贼1表敌意（杀）
2025-11-26 20:48:57 - INFO - 忠臣对反贼1表敌意（杀）
2025-11-26 20:48:57 - INFO - 忠臣对反贼1表敌意（杀）
2025-11-26 20:48:57 - INFO - 玩家 忠臣 打出牌: 杀
2025-11-26 20:48:57 - INFO - 反贼1 受到 1 点伤害，当前血量: 3/4
