2025-11-23 09:47:01 - INFO - ==================================================
2025-11-23 09:47:01 - INFO - 游戏开始
2025-11-23 09:47:01 - INFO - 时间: 2025-11-23 09:47:01
2025-11-23 09:47:01 - INFO - 模式: 正常模式
2025-11-23 09:47:01 - INFO - ==================================================
2025-11-23 09:47:01 - INFO - 开始新游戏（猪国杀模式），玩家数量: 3
2025-11-23 09:47:01 - INFO - 开始初始化游戏...
2025-11-23 09:47:01 - INFO - 开始初始化牌堆...
2025-11-23 09:47:01 - INFO - 牌堆初始化完成，总牌数: 10
2025-11-23 09:47:01 - INFO - 牌堆创建完成，总牌数: 10
2025-11-23 09:47:01 - INFO - 开始初始化玩家...
2025-11-23 09:47:01 - INFO - 玩家1 初始手牌: 决斗, 决斗, 决斗, 决斗
2025-11-23 09:47:01 - INFO - 创建玩家 0: 玩家1 (身份: 主公, 武将: 猪国杀武将, 血量: 5)
2025-11-23 09:47:01 - INFO - 玩家2 初始手牌: 闪, 闪, 闪, 无懈可击
2025-11-23 09:47:01 - INFO - 创建玩家 1: 玩家2 (身份: 忠臣, 武将: 猪国杀武将, 血量: 4)
2025-11-23 09:47:01 - INFO - 玩家3 初始手牌: 无懈可击, 杀
2025-11-23 09:47:01 - INFO - 创建玩家 2: 玩家3 (身份: 反贼, 武将: 猪国杀武将, 血量: 4)
2025-11-23 09:47:01 - INFO - ControlManager初始化完成，管理 3 个Control实例
2025-11-23 09:47:01 - INFO - 玩家控制器创建完成，玩家数量: 3
2025-11-23 09:47:01 - INFO - 初始玩家ID: 0
2025-11-23 09:47:01 - INFO - 游戏初始化完成
2025-11-23 09:47:01 - INFO - 游戏主循环开始
2025-11-23 09:47:01 - INFO - === 第 1 回合开始，玩家1 的回合 ===
2025-11-23 09:47:01 - INFO - ============================================================
2025-11-23 09:47:01 - INFO - 当前所有玩家状态:
2025-11-23 09:47:01 - INFO - 玩家0 (玩家1) [主公] (猪国杀武将) - 血量: 4/4 - 手牌: 闪, 闪, 决斗, 决斗 - 装备: 无
2025-11-23 09:47:01 - INFO - 玩家1 (玩家2) [忠臣] (猪国杀武将) - 血量: 4/4 - 手牌: 南蛮入侵, 南蛮入侵, 南蛮入侵, 闪 - 装备: 无
2025-11-23 09:47:01 - INFO - 玩家2 (玩家3) [反贼] (猪国杀武将) - 血量: 4/4 - 手牌: 无懈可击, 无懈可击, 无懈可击, 无懈可击 - 装备: 无
2025-11-23 09:47:01 - INFO - ============================================================
2025-11-23 09:47:01 - INFO - ============================================================
2025-11-23 09:47:01 - INFO - 当前牌堆状态:
2025-11-23 09:47:01 - INFO - 正常牌堆: 110 张牌
2025-11-23 09:47:01 - INFO - 弃牌堆: 0 张牌
2025-11-23 09:47:01 - INFO - ============================================================
2025-11-23 09:47:01 - INFO - 玩家1 进入 准备 阶段
2025-11-23 09:47:01 - INFO - 玩家1 进入 摸牌 阶段
2025-11-23 09:47:01 - INFO - 玩家1 摸牌: 决斗, 决斗
2025-11-23 09:47:01 - INFO - 玩家1 进入 出牌 阶段
2025-11-23 09:47:01 - INFO - 玩家1发动技能[无弃牌阶段]
2025-11-23 09:47:01 - INFO - 玩家1 猪国杀规则：跳过弃牌阶段
2025-11-23 09:47:01 - INFO - 玩家1 回合结束
2025-11-23 09:47:01 - INFO - === 第 2 回合开始，玩家2 的回合 ===
2025-11-23 09:47:01 - INFO - ============================================================
2025-11-23 09:47:01 - INFO - 当前所有玩家状态:
2025-11-23 09:47:01 - INFO - 玩家0 (玩家1) [主公] (猪国杀武将) - 血量: 4/4 - 手牌: 闪, 闪, 决斗, 决斗, 决斗, 决斗 - 装备: 无
2025-11-23 09:47:01 - INFO - 玩家1 (玩家2) [忠臣] (猪国杀武将) - 血量: 4/4 - 手牌: 南蛮入侵, 南蛮入侵, 南蛮入侵, 闪 - 装备: 无
2025-11-23 09:47:01 - INFO - 玩家2 (玩家3) [反贼] (猪国杀武将) - 血量: 4/4 - 手牌: 无懈可击, 无懈可击, 无懈可击, 无懈可击 - 装备: 无
2025-11-23 09:47:01 - INFO - ============================================================
2025-11-23 09:47:01 - INFO - ============================================================
2025-11-23 09:47:01 - INFO - 当前牌堆状态:
2025-11-23 09:47:01 - INFO - 正常牌堆: 108 张牌
2025-11-23 09:47:01 - INFO - 弃牌堆: 0 张牌
2025-11-23 09:47:01 - INFO - ============================================================
2025-11-23 09:47:01 - INFO - 玩家2 进入 准备 阶段
2025-11-23 09:47:01 - INFO - 玩家2 进入 摸牌 阶段
2025-11-23 09:47:01 - INFO - 玩家2 摸牌: 闪, 闪
2025-11-23 09:47:01 - INFO - 玩家2 进入 出牌 阶段
2025-11-23 09:47:01 - INFO - 玩家2 使用 南蛮入侵，目标: 玩家1, 玩家3
2025-11-23 09:47:01 - INFO - 玩家 玩家2 打出牌: 南蛮入侵
2025-11-23 09:47:01 - INFO - 玩家2 使用 南蛮入侵 响应
2025-11-23 09:47:01 - INFO - 玩家3 受到 1 点伤害，当前血量: 3/4
2025-11-23 09:47:01 - INFO - 玩家1 受到 1 点伤害，当前血量: 3/4
2025-11-23 09:47:01 - INFO - 主猪认为玩家2是类反猪
2025-11-23 09:47:01 - INFO - 玩家2 使用 南蛮入侵，目标: 玩家1, 玩家3
2025-11-23 09:47:01 - INFO - 玩家 玩家2 打出牌: 南蛮入侵
2025-11-23 09:47:01 - INFO - 玩家2 使用 南蛮入侵 响应
2025-11-23 09:47:01 - INFO - 玩家3 受到 1 点伤害，当前血量: 2/4
2025-11-23 09:47:01 - INFO - 玩家1 受到 1 点伤害，当前血量: 2/4
2025-11-23 09:47:01 - INFO - 玩家2 使用 南蛮入侵，目标: 玩家1, 玩家3
2025-11-23 09:47:01 - INFO - 玩家 玩家2 打出牌: 南蛮入侵
2025-11-23 09:47:01 - INFO - 玩家2 使用 南蛮入侵 响应
2025-11-23 09:47:01 - INFO - 玩家3 受到 1 点伤害，当前血量: 1/4
2025-11-23 09:47:01 - INFO - 玩家1 受到 1 点伤害，当前血量: 1/4
2025-11-23 09:47:01 - INFO - 玩家2发动技能[无弃牌阶段]
2025-11-23 09:47:01 - INFO - 玩家2 猪国杀规则：跳过弃牌阶段
2025-11-23 09:47:01 - INFO - 玩家2 回合结束
2025-11-23 09:47:01 - INFO - === 第 3 回合开始，玩家3 的回合 ===
2025-11-23 09:47:01 - INFO - ============================================================
2025-11-23 09:47:01 - INFO - 当前所有玩家状态:
2025-11-23 09:47:01 - INFO - 玩家0 (玩家1) [主公] (猪国杀武将) - 血量: 1/4 - 手牌: 闪, 闪, 决斗, 决斗, 决斗, 决斗 - 装备: 无
2025-11-23 09:47:01 - INFO - 玩家1 (玩家2) [忠臣] (猪国杀武将) - 血量: 4/4 - 手牌: 闪, 闪, 闪 - 装备: 无
2025-11-23 09:47:01 - INFO - 玩家2 (玩家3) [反贼] (猪国杀武将) - 血量: 1/4 - 手牌: 无懈可击, 无懈可击, 无懈可击, 无懈可击 - 装备: 无
2025-11-23 09:47:01 - INFO - ============================================================
2025-11-23 09:47:01 - INFO - ============================================================
2025-11-23 09:47:01 - INFO - 当前牌堆状态:
2025-11-23 09:47:01 - INFO - 正常牌堆: 106 张牌
2025-11-23 09:47:01 - INFO - 弃牌堆: 3 张牌
2025-11-23 09:47:01 - INFO - 弃牌堆所有牌: 南蛮入侵, 南蛮入侵, 南蛮入侵
2025-11-23 09:47:01 - INFO - ============================================================
2025-11-23 09:47:01 - INFO - 玩家3 进入 准备 阶段
2025-11-23 09:47:01 - INFO - 玩家3 进入 摸牌 阶段
2025-11-23 09:47:01 - INFO - 玩家3 摸牌: 无懈可击, 无懈可击
2025-11-23 09:47:01 - INFO - 玩家3 进入 出牌 阶段
2025-11-23 09:47:01 - INFO - 玩家3发动技能[无弃牌阶段]
2025-11-23 09:47:01 - INFO - 玩家3 猪国杀规则：跳过弃牌阶段
2025-11-23 09:47:01 - INFO - 玩家3 回合结束
2025-11-23 09:47:01 - INFO - === 第 4 回合开始，玩家1 的回合 ===
2025-11-23 09:47:01 - INFO - ============================================================
2025-11-23 09:47:01 - INFO - 当前所有玩家状态:
2025-11-23 09:47:01 - INFO - 玩家0 (玩家1) [主公] (猪国杀武将) - 血量: 1/4 - 手牌: 闪, 闪, 决斗, 决斗, 决斗, 决斗 - 装备: 无
2025-11-23 09:47:01 - INFO - 玩家1 (玩家2) [忠臣] (猪国杀武将) - 血量: 4/4 - 手牌: 闪, 闪, 闪 - 装备: 无
2025-11-23 09:47:01 - INFO - 玩家2 (玩家3) [反贼] (猪国杀武将) - 血量: 1/4 - 手牌: 无懈可击, 无懈可击, 无懈可击, 无懈可击, 无懈可击, 无懈可击 - 装备: 无
2025-11-23 09:47:01 - INFO - ============================================================
2025-11-23 09:47:01 - INFO - ============================================================
2025-11-23 09:47:01 - INFO - 当前牌堆状态:
2025-11-23 09:47:01 - INFO - 正常牌堆: 104 张牌
2025-11-23 09:47:01 - INFO - 弃牌堆: 3 张牌
2025-11-23 09:47:01 - INFO - 弃牌堆所有牌: 南蛮入侵, 南蛮入侵, 南蛮入侵
2025-11-23 09:47:01 - INFO - ============================================================
2025-11-23 09:47:01 - INFO - 玩家1 进入 准备 阶段
2025-11-23 09:47:01 - INFO - 玩家1 进入 摸牌 阶段
2025-11-23 09:47:01 - INFO - 玩家1 摸牌: 决斗, 决斗
2025-11-23 09:47:01 - INFO - 玩家1 进入 出牌 阶段
2025-11-23 09:47:01 - INFO - 玩家1 使用 决斗，目标: 玩家2
2025-11-23 09:47:01 - INFO - 玩家1对玩家2表敌意（决斗）
2025-11-23 09:47:01 - INFO - 玩家1对玩家2表敌意（决斗）
2025-11-23 09:47:01 - INFO - 玩家1对玩家2表敌意（决斗）
2025-11-23 09:47:01 - INFO - 玩家 玩家1 打出牌: 决斗
2025-11-23 09:47:01 - INFO - 玩家1 使用 决斗，目标: 玩家2
2025-11-23 09:47:01 - INFO - 决斗第1轮：玩家2 对 玩家1
2025-11-23 09:47:01 - INFO - 玩家2 受到 1 点伤害，当前血量: 3/4
2025-11-23 09:47:01 - INFO - 玩家1 使用 决斗，目标: 玩家2
2025-11-23 09:47:01 - INFO - 玩家1对玩家2表敌意（决斗）
2025-11-23 09:47:01 - INFO - 玩家1对玩家2表敌意（决斗）
2025-11-23 09:47:01 - INFO - 玩家1对玩家2表敌意（决斗）
2025-11-23 09:47:01 - INFO - 玩家 玩家1 打出牌: 决斗
2025-11-23 09:47:01 - INFO - 玩家1 使用 决斗，目标: 玩家2
2025-11-23 09:47:01 - INFO - 决斗第1轮：玩家2 对 玩家1
2025-11-23 09:47:01 - INFO - 玩家2 受到 1 点伤害，当前血量: 2/4
2025-11-23 09:47:01 - INFO - 玩家1 使用 决斗，目标: 玩家2
2025-11-23 09:47:01 - INFO - 玩家1对玩家2表敌意（决斗）
2025-11-23 09:47:01 - INFO - 玩家1对玩家2表敌意（决斗）
2025-11-23 09:47:01 - INFO - 玩家1对玩家2表敌意（决斗）
2025-11-23 09:47:01 - INFO - 玩家 玩家1 打出牌: 决斗
2025-11-23 09:47:01 - INFO - 玩家1 使用 决斗，目标: 玩家2
2025-11-23 09:47:01 - INFO - 决斗第1轮：玩家2 对 玩家1
2025-11-23 09:47:01 - INFO - 玩家2 受到 1 点伤害，当前血量: 1/4
2025-11-23 09:47:01 - INFO - 玩家1 使用 决斗，目标: 玩家2
2025-11-23 09:47:01 - INFO - 玩家1对玩家2表敌意（决斗）
2025-11-23 09:47:01 - INFO - 玩家1对玩家2表敌意（决斗）
2025-11-23 09:47:01 - INFO - 玩家1对玩家2表敌意（决斗）
2025-11-23 09:47:01 - INFO - 玩家 玩家1 打出牌: 决斗
2025-11-23 09:47:01 - INFO - 玩家1 使用 决斗，目标: 玩家2
2025-11-23 09:47:01 - INFO - 决斗第1轮：玩家2 对 玩家1
2025-11-23 09:47:01 - INFO - 玩家2 受到 1 点伤害，当前血量: 0/4
2025-11-23 09:47:01 - WARNING - 玩家2 濒死！
2025-11-23 09:47:01 - WARNING - 玩家2 (忠臣) 死亡！
2025-11-23 09:47:01 - INFO - 玩家1 杀死了忠臣 玩家2，需要弃掉所有牌！
2025-11-23 09:47:01 - INFO - 玩家1 弃掉了所有手牌
2025-11-23 09:47:01 - INFO - 玩家1发动技能[无弃牌阶段]
2025-11-23 09:47:01 - INFO - 玩家1 猪国杀规则：跳过弃牌阶段
2025-11-23 09:47:01 - INFO - 玩家1 回合结束
2025-11-23 09:47:01 - INFO - === 第 5 回合开始，玩家3 的回合 ===
2025-11-23 09:47:01 - INFO - ============================================================
2025-11-23 09:47:01 - INFO - 当前所有玩家状态:
2025-11-23 09:47:01 - INFO - 玩家0 (玩家1) [主公] (猪国杀武将) - 血量: 1/4 - 手牌: 无 - 装备: 无
2025-11-23 09:47:01 - INFO - 玩家1 (玩家2) [忠臣] (猪国杀武将) - 血量: 0/4 - 手牌: 无 - 装备: 无
2025-11-23 09:47:01 - INFO - 玩家2 (玩家3) [反贼] (猪国杀武将) - 血量: 1/4 - 手牌: 无懈可击, 无懈可击, 无懈可击, 无懈可击, 无懈可击, 无懈可击 - 装备: 无
2025-11-23 09:47:01 - INFO - ============================================================
2025-11-23 09:47:01 - INFO - ============================================================
2025-11-23 09:47:01 - INFO - 当前牌堆状态:
2025-11-23 09:47:01 - INFO - 正常牌堆: 102 张牌
2025-11-23 09:47:01 - INFO - 弃牌堆: 14 张牌
2025-11-23 09:47:01 - INFO - 弃牌堆最后5张牌: 决斗, 决斗, 闪, 闪, 闪
2025-11-23 09:47:01 - INFO - ============================================================
2025-11-23 09:47:01 - INFO - 玩家3 进入 准备 阶段
2025-11-23 09:47:01 - INFO - 玩家3 进入 摸牌 阶段
2025-11-23 09:47:01 - INFO - 玩家3 摸牌: 杀, 闪
2025-11-23 09:47:01 - INFO - 玩家3 进入 出牌 阶段
2025-11-23 09:47:01 - INFO - 玩家3 使用 杀，目标: 玩家1
2025-11-23 09:47:01 - INFO - 玩家3对玩家1表敌意（杀）
2025-11-23 09:47:01 - INFO - 玩家3跳反
2025-11-23 09:47:01 - INFO - 玩家3对玩家1表敌意（杀）
2025-11-23 09:47:01 - INFO - 玩家3跳反
2025-11-23 09:47:01 - INFO - 玩家3对玩家1表敌意（杀）
2025-11-23 09:47:01 - INFO - 玩家3跳反
2025-11-23 09:47:01 - INFO - 玩家 玩家3 打出牌: 杀
2025-11-23 09:47:01 - INFO - 玩家1 受到 1 点伤害，当前血量: 0/4
2025-11-23 09:47:01 - WARNING - 玩家1 濒死！
2025-11-23 09:47:01 - WARNING - 玩家1 (主公) 死亡！
2025-11-23 09:47:01 - INFO - 玩家3发动技能[无弃牌阶段]
2025-11-23 09:47:01 - INFO - 玩家3 猪国杀规则：跳过弃牌阶段
2025-11-23 09:47:01 - INFO - 玩家3 回合结束
2025-11-23 09:47:01 - INFO -  游戏结束！反贼胜利 - 玩家3
2025-11-23 09:47:01 - INFO - ==================================================
2025-11-23 09:47:01 - INFO - 游戏会话结束
2025-11-23 09:47:01 - INFO - ==================================================
2025-11-23 09:47:01 - INFO - ==================================================
2025-11-23 09:47:01 - INFO - 游戏开始
2025-11-23 09:47:01 - INFO - 时间: 2025-11-23 09:47:01
2025-11-23 09:47:01 - INFO - 模式: 正常模式
2025-11-23 09:47:01 - INFO - ==================================================
2025-11-23 09:47:01 - INFO - 开始新游戏（猪国杀模式），玩家数量: 10
2025-11-23 09:47:01 - INFO - 开始初始化游戏...
2025-11-23 09:47:01 - INFO - 开始初始化牌堆...
2025-11-23 09:47:01 - INFO - 牌堆初始化完成，总牌数: 20
2025-11-23 09:47:01 - INFO - 牌堆创建完成，总牌数: 20
2025-11-23 09:47:01 - INFO - 开始初始化玩家...
2025-11-23 09:47:01 - INFO - 玩家1 初始手牌: 杀, 杀, 杀, 杀
2025-11-23 09:47:01 - INFO - 创建玩家 0: 玩家1 (身份: 主公, 武将: 猪国杀武将, 血量: 5)
2025-11-23 09:47:01 - INFO - 玩家2 初始手牌: 杀, 杀, 杀, 诸葛连弩
2025-11-23 09:47:01 - INFO - 创建玩家 1: 玩家2 (身份: 忠臣, 武将: 猪国杀武将, 血量: 4)
2025-11-23 09:47:01 - INFO - 玩家3 初始手牌: 诸葛连弩, 诸葛连弩, 诸葛连弩, 闪
2025-11-23 09:47:01 - INFO - 创建玩家 2: 玩家3 (身份: 反贼, 武将: 猪国杀武将, 血量: 4)
2025-11-23 09:47:01 - INFO - 玩家4 初始手牌: 决斗, 南蛮入侵, 南蛮入侵, 南蛮入侵
2025-11-23 09:47:01 - INFO - 创建玩家 3: 玩家4 (身份: 忠臣, 武将: 猪国杀武将, 血量: 4)
2025-11-23 09:47:01 - INFO - 玩家5 初始手牌: 无懈可击, 无懈可击, 无懈可击, 万箭齐发
2025-11-23 09:47:01 - INFO - 创建玩家 4: 玩家5 (身份: 忠臣, 武将: 猪国杀武将, 血量: 4)
2025-11-23 09:47:01 - INFO - 创建玩家 5: 玩家6 (身份: 忠臣, 武将: 猪国杀武将, 血量: 4)
2025-11-23 09:47:01 - INFO - 创建玩家 6: 玩家7 (身份: 忠臣, 武将: 猪国杀武将, 血量: 4)
2025-11-23 09:47:01 - INFO - 创建玩家 7: 玩家8 (身份: 忠臣, 武将: 猪国杀武将, 血量: 4)
2025-11-23 09:47:01 - INFO - 创建玩家 8: 玩家9 (身份: 反贼, 武将: 猪国杀武将, 血量: 4)
2025-11-23 09:47:01 - INFO - 创建玩家 9: 玩家10 (身份: 忠臣, 武将: 猪国杀武将, 血量: 4)
2025-11-23 09:47:01 - INFO - ControlManager初始化完成，管理 10 个Control实例
2025-11-23 09:47:01 - INFO - 玩家控制器创建完成，玩家数量: 10
2025-11-23 09:47:01 - INFO - 初始玩家ID: 0
2025-11-23 09:47:01 - INFO - 游戏初始化完成
2025-11-23 09:47:01 - INFO - 游戏主循环开始
2025-11-23 09:47:01 - INFO - === 第 1 回合开始，玩家1 的回合 ===
2025-11-23 09:47:01 - INFO - ============================================================
2025-11-23 09:47:01 - INFO - 当前所有玩家状态:
2025-11-23 09:47:01 - INFO - 玩家0 (玩家1) [主公] (猪国杀武将) - 血量: 4/4 - 手牌: 闪, 诸葛连弩, 无懈可击, 万箭齐发 - 装备: 无
2025-11-23 09:47:01 - INFO - 玩家1 (玩家2) [忠臣] (猪国杀武将) - 血量: 4/4 - 手牌: 杀, 闪, 闪, 决斗 - 装备: 无
2025-11-23 09:47:01 - INFO - 玩家2 (玩家3) [反贼] (猪国杀武将) - 血量: 4/4 - 手牌: 闪, 桃, 杀, 闪 - 装备: 无
2025-11-23 09:47:01 - INFO - 玩家3 (玩家4) [忠臣] (猪国杀武将) - 血量: 4/4 - 手牌: 诸葛连弩, 桃, 闪, 决斗 - 装备: 无
2025-11-23 09:47:01 - INFO - 玩家4 (玩家5) [忠臣] (猪国杀武将) - 血量: 4/4 - 手牌: 万箭齐发, 南蛮入侵, 决斗, 万箭齐发 - 装备: 无
2025-11-23 09:47:01 - INFO - 玩家5 (玩家6) [忠臣] (猪国杀武将) - 血量: 4/4 - 手牌: 闪, 杀, 桃, 桃 - 装备: 无
2025-11-23 09:47:01 - INFO - 玩家6 (玩家7) [忠臣] (猪国杀武将) - 血量: 4/4 - 手牌: 杀, 诸葛连弩, 无懈可击, 杀 - 装备: 无
2025-11-23 09:47:01 - INFO - 玩家7 (玩家8) [忠臣] (猪国杀武将) - 血量: 4/4 - 手牌: 决斗, 万箭齐发, 万箭齐发, 桃 - 装备: 无
2025-11-23 09:47:01 - INFO - 玩家8 (玩家9) [反贼] (猪国杀武将) - 血量: 4/4 - 手牌: 闪, 无懈可击, 杀, 无懈可击 - 装备: 无
2025-11-23 09:47:01 - INFO - 玩家9 (玩家10) [忠臣] (猪国杀武将) - 血量: 4/4 - 手牌: 决斗, 桃, 桃, 诸葛连弩 - 装备: 无
2025-11-23 09:47:01 - INFO - ============================================================
2025-11-23 09:47:01 - INFO - ============================================================
2025-11-23 09:47:01 - INFO - 当前牌堆状态:
2025-11-23 09:47:01 - INFO - 正常牌堆: 120 张牌
2025-11-23 09:47:01 - INFO - 弃牌堆: 0 张牌
2025-11-23 09:47:01 - INFO - ============================================================
2025-11-23 09:47:01 - INFO - 玩家1 进入 准备 阶段
2025-11-23 09:47:01 - INFO - 玩家1 进入 摸牌 阶段
2025-11-23 09:47:01 - INFO - 玩家1 摸牌: 杀, 杀
2025-11-23 09:47:01 - INFO - 玩家1 进入 出牌 阶段
2025-11-23 09:47:01 - INFO - 玩家1 使用 诸葛连弩，目标: 玩家1
2025-11-23 09:47:01 - INFO - 玩家 玩家1 打出牌: 诸葛连弩
2025-11-23 09:47:01 - INFO - 玩家1 装备 诸葛连弩 (武器)
2025-11-23 09:47:01 - INFO - 玩家1 使用 万箭齐发，目标: 玩家2, 玩家3, 玩家4, 玩家5, 玩家6, 玩家7, 玩家8, 玩家9, 玩家10
2025-11-23 09:47:01 - INFO - 玩家 玩家1 打出牌: 万箭齐发
2025-11-23 09:47:01 - INFO - 玩家1 使用 万箭齐发 响应
2025-11-23 09:47:01 - INFO - 玩家2 使用 闪 响应
2025-11-23 09:47:01 - INFO - 玩家3 使用 闪 响应
2025-11-23 09:47:01 - INFO - 玩家4 使用 闪 响应
2025-11-23 09:47:01 - INFO - 玩家5 受到 1 点伤害，当前血量: 3/4
2025-11-23 09:47:01 - INFO - 玩家6 使用 闪 响应
2025-11-23 09:47:01 - INFO - 玩家7 受到 1 点伤害，当前血量: 3/4
2025-11-23 09:47:01 - INFO - 玩家8 受到 1 点伤害，当前血量: 3/4
2025-11-23 09:47:01 - INFO - 玩家9 使用 闪 响应
2025-11-23 09:47:01 - INFO - 玩家10 受到 1 点伤害，当前血量: 3/4
2025-11-23 09:47:01 - INFO - 玩家1发动技能[无弃牌阶段]
2025-11-23 09:47:01 - INFO - 玩家1 猪国杀规则：跳过弃牌阶段
2025-11-23 09:47:01 - INFO - 玩家1 回合结束
2025-11-23 09:47:01 - INFO - === 第 2 回合开始，玩家2 的回合 ===
2025-11-23 09:47:01 - INFO - ============================================================
2025-11-23 09:47:01 - INFO - 当前所有玩家状态:
2025-11-23 09:47:01 - INFO - 玩家0 (玩家1) [主公] (猪国杀武将) - 血量: 4/4 - 手牌: 闪, 无懈可击, 杀, 杀 - 装备: 武器: 诸葛连弩
2025-11-23 09:47:01 - INFO - 玩家1 (玩家2) [忠臣] (猪国杀武将) - 血量: 4/4 - 手牌: 杀, 闪, 决斗 - 装备: 无
2025-11-23 09:47:01 - INFO - 玩家2 (玩家3) [反贼] (猪国杀武将) - 血量: 4/4 - 手牌: 桃, 杀, 闪 - 装备: 无
2025-11-23 09:47:01 - INFO - 玩家3 (玩家4) [忠臣] (猪国杀武将) - 血量: 4/4 - 手牌: 诸葛连弩, 桃, 决斗 - 装备: 无
2025-11-23 09:47:01 - INFO - 玩家4 (玩家5) [忠臣] (猪国杀武将) - 血量: 3/4 - 手牌: 万箭齐发, 南蛮入侵, 决斗, 万箭齐发 - 装备: 无
2025-11-23 09:47:01 - INFO - 玩家5 (玩家6) [忠臣] (猪国杀武将) - 血量: 4/4 - 手牌: 杀, 桃, 桃 - 装备: 无
2025-11-23 09:47:01 - INFO - 玩家6 (玩家7) [忠臣] (猪国杀武将) - 血量: 3/4 - 手牌: 杀, 诸葛连弩, 无懈可击, 杀 - 装备: 无
2025-11-23 09:47:01 - INFO - 玩家7 (玩家8) [忠臣] (猪国杀武将) - 血量: 3/4 - 手牌: 决斗, 万箭齐发, 万箭齐发, 桃 - 装备: 无
2025-11-23 09:47:01 - INFO - 玩家8 (玩家9) [反贼] (猪国杀武将) - 血量: 4/4 - 手牌: 无懈可击, 杀, 无懈可击 - 装备: 无
2025-11-23 09:47:01 - INFO - 玩家9 (玩家10) [忠臣] (猪国杀武将) - 血量: 3/4 - 手牌: 决斗, 桃, 桃, 诸葛连弩 - 装备: 无
2025-11-23 09:47:01 - INFO - ============================================================
2025-11-23 09:47:01 - INFO - ============================================================
2025-11-23 09:47:01 - INFO - 当前牌堆状态:
2025-11-23 09:47:01 - INFO - 正常牌堆: 118 张牌
2025-11-23 09:47:01 - INFO - 弃牌堆: 6 张牌
2025-11-23 09:47:01 - INFO - 弃牌堆最后5张牌: 闪, 闪, 闪, 闪, 万箭齐发
2025-11-23 09:47:01 - INFO - ============================================================
2025-11-23 09:47:01 - INFO - 玩家2 进入 准备 阶段
2025-11-23 09:47:01 - INFO - 玩家2 进入 摸牌 阶段
2025-11-23 09:47:01 - INFO - 玩家2 摸牌: 诸葛连弩, 闪
2025-11-23 09:47:01 - INFO - 玩家2 进入 出牌 阶段
2025-11-23 09:47:01 - INFO - 玩家2 使用 诸葛连弩，目标: 玩家2
2025-11-23 09:47:01 - INFO - 玩家 玩家2 打出牌: 诸葛连弩
2025-11-23 09:47:01 - INFO - 玩家2 装备 诸葛连弩 (武器)
2025-11-23 09:47:01 - INFO - 玩家2发动技能[无弃牌阶段]
2025-11-23 09:47:01 - INFO - 玩家2 猪国杀规则：跳过弃牌阶段
2025-11-23 09:47:01 - INFO - 玩家2 回合结束
2025-11-23 09:47:01 - INFO - === 第 3 回合开始，玩家3 的回合 ===
2025-11-23 09:47:01 - INFO - ============================================================
2025-11-23 09:47:01 - INFO - 当前所有玩家状态:
2025-11-23 09:47:01 - INFO - 玩家0 (玩家1) [主公] (猪国杀武将) - 血量: 4/4 - 手牌: 闪, 无懈可击, 杀, 杀 - 装备: 武器: 诸葛连弩
2025-11-23 09:47:01 - INFO - 玩家1 (玩家2) [忠臣] (猪国杀武将) - 血量: 4/4 - 手牌: 杀, 闪, 决斗, 闪 - 装备: 武器: 诸葛连弩
2025-11-23 09:47:01 - INFO - 玩家2 (玩家3) [反贼] (猪国杀武将) - 血量: 4/4 - 手牌: 桃, 杀, 闪 - 装备: 无
2025-11-23 09:47:01 - INFO - 玩家3 (玩家4) [忠臣] (猪国杀武将) - 血量: 4/4 - 手牌: 诸葛连弩, 桃, 决斗 - 装备: 无
2025-11-23 09:47:01 - INFO - 玩家4 (玩家5) [忠臣] (猪国杀武将) - 血量: 3/4 - 手牌: 万箭齐发, 南蛮入侵, 决斗, 万箭齐发 - 装备: 无
2025-11-23 09:47:01 - INFO - 玩家5 (玩家6) [忠臣] (猪国杀武将) - 血量: 4/4 - 手牌: 杀, 桃, 桃 - 装备: 无
2025-11-23 09:47:01 - INFO - 玩家6 (玩家7) [忠臣] (猪国杀武将) - 血量: 3/4 - 手牌: 杀, 诸葛连弩, 无懈可击, 杀 - 装备: 无
2025-11-23 09:47:01 - INFO - 玩家7 (玩家8) [忠臣] (猪国杀武将) - 血量: 3/4 - 手牌: 决斗, 万箭齐发, 万箭齐发, 桃 - 装备: 无
2025-11-23 09:47:01 - INFO - 玩家8 (玩家9) [反贼] (猪国杀武将) - 血量: 4/4 - 手牌: 无懈可击, 杀, 无懈可击 - 装备: 无
2025-11-23 09:47:01 - INFO - 玩家9 (玩家10) [忠臣] (猪国杀武将) - 血量: 3/4 - 手牌: 决斗, 桃, 桃, 诸葛连弩 - 装备: 无
2025-11-23 09:47:01 - INFO - ============================================================
2025-11-23 09:47:01 - INFO - ============================================================
2025-11-23 09:47:01 - INFO - 当前牌堆状态:
2025-11-23 09:47:01 - INFO - 正常牌堆: 116 张牌
2025-11-23 09:47:01 - INFO - 弃牌堆: 6 张牌
2025-11-23 09:47:01 - INFO - 弃牌堆最后5张牌: 闪, 闪, 闪, 闪, 万箭齐发
2025-11-23 09:47:01 - INFO - ============================================================
2025-11-23 09:47:01 - INFO - 玩家3 进入 准备 阶段
2025-11-23 09:47:01 - INFO - 玩家3 进入 摸牌 阶段
2025-11-23 09:47:01 - INFO - 玩家3 摸牌: 决斗, 诸葛连弩
2025-11-23 09:47:01 - INFO - 玩家3 进入 出牌 阶段
2025-11-23 09:47:01 - INFO - 玩家3 使用 决斗，目标: 玩家1
2025-11-23 09:47:01 - INFO - 玩家3对玩家1表敌意（决斗）
2025-11-23 09:47:01 - INFO - 玩家3跳反
2025-11-23 09:47:01 - INFO - 玩家3对玩家1表敌意（决斗）
2025-11-23 09:47:01 - INFO - 玩家3跳反
2025-11-23 09:47:01 - INFO - 玩家3对玩家1表敌意（决斗）
2025-11-23 09:47:01 - INFO - 玩家3跳反
2025-11-23 09:47:01 - INFO - 玩家3对玩家1表敌意（决斗）
2025-11-23 09:47:01 - INFO - 玩家3跳反
2025-11-23 09:47:01 - INFO - 玩家3对玩家1表敌意（决斗）
2025-11-23 09:47:01 - INFO - 玩家3跳反
2025-11-23 09:47:01 - INFO - 玩家3对玩家1表敌意（决斗）
2025-11-23 09:47:01 - INFO - 玩家3跳反
2025-11-23 09:47:01 - INFO - 玩家3对玩家1表敌意（决斗）
2025-11-23 09:47:01 - INFO - 玩家3跳反
2025-11-23 09:47:01 - INFO - 玩家3对玩家1表敌意（决斗）
2025-11-23 09:47:01 - INFO - 玩家3跳反
2025-11-23 09:47:01 - INFO - 玩家3对玩家1表敌意（决斗）
2025-11-23 09:47:01 - INFO - 玩家3跳反
2025-11-23 09:47:01 - INFO - 玩家3对玩家1表敌意（决斗）
2025-11-23 09:47:01 - INFO - 玩家3跳反
2025-11-23 09:47:01 - INFO - 玩家 玩家3 打出牌: 决斗
2025-11-23 09:47:01 - INFO - 玩家3 使用 决斗，目标: 玩家1
2025-11-23 09:47:01 - INFO - 玩家7 使用 无懈可击 响应
2025-11-23 09:47:01 - INFO - 玩家7对玩家1献殷勤（无懈可击）
2025-11-23 09:47:01 - INFO - 玩家7跳忠
2025-11-23 09:47:01 - INFO - 玩家7对玩家1献殷勤（无懈可击）
2025-11-23 09:47:01 - INFO - 玩家7跳忠
2025-11-23 09:47:01 - INFO - 玩家7对玩家1献殷勤（无懈可击）
2025-11-23 09:47:01 - INFO - 玩家7跳忠
2025-11-23 09:47:01 - INFO - 玩家7对玩家1献殷勤（无懈可击）
2025-11-23 09:47:01 - INFO - 玩家7跳忠
2025-11-23 09:47:01 - INFO - 玩家7对玩家1献殷勤（无懈可击）
2025-11-23 09:47:01 - INFO - 玩家7跳忠
2025-11-23 09:47:01 - INFO - 玩家7对玩家1献殷勤（无懈可击）
2025-11-23 09:47:01 - INFO - 玩家7跳忠
2025-11-23 09:47:01 - INFO - 玩家7对玩家1献殷勤（无懈可击）
2025-11-23 09:47:01 - INFO - 玩家7跳忠
2025-11-23 09:47:01 - INFO - 玩家7对玩家1献殷勤（无懈可击）
2025-11-23 09:47:01 - INFO - 玩家7跳忠
2025-11-23 09:47:01 - INFO - 玩家7对玩家1献殷勤（无懈可击）
2025-11-23 09:47:01 - INFO - 玩家7跳忠
2025-11-23 09:47:01 - INFO - 玩家7对玩家1献殷勤（无懈可击）
2025-11-23 09:47:01 - INFO - 玩家7跳忠
2025-11-23 09:47:01 - INFO - 玩家9 使用 无懈可击 响应
2025-11-23 09:47:01 - INFO - 玩家9对玩家1表敌意（无懈可击抵消）
2025-11-23 09:47:01 - INFO - 玩家9跳反
2025-11-23 09:47:01 - INFO - 玩家9对玩家1表敌意（无懈可击抵消）
2025-11-23 09:47:01 - INFO - 玩家9跳反
2025-11-23 09:47:01 - INFO - 玩家9对玩家1表敌意（无懈可击抵消）
2025-11-23 09:47:01 - INFO - 玩家9跳反
2025-11-23 09:47:01 - INFO - 玩家9对玩家1表敌意（无懈可击抵消）
2025-11-23 09:47:01 - INFO - 玩家9跳反
2025-11-23 09:47:01 - INFO - 玩家9对玩家1表敌意（无懈可击抵消）
2025-11-23 09:47:01 - INFO - 玩家9跳反
2025-11-23 09:47:01 - INFO - 玩家9对玩家1表敌意（无懈可击抵消）
2025-11-23 09:47:01 - INFO - 玩家9跳反
2025-11-23 09:47:01 - INFO - 玩家9对玩家1表敌意（无懈可击抵消）
2025-11-23 09:47:01 - INFO - 玩家9跳反
2025-11-23 09:47:01 - INFO - 玩家9对玩家1表敌意（无懈可击抵消）
2025-11-23 09:47:01 - INFO - 玩家9跳反
2025-11-23 09:47:01 - INFO - 玩家9对玩家1表敌意（无懈可击抵消）
2025-11-23 09:47:01 - INFO - 玩家9跳反
2025-11-23 09:47:01 - INFO - 玩家9对玩家1表敌意（无懈可击抵消）
2025-11-23 09:47:01 - INFO - 玩家9跳反
2025-11-23 09:47:01 - INFO - 玩家1 使用 无懈可击 响应
2025-11-23 09:47:01 - INFO - 玩家1对玩家1献殷勤（无懈可击）
2025-11-23 09:47:01 - INFO - 玩家1跳忠
2025-11-23 09:47:01 - INFO - 玩家1对玩家1献殷勤（无懈可击）
2025-11-23 09:47:01 - INFO - 玩家1跳忠
2025-11-23 09:47:01 - INFO - 玩家1对玩家1献殷勤（无懈可击）
2025-11-23 09:47:01 - INFO - 玩家1跳忠
2025-11-23 09:47:01 - INFO - 玩家1对玩家1献殷勤（无懈可击）
2025-11-23 09:47:01 - INFO - 玩家1跳忠
2025-11-23 09:47:01 - INFO - 玩家1对玩家1献殷勤（无懈可击）
2025-11-23 09:47:01 - INFO - 玩家1跳忠
2025-11-23 09:47:01 - INFO - 玩家1对玩家1献殷勤（无懈可击）
2025-11-23 09:47:01 - INFO - 玩家1跳忠
2025-11-23 09:47:01 - INFO - 玩家1对玩家1献殷勤（无懈可击）
2025-11-23 09:47:01 - INFO - 玩家1跳忠
2025-11-23 09:47:01 - INFO - 玩家1对玩家1献殷勤（无懈可击）
2025-11-23 09:47:01 - INFO - 玩家1跳忠
2025-11-23 09:47:01 - INFO - 玩家1对玩家1献殷勤（无懈可击）
2025-11-23 09:47:01 - INFO - 玩家1跳忠
2025-11-23 09:47:01 - INFO - 玩家1对玩家1献殷勤（无懈可击）
2025-11-23 09:47:01 - INFO - 玩家1跳忠
2025-11-23 09:47:01 - INFO - 玩家9 使用 无懈可击 响应
2025-11-23 09:47:01 - INFO - 玩家9对玩家1表敌意（无懈可击抵消）
2025-11-23 09:47:01 - INFO - 玩家9对玩家1表敌意（无懈可击抵消）
2025-11-23 09:47:01 - INFO - 玩家9对玩家1表敌意（无懈可击抵消）
2025-11-23 09:47:01 - INFO - 玩家9对玩家1表敌意（无懈可击抵消）
2025-11-23 09:47:01 - INFO - 玩家9对玩家1表敌意（无懈可击抵消）
2025-11-23 09:47:01 - INFO - 玩家9对玩家1表敌意（无懈可击抵消）
2025-11-23 09:47:01 - INFO - 玩家9对玩家1表敌意（无懈可击抵消）
2025-11-23 09:47:01 - INFO - 玩家9对玩家1表敌意（无懈可击抵消）
2025-11-23 09:47:01 - INFO - 玩家9对玩家1表敌意（无懈可击抵消）
2025-11-23 09:47:01 - INFO - 玩家9对玩家1表敌意（无懈可击抵消）
2025-11-23 09:47:01 - INFO - 决斗第1轮：玩家1 对 玩家3
2025-11-23 09:47:01 - INFO - 玩家1 使用 杀 响应
2025-11-23 09:47:01 - INFO - 决斗第2轮：玩家3 对 玩家1
2025-11-23 09:47:01 - INFO - 玩家3 使用 杀 响应
2025-11-23 09:47:01 - INFO - 决斗第3轮：玩家1 对 玩家3
2025-11-23 09:47:01 - INFO - 玩家1 使用 杀 响应
2025-11-23 09:47:01 - INFO - 决斗第4轮：玩家3 对 玩家1
2025-11-23 09:47:01 - INFO - 玩家3 受到 1 点伤害，当前血量: 3/4
2025-11-23 09:47:01 - INFO - 玩家3 使用 桃，目标: 玩家3
2025-11-23 09:47:01 - INFO - 玩家 玩家3 打出牌: 桃
2025-11-23 09:47:01 - INFO - 玩家3 恢复 1 点血量，当前血量: 4/4
2025-11-23 09:47:01 - INFO - 玩家3 使用 诸葛连弩，目标: 玩家3
2025-11-23 09:47:01 - INFO - 玩家 玩家3 打出牌: 诸葛连弩
2025-11-23 09:47:01 - INFO - 玩家3 装备 诸葛连弩 (武器)
2025-11-23 09:47:01 - INFO - 玩家3发动技能[无弃牌阶段]
2025-11-23 09:47:01 - INFO - 玩家3 猪国杀规则：跳过弃牌阶段
2025-11-23 09:47:01 - INFO - 玩家3 回合结束
2025-11-23 09:47:01 - INFO - === 第 4 回合开始，玩家4 的回合 ===
2025-11-23 09:47:01 - INFO - ============================================================
2025-11-23 09:47:01 - INFO - 当前所有玩家状态:
2025-11-23 09:47:01 - INFO - 玩家0 (玩家1) [主公] (猪国杀武将) - 血量: 4/4 - 手牌: 闪 - 装备: 武器: 诸葛连弩
2025-11-23 09:47:01 - INFO - 玩家1 (玩家2) [忠臣] (猪国杀武将) - 血量: 4/4 - 手牌: 杀, 闪, 决斗, 闪 - 装备: 武器: 诸葛连弩
2025-11-23 09:47:01 - INFO - 玩家2 (玩家3) [反贼] (猪国杀武将) - 血量: 4/4 - 手牌: 闪 - 装备: 武器: 诸葛连弩
2025-11-23 09:47:01 - INFO - 玩家3 (玩家4) [忠臣] (猪国杀武将) - 血量: 4/4 - 手牌: 诸葛连弩, 桃, 决斗 - 装备: 无
2025-11-23 09:47:01 - INFO - 玩家4 (玩家5) [忠臣] (猪国杀武将) - 血量: 3/4 - 手牌: 万箭齐发, 南蛮入侵, 决斗, 万箭齐发 - 装备: 无
2025-11-23 09:47:01 - INFO - 玩家5 (玩家6) [忠臣] (猪国杀武将) - 血量: 4/4 - 手牌: 杀, 桃, 桃 - 装备: 无
2025-11-23 09:47:01 - INFO - 玩家6 (玩家7) [忠臣] (猪国杀武将) - 血量: 3/4 - 手牌: 杀, 诸葛连弩, 杀 - 装备: 无
2025-11-23 09:47:01 - INFO - 玩家7 (玩家8) [忠臣] (猪国杀武将) - 血量: 3/4 - 手牌: 决斗, 万箭齐发, 万箭齐发, 桃 - 装备: 无
2025-11-23 09:47:01 - INFO - 玩家8 (玩家9) [反贼] (猪国杀武将) - 血量: 4/4 - 手牌: 杀 - 装备: 无
2025-11-23 09:47:01 - INFO - 玩家9 (玩家10) [忠臣] (猪国杀武将) - 血量: 3/4 - 手牌: 决斗, 桃, 桃, 诸葛连弩 - 装备: 无
2025-11-23 09:47:01 - INFO - ============================================================
2025-11-23 09:47:01 - INFO - ============================================================
2025-11-23 09:47:01 - INFO - 当前牌堆状态:
2025-11-23 09:47:01 - INFO - 正常牌堆: 114 张牌
2025-11-23 09:47:01 - INFO - 弃牌堆: 15 张牌
2025-11-23 09:47:01 - INFO - 弃牌堆最后5张牌: 杀, 杀, 杀, 决斗, 桃
2025-11-23 09:47:01 - INFO - ============================================================
2025-11-23 09:47:01 - INFO - 玩家4 进入 准备 阶段
2025-11-23 09:47:01 - INFO - 玩家4 进入 摸牌 阶段
2025-11-23 09:47:01 - INFO - 玩家4 摸牌: 南蛮入侵, 无懈可击
2025-11-23 09:47:01 - INFO - 玩家4 进入 出牌 阶段
2025-11-23 09:47:01 - INFO - 玩家4 使用 诸葛连弩，目标: 玩家4
2025-11-23 09:47:01 - INFO - 玩家 玩家4 打出牌: 诸葛连弩
2025-11-23 09:47:01 - INFO - 玩家4 装备 诸葛连弩 (武器)
2025-11-23 09:47:01 - INFO - 玩家4 使用 决斗，目标: 玩家9
2025-11-23 09:47:01 - INFO - 玩家4对玩家9表敌意（决斗）
2025-11-23 09:47:01 - INFO - 玩家4跳忠
2025-11-23 09:47:01 - INFO - 玩家4对玩家9表敌意（决斗）
2025-11-23 09:47:01 - INFO - 玩家4跳忠
2025-11-23 09:47:01 - INFO - 玩家4对玩家9表敌意（决斗）
2025-11-23 09:47:01 - INFO - 玩家4跳忠
2025-11-23 09:47:01 - INFO - 玩家4对玩家9表敌意（决斗）
2025-11-23 09:47:01 - INFO - 玩家4跳忠
2025-11-23 09:47:01 - INFO - 玩家4对玩家9表敌意（决斗）
2025-11-23 09:47:01 - INFO - 玩家4跳忠
2025-11-23 09:47:01 - INFO - 玩家4对玩家9表敌意（决斗）
2025-11-23 09:47:01 - INFO - 玩家4跳忠
2025-11-23 09:47:01 - INFO - 玩家4对玩家9表敌意（决斗）
2025-11-23 09:47:01 - INFO - 玩家4跳忠
2025-11-23 09:47:01 - INFO - 玩家4对玩家9表敌意（决斗）
2025-11-23 09:47:01 - INFO - 玩家4跳忠
2025-11-23 09:47:01 - INFO - 玩家4对玩家9表敌意（决斗）
2025-11-23 09:47:01 - INFO - 玩家4跳忠
2025-11-23 09:47:01 - INFO - 玩家4对玩家9表敌意（决斗）
2025-11-23 09:47:01 - INFO - 玩家4跳忠
2025-11-23 09:47:01 - INFO - 玩家 玩家4 打出牌: 决斗
2025-11-23 09:47:01 - INFO - 玩家4 使用 决斗，目标: 玩家9
2025-11-23 09:47:01 - INFO - 决斗第1轮：玩家9 对 玩家4
2025-11-23 09:47:01 - INFO - 玩家9 使用 杀 响应
2025-11-23 09:47:01 - INFO - 决斗第2轮：玩家4 对 玩家9
2025-11-23 09:47:01 - INFO - 玩家4 受到 1 点伤害，当前血量: 3/4
2025-11-23 09:47:01 - INFO - 玩家4 使用 桃，目标: 玩家4
2025-11-23 09:47:01 - INFO - 玩家 玩家4 打出牌: 桃
2025-11-23 09:47:01 - INFO - 玩家4 恢复 1 点血量，当前血量: 4/4
2025-11-23 09:47:01 - INFO - 玩家4 使用 南蛮入侵，目标: 玩家1, 玩家2, 玩家3, 玩家5, 玩家6, 玩家7, 玩家8, 玩家9, 玩家10
2025-11-23 09:47:01 - INFO - 玩家 玩家4 打出牌: 南蛮入侵
2025-11-23 09:47:01 - INFO - 玩家4 使用 南蛮入侵 响应
2025-11-23 09:47:01 - INFO - 玩家5 受到 1 点伤害，当前血量: 2/4
2025-11-23 09:47:01 - INFO - 玩家6 使用 杀 响应
2025-11-23 09:47:01 - INFO - 玩家4 使用 无懈可击 响应
2025-11-23 09:47:01 - INFO - 玩家4对玩家7献殷勤（无懈可击）
2025-11-23 09:47:01 - INFO - 玩家4对玩家7献殷勤（无懈可击）
2025-11-23 09:47:01 - INFO - 玩家4对玩家7献殷勤（无懈可击）
2025-11-23 09:47:01 - INFO - 玩家4对玩家7献殷勤（无懈可击）
2025-11-23 09:47:01 - INFO - 玩家4对玩家7献殷勤（无懈可击）
2025-11-23 09:47:01 - INFO - 玩家4对玩家7献殷勤（无懈可击）
2025-11-23 09:47:01 - INFO - 玩家4对玩家7献殷勤（无懈可击）
2025-11-23 09:47:01 - INFO - 玩家4对玩家7献殷勤（无懈可击）
2025-11-23 09:47:01 - INFO - 玩家4对玩家7献殷勤（无懈可击）
2025-11-23 09:47:01 - INFO - 玩家4对玩家7献殷勤（无懈可击）
2025-11-23 09:47:01 - INFO - 南蛮入侵对 玩家7 被无懈可击
2025-11-23 09:47:01 - INFO - 玩家8 受到 1 点伤害，当前血量: 2/4
2025-11-23 09:47:01 - INFO - 玩家9 受到 1 点伤害，当前血量: 3/4
2025-11-23 09:47:01 - INFO - 玩家10 受到 1 点伤害，当前血量: 2/4
2025-11-23 09:47:01 - INFO - 玩家1 受到 1 点伤害，当前血量: 3/4
2025-11-23 09:47:01 - INFO - 玩家2 使用 杀 响应
2025-11-23 09:47:01 - INFO - 玩家3 受到 1 点伤害，当前血量: 3/4
2025-11-23 09:47:01 - INFO - 玩家4发动技能[无弃牌阶段]
2025-11-23 09:47:01 - INFO - 玩家4 猪国杀规则：跳过弃牌阶段
2025-11-23 09:47:01 - INFO - 玩家4 回合结束
2025-11-23 09:47:01 - INFO - === 第 5 回合开始，玩家5 的回合 ===
2025-11-23 09:47:01 - INFO - ============================================================
2025-11-23 09:47:01 - INFO - 当前所有玩家状态:
2025-11-23 09:47:01 - INFO - 玩家0 (玩家1) [主公] (猪国杀武将) - 血量: 3/4 - 手牌: 闪 - 装备: 武器: 诸葛连弩
2025-11-23 09:47:01 - INFO - 玩家1 (玩家2) [忠臣] (猪国杀武将) - 血量: 4/4 - 手牌: 闪, 决斗, 闪 - 装备: 武器: 诸葛连弩
2025-11-23 09:47:01 - INFO - 玩家2 (玩家3) [反贼] (猪国杀武将) - 血量: 3/4 - 手牌: 闪 - 装备: 武器: 诸葛连弩
2025-11-23 09:47:01 - INFO - 玩家3 (玩家4) [忠臣] (猪国杀武将) - 血量: 4/4 - 手牌: 无 - 装备: 武器: 诸葛连弩
2025-11-23 09:47:01 - INFO - 玩家4 (玩家5) [忠臣] (猪国杀武将) - 血量: 2/4 - 手牌: 万箭齐发, 南蛮入侵, 决斗, 万箭齐发 - 装备: 无
2025-11-23 09:47:01 - INFO - 玩家5 (玩家6) [忠臣] (猪国杀武将) - 血量: 4/4 - 手牌: 桃, 桃 - 装备: 无
2025-11-23 09:47:01 - INFO - 玩家6 (玩家7) [忠臣] (猪国杀武将) - 血量: 3/4 - 手牌: 杀, 诸葛连弩, 杀 - 装备: 无
2025-11-23 09:47:01 - INFO - 玩家7 (玩家8) [忠臣] (猪国杀武将) - 血量: 2/4 - 手牌: 决斗, 万箭齐发, 万箭齐发, 桃 - 装备: 无
2025-11-23 09:47:01 - INFO - 玩家8 (玩家9) [反贼] (猪国杀武将) - 血量: 3/4 - 手牌: 无 - 装备: 无
2025-11-23 09:47:01 - INFO - 玩家9 (玩家10) [忠臣] (猪国杀武将) - 血量: 2/4 - 手牌: 决斗, 桃, 桃, 诸葛连弩 - 装备: 无
2025-11-23 09:47:01 - INFO - ============================================================
2025-11-23 09:47:01 - INFO - ============================================================
2025-11-23 09:47:01 - INFO - 当前牌堆状态:
2025-11-23 09:47:01 - INFO - 正常牌堆: 112 张牌
2025-11-23 09:47:01 - INFO - 弃牌堆: 22 张牌
2025-11-23 09:47:01 - INFO - 弃牌堆最后5张牌: 桃, 杀, 无懈可击, 杀, 南蛮入侵
2025-11-23 09:47:01 - INFO - ============================================================
2025-11-23 09:47:01 - INFO - 玩家5 进入 准备 阶段
2025-11-23 09:47:01 - INFO - 玩家5 进入 摸牌 阶段
2025-11-23 09:47:01 - INFO - 玩家5 摸牌: 杀, 杀
2025-11-23 09:47:01 - INFO - 玩家5 进入 出牌 阶段
2025-11-23 09:47:01 - INFO - 玩家5 使用 万箭齐发，目标: 玩家1, 玩家2, 玩家3, 玩家4, 玩家6, 玩家7, 玩家8, 玩家9, 玩家10
2025-11-23 09:47:01 - INFO - 玩家 玩家5 打出牌: 万箭齐发
2025-11-23 09:47:01 - INFO - 玩家5 使用 万箭齐发 响应
2025-11-23 09:47:01 - INFO - 玩家6 受到 1 点伤害，当前血量: 3/4
2025-11-23 09:47:01 - INFO - 玩家7 受到 1 点伤害，当前血量: 2/4
2025-11-23 09:47:01 - INFO - 玩家8 受到 1 点伤害，当前血量: 1/4
2025-11-23 09:47:01 - INFO - 玩家9 受到 1 点伤害，当前血量: 2/4
2025-11-23 09:47:01 - INFO - 玩家10 受到 1 点伤害，当前血量: 1/4
2025-11-23 09:47:01 - INFO - 玩家1 使用 闪 响应
2025-11-23 09:47:01 - INFO - 玩家2 使用 闪 响应
2025-11-23 09:47:01 - INFO - 玩家3 使用 闪 响应
2025-11-23 09:47:01 - INFO - 玩家4 受到 1 点伤害，当前血量: 3/4
2025-11-23 09:47:01 - INFO - 玩家5 使用 南蛮入侵，目标: 玩家1, 玩家2, 玩家3, 玩家4, 玩家6, 玩家7, 玩家8, 玩家9, 玩家10
2025-11-23 09:47:01 - INFO - 玩家 玩家5 打出牌: 南蛮入侵
2025-11-23 09:47:01 - INFO - 玩家5 使用 南蛮入侵 响应
2025-11-23 09:47:01 - INFO - 玩家6 受到 1 点伤害，当前血量: 2/4
2025-11-23 09:47:01 - INFO - 玩家7 使用 杀 响应
2025-11-23 09:47:01 - INFO - 玩家8 受到 1 点伤害，当前血量: 0/4
2025-11-23 09:47:01 - WARNING - 玩家8 濒死！
2025-11-23 09:47:01 - INFO - 玩家8 使用 桃 自救
2025-11-23 09:47:01 - INFO - 玩家8 恢复 1 点血量，当前血量: 1/4
2025-11-23 09:47:01 - INFO - 玩家9 受到 1 点伤害，当前血量: 1/4
2025-11-23 09:47:01 - INFO - 玩家10 受到 1 点伤害，当前血量: 0/4
2025-11-23 09:47:01 - WARNING - 玩家10 濒死！
2025-11-23 09:47:01 - INFO - 玩家10 使用 桃 自救
2025-11-23 09:47:01 - INFO - 玩家10 恢复 1 点血量，当前血量: 1/4
2025-11-23 09:47:01 - INFO - 玩家1 受到 1 点伤害，当前血量: 2/4
2025-11-23 09:47:01 - INFO - 主猪认为玩家5是类反猪
2025-11-23 09:47:01 - INFO - 玩家2 受到 1 点伤害，当前血量: 3/4
2025-11-23 09:47:01 - INFO - 玩家3 受到 1 点伤害，当前血量: 2/4
2025-11-23 09:47:01 - INFO - 玩家4 受到 1 点伤害，当前血量: 2/4
2025-11-23 09:47:01 - INFO - 玩家5 使用 决斗，目标: 玩家9
2025-11-23 09:47:01 - INFO - 玩家5对玩家9表敌意（决斗）
2025-11-23 09:47:01 - INFO - 玩家5跳忠
2025-11-23 09:47:01 - INFO - 玩家5对玩家9表敌意（决斗）
2025-11-23 09:47:01 - INFO - 玩家5跳忠
2025-11-23 09:47:01 - INFO - 玩家5对玩家9表敌意（决斗）
2025-11-23 09:47:01 - INFO - 玩家5跳忠
2025-11-23 09:47:01 - INFO - 玩家5对玩家9表敌意（决斗）
2025-11-23 09:47:01 - INFO - 玩家5跳忠
2025-11-23 09:47:01 - INFO - 玩家5对玩家9表敌意（决斗）
2025-11-23 09:47:01 - INFO - 玩家5跳忠
2025-11-23 09:47:01 - INFO - 玩家5对玩家9表敌意（决斗）
2025-11-23 09:47:01 - INFO - 玩家5跳忠
2025-11-23 09:47:01 - INFO - 玩家5对玩家9表敌意（决斗）
2025-11-23 09:47:01 - INFO - 玩家5跳忠
2025-11-23 09:47:01 - INFO - 玩家5对玩家9表敌意（决斗）
2025-11-23 09:47:01 - INFO - 玩家5跳忠
2025-11-23 09:47:01 - INFO - 玩家5对玩家9表敌意（决斗）
2025-11-23 09:47:01 - INFO - 玩家5跳忠
2025-11-23 09:47:01 - INFO - 玩家5对玩家9表敌意（决斗）
2025-11-23 09:47:01 - INFO - 玩家5跳忠
2025-11-23 09:47:01 - INFO - 玩家 玩家5 打出牌: 决斗
2025-11-23 09:47:01 - INFO - 玩家5 使用 决斗，目标: 玩家9
2025-11-23 09:47:01 - INFO - 决斗第1轮：玩家9 对 玩家5
2025-11-23 09:47:01 - INFO - 玩家9 受到 1 点伤害，当前血量: 0/4
2025-11-23 09:47:01 - WARNING - 玩家9 濒死！
2025-11-23 09:47:01 - WARNING - 玩家9 (反贼) 死亡！
2025-11-23 09:47:01 - INFO - 玩家5 杀死了反贼 玩家9，摸三张牌！
2025-11-23 09:47:01 - INFO - 玩家5 摸牌: 南蛮入侵, 杀, 无懈可击
2025-11-23 09:47:01 - INFO - 玩家5 摸到了: 南蛮入侵, 杀, 无懈可击
2025-11-23 09:47:01 - INFO - 玩家5 使用 万箭齐发，目标: 玩家1, 玩家2, 玩家3, 玩家4, 玩家6, 玩家7, 玩家8, 玩家10
2025-11-23 09:47:01 - INFO - 玩家 玩家5 打出牌: 万箭齐发
2025-11-23 09:47:01 - INFO - 玩家5 使用 万箭齐发 响应
2025-11-23 09:47:01 - INFO - 玩家6 受到 1 点伤害，当前血量: 1/4
2025-11-23 09:47:01 - INFO - 玩家5 使用 无懈可击 响应
2025-11-23 09:47:01 - INFO - 玩家5对玩家7献殷勤（无懈可击）
2025-11-23 09:47:01 - INFO - 玩家5对玩家7献殷勤（无懈可击）
2025-11-23 09:47:01 - INFO - 玩家5对玩家7献殷勤（无懈可击）
2025-11-23 09:47:01 - INFO - 玩家5对玩家7献殷勤（无懈可击）
2025-11-23 09:47:01 - INFO - 玩家5对玩家7献殷勤（无懈可击）
2025-11-23 09:47:01 - INFO - 玩家5对玩家7献殷勤（无懈可击）
2025-11-23 09:47:01 - INFO - 玩家5对玩家7献殷勤（无懈可击）
2025-11-23 09:47:01 - INFO - 玩家5对玩家7献殷勤（无懈可击）
2025-11-23 09:47:01 - INFO - 玩家5对玩家7献殷勤（无懈可击）
2025-11-23 09:47:01 - INFO - 玩家5对玩家7献殷勤（无懈可击）
2025-11-23 09:47:01 - INFO - 万箭齐发对 玩家7 被无懈可击
2025-11-23 09:47:01 - INFO - 玩家8 受到 1 点伤害，当前血量: 0/4
2025-11-23 09:47:01 - WARNING - 玩家8 濒死！
2025-11-23 09:47:01 - WARNING - 玩家8 (忠臣) 死亡！
2025-11-23 09:47:01 - INFO - 玩家10 受到 1 点伤害，当前血量: 0/4
2025-11-23 09:47:01 - WARNING - 玩家10 濒死！
2025-11-23 09:47:01 - INFO - 玩家10 使用 桃 自救
2025-11-23 09:47:01 - INFO - 玩家10 恢复 1 点血量，当前血量: 1/4
2025-11-23 09:47:01 - INFO - 玩家1 受到 1 点伤害，当前血量: 1/4
2025-11-23 09:47:01 - INFO - 玩家2 使用 闪 响应
2025-11-23 09:47:01 - INFO - 玩家3 受到 1 点伤害，当前血量: 1/4
2025-11-23 09:47:01 - INFO - 玩家4 受到 1 点伤害，当前血量: 1/4
2025-11-23 09:47:01 - INFO - 玩家5 使用 南蛮入侵，目标: 玩家1, 玩家2, 玩家3, 玩家4, 玩家6, 玩家7, 玩家10
2025-11-23 09:47:01 - INFO - 玩家 玩家5 打出牌: 南蛮入侵
2025-11-23 09:47:01 - INFO - 玩家5 使用 南蛮入侵 响应
2025-11-23 09:47:01 - INFO - 玩家6 受到 1 点伤害，当前血量: 0/4
2025-11-23 09:47:01 - WARNING - 玩家6 濒死！
2025-11-23 09:47:01 - INFO - 玩家6 使用 桃 自救
2025-11-23 09:47:01 - INFO - 玩家6 恢复 1 点血量，当前血量: 1/4
2025-11-23 09:47:01 - INFO - 玩家7 使用 杀 响应
2025-11-23 09:47:01 - INFO - 玩家10 受到 1 点伤害，当前血量: 0/4
2025-11-23 09:47:01 - WARNING - 玩家10 濒死！
2025-11-23 09:47:01 - WARNING - 玩家10 (忠臣) 死亡！
2025-11-23 09:47:01 - INFO - 玩家1 受到 1 点伤害，当前血量: 0/4
2025-11-23 09:47:01 - WARNING - 玩家1 濒死！
2025-11-23 09:47:01 - WARNING - 玩家1 (主公) 死亡！
2025-11-23 09:47:01 - INFO - 玩家5发动技能[无弃牌阶段]
2025-11-23 09:47:01 - INFO - 玩家5 猪国杀规则：跳过弃牌阶段
2025-11-23 09:47:01 - INFO - 玩家5 回合结束
2025-11-23 09:47:01 - INFO -  游戏结束！反贼胜利 - 玩家3, 玩家9
2025-11-23 09:47:01 - INFO - ==================================================
2025-11-23 09:47:01 - INFO - 游戏会话结束
2025-11-23 09:47:01 - INFO - ==================================================
2025-11-23 09:47:01 - INFO - ==================================================
2025-11-23 09:47:01 - INFO - 游戏开始
2025-11-23 09:47:01 - INFO - 时间: 2025-11-23 09:47:01
2025-11-23 09:47:01 - INFO - 模式: 正常模式
2025-11-23 09:47:01 - INFO - ==================================================
2025-11-23 09:47:01 - INFO - 开始新游戏（猪国杀模式），玩家数量: 2
2025-11-23 09:47:01 - INFO - 开始初始化游戏...
2025-11-23 09:47:01 - INFO - 开始初始化牌堆...
2025-11-23 09:47:01 - INFO - 牌堆初始化完成，总牌数: 6
2025-11-23 09:47:01 - INFO - 牌堆创建完成，总牌数: 6
2025-11-23 09:47:01 - INFO - 开始初始化玩家...
2025-11-23 09:47:01 - INFO - 玩家1 初始手牌: 万箭齐发, 无懈可击, 闪, 闪
2025-11-23 09:47:01 - INFO - 创建玩家 0: 玩家1 (身份: 主公, 武将: 猪国杀武将, 血量: 5)
2025-11-23 09:47:01 - INFO - 玩家2 初始手牌: 南蛮入侵, 南蛮入侵
2025-11-23 09:47:01 - INFO - 创建玩家 1: 玩家2 (身份: 反贼, 武将: 猪国杀武将, 血量: 4)
2025-11-23 09:47:01 - INFO - ControlManager初始化完成，管理 2 个Control实例
2025-11-23 09:47:01 - INFO - 玩家控制器创建完成，玩家数量: 2
2025-11-23 09:47:01 - INFO - 初始玩家ID: 0
2025-11-23 09:47:01 - INFO - 游戏初始化完成
2025-11-23 09:47:01 - INFO - 游戏主循环开始
2025-11-23 09:47:01 - INFO - === 第 1 回合开始，玩家1 的回合 ===
2025-11-23 09:47:01 - INFO - ============================================================
2025-11-23 09:47:01 - INFO - 当前所有玩家状态:
2025-11-23 09:47:01 - INFO - 玩家0 (玩家1) [主公] (猪国杀武将) - 血量: 4/4 - 手牌: 桃, 南蛮入侵, 无懈可击, 决斗 - 装备: 无
2025-11-23 09:47:01 - INFO - 玩家1 (玩家2) [反贼] (猪国杀武将) - 血量: 4/4 - 手牌: 万箭齐发, 桃, 闪, 诸葛连弩 - 装备: 无
2025-11-23 09:47:01 - INFO - ============================================================
2025-11-23 09:47:01 - INFO - ============================================================
2025-11-23 09:47:01 - INFO - 当前牌堆状态:
2025-11-23 09:47:01 - INFO - 正常牌堆: 106 张牌
2025-11-23 09:47:01 - INFO - 弃牌堆: 0 张牌
2025-11-23 09:47:01 - INFO - ============================================================
2025-11-23 09:47:01 - INFO - 玩家1 进入 准备 阶段
2025-11-23 09:47:01 - INFO - 玩家1 进入 摸牌 阶段
2025-11-23 09:47:01 - INFO - 玩家1 摸牌: 万箭齐发, 无懈可击
2025-11-23 09:47:01 - INFO - 玩家1 进入 出牌 阶段
2025-11-23 09:47:01 - INFO - 玩家1 使用 南蛮入侵，目标: 玩家2
2025-11-23 09:47:01 - INFO - 玩家 玩家1 打出牌: 南蛮入侵
2025-11-23 09:47:01 - INFO - 玩家1 使用 南蛮入侵 响应
2025-11-23 09:47:01 - INFO - 玩家2 受到 1 点伤害，当前血量: 3/4
2025-11-23 09:47:01 - INFO - 玩家1 使用 万箭齐发，目标: 玩家2
2025-11-23 09:47:01 - INFO - 玩家 玩家1 打出牌: 万箭齐发
2025-11-23 09:47:01 - INFO - 玩家1 使用 万箭齐发 响应
2025-11-23 09:47:01 - INFO - 玩家2 使用 闪 响应
2025-11-23 09:47:01 - INFO - 玩家1发动技能[无弃牌阶段]
2025-11-23 09:47:01 - INFO - 玩家1 猪国杀规则：跳过弃牌阶段
2025-11-23 09:47:01 - INFO - 玩家1 回合结束
2025-11-23 09:47:01 - INFO - === 第 2 回合开始，玩家2 的回合 ===
2025-11-23 09:47:01 - INFO - ============================================================
2025-11-23 09:47:01 - INFO - 当前所有玩家状态:
2025-11-23 09:47:01 - INFO - 玩家0 (玩家1) [主公] (猪国杀武将) - 血量: 4/4 - 手牌: 桃, 无懈可击, 决斗, 无懈可击 - 装备: 无
2025-11-23 09:47:01 - INFO - 玩家1 (玩家2) [反贼] (猪国杀武将) - 血量: 3/4 - 手牌: 万箭齐发, 桃, 诸葛连弩 - 装备: 无
2025-11-23 09:47:01 - INFO - ============================================================
2025-11-23 09:47:01 - INFO - ============================================================
2025-11-23 09:47:01 - INFO - 当前牌堆状态:
2025-11-23 09:47:01 - INFO - 正常牌堆: 104 张牌
2025-11-23 09:47:01 - INFO - 弃牌堆: 3 张牌
2025-11-23 09:47:01 - INFO - 弃牌堆所有牌: 南蛮入侵, 闪, 万箭齐发
2025-11-23 09:47:01 - INFO - ============================================================
2025-11-23 09:47:01 - INFO - 玩家2 进入 准备 阶段
2025-11-23 09:47:01 - INFO - 玩家2 进入 摸牌 阶段
2025-11-23 09:47:01 - INFO - 玩家2 摸牌: 闪, 南蛮入侵
2025-11-23 09:47:01 - INFO - 玩家2 进入 出牌 阶段
2025-11-23 09:47:01 - INFO - 玩家2 使用 万箭齐发，目标: 玩家1
2025-11-23 09:47:01 - INFO - 玩家 玩家2 打出牌: 万箭齐发
2025-11-23 09:47:01 - INFO - 玩家2 使用 万箭齐发 响应
2025-11-23 09:47:01 - INFO - 玩家1 使用 无懈可击 响应
2025-11-23 09:47:01 - INFO - 玩家1对玩家1献殷勤（无懈可击）
2025-11-23 09:47:01 - INFO - 玩家1跳忠
2025-11-23 09:47:01 - INFO - 玩家1对玩家1献殷勤（无懈可击）
2025-11-23 09:47:01 - INFO - 玩家1跳忠
2025-11-23 09:47:01 - INFO - 万箭齐发对 玩家1 被无懈可击
2025-11-23 09:47:01 - INFO - 玩家2 使用 桃，目标: 玩家2
2025-11-23 09:47:01 - INFO - 玩家 玩家2 打出牌: 桃
2025-11-23 09:47:01 - INFO - 玩家2 恢复 1 点血量，当前血量: 4/4
2025-11-23 09:47:01 - INFO - 玩家2 使用 诸葛连弩，目标: 玩家2
2025-11-23 09:47:01 - INFO - 玩家 玩家2 打出牌: 诸葛连弩
2025-11-23 09:47:01 - INFO - 玩家2 装备 诸葛连弩 (武器)
2025-11-23 09:47:01 - INFO - 玩家2 使用 南蛮入侵，目标: 玩家1
2025-11-23 09:47:01 - INFO - 玩家 玩家2 打出牌: 南蛮入侵
2025-11-23 09:47:01 - INFO - 玩家2 使用 南蛮入侵 响应
2025-11-23 09:47:01 - INFO - 玩家1 使用 无懈可击 响应
2025-11-23 09:47:01 - INFO - 玩家1对玩家1献殷勤（无懈可击）
2025-11-23 09:47:01 - INFO - 玩家1对玩家1献殷勤（无懈可击）
2025-11-23 09:47:01 - INFO - 南蛮入侵对 玩家1 被无懈可击
2025-11-23 09:47:01 - INFO - 玩家2发动技能[无弃牌阶段]
2025-11-23 09:47:01 - INFO - 玩家2 猪国杀规则：跳过弃牌阶段
2025-11-23 09:47:01 - INFO - 玩家2 回合结束
2025-11-23 09:47:01 - INFO - === 第 3 回合开始，玩家1 的回合 ===
2025-11-23 09:47:01 - INFO - ============================================================
2025-11-23 09:47:01 - INFO - 当前所有玩家状态:
2025-11-23 09:47:01 - INFO - 玩家0 (玩家1) [主公] (猪国杀武将) - 血量: 4/4 - 手牌: 桃, 决斗 - 装备: 无
2025-11-23 09:47:01 - INFO - 玩家1 (玩家2) [反贼] (猪国杀武将) - 血量: 4/4 - 手牌: 闪 - 装备: 武器: 诸葛连弩
2025-11-23 09:47:01 - INFO - ============================================================
2025-11-23 09:47:01 - INFO - ============================================================
2025-11-23 09:47:01 - INFO - 当前牌堆状态:
2025-11-23 09:47:01 - INFO - 正常牌堆: 102 张牌
2025-11-23 09:47:01 - INFO - 弃牌堆: 8 张牌
2025-11-23 09:47:01 - INFO - 弃牌堆最后5张牌: 无懈可击, 万箭齐发, 桃, 无懈可击, 南蛮入侵
2025-11-23 09:47:01 - INFO - ============================================================
2025-11-23 09:47:01 - INFO - 玩家1 进入 准备 阶段
2025-11-23 09:47:01 - INFO - 玩家1 进入 摸牌 阶段
2025-11-23 09:47:01 - INFO - 玩家1 摸牌: 闪, 南蛮入侵
2025-11-23 09:47:01 - INFO - 玩家1 进入 出牌 阶段
2025-11-23 09:47:01 - INFO - 玩家1 使用 南蛮入侵，目标: 玩家2
2025-11-23 09:47:01 - INFO - 玩家 玩家1 打出牌: 南蛮入侵
2025-11-23 09:47:01 - INFO - 玩家1 使用 南蛮入侵 响应
2025-11-23 09:47:01 - INFO - 玩家2 受到 1 点伤害，当前血量: 3/4
2025-11-23 09:47:01 - INFO - 玩家1发动技能[无弃牌阶段]
2025-11-23 09:47:01 - INFO - 玩家1 猪国杀规则：跳过弃牌阶段
2025-11-23 09:47:01 - INFO - 玩家1 回合结束
2025-11-23 09:47:01 - INFO - === 第 4 回合开始，玩家2 的回合 ===
2025-11-23 09:47:01 - INFO - ============================================================
2025-11-23 09:47:01 - INFO - 当前所有玩家状态:
2025-11-23 09:47:01 - INFO - 玩家0 (玩家1) [主公] (猪国杀武将) - 血量: 4/4 - 手牌: 桃, 决斗, 闪 - 装备: 无
2025-11-23 09:47:01 - INFO - 玩家1 (玩家2) [反贼] (猪国杀武将) - 血量: 3/4 - 手牌: 闪 - 装备: 武器: 诸葛连弩
2025-11-23 09:47:01 - INFO - ============================================================
2025-11-23 09:47:01 - INFO - ============================================================
2025-11-23 09:47:01 - INFO - 当前牌堆状态:
2025-11-23 09:47:01 - INFO - 正常牌堆: 100 张牌
2025-11-23 09:47:01 - INFO - 弃牌堆: 9 张牌
2025-11-23 09:47:01 - INFO - 弃牌堆最后5张牌: 万箭齐发, 桃, 无懈可击, 南蛮入侵, 南蛮入侵
2025-11-23 09:47:01 - INFO - ============================================================
2025-11-23 09:47:01 - INFO - 玩家2 进入 准备 阶段
2025-11-23 09:47:01 - INFO - 玩家2 进入 摸牌 阶段
2025-11-23 09:47:01 - INFO - 玩家2 摸牌: 南蛮入侵, 南蛮入侵
2025-11-23 09:47:01 - INFO - 玩家2 进入 出牌 阶段
2025-11-23 09:47:01 - INFO - 玩家2 使用 南蛮入侵，目标: 玩家1
2025-11-23 09:47:01 - INFO - 玩家 玩家2 打出牌: 南蛮入侵
2025-11-23 09:47:01 - INFO - 玩家2 使用 南蛮入侵 响应
2025-11-23 09:47:01 - INFO - 玩家1 受到 1 点伤害，当前血量: 3/4
2025-11-23 09:47:01 - INFO - 主猪认为玩家2是类反猪
2025-11-23 09:47:01 - INFO - 玩家2 使用 南蛮入侵，目标: 玩家1
2025-11-23 09:47:01 - INFO - 玩家 玩家2 打出牌: 南蛮入侵
2025-11-23 09:47:01 - INFO - 玩家2 使用 南蛮入侵 响应
2025-11-23 09:47:01 - INFO - 玩家1 受到 1 点伤害，当前血量: 2/4
2025-11-23 09:47:01 - INFO - 玩家2发动技能[无弃牌阶段]
2025-11-23 09:47:01 - INFO - 玩家2 猪国杀规则：跳过弃牌阶段
2025-11-23 09:47:01 - INFO - 玩家2 回合结束
2025-11-23 09:47:01 - INFO - === 第 5 回合开始，玩家1 的回合 ===
2025-11-23 09:47:01 - INFO - ============================================================
2025-11-23 09:47:01 - INFO - 当前所有玩家状态:
2025-11-23 09:47:01 - INFO - 玩家0 (玩家1) [主公] (猪国杀武将) - 血量: 2/4 - 手牌: 桃, 决斗, 闪 - 装备: 无
2025-11-23 09:47:01 - INFO - 玩家1 (玩家2) [反贼] (猪国杀武将) - 血量: 3/4 - 手牌: 闪 - 装备: 武器: 诸葛连弩
2025-11-23 09:47:01 - INFO - ============================================================
2025-11-23 09:47:01 - INFO - ============================================================
2025-11-23 09:47:01 - INFO - 当前牌堆状态:
2025-11-23 09:47:01 - INFO - 正常牌堆: 98 张牌
2025-11-23 09:47:01 - INFO - 弃牌堆: 11 张牌
2025-11-23 09:47:01 - INFO - 弃牌堆最后5张牌: 无懈可击, 南蛮入侵, 南蛮入侵, 南蛮入侵, 南蛮入侵
2025-11-23 09:47:01 - INFO - ============================================================
2025-11-23 09:47:01 - INFO - 玩家1 进入 准备 阶段
2025-11-23 09:47:01 - INFO - 玩家1 进入 摸牌 阶段
2025-11-23 09:47:01 - INFO - 玩家1 摸牌: 南蛮入侵, 南蛮入侵
2025-11-23 09:47:01 - INFO - 玩家1 进入 出牌 阶段
2025-11-23 09:47:01 - INFO - 玩家1 使用 桃，目标: 玩家1
2025-11-23 09:47:01 - INFO - 玩家 玩家1 打出牌: 桃
2025-11-23 09:47:01 - INFO - 玩家1 恢复 1 点血量，当前血量: 3/4
2025-11-23 09:47:01 - INFO - 玩家1 使用 决斗，目标: 玩家2
2025-11-23 09:47:01 - INFO - 玩家1对玩家2表敌意（决斗）
2025-11-23 09:47:01 - INFO - 玩家1对玩家2表敌意（决斗）
2025-11-23 09:47:01 - INFO - 玩家 玩家1 打出牌: 决斗
2025-11-23 09:47:01 - INFO - 玩家1 使用 决斗，目标: 玩家2
2025-11-23 09:47:01 - INFO - 决斗第1轮：玩家2 对 玩家1
2025-11-23 09:47:01 - INFO - 玩家2 受到 1 点伤害，当前血量: 2/4
2025-11-23 09:47:01 - INFO - 玩家1 使用 南蛮入侵，目标: 玩家2
2025-11-23 09:47:01 - INFO - 玩家 玩家1 打出牌: 南蛮入侵
2025-11-23 09:47:01 - INFO - 玩家1 使用 南蛮入侵 响应
2025-11-23 09:47:01 - INFO - 玩家2 受到 1 点伤害，当前血量: 1/4
2025-11-23 09:47:01 - INFO - 玩家1 使用 南蛮入侵，目标: 玩家2
2025-11-23 09:47:01 - INFO - 玩家 玩家1 打出牌: 南蛮入侵
2025-11-23 09:47:01 - INFO - 玩家1 使用 南蛮入侵 响应
2025-11-23 09:47:01 - INFO - 玩家2 受到 1 点伤害，当前血量: 0/4
2025-11-23 09:47:01 - WARNING - 玩家2 濒死！
2025-11-23 09:47:01 - WARNING - 玩家2 (反贼) 死亡！
2025-11-23 09:47:01 - INFO - 玩家1发动技能[无弃牌阶段]
2025-11-23 09:47:01 - INFO - 玩家1 猪国杀规则：跳过弃牌阶段
2025-11-23 09:47:01 - INFO - 玩家1 回合结束
2025-11-23 09:47:01 - INFO -  游戏结束！主公，忠臣胜利 - 玩家1
2025-11-23 09:47:01 - INFO - ==================================================
2025-11-23 09:47:01 - INFO - 游戏会话结束
2025-11-23 09:47:01 - INFO - ==================================================
2025-11-23 09:47:01 - INFO - ==================================================
2025-11-23 09:47:01 - INFO - 游戏开始
2025-11-23 09:47:01 - INFO - 时间: 2025-11-23 09:47:01
2025-11-23 09:47:01 - INFO - 模式: 正常模式
2025-11-23 09:47:01 - INFO - ==================================================
2025-11-23 09:47:01 - INFO - 开始新游戏（猪国杀模式），玩家数量: 4
2025-11-23 09:47:01 - INFO - 开始初始化游戏...
2025-11-23 09:47:01 - INFO - 开始初始化牌堆...
2025-11-23 09:47:01 - INFO - 牌堆初始化完成，总牌数: 4
2025-11-23 09:47:01 - INFO - 牌堆创建完成，总牌数: 4
2025-11-23 09:47:01 - INFO - 开始初始化玩家...
2025-11-23 09:47:01 - INFO - 玩家1 初始手牌: 杀, 无懈可击, 无懈可击, 万箭齐发
2025-11-23 09:47:01 - INFO - 创建玩家 0: 玩家1 (身份: 主公, 武将: 猪国杀武将, 血量: 5)
2025-11-23 09:47:01 - INFO - 创建玩家 1: 玩家2 (身份: 忠臣, 武将: 猪国杀武将, 血量: 4)
2025-11-23 09:47:01 - INFO - 创建玩家 2: 玩家3 (身份: 忠臣, 武将: 猪国杀武将, 血量: 4)
2025-11-23 09:47:01 - INFO - 创建玩家 3: 玩家4 (身份: 反贼, 武将: 猪国杀武将, 血量: 4)
2025-11-23 09:47:01 - INFO - ControlManager初始化完成，管理 4 个Control实例
2025-11-23 09:47:01 - INFO - 玩家控制器创建完成，玩家数量: 4
2025-11-23 09:47:01 - INFO - 初始玩家ID: 0
2025-11-23 09:47:01 - INFO - 游戏初始化完成
2025-11-23 09:47:01 - INFO - 游戏主循环开始
2025-11-23 09:47:01 - INFO - === 第 1 回合开始，玩家1 的回合 ===
2025-11-23 09:47:01 - INFO - ============================================================
2025-11-23 09:47:01 - INFO - 当前所有玩家状态:
2025-11-23 09:47:01 - INFO - 玩家0 (玩家1) [主公] (猪国杀武将) - 血量: 4/4 - 手牌: 决斗, 万箭齐发, 无懈可击, 闪 - 装备: 无
2025-11-23 09:47:01 - INFO - 玩家1 (玩家2) [忠臣] (猪国杀武将) - 血量: 4/4 - 手牌: 闪, 无懈可击, 南蛮入侵, 闪 - 装备: 无
2025-11-23 09:47:01 - INFO - 玩家2 (玩家3) [忠臣] (猪国杀武将) - 血量: 4/4 - 手牌: 南蛮入侵, 万箭齐发, 诸葛连弩, 南蛮入侵 - 装备: 无
2025-11-23 09:47:01 - INFO - 玩家3 (玩家4) [反贼] (猪国杀武将) - 血量: 4/4 - 手牌: 诸葛连弩, 万箭齐发, 决斗, 决斗 - 装备: 无
2025-11-23 09:47:01 - INFO - ============================================================
2025-11-23 09:47:01 - INFO - ============================================================
2025-11-23 09:47:01 - INFO - 当前牌堆状态:
2025-11-23 09:47:01 - INFO - 正常牌堆: 104 张牌
2025-11-23 09:47:01 - INFO - 弃牌堆: 0 张牌
2025-11-23 09:47:01 - INFO - ============================================================
2025-11-23 09:47:01 - INFO - 玩家1 进入 准备 阶段
2025-11-23 09:47:01 - INFO - 玩家1 进入 摸牌 阶段
2025-11-23 09:47:01 - INFO - 玩家1 摸牌: 杀, 无懈可击
2025-11-23 09:47:01 - INFO - 玩家1 进入 出牌 阶段
2025-11-23 09:47:01 - INFO - 玩家1 使用 万箭齐发，目标: 玩家2, 玩家3, 玩家4
2025-11-23 09:47:01 - INFO - 玩家 玩家1 打出牌: 万箭齐发
2025-11-23 09:47:01 - INFO - 玩家1 使用 万箭齐发 响应
2025-11-23 09:47:01 - INFO - 玩家2 使用 闪 响应
2025-11-23 09:47:01 - INFO - 玩家3 受到 1 点伤害，当前血量: 3/4
2025-11-23 09:47:01 - INFO - 玩家4 受到 1 点伤害，当前血量: 3/4
2025-11-23 09:47:01 - INFO - 玩家1发动技能[无弃牌阶段]
2025-11-23 09:47:01 - INFO - 玩家1 猪国杀规则：跳过弃牌阶段
2025-11-23 09:47:01 - INFO - 玩家1 回合结束
2025-11-23 09:47:01 - INFO - === 第 2 回合开始，玩家2 的回合 ===
2025-11-23 09:47:01 - INFO - ============================================================
2025-11-23 09:47:01 - INFO - 当前所有玩家状态:
2025-11-23 09:47:01 - INFO - 玩家0 (玩家1) [主公] (猪国杀武将) - 血量: 4/4 - 手牌: 决斗, 无懈可击, 闪, 杀, 无懈可击 - 装备: 无
2025-11-23 09:47:01 - INFO - 玩家1 (玩家2) [忠臣] (猪国杀武将) - 血量: 4/4 - 手牌: 无懈可击, 南蛮入侵, 闪 - 装备: 无
2025-11-23 09:47:01 - INFO - 玩家2 (玩家3) [忠臣] (猪国杀武将) - 血量: 3/4 - 手牌: 南蛮入侵, 万箭齐发, 诸葛连弩, 南蛮入侵 - 装备: 无
2025-11-23 09:47:01 - INFO - 玩家3 (玩家4) [反贼] (猪国杀武将) - 血量: 3/4 - 手牌: 诸葛连弩, 万箭齐发, 决斗, 决斗 - 装备: 无
2025-11-23 09:47:01 - INFO - ============================================================
2025-11-23 09:47:01 - INFO - ============================================================
2025-11-23 09:47:01 - INFO - 当前牌堆状态:
2025-11-23 09:47:01 - INFO - 正常牌堆: 102 张牌
2025-11-23 09:47:01 - INFO - 弃牌堆: 2 张牌
2025-11-23 09:47:01 - INFO - 弃牌堆所有牌: 闪, 万箭齐发
2025-11-23 09:47:01 - INFO - ============================================================
2025-11-23 09:47:01 - INFO - 玩家2 进入 准备 阶段
2025-11-23 09:47:01 - INFO - 玩家2 进入 摸牌 阶段
2025-11-23 09:47:01 - INFO - 玩家2 摸牌: 万箭齐发, 无懈可击
2025-11-23 09:47:01 - INFO - 玩家2 进入 出牌 阶段
2025-11-23 09:47:01 - INFO - 玩家2 使用 南蛮入侵，目标: 玩家1, 玩家3, 玩家4
2025-11-23 09:47:01 - INFO - 玩家 玩家2 打出牌: 南蛮入侵
2025-11-23 09:47:01 - INFO - 玩家2 使用 南蛮入侵 响应
2025-11-23 09:47:01 - INFO - 玩家3 受到 1 点伤害，当前血量: 2/4
2025-11-23 09:47:01 - INFO - 玩家4 受到 1 点伤害，当前血量: 2/4
2025-11-23 09:47:01 - INFO - 玩家2 使用 无懈可击 响应
2025-11-23 09:47:01 - INFO - 玩家2对玩家1献殷勤（无懈可击）
2025-11-23 09:47:01 - INFO - 玩家2跳忠
2025-11-23 09:47:01 - INFO - 玩家2对玩家1献殷勤（无懈可击）
2025-11-23 09:47:01 - INFO - 玩家2跳忠
2025-11-23 09:47:01 - INFO - 玩家2对玩家1献殷勤（无懈可击）
2025-11-23 09:47:01 - INFO - 玩家2跳忠
2025-11-23 09:47:01 - INFO - 玩家2对玩家1献殷勤（无懈可击）
2025-11-23 09:47:01 - INFO - 玩家2跳忠
2025-11-23 09:47:01 - INFO - 南蛮入侵对 玩家1 被无懈可击
2025-11-23 09:47:01 - INFO - 玩家2 使用 万箭齐发，目标: 玩家1, 玩家3, 玩家4
2025-11-23 09:47:01 - INFO - 玩家 玩家2 打出牌: 万箭齐发
2025-11-23 09:47:01 - INFO - 玩家2 使用 万箭齐发 响应
2025-11-23 09:47:01 - INFO - 玩家3 受到 1 点伤害，当前血量: 1/4
2025-11-23 09:47:01 - INFO - 玩家4 受到 1 点伤害，当前血量: 1/4
2025-11-23 09:47:01 - INFO - 玩家2 使用 无懈可击 响应
2025-11-23 09:47:01 - INFO - 玩家2对玩家1献殷勤（无懈可击）
2025-11-23 09:47:01 - INFO - 玩家2对玩家1献殷勤（无懈可击）
2025-11-23 09:47:01 - INFO - 玩家2对玩家1献殷勤（无懈可击）
2025-11-23 09:47:01 - INFO - 玩家2对玩家1献殷勤（无懈可击）
2025-11-23 09:47:01 - INFO - 万箭齐发对 玩家1 被无懈可击
2025-11-23 09:47:01 - INFO - 玩家2发动技能[无弃牌阶段]
2025-11-23 09:47:01 - INFO - 玩家2 猪国杀规则：跳过弃牌阶段
2025-11-23 09:47:01 - INFO - 玩家2 回合结束
2025-11-23 09:47:01 - INFO - === 第 3 回合开始，玩家3 的回合 ===
2025-11-23 09:47:01 - INFO - ============================================================
2025-11-23 09:47:01 - INFO - 当前所有玩家状态:
2025-11-23 09:47:01 - INFO - 玩家0 (玩家1) [主公] (猪国杀武将) - 血量: 4/4 - 手牌: 决斗, 无懈可击, 闪, 杀, 无懈可击 - 装备: 无
2025-11-23 09:47:01 - INFO - 玩家1 (玩家2) [忠臣] (猪国杀武将) - 血量: 4/4 - 手牌: 闪 - 装备: 无
2025-11-23 09:47:01 - INFO - 玩家2 (玩家3) [忠臣] (猪国杀武将) - 血量: 1/4 - 手牌: 南蛮入侵, 万箭齐发, 诸葛连弩, 南蛮入侵 - 装备: 无
2025-11-23 09:47:01 - INFO - 玩家3 (玩家4) [反贼] (猪国杀武将) - 血量: 1/4 - 手牌: 诸葛连弩, 万箭齐发, 决斗, 决斗 - 装备: 无
2025-11-23 09:47:01 - INFO - ============================================================
2025-11-23 09:47:01 - INFO - ============================================================
2025-11-23 09:47:01 - INFO - 当前牌堆状态:
2025-11-23 09:47:01 - INFO - 正常牌堆: 100 张牌
2025-11-23 09:47:01 - INFO - 弃牌堆: 6 张牌
2025-11-23 09:47:01 - INFO - 弃牌堆最后5张牌: 万箭齐发, 无懈可击, 南蛮入侵, 无懈可击, 万箭齐发
2025-11-23 09:47:01 - INFO - ============================================================
2025-11-23 09:47:01 - INFO - 玩家3 进入 准备 阶段
2025-11-23 09:47:01 - INFO - 玩家3 进入 摸牌 阶段
2025-11-23 09:47:01 - INFO - 玩家3 摸牌: 无懈可击, 无懈可击
2025-11-23 09:47:01 - INFO - 玩家3 进入 出牌 阶段
2025-11-23 09:47:01 - INFO - 玩家3 使用 南蛮入侵，目标: 玩家1, 玩家2, 玩家4
2025-11-23 09:47:01 - INFO - 玩家 玩家3 打出牌: 南蛮入侵
2025-11-23 09:47:01 - INFO - 玩家3 使用 南蛮入侵 响应
2025-11-23 09:47:01 - INFO - 玩家4 受到 1 点伤害，当前血量: 0/4
2025-11-23 09:47:01 - WARNING - 玩家4 濒死！
2025-11-23 09:47:01 - WARNING - 玩家4 (反贼) 死亡！
2025-11-23 09:47:01 - INFO - 玩家3发动技能[无弃牌阶段]
2025-11-23 09:47:01 - INFO - 玩家3 猪国杀规则：跳过弃牌阶段
2025-11-23 09:47:01 - INFO - 玩家3 回合结束
2025-11-23 09:47:01 - INFO -  游戏结束！主公，忠臣胜利 - 玩家1, 玩家2, 玩家3
2025-11-23 09:47:01 - INFO - ==================================================
2025-11-23 09:47:01 - INFO - 游戏会话结束
2025-11-23 09:47:01 - INFO - ==================================================
2025-11-23 09:47:01 - INFO - ==================================================
2025-11-23 09:47:01 - INFO - 游戏开始
2025-11-23 09:47:01 - INFO - 时间: 2025-11-23 09:47:01
2025-11-23 09:47:01 - INFO - 模式: 正常模式
2025-11-23 09:47:01 - INFO - ==================================================
2025-11-23 09:47:01 - INFO - 开始新游戏（猪国杀模式），玩家数量: 2
2025-11-23 09:47:01 - INFO - 开始初始化游戏...
2025-11-23 09:47:01 - INFO - 开始初始化牌堆...
2025-11-23 09:47:01 - INFO - 牌堆初始化完成，总牌数: 2
2025-11-23 09:47:01 - INFO - 牌堆创建完成，总牌数: 2
2025-11-23 09:47:01 - INFO - 开始初始化玩家...
2025-11-23 09:47:01 - INFO - 玩家1 初始手牌: 决斗, 决斗
2025-11-23 09:47:01 - INFO - 创建玩家 0: 玩家1 (身份: 主公, 武将: 猪国杀武将, 血量: 5)
2025-11-23 09:47:01 - INFO - 创建玩家 1: 玩家2 (身份: 反贼, 武将: 猪国杀武将, 血量: 4)
2025-11-23 09:47:01 - INFO - ControlManager初始化完成，管理 2 个Control实例
2025-11-23 09:47:01 - INFO - 玩家控制器创建完成，玩家数量: 2
2025-11-23 09:47:01 - INFO - 初始玩家ID: 0
2025-11-23 09:47:01 - INFO - 游戏初始化完成
2025-11-23 09:47:01 - INFO - 游戏主循环开始
2025-11-23 09:47:01 - INFO - === 第 1 回合开始，玩家1 的回合 ===
2025-11-23 09:47:01 - INFO - ============================================================
2025-11-23 09:47:01 - INFO - 当前所有玩家状态:
2025-11-23 09:47:01 - INFO - 玩家0 (玩家1) [主公] (猪国杀武将) - 血量: 4/4 - 手牌: 万箭齐发, 杀, 闪, 闪 - 装备: 无
2025-11-23 09:47:01 - INFO - 玩家1 (玩家2) [反贼] (猪国杀武将) - 血量: 4/4 - 手牌: 万箭齐发, 闪, 桃, 决斗 - 装备: 无
2025-11-23 09:47:01 - INFO - ============================================================
2025-11-23 09:47:01 - INFO - ============================================================
2025-11-23 09:47:01 - INFO - 当前牌堆状态:
2025-11-23 09:47:01 - INFO - 正常牌堆: 102 张牌
2025-11-23 09:47:01 - INFO - 弃牌堆: 0 张牌
2025-11-23 09:47:01 - INFO - ============================================================
2025-11-23 09:47:01 - INFO - 玩家1 进入 准备 阶段
2025-11-23 09:47:01 - INFO - 玩家1 进入 摸牌 阶段
2025-11-23 09:47:01 - INFO - 玩家1 摸牌: 决斗, 决斗
2025-11-23 09:47:01 - INFO - 玩家1 进入 出牌 阶段
2025-11-23 09:47:01 - INFO - 玩家1 使用 万箭齐发，目标: 玩家2
2025-11-23 09:47:01 - INFO - 玩家 玩家1 打出牌: 万箭齐发
2025-11-23 09:47:01 - INFO - 玩家1 使用 万箭齐发 响应
2025-11-23 09:47:01 - INFO - 玩家2 使用 闪 响应
2025-11-23 09:47:01 - INFO - 玩家1发动技能[无弃牌阶段]
2025-11-23 09:47:01 - INFO - 玩家1 猪国杀规则：跳过弃牌阶段
2025-11-23 09:47:01 - INFO - 玩家1 回合结束
2025-11-23 09:47:01 - INFO - === 第 2 回合开始，玩家2 的回合 ===
2025-11-23 09:47:01 - INFO - ============================================================
2025-11-23 09:47:01 - INFO - 当前所有玩家状态:
2025-11-23 09:47:01 - INFO - 玩家0 (玩家1) [主公] (猪国杀武将) - 血量: 4/4 - 手牌: 杀, 闪, 闪, 决斗, 决斗 - 装备: 无
2025-11-23 09:47:01 - INFO - 玩家1 (玩家2) [反贼] (猪国杀武将) - 血量: 4/4 - 手牌: 万箭齐发, 桃, 决斗 - 装备: 无
2025-11-23 09:47:01 - INFO - ============================================================
2025-11-23 09:47:01 - INFO - ============================================================
2025-11-23 09:47:01 - INFO - 当前牌堆状态:
2025-11-23 09:47:01 - INFO - 正常牌堆: 100 张牌
2025-11-23 09:47:01 - INFO - 弃牌堆: 2 张牌
2025-11-23 09:47:01 - INFO - 弃牌堆所有牌: 闪, 万箭齐发
2025-11-23 09:47:01 - INFO - ============================================================
2025-11-23 09:47:01 - INFO - 玩家2 进入 准备 阶段
2025-11-23 09:47:01 - INFO - 玩家2 进入 摸牌 阶段
2025-11-23 09:47:01 - INFO - 玩家2 摸牌: 决斗, 决斗
2025-11-23 09:47:01 - INFO - 玩家2 进入 出牌 阶段
2025-11-23 09:47:01 - INFO - 玩家2 使用 万箭齐发，目标: 玩家1
2025-11-23 09:47:01 - INFO - 玩家 玩家2 打出牌: 万箭齐发
2025-11-23 09:47:01 - INFO - 玩家2 使用 万箭齐发 响应
2025-11-23 09:47:01 - INFO - 玩家1 使用 闪 响应
2025-11-23 09:47:01 - INFO - 玩家2 使用 决斗，目标: 玩家1
2025-11-23 09:47:01 - INFO - 玩家2对玩家1表敌意（决斗）
2025-11-23 09:47:01 - INFO - 玩家2跳反
2025-11-23 09:47:01 - INFO - 玩家2对玩家1表敌意（决斗）
2025-11-23 09:47:01 - INFO - 玩家2跳反
2025-11-23 09:47:01 - INFO - 玩家 玩家2 打出牌: 决斗
2025-11-23 09:47:01 - INFO - 玩家2 使用 决斗，目标: 玩家1
2025-11-23 09:47:01 - INFO - 决斗第1轮：玩家1 对 玩家2
2025-11-23 09:47:01 - INFO - 玩家1 使用 杀 响应
2025-11-23 09:47:01 - INFO - 决斗第2轮：玩家2 对 玩家1
2025-11-23 09:47:01 - INFO - 玩家2 受到 1 点伤害，当前血量: 3/4
2025-11-23 09:47:01 - INFO - 玩家2 使用 桃，目标: 玩家2
2025-11-23 09:47:01 - INFO - 玩家 玩家2 打出牌: 桃
2025-11-23 09:47:01 - INFO - 玩家2 恢复 1 点血量，当前血量: 4/4
2025-11-23 09:47:01 - INFO - 玩家2 使用 决斗，目标: 玩家1
2025-11-23 09:47:01 - INFO - 玩家2对玩家1表敌意（决斗）
2025-11-23 09:47:01 - INFO - 玩家2对玩家1表敌意（决斗）
2025-11-23 09:47:01 - INFO - 玩家 玩家2 打出牌: 决斗
2025-11-23 09:47:01 - INFO - 玩家2 使用 决斗，目标: 玩家1
2025-11-23 09:47:01 - INFO - 决斗第1轮：玩家1 对 玩家2
2025-11-23 09:47:01 - INFO - 玩家1 受到 1 点伤害，当前血量: 3/4
2025-11-23 09:47:01 - INFO - 玩家2 使用 决斗，目标: 玩家1
2025-11-23 09:47:01 - INFO - 玩家2对玩家1表敌意（决斗）
2025-11-23 09:47:01 - INFO - 玩家2对玩家1表敌意（决斗）
2025-11-23 09:47:01 - INFO - 玩家 玩家2 打出牌: 决斗
2025-11-23 09:47:01 - INFO - 玩家2 使用 决斗，目标: 玩家1
2025-11-23 09:47:01 - INFO - 决斗第1轮：玩家1 对 玩家2
2025-11-23 09:47:01 - INFO - 玩家1 受到 1 点伤害，当前血量: 2/4
2025-11-23 09:47:01 - INFO - 玩家2发动技能[无弃牌阶段]
2025-11-23 09:47:01 - INFO - 玩家2 猪国杀规则：跳过弃牌阶段
2025-11-23 09:47:01 - INFO - 玩家2 回合结束
2025-11-23 09:47:01 - INFO - === 第 3 回合开始，玩家1 的回合 ===
2025-11-23 09:47:01 - INFO - ============================================================
2025-11-23 09:47:01 - INFO - 当前所有玩家状态:
2025-11-23 09:47:01 - INFO - 玩家0 (玩家1) [主公] (猪国杀武将) - 血量: 2/4 - 手牌: 闪, 决斗, 决斗 - 装备: 无
2025-11-23 09:47:01 - INFO - 玩家1 (玩家2) [反贼] (猪国杀武将) - 血量: 4/4 - 手牌: 无 - 装备: 无
2025-11-23 09:47:01 - INFO - ============================================================
2025-11-23 09:47:01 - INFO - ============================================================
2025-11-23 09:47:01 - INFO - 当前牌堆状态:
2025-11-23 09:47:01 - INFO - 正常牌堆: 98 张牌
2025-11-23 09:47:01 - INFO - 弃牌堆: 9 张牌
2025-11-23 09:47:01 - INFO - 弃牌堆最后5张牌: 杀, 决斗, 桃, 决斗, 决斗
2025-11-23 09:47:01 - INFO - ============================================================
2025-11-23 09:47:01 - INFO - 玩家1 进入 准备 阶段
2025-11-23 09:47:01 - INFO - 玩家1 进入 摸牌 阶段
2025-11-23 09:47:01 - INFO - 玩家1 摸牌: 决斗, 决斗
2025-11-23 09:47:01 - INFO - 玩家1 进入 出牌 阶段
2025-11-23 09:47:01 - INFO - 玩家1 使用 决斗，目标: 玩家2
2025-11-23 09:47:01 - INFO - 玩家1对玩家2表敌意（决斗）
2025-11-23 09:47:01 - INFO - 玩家1跳忠
2025-11-23 09:47:01 - INFO - 玩家1对玩家2表敌意（决斗）
2025-11-23 09:47:01 - INFO - 玩家1跳忠
2025-11-23 09:47:01 - INFO - 玩家 玩家1 打出牌: 决斗
2025-11-23 09:47:01 - INFO - 玩家1 使用 决斗，目标: 玩家2
2025-11-23 09:47:01 - INFO - 决斗第1轮：玩家2 对 玩家1
2025-11-23 09:47:01 - INFO - 玩家2 受到 1 点伤害，当前血量: 3/4
2025-11-23 09:47:01 - INFO - 玩家1 使用 决斗，目标: 玩家2
2025-11-23 09:47:01 - INFO - 玩家1对玩家2表敌意（决斗）
2025-11-23 09:47:01 - INFO - 玩家1对玩家2表敌意（决斗）
2025-11-23 09:47:01 - INFO - 玩家 玩家1 打出牌: 决斗
2025-11-23 09:47:01 - INFO - 玩家1 使用 决斗，目标: 玩家2
2025-11-23 09:47:01 - INFO - 决斗第1轮：玩家2 对 玩家1
2025-11-23 09:47:01 - INFO - 玩家2 受到 1 点伤害，当前血量: 2/4
2025-11-23 09:47:01 - INFO - 玩家1 使用 决斗，目标: 玩家2
2025-11-23 09:47:01 - INFO - 玩家1对玩家2表敌意（决斗）
2025-11-23 09:47:01 - INFO - 玩家1对玩家2表敌意（决斗）
2025-11-23 09:47:01 - INFO - 玩家 玩家1 打出牌: 决斗
2025-11-23 09:47:01 - INFO - 玩家1 使用 决斗，目标: 玩家2
2025-11-23 09:47:01 - INFO - 决斗第1轮：玩家2 对 玩家1
2025-11-23 09:47:01 - INFO - 玩家2 受到 1 点伤害，当前血量: 1/4
2025-11-23 09:47:01 - INFO - 玩家1 使用 决斗，目标: 玩家2
2025-11-23 09:47:01 - INFO - 玩家1对玩家2表敌意（决斗）
2025-11-23 09:47:01 - INFO - 玩家1对玩家2表敌意（决斗）
2025-11-23 09:47:01 - INFO - 玩家 玩家1 打出牌: 决斗
2025-11-23 09:47:01 - INFO - 玩家1 使用 决斗，目标: 玩家2
2025-11-23 09:47:01 - INFO - 决斗第1轮：玩家2 对 玩家1
2025-11-23 09:47:01 - INFO - 玩家2 受到 1 点伤害，当前血量: 0/4
2025-11-23 09:47:01 - WARNING - 玩家2 濒死！
2025-11-23 09:47:01 - WARNING - 玩家2 (反贼) 死亡！
2025-11-23 09:47:01 - INFO - 玩家1发动技能[无弃牌阶段]
2025-11-23 09:47:01 - INFO - 玩家1 猪国杀规则：跳过弃牌阶段
2025-11-23 09:47:01 - INFO - 玩家1 回合结束
2025-11-23 09:47:01 - INFO -  游戏结束！主公，忠臣胜利 - 玩家1
2025-11-23 09:47:01 - INFO - ==================================================
2025-11-23 09:47:01 - INFO - 游戏会话结束
2025-11-23 09:47:01 - INFO - ==================================================
2025-11-23 09:47:01 - INFO - ==================================================
2025-11-23 09:47:01 - INFO - 游戏开始
2025-11-23 09:47:01 - INFO - 时间: 2025-11-23 09:47:01
2025-11-23 09:47:01 - INFO - 模式: 正常模式
2025-11-23 09:47:01 - INFO - ==================================================
2025-11-23 09:47:01 - INFO - 开始新游戏（猪国杀模式），玩家数量: 3
2025-11-23 09:47:01 - INFO - 开始初始化游戏...
2025-11-23 09:47:01 - INFO - 开始初始化牌堆...
2025-11-23 09:47:01 - INFO - 牌堆初始化完成，总牌数: 7
2025-11-23 09:47:01 - INFO - 牌堆创建完成，总牌数: 7
2025-11-23 09:47:01 - INFO - 开始初始化玩家...
2025-11-23 09:47:01 - INFO - 玩家1 初始手牌: 桃, 诸葛连弩, 诸葛连弩, 南蛮入侵
2025-11-23 09:47:01 - INFO - 创建玩家 0: 玩家1 (身份: 主公, 武将: 猪国杀武将, 血量: 5)
2025-11-23 09:47:01 - INFO - 玩家2 初始手牌: 闪, 闪, 杀
2025-11-23 09:47:01 - INFO - 创建玩家 1: 玩家2 (身份: 反贼, 武将: 猪国杀武将, 血量: 4)
2025-11-23 09:47:01 - INFO - 创建玩家 2: 玩家3 (身份: 反贼, 武将: 猪国杀武将, 血量: 4)
2025-11-23 09:47:01 - INFO - ControlManager初始化完成，管理 3 个Control实例
2025-11-23 09:47:01 - INFO - 玩家控制器创建完成，玩家数量: 3
2025-11-23 09:47:01 - INFO - 初始玩家ID: 0
2025-11-23 09:47:01 - INFO - 游戏初始化完成
2025-11-23 09:47:01 - INFO - 游戏主循环开始
2025-11-23 09:47:01 - INFO - === 第 1 回合开始，玩家1 的回合 ===
2025-11-23 09:47:01 - INFO - ============================================================
2025-11-23 09:47:01 - INFO - 当前所有玩家状态:
2025-11-23 09:47:01 - INFO - 玩家0 (玩家1) [主公] (猪国杀武将) - 血量: 4/4 - 手牌: 决斗, 诸葛连弩, 诸葛连弩, 决斗 - 装备: 无
2025-11-23 09:47:01 - INFO - 玩家1 (玩家2) [反贼] (猪国杀武将) - 血量: 4/4 - 手牌: 万箭齐发, 决斗, 闪, 诸葛连弩 - 装备: 无
2025-11-23 09:47:01 - INFO - 玩家2 (玩家3) [反贼] (猪国杀武将) - 血量: 4/4 - 手牌: 万箭齐发, 闪, 无懈可击, 万箭齐发 - 装备: 无
2025-11-23 09:47:01 - INFO - ============================================================
2025-11-23 09:47:01 - INFO - ============================================================
2025-11-23 09:47:01 - INFO - 当前牌堆状态:
2025-11-23 09:47:01 - INFO - 正常牌堆: 107 张牌
2025-11-23 09:47:01 - INFO - 弃牌堆: 0 张牌
2025-11-23 09:47:01 - INFO - ============================================================
2025-11-23 09:47:01 - INFO - 玩家1 进入 准备 阶段
2025-11-23 09:47:01 - INFO - 玩家1 进入 摸牌 阶段
2025-11-23 09:47:01 - INFO - 玩家1 摸牌: 桃, 诸葛连弩
2025-11-23 09:47:01 - INFO - 玩家1 进入 出牌 阶段
2025-11-23 09:47:01 - INFO - 玩家1 使用 诸葛连弩，目标: 玩家1
2025-11-23 09:47:01 - INFO - 玩家 玩家1 打出牌: 诸葛连弩
2025-11-23 09:47:01 - INFO - 玩家1 装备 诸葛连弩 (武器)
2025-11-23 09:47:01 - INFO - 玩家1 使用 诸葛连弩，目标: 玩家1
2025-11-23 09:47:01 - INFO - 玩家 玩家1 打出牌: 诸葛连弩
2025-11-23 09:47:01 - INFO - 玩家1 装备 诸葛连弩 (武器)
2025-11-23 09:47:01 - INFO - 玩家1 使用 诸葛连弩，目标: 玩家1
2025-11-23 09:47:01 - INFO - 玩家 玩家1 打出牌: 诸葛连弩
2025-11-23 09:47:01 - INFO - 玩家1 装备 诸葛连弩 (武器)
2025-11-23 09:47:01 - INFO - 玩家1发动技能[无弃牌阶段]
2025-11-23 09:47:01 - INFO - 玩家1 猪国杀规则：跳过弃牌阶段
2025-11-23 09:47:01 - INFO - 玩家1 回合结束
2025-11-23 09:47:01 - INFO - === 第 2 回合开始，玩家2 的回合 ===
2025-11-23 09:47:01 - INFO - ============================================================
2025-11-23 09:47:01 - INFO - 当前所有玩家状态:
2025-11-23 09:47:01 - INFO - 玩家0 (玩家1) [主公] (猪国杀武将) - 血量: 4/4 - 手牌: 决斗, 决斗, 桃 - 装备: 武器: 诸葛连弩
2025-11-23 09:47:01 - INFO - 玩家1 (玩家2) [反贼] (猪国杀武将) - 血量: 4/4 - 手牌: 万箭齐发, 决斗, 闪, 诸葛连弩 - 装备: 无
2025-11-23 09:47:01 - INFO - 玩家2 (玩家3) [反贼] (猪国杀武将) - 血量: 4/4 - 手牌: 万箭齐发, 闪, 无懈可击, 万箭齐发 - 装备: 无
2025-11-23 09:47:01 - INFO - ============================================================
2025-11-23 09:47:01 - INFO - ============================================================
2025-11-23 09:47:01 - INFO - 当前牌堆状态:
2025-11-23 09:47:01 - INFO - 正常牌堆: 105 张牌
2025-11-23 09:47:01 - INFO - 弃牌堆: 2 张牌
2025-11-23 09:47:01 - INFO - 弃牌堆所有牌: 诸葛连弩, 诸葛连弩
2025-11-23 09:47:01 - INFO - ============================================================
2025-11-23 09:47:01 - INFO - 玩家2 进入 准备 阶段
2025-11-23 09:47:01 - INFO - 玩家2 进入 摸牌 阶段
2025-11-23 09:47:01 - INFO - 玩家2 摸牌: 诸葛连弩, 南蛮入侵
2025-11-23 09:47:01 - INFO - 玩家2 进入 出牌 阶段
2025-11-23 09:47:01 - INFO - 玩家2 使用 万箭齐发，目标: 玩家1, 玩家3
2025-11-23 09:47:01 - INFO - 玩家 玩家2 打出牌: 万箭齐发
2025-11-23 09:47:01 - INFO - 玩家2 使用 万箭齐发 响应
2025-11-23 09:47:01 - INFO - 玩家3 使用 闪 响应
2025-11-23 09:47:01 - INFO - 玩家1 受到 1 点伤害，当前血量: 3/4
2025-11-23 09:47:01 - INFO - 主猪认为玩家2是类反猪
2025-11-23 09:47:01 - INFO - 玩家2 使用 决斗，目标: 玩家1
2025-11-23 09:47:01 - INFO - 玩家2对玩家1表敌意（决斗）
2025-11-23 09:47:01 - INFO - 玩家2跳反
2025-11-23 09:47:01 - INFO - 玩家2对玩家1表敌意（决斗）
2025-11-23 09:47:01 - INFO - 玩家2跳反
2025-11-23 09:47:01 - INFO - 玩家2对玩家1表敌意（决斗）
2025-11-23 09:47:01 - INFO - 玩家2跳反
2025-11-23 09:47:01 - INFO - 玩家 玩家2 打出牌: 决斗
2025-11-23 09:47:01 - INFO - 玩家2 使用 决斗，目标: 玩家1
2025-11-23 09:47:01 - INFO - 决斗第1轮：玩家1 对 玩家2
2025-11-23 09:47:01 - INFO - 玩家1 受到 1 点伤害，当前血量: 2/4
2025-11-23 09:47:01 - INFO - 玩家2 使用 诸葛连弩，目标: 玩家2
2025-11-23 09:47:01 - INFO - 玩家 玩家2 打出牌: 诸葛连弩
2025-11-23 09:47:01 - INFO - 玩家2 装备 诸葛连弩 (武器)
2025-11-23 09:47:01 - INFO - 玩家2 使用 诸葛连弩，目标: 玩家2
2025-11-23 09:47:01 - INFO - 玩家 玩家2 打出牌: 诸葛连弩
2025-11-23 09:47:01 - INFO - 玩家2 装备 诸葛连弩 (武器)
2025-11-23 09:47:01 - INFO - 玩家2 使用 南蛮入侵，目标: 玩家1, 玩家3
2025-11-23 09:47:01 - INFO - 玩家 玩家2 打出牌: 南蛮入侵
2025-11-23 09:47:01 - INFO - 玩家2 使用 南蛮入侵 响应
2025-11-23 09:47:01 - INFO - 玩家3 受到 1 点伤害，当前血量: 3/4
2025-11-23 09:47:01 - INFO - 玩家1 受到 1 点伤害，当前血量: 1/4
2025-11-23 09:47:01 - INFO - 玩家2发动技能[无弃牌阶段]
2025-11-23 09:47:01 - INFO - 玩家2 猪国杀规则：跳过弃牌阶段
2025-11-23 09:47:01 - INFO - 玩家2 回合结束
2025-11-23 09:47:01 - INFO - === 第 3 回合开始，玩家3 的回合 ===
2025-11-23 09:47:01 - INFO - ============================================================
2025-11-23 09:47:01 - INFO - 当前所有玩家状态:
2025-11-23 09:47:01 - INFO - 玩家0 (玩家1) [主公] (猪国杀武将) - 血量: 1/4 - 手牌: 决斗, 决斗, 桃 - 装备: 武器: 诸葛连弩
2025-11-23 09:47:01 - INFO - 玩家1 (玩家2) [反贼] (猪国杀武将) - 血量: 4/4 - 手牌: 闪 - 装备: 武器: 诸葛连弩
2025-11-23 09:47:01 - INFO - 玩家2 (玩家3) [反贼] (猪国杀武将) - 血量: 3/4 - 手牌: 万箭齐发, 无懈可击, 万箭齐发 - 装备: 无
2025-11-23 09:47:01 - INFO - ============================================================
2025-11-23 09:47:01 - INFO - ============================================================
2025-11-23 09:47:01 - INFO - 当前牌堆状态:
2025-11-23 09:47:01 - INFO - 正常牌堆: 103 张牌
2025-11-23 09:47:01 - INFO - 弃牌堆: 7 张牌
2025-11-23 09:47:01 - INFO - 弃牌堆最后5张牌: 闪, 万箭齐发, 决斗, 诸葛连弩, 南蛮入侵
2025-11-23 09:47:01 - INFO - ============================================================
2025-11-23 09:47:01 - INFO - 玩家3 进入 准备 阶段
2025-11-23 09:47:01 - INFO - 玩家3 进入 摸牌 阶段
2025-11-23 09:47:01 - INFO - 玩家3 摸牌: 闪, 闪
2025-11-23 09:47:01 - INFO - 玩家3 进入 出牌 阶段
2025-11-23 09:47:01 - INFO - 玩家3 使用 万箭齐发，目标: 玩家1, 玩家2
2025-11-23 09:47:01 - INFO - 玩家 玩家3 打出牌: 万箭齐发
2025-11-23 09:47:01 - INFO - 玩家3 使用 万箭齐发 响应
2025-11-23 09:47:01 - INFO - 玩家1 受到 1 点伤害，当前血量: 0/4
2025-11-23 09:47:01 - INFO - 主猪认为玩家3是类反猪
2025-11-23 09:47:01 - WARNING - 玩家1 濒死！
2025-11-23 09:47:01 - INFO - 玩家1 使用 桃 自救
2025-11-23 09:47:01 - INFO - 玩家1 恢复 1 点血量，当前血量: 1/4
2025-11-23 09:47:01 - INFO - 玩家3 使用 无懈可击 响应
2025-11-23 09:47:01 - INFO - 玩家3对玩家2献殷勤（无懈可击）
2025-11-23 09:47:01 - INFO - 玩家3跳反
2025-11-23 09:47:01 - INFO - 玩家3对玩家2献殷勤（无懈可击）
2025-11-23 09:47:01 - INFO - 玩家3跳反
2025-11-23 09:47:01 - INFO - 玩家3对玩家2献殷勤（无懈可击）
2025-11-23 09:47:01 - INFO - 玩家3跳反
2025-11-23 09:47:01 - INFO - 万箭齐发对 玩家2 被无懈可击
2025-11-23 09:47:01 - INFO - 玩家3 使用 万箭齐发，目标: 玩家1, 玩家2
2025-11-23 09:47:01 - INFO - 玩家 玩家3 打出牌: 万箭齐发
2025-11-23 09:47:01 - INFO - 玩家3 使用 万箭齐发 响应
2025-11-23 09:47:01 - INFO - 玩家1 受到 1 点伤害，当前血量: 0/4
2025-11-23 09:47:01 - WARNING - 玩家1 濒死！
2025-11-23 09:47:01 - WARNING - 玩家1 (主公) 死亡！
2025-11-23 09:47:01 - INFO - 玩家3发动技能[无弃牌阶段]
2025-11-23 09:47:01 - INFO - 玩家3 猪国杀规则：跳过弃牌阶段
2025-11-23 09:47:01 - INFO - 玩家3 回合结束
2025-11-23 09:47:01 - INFO -  游戏结束！反贼胜利 - 玩家2, 玩家3
2025-11-23 09:47:01 - INFO - ==================================================
2025-11-23 09:47:01 - INFO - 游戏会话结束
2025-11-23 09:47:01 - INFO - ==================================================
