2025-11-25 20:42:52 - INFO - ==================================================
2025-11-25 20:42:52 - INFO - 游戏开始
2025-11-25 20:42:52 - INFO - 时间: 2025-11-25 20:42:52
2025-11-25 20:42:52 - INFO - 模式: 正常模式
2025-11-25 20:42:52 - INFO - ==================================================
2025-11-25 20:42:52 - INFO - 开始新游戏，玩家数量: 5
2025-11-25 20:42:52 - INFO - 开始初始化游戏...
2025-11-25 20:42:52 - INFO - 开始初始化牌堆...
2025-11-25 20:42:52 - INFO - 牌堆初始化完成，总牌数: 69
2025-11-25 20:42:52 - INFO - 牌堆创建完成，总牌数: 69
2025-11-25 20:42:52 - INFO - 开始初始化玩家...
2025-11-25 20:42:57 - INFO - 主公 初始手牌: 杀, 闪, 闪, 无懈可击
2025-11-25 20:42:57 - INFO - 创建玩家 0: 主公 (身份: 主公, 武将: 白板武将, 血量: 5)
2025-11-25 20:42:59 - INFO - 反贼1 初始手牌: 闪, 决斗, 决斗, 桃
2025-11-25 20:42:59 - INFO - 创建玩家 1: 反贼1 (身份: 反贼, 武将: 张飞, 血量: 4)
2025-11-25 20:43:02 - INFO - 忠臣 初始手牌: 杀, 闪, 杀, 桃
2025-11-25 20:43:02 - INFO - 创建玩家 2: 忠臣 (身份: 忠臣, 武将: 赵云, 血量: 4)
2025-11-25 20:43:04 - INFO - 反贼2 初始手牌: 杀, 杀, 无懈可击, 杀
2025-11-25 20:43:04 - INFO - 创建玩家 3: 反贼2 (身份: 反贼, 武将: 吕蒙, 血量: 4)
2025-11-25 20:43:05 - INFO - 内奸 初始手牌: 闪, 桃, 诸葛连弩, 桃
2025-11-25 20:43:05 - INFO - 创建玩家 4: 内奸 (身份: 内奸, 武将: 凌操, 血量: 4)
2025-11-25 20:43:05 - INFO - ControlManager初始化完成，管理 5 个Control实例
2025-11-25 20:43:05 - INFO - 玩家控制器创建完成，玩家数量: 5
2025-11-25 20:43:05 - INFO - 初始玩家ID: 0
2025-11-25 20:43:05 - INFO - 游戏初始化完成
2025-11-25 20:43:05 - INFO - 游戏主循环开始
2025-11-25 20:43:05 - INFO - === 第 1 回合开始，主公 的回合 ===
2025-11-25 20:43:05 - INFO - ============================================================
2025-11-25 20:43:05 - INFO - 当前所有玩家状态:
2025-11-25 20:43:05 - INFO - 玩家0 (主公) [主公] (白板武将) - 血量: 5/5 - 手牌: 杀, 闪, 闪, 无懈可击 - 装备: 无
2025-11-25 20:43:05 - INFO - 玩家1 (反贼1) [反贼] (张飞) - 血量: 4/4 - 手牌: 闪, 决斗, 决斗, 桃 - 装备: 无
2025-11-25 20:43:05 - INFO - 玩家2 (忠臣) [忠臣] (赵云) - 血量: 4/4 - 手牌: 杀, 闪, 杀, 桃 - 装备: 无
2025-11-25 20:43:05 - INFO - 玩家3 (反贼2) [反贼] (吕蒙) - 血量: 4/4 - 手牌: 杀, 杀, 无懈可击, 杀 - 装备: 无
2025-11-25 20:43:05 - INFO - 玩家4 (内奸) [内奸] (凌操) - 血量: 4/4 - 手牌: 闪, 桃, 诸葛连弩, 桃 - 装备: 无
2025-11-25 20:43:05 - INFO - ============================================================
2025-11-25 20:43:05 - INFO - ============================================================
2025-11-25 20:43:05 - INFO - 当前牌堆状态:
2025-11-25 20:43:05 - INFO - 正常牌堆: 49 张牌
2025-11-25 20:43:05 - INFO - 弃牌堆: 0 张牌
2025-11-25 20:43:05 - INFO - ============================================================
2025-11-25 20:43:05 - INFO - 主公 进入 准备 阶段
2025-11-25 20:43:05 - INFO - 主公 进入 摸牌 阶段
2025-11-25 20:43:07 - INFO - 主公 摸牌: 桃, 进攻马
2025-11-25 20:43:07 - INFO - 主公 进入 出牌 阶段
2025-11-25 20:43:07 - INFO - 主公 使用 进攻马，目标: 主公
2025-11-25 20:43:09 - INFO - 玩家 主公 打出牌: 进攻马
2025-11-25 20:43:09 - INFO - 主公 装备 进攻马 (进攻马)
2025-11-25 20:43:09 - INFO - 主公 回合结束
2025-11-25 20:43:09 - INFO - === 第 2 回合开始，反贼1 的回合 ===
2025-11-25 20:43:09 - INFO - ============================================================
2025-11-25 20:43:09 - INFO - 当前所有玩家状态:
2025-11-25 20:43:09 - INFO - 玩家0 (主公) [主公] (白板武将) - 血量: 5/5 - 手牌: 杀, 闪, 闪, 无懈可击, 桃 - 装备: 进攻马: 进攻马
2025-11-25 20:43:09 - INFO - 玩家1 (反贼1) [反贼] (张飞) - 血量: 4/4 - 手牌: 闪, 决斗, 决斗, 桃 - 装备: 无
2025-11-25 20:43:09 - INFO - 玩家2 (忠臣) [忠臣] (赵云) - 血量: 4/4 - 手牌: 杀, 闪, 杀, 桃 - 装备: 无
2025-11-25 20:43:09 - INFO - 玩家3 (反贼2) [反贼] (吕蒙) - 血量: 4/4 - 手牌: 杀, 杀, 无懈可击, 杀 - 装备: 无
2025-11-25 20:43:09 - INFO - 玩家4 (内奸) [内奸] (凌操) - 血量: 4/4 - 手牌: 闪, 桃, 诸葛连弩, 桃 - 装备: 无
2025-11-25 20:43:09 - INFO - ============================================================
2025-11-25 20:43:09 - INFO - ============================================================
2025-11-25 20:43:09 - INFO - 当前牌堆状态:
2025-11-25 20:43:09 - INFO - 正常牌堆: 47 张牌
2025-11-25 20:43:09 - INFO - 弃牌堆: 0 张牌
2025-11-25 20:43:09 - INFO - ============================================================
2025-11-25 20:43:09 - INFO - 反贼1 进入 准备 阶段
2025-11-25 20:43:09 - INFO - 反贼1 进入 摸牌 阶段
2025-11-25 20:43:10 - INFO - 反贼1 摸牌: 闪, 杀
2025-11-25 20:43:10 - INFO - 反贼1 进入 出牌 阶段
2025-11-25 20:43:10 - INFO - 反贼1发动技能[咆哮]
2025-11-25 20:43:10 - INFO - 反贼1 使用 决斗，目标: 主公
2025-11-25 20:43:12 - INFO - 反贼1对主公表敌意（决斗）
2025-11-25 20:43:12 - INFO - 反贼1跳反
2025-11-25 20:43:12 - INFO - 反贼1对主公表敌意（决斗）
2025-11-25 20:43:12 - INFO - 反贼1跳反
2025-11-25 20:43:12 - INFO - 反贼1对主公表敌意（决斗）
2025-11-25 20:43:12 - INFO - 反贼1跳反
2025-11-25 20:43:12 - INFO - 玩家 反贼1 打出牌: 决斗
2025-11-25 20:43:12 - INFO - 反贼1 使用 决斗，目标: 主公
2025-11-25 20:43:12 - INFO - 主公 使用 无懈可击 响应
2025-11-25 20:43:15 - INFO - 主公对主公献殷勤（无懈可击）
2025-11-25 20:43:15 - INFO - 主公跳忠
2025-11-25 20:43:15 - INFO - 主公对主公献殷勤（无懈可击）
2025-11-25 20:43:15 - INFO - 主公跳忠
2025-11-25 20:43:15 - INFO - 主公对主公献殷勤（无懈可击）
2025-11-25 20:43:15 - INFO - 主公跳忠
2025-11-25 20:43:15 - INFO - 反贼2 使用 无懈可击 响应
2025-11-25 20:43:17 - INFO - 反贼2对主公表敌意（无懈可击抵消）
2025-11-25 20:43:17 - INFO - 反贼2跳反
2025-11-25 20:43:17 - INFO - 反贼2对主公表敌意（无懈可击抵消）
2025-11-25 20:43:17 - INFO - 反贼2跳反
2025-11-25 20:43:17 - INFO - 反贼2对主公表敌意（无懈可击抵消）
2025-11-25 20:43:17 - INFO - 反贼2跳反
2025-11-25 20:43:17 - INFO - 决斗第1轮：主公 对 反贼1
2025-11-25 20:43:17 - INFO - 主公 使用 杀 响应
2025-11-25 20:43:19 - INFO - 决斗第2轮：反贼1 对 主公
2025-11-25 20:43:19 - INFO - 反贼1 使用 杀 响应
2025-11-25 20:43:22 - INFO - 决斗第3轮：主公 对 反贼1
2025-11-25 20:43:22 - INFO - 主公 受到 1 点伤害，当前血量: 4/5
2025-11-25 20:43:24 - INFO - 反贼1发动技能[咆哮]
2025-11-25 20:43:24 - INFO - 反贼1 使用 决斗，目标: 主公
2025-11-25 20:43:26 - INFO - 反贼1对主公表敌意（决斗）
2025-11-25 20:43:26 - INFO - 反贼1对主公表敌意（决斗）
2025-11-25 20:43:26 - INFO - 反贼1对主公表敌意（决斗）
2025-11-25 20:43:26 - INFO - 玩家 反贼1 打出牌: 决斗
2025-11-25 20:43:26 - INFO - 反贼1 使用 决斗，目标: 主公
2025-11-25 20:43:26 - INFO - 决斗第1轮：主公 对 反贼1
2025-11-25 20:43:26 - INFO - 主公 受到 1 点伤害，当前血量: 3/5
2025-11-25 20:43:28 - INFO - 反贼1发动技能[咆哮]
2025-11-25 20:43:28 - INFO - 反贼1 回合结束
2025-11-25 20:43:28 - INFO - === 第 3 回合开始，忠臣 的回合 ===
2025-11-25 20:43:28 - INFO - ============================================================
2025-11-25 20:43:28 - INFO - 当前所有玩家状态:
2025-11-25 20:43:28 - INFO - 玩家0 (主公) [主公] (白板武将) - 血量: 3/5 - 手牌: 闪, 闪, 桃 - 装备: 进攻马: 进攻马
2025-11-25 20:43:28 - INFO - 玩家1 (反贼1) [反贼] (张飞) - 血量: 4/4 - 手牌: 闪, 桃, 闪 - 装备: 无
2025-11-25 20:43:28 - INFO - 玩家2 (忠臣) [忠臣] (赵云) - 血量: 4/4 - 手牌: 杀, 闪, 杀, 桃 - 装备: 无
2025-11-25 20:43:28 - INFO - 玩家3 (反贼2) [反贼] (吕蒙) - 血量: 4/4 - 手牌: 杀, 杀, 杀 - 装备: 无
2025-11-25 20:43:28 - INFO - 玩家4 (内奸) [内奸] (凌操) - 血量: 4/4 - 手牌: 闪, 桃, 诸葛连弩, 桃 - 装备: 无
2025-11-25 20:43:28 - INFO - ============================================================
2025-11-25 20:43:28 - INFO - ============================================================
2025-11-25 20:43:28 - INFO - 当前牌堆状态:
2025-11-25 20:43:28 - INFO - 正常牌堆: 45 张牌
2025-11-25 20:43:28 - INFO - 弃牌堆: 6 张牌
2025-11-25 20:43:28 - INFO - 弃牌堆最后5张牌: 无懈可击, 杀, 杀, 决斗, 决斗
2025-11-25 20:43:28 - INFO - ============================================================
2025-11-25 20:43:28 - INFO - 忠臣 进入 准备 阶段
2025-11-25 20:43:28 - INFO - 忠臣 进入 摸牌 阶段
2025-11-25 20:43:29 - INFO - 忠臣 摸牌: 杀, 仁王盾
2025-11-25 20:43:29 - INFO - 忠臣 进入 出牌 阶段
2025-11-25 20:43:34 - INFO - 忠臣 使用 仁王盾，目标: 忠臣
2025-11-25 20:43:37 - INFO - 玩家 忠臣 打出牌: 仁王盾
2025-11-25 20:43:37 - INFO - 忠臣 装备 仁王盾 (防具)
2025-11-25 20:43:46 - INFO - 忠臣 使用 杀，目标: 反贼2
2025-11-25 20:43:48 - INFO - 忠臣对反贼2表敌意（杀）
2025-11-25 20:43:48 - INFO - 忠臣跳忠
2025-11-25 20:43:48 - INFO - 忠臣对反贼2表敌意（杀）
2025-11-25 20:43:48 - INFO - 忠臣跳忠
2025-11-25 20:43:48 - INFO - 忠臣对反贼2表敌意（杀）
2025-11-25 20:43:48 - INFO - 忠臣跳忠
2025-11-25 20:43:48 - INFO - 玩家 忠臣 打出牌: 杀
2025-11-25 20:43:48 - INFO - 反贼2 受到 1 点伤害，当前血量: 3/4
2025-11-25 20:43:50 - INFO - 忠臣 回合结束
2025-11-25 20:43:50 - INFO - === 第 4 回合开始，反贼2 的回合 ===
2025-11-25 20:43:50 - INFO - ============================================================
2025-11-25 20:43:50 - INFO - 当前所有玩家状态:
2025-11-25 20:43:50 - INFO - 玩家0 (主公) [主公] (白板武将) - 血量: 3/5 - 手牌: 闪, 闪, 桃 - 装备: 进攻马: 进攻马
2025-11-25 20:43:50 - INFO - 玩家1 (反贼1) [反贼] (张飞) - 血量: 4/4 - 手牌: 闪, 桃, 闪 - 装备: 无
2025-11-25 20:43:50 - INFO - 玩家2 (忠臣) [忠臣] (赵云) - 血量: 4/4 - 手牌: 闪, 杀, 桃, 杀 - 装备: 防具: 仁王盾
2025-11-25 20:43:50 - INFO - 玩家3 (反贼2) [反贼] (吕蒙) - 血量: 3/4 - 手牌: 杀, 杀, 杀 - 装备: 无
2025-11-25 20:43:50 - INFO - 玩家4 (内奸) [内奸] (凌操) - 血量: 4/4 - 手牌: 闪, 桃, 诸葛连弩, 桃 - 装备: 无
2025-11-25 20:43:50 - INFO - ============================================================
2025-11-25 20:43:50 - INFO - ============================================================
2025-11-25 20:43:50 - INFO - 当前牌堆状态:
2025-11-25 20:43:50 - INFO - 正常牌堆: 43 张牌
2025-11-25 20:43:50 - INFO - 弃牌堆: 7 张牌
2025-11-25 20:43:50 - INFO - 弃牌堆最后5张牌: 杀, 杀, 决斗, 决斗, 杀
2025-11-25 20:43:50 - INFO - ============================================================
2025-11-25 20:43:50 - INFO - 反贼2 进入 准备 阶段
2025-11-25 20:43:50 - INFO - 反贼2 进入 摸牌 阶段
2025-11-25 20:43:51 - INFO - 反贼2 摸牌: 青釭剑, 闪
2025-11-25 20:43:51 - INFO - 反贼2 进入 出牌 阶段
2025-11-25 20:43:51 - INFO - 反贼2 使用 青釭剑，目标: 反贼2
2025-11-25 20:43:54 - INFO - 玩家 反贼2 打出牌: 青釭剑
2025-11-25 20:43:54 - INFO - 反贼2 装备 青釭剑 (武器)
2025-11-25 20:43:54 - INFO - 反贼2发动技能[克己]
2025-11-25 20:43:54 - INFO - 反贼2 技能[克己]生效：本回合未使用杀，不弃任何手牌
2025-11-25 20:43:54 - INFO - 反贼2 回合结束
2025-11-25 20:43:54 - INFO - === 第 5 回合开始，内奸 的回合 ===
2025-11-25 20:43:54 - INFO - ============================================================
2025-11-25 20:43:54 - INFO - 当前所有玩家状态:
2025-11-25 20:43:54 - INFO - 玩家0 (主公) [主公] (白板武将) - 血量: 3/5 - 手牌: 闪, 闪, 桃 - 装备: 进攻马: 进攻马
2025-11-25 20:43:54 - INFO - 玩家1 (反贼1) [反贼] (张飞) - 血量: 4/4 - 手牌: 闪, 桃, 闪 - 装备: 无
2025-11-25 20:43:54 - INFO - 玩家2 (忠臣) [忠臣] (赵云) - 血量: 4/4 - 手牌: 闪, 杀, 桃, 杀 - 装备: 防具: 仁王盾
2025-11-25 20:43:54 - INFO - 玩家3 (反贼2) [反贼] (吕蒙) - 血量: 3/4 - 手牌: 杀, 杀, 杀, 闪 - 装备: 武器: 青釭剑
2025-11-25 20:43:54 - INFO - 玩家4 (内奸) [内奸] (凌操) - 血量: 4/4 - 手牌: 闪, 桃, 诸葛连弩, 桃 - 装备: 无
2025-11-25 20:43:54 - INFO - ============================================================
2025-11-25 20:43:54 - INFO - ============================================================
2025-11-25 20:43:54 - INFO - 当前牌堆状态:
2025-11-25 20:43:54 - INFO - 正常牌堆: 41 张牌
2025-11-25 20:43:54 - INFO - 弃牌堆: 7 张牌
2025-11-25 20:43:54 - INFO - 弃牌堆最后5张牌: 杀, 杀, 决斗, 决斗, 杀
2025-11-25 20:43:54 - INFO - ============================================================
2025-11-25 20:43:54 - INFO - 内奸 进入 准备 阶段
2025-11-25 20:43:54 - INFO - 内奸 进入 摸牌 阶段
2025-11-25 20:43:54 - INFO - 内奸发动技能[凌操]
2025-11-25 20:43:54 - INFO - 内奸 摸牌: 杀, 杀, 杀
2025-11-25 20:43:54 - INFO - 内奸 进入 出牌 阶段
2025-11-25 20:43:54 - INFO - 内奸 使用 杀，目标: 反贼2
2025-11-25 20:43:57 - INFO - 内奸对反贼2表敌意（杀）
2025-11-25 20:43:57 - INFO - 内奸跳忠
2025-11-25 20:43:57 - INFO - 内奸对反贼2表敌意（杀）
2025-11-25 20:43:57 - INFO - 内奸跳忠
2025-11-25 20:43:57 - INFO - 内奸对反贼2表敌意（杀）
2025-11-25 20:43:57 - INFO - 内奸跳忠
2025-11-25 20:43:57 - INFO - 玩家 内奸 打出牌: 杀
2025-11-25 20:43:57 - INFO - 反贼2 使用 闪 响应
2025-11-25 20:43:59 - INFO - 内奸 使用 诸葛连弩，目标: 内奸
2025-11-25 20:44:01 - INFO - 玩家 内奸 打出牌: 诸葛连弩
2025-11-25 20:44:01 - INFO - 内奸 装备 诸葛连弩 (武器)
2025-11-25 20:44:01 - INFO - 内奸 使用 杀，目标: 反贼2
2025-11-25 20:44:04 - INFO - 内奸对反贼2表敌意（杀）
2025-11-25 20:44:04 - INFO - 内奸对反贼2表敌意（杀）
2025-11-25 20:44:04 - INFO - 内奸对反贼2表敌意（杀）
2025-11-25 20:44:04 - INFO - 玩家 内奸 打出牌: 杀
2025-11-25 20:44:04 - INFO - 反贼2 受到 1 点伤害，当前血量: 2/4
2025-11-25 20:44:06 - INFO - 内奸 使用 杀，目标: 主公
2025-11-25 20:44:08 - INFO - 内奸对主公表敌意（杀）
2025-11-25 20:44:08 - INFO - 内奸跳反
2025-11-25 20:44:08 - INFO - 内奸对主公表敌意（杀）
2025-11-25 20:44:08 - INFO - 内奸跳反
2025-11-25 20:44:08 - INFO - 内奸对主公表敌意（杀）
2025-11-25 20:44:08 - INFO - 内奸跳反
2025-11-25 20:44:08 - INFO - 玩家 内奸 打出牌: 杀
2025-11-25 20:44:08 - INFO - 主公 使用 闪 响应
2025-11-25 20:44:11 - INFO - 内奸 回合结束
2025-11-25 20:44:11 - INFO - === 第 6 回合开始，主公 的回合 ===
2025-11-25 20:44:11 - INFO - ============================================================
2025-11-25 20:44:11 - INFO - 当前所有玩家状态:
2025-11-25 20:44:11 - INFO - 玩家0 (主公) [主公] (白板武将) - 血量: 3/5 - 手牌: 闪, 桃 - 装备: 进攻马: 进攻马
2025-11-25 20:44:11 - INFO - 玩家1 (反贼1) [反贼] (张飞) - 血量: 4/4 - 手牌: 闪, 桃, 闪 - 装备: 无
2025-11-25 20:44:11 - INFO - 玩家2 (忠臣) [忠臣] (赵云) - 血量: 4/4 - 手牌: 闪, 杀, 桃, 杀 - 装备: 防具: 仁王盾
2025-11-25 20:44:11 - INFO - 玩家3 (反贼2) [反贼] (吕蒙) - 血量: 2/4 - 手牌: 杀, 杀, 杀 - 装备: 武器: 青釭剑
2025-11-25 20:44:11 - INFO - 玩家4 (内奸) [内奸] (凌操) - 血量: 4/4 - 手牌: 闪, 桃, 桃 - 装备: 武器: 诸葛连弩
2025-11-25 20:44:11 - INFO - ============================================================
2025-11-25 20:44:11 - INFO - ============================================================
2025-11-25 20:44:11 - INFO - 当前牌堆状态:
2025-11-25 20:44:11 - INFO - 正常牌堆: 38 张牌
2025-11-25 20:44:11 - INFO - 弃牌堆: 12 张牌
2025-11-25 20:44:11 - INFO - 弃牌堆最后5张牌: 杀, 闪, 杀, 杀, 闪
2025-11-25 20:44:11 - INFO - ============================================================
2025-11-25 20:44:11 - INFO - 主公 进入 准备 阶段
2025-11-25 20:44:11 - INFO - 主公 进入 摸牌 阶段
2025-11-25 20:44:12 - INFO - 主公 摸牌: 杀, 闪
2025-11-25 20:44:12 - INFO - 主公 进入 出牌 阶段
2025-11-25 20:44:12 - INFO - 主公 使用 桃，目标: 主公
2025-11-25 20:44:15 - INFO - 玩家 主公 打出牌: 桃
2025-11-25 20:44:15 - INFO - 主公 恢复 1 点血量，当前血量: 4/5
2025-11-25 20:44:17 - INFO - 主公 使用 杀，目标: 反贼1
2025-11-25 20:44:19 - INFO - 主公对反贼1表敌意（杀）
2025-11-25 20:44:19 - INFO - 主公对反贼1表敌意（杀）
2025-11-25 20:44:19 - INFO - 主公对反贼1表敌意（杀）
2025-11-25 20:44:19 - INFO - 玩家 主公 打出牌: 杀
2025-11-25 20:44:19 - INFO - 反贼1 使用 闪 响应
2025-11-25 20:44:21 - INFO - 主公 回合结束
2025-11-25 20:44:21 - INFO - === 第 7 回合开始，反贼1 的回合 ===
2025-11-25 20:44:21 - INFO - ============================================================
2025-11-25 20:44:21 - INFO - 当前所有玩家状态:
2025-11-25 20:44:21 - INFO - 玩家0 (主公) [主公] (白板武将) - 血量: 4/5 - 手牌: 闪, 闪 - 装备: 进攻马: 进攻马
2025-11-25 20:44:21 - INFO - 玩家1 (反贼1) [反贼] (张飞) - 血量: 4/4 - 手牌: 桃, 闪 - 装备: 无
2025-11-25 20:44:21 - INFO - 玩家2 (忠臣) [忠臣] (赵云) - 血量: 4/4 - 手牌: 闪, 杀, 桃, 杀 - 装备: 防具: 仁王盾
2025-11-25 20:44:21 - INFO - 玩家3 (反贼2) [反贼] (吕蒙) - 血量: 2/4 - 手牌: 杀, 杀, 杀 - 装备: 武器: 青釭剑
2025-11-25 20:44:21 - INFO - 玩家4 (内奸) [内奸] (凌操) - 血量: 4/4 - 手牌: 闪, 桃, 桃 - 装备: 武器: 诸葛连弩
2025-11-25 20:44:21 - INFO - ============================================================
2025-11-25 20:44:21 - INFO - ============================================================
2025-11-25 20:44:21 - INFO - 当前牌堆状态:
2025-11-25 20:44:21 - INFO - 正常牌堆: 36 张牌
2025-11-25 20:44:21 - INFO - 弃牌堆: 15 张牌
2025-11-25 20:44:21 - INFO - 弃牌堆最后5张牌: 杀, 闪, 桃, 杀, 闪
2025-11-25 20:44:21 - INFO - ============================================================
2025-11-25 20:44:21 - INFO - 反贼1 进入 准备 阶段
2025-11-25 20:44:21 - INFO - 反贼1 进入 摸牌 阶段
2025-11-25 20:44:23 - INFO - 反贼1 摸牌: 闪, 无懈可击
2025-11-25 20:44:23 - INFO - 反贼1 进入 出牌 阶段
2025-11-25 20:44:23 - INFO - 反贼1发动技能[咆哮]
2025-11-25 20:44:23 - INFO - 反贼1 回合结束
2025-11-25 20:44:23 - INFO - === 第 8 回合开始，忠臣 的回合 ===
2025-11-25 20:44:23 - INFO - ============================================================
2025-11-25 20:44:23 - INFO - 当前所有玩家状态:
2025-11-25 20:44:23 - INFO - 玩家0 (主公) [主公] (白板武将) - 血量: 4/5 - 手牌: 闪, 闪 - 装备: 进攻马: 进攻马
2025-11-25 20:44:23 - INFO - 玩家1 (反贼1) [反贼] (张飞) - 血量: 4/4 - 手牌: 桃, 闪, 闪, 无懈可击 - 装备: 无
2025-11-25 20:44:23 - INFO - 玩家2 (忠臣) [忠臣] (赵云) - 血量: 4/4 - 手牌: 闪, 杀, 桃, 杀 - 装备: 防具: 仁王盾
2025-11-25 20:44:23 - INFO - 玩家3 (反贼2) [反贼] (吕蒙) - 血量: 2/4 - 手牌: 杀, 杀, 杀 - 装备: 武器: 青釭剑
2025-11-25 20:44:23 - INFO - 玩家4 (内奸) [内奸] (凌操) - 血量: 4/4 - 手牌: 闪, 桃, 桃 - 装备: 武器: 诸葛连弩
2025-11-25 20:44:23 - INFO - ============================================================
2025-11-25 20:44:23 - INFO - ============================================================
2025-11-25 20:44:23 - INFO - 当前牌堆状态:
2025-11-25 20:44:23 - INFO - 正常牌堆: 34 张牌
2025-11-25 20:44:23 - INFO - 弃牌堆: 15 张牌
2025-11-25 20:44:23 - INFO - 弃牌堆最后5张牌: 杀, 闪, 桃, 杀, 闪
2025-11-25 20:44:23 - INFO - ============================================================
2025-11-25 20:44:23 - INFO - 忠臣 进入 准备 阶段
2025-11-25 20:44:23 - INFO - 忠臣 进入 摸牌 阶段
2025-11-25 20:44:24 - INFO - 忠臣 摸牌: 杀, 防御马
2025-11-25 20:44:24 - INFO - 忠臣 进入 出牌 阶段
2025-11-25 20:44:27 - INFO - 忠臣 使用 防御马，目标: 忠臣
2025-11-25 20:44:29 - INFO - 玩家 忠臣 打出牌: 防御马
2025-11-25 20:44:29 - INFO - 忠臣 装备 防御马 (防御马)
2025-11-25 20:44:32 - INFO - 忠臣 使用 杀，目标: 反贼2
2025-11-25 20:44:34 - INFO - 忠臣对反贼2表敌意（杀）
2025-11-25 20:44:34 - INFO - 忠臣对反贼2表敌意（杀）
2025-11-25 20:44:34 - INFO - 忠臣对反贼2表敌意（杀）
2025-11-25 20:44:34 - INFO - 玩家 忠臣 打出牌: 杀
2025-11-25 20:44:34 - INFO - 反贼2 受到 1 点伤害，当前血量: 1/4
2025-11-25 20:44:36 - INFO - 忠臣 回合结束
2025-11-25 20:44:36 - INFO - === 第 9 回合开始，反贼2 的回合 ===
2025-11-25 20:44:36 - INFO - ============================================================
2025-11-25 20:44:36 - INFO - 当前所有玩家状态:
2025-11-25 20:44:36 - INFO - 玩家0 (主公) [主公] (白板武将) - 血量: 4/5 - 手牌: 闪, 闪 - 装备: 进攻马: 进攻马
2025-11-25 20:44:36 - INFO - 玩家1 (反贼1) [反贼] (张飞) - 血量: 4/4 - 手牌: 桃, 闪, 闪, 无懈可击 - 装备: 无
2025-11-25 20:44:36 - INFO - 玩家2 (忠臣) [忠臣] (赵云) - 血量: 4/4 - 手牌: 闪, 桃, 杀, 杀 - 装备: 防具: 仁王盾, 防御马: 防御马
2025-11-25 20:44:36 - INFO - 玩家3 (反贼2) [反贼] (吕蒙) - 血量: 1/4 - 手牌: 杀, 杀, 杀 - 装备: 武器: 青釭剑
2025-11-25 20:44:36 - INFO - 玩家4 (内奸) [内奸] (凌操) - 血量: 4/4 - 手牌: 闪, 桃, 桃 - 装备: 武器: 诸葛连弩
2025-11-25 20:44:36 - INFO - ============================================================
2025-11-25 20:44:36 - INFO - ============================================================
2025-11-25 20:44:36 - INFO - 当前牌堆状态:
2025-11-25 20:44:36 - INFO - 正常牌堆: 32 张牌
2025-11-25 20:44:36 - INFO - 弃牌堆: 16 张牌
2025-11-25 20:44:36 - INFO - 弃牌堆最后5张牌: 闪, 桃, 杀, 闪, 杀
2025-11-25 20:44:36 - INFO - ============================================================
2025-11-25 20:44:36 - INFO - 反贼2 进入 准备 阶段
2025-11-25 20:44:36 - INFO - 反贼2 进入 摸牌 阶段
2025-11-25 20:44:37 - INFO - 反贼2 摸牌: 杀, 杀
2025-11-25 20:44:37 - INFO - 反贼2 进入 出牌 阶段
2025-11-25 20:44:37 - INFO - 反贼2发动技能[克己]
2025-11-25 20:44:37 - INFO - 反贼2 技能[克己]生效：本回合未使用杀，不弃任何手牌
2025-11-25 20:44:37 - INFO - 反贼2 回合结束
2025-11-25 20:44:37 - INFO - === 第 10 回合开始，内奸 的回合 ===
2025-11-25 20:44:37 - INFO - ============================================================
2025-11-25 20:44:37 - INFO - 当前所有玩家状态:
2025-11-25 20:44:37 - INFO - 玩家0 (主公) [主公] (白板武将) - 血量: 4/5 - 手牌: 闪, 闪 - 装备: 进攻马: 进攻马
2025-11-25 20:44:37 - INFO - 玩家1 (反贼1) [反贼] (张飞) - 血量: 4/4 - 手牌: 桃, 闪, 闪, 无懈可击 - 装备: 无
2025-11-25 20:44:37 - INFO - 玩家2 (忠臣) [忠臣] (赵云) - 血量: 4/4 - 手牌: 闪, 桃, 杀, 杀 - 装备: 防具: 仁王盾, 防御马: 防御马
2025-11-25 20:44:37 - INFO - 玩家3 (反贼2) [反贼] (吕蒙) - 血量: 1/4 - 手牌: 杀, 杀, 杀, 杀, 杀 - 装备: 武器: 青釭剑
2025-11-25 20:44:37 - INFO - 玩家4 (内奸) [内奸] (凌操) - 血量: 4/4 - 手牌: 闪, 桃, 桃 - 装备: 武器: 诸葛连弩
2025-11-25 20:44:37 - INFO - ============================================================
2025-11-25 20:44:37 - INFO - ============================================================
2025-11-25 20:44:37 - INFO - 当前牌堆状态:
2025-11-25 20:44:37 - INFO - 正常牌堆: 30 张牌
2025-11-25 20:44:37 - INFO - 弃牌堆: 16 张牌
2025-11-25 20:44:37 - INFO - 弃牌堆最后5张牌: 闪, 桃, 杀, 闪, 杀
2025-11-25 20:44:37 - INFO - ============================================================
2025-11-25 20:44:37 - INFO - 内奸 进入 准备 阶段
2025-11-25 20:44:37 - INFO - 内奸 进入 摸牌 阶段
2025-11-25 20:44:37 - INFO - 内奸发动技能[凌操]
2025-11-25 20:44:38 - INFO - 内奸 摸牌: 杀, 桃, 杀
2025-11-25 20:44:38 - INFO - 内奸 进入 出牌 阶段
2025-11-25 20:44:38 - INFO - 内奸 使用 杀，目标: 主公
2025-11-25 20:44:40 - INFO - 内奸对主公表敌意（杀）
2025-11-25 20:44:40 - INFO - 内奸对主公表敌意（杀）
2025-11-25 20:44:40 - INFO - 内奸对主公表敌意（杀）
2025-11-25 20:44:40 - INFO - 玩家 内奸 打出牌: 杀
2025-11-25 20:44:40 - INFO - 主公 使用 闪 响应
2025-11-25 20:44:43 - INFO - 内奸 使用 杀，目标: 主公
2025-11-25 20:44:45 - INFO - 内奸对主公表敌意（杀）
2025-11-25 20:44:45 - INFO - 内奸对主公表敌意（杀）
2025-11-25 20:44:45 - INFO - 内奸对主公表敌意（杀）
2025-11-25 20:44:45 - INFO - 玩家 内奸 打出牌: 杀
2025-11-25 20:44:45 - INFO - 主公 使用 闪 响应
2025-11-25 20:44:47 - INFO - 内奸 回合结束
2025-11-25 20:44:47 - INFO - === 第 11 回合开始，主公 的回合 ===
2025-11-25 20:44:47 - INFO - ============================================================
2025-11-25 20:44:47 - INFO - 当前所有玩家状态:
2025-11-25 20:44:47 - INFO - 玩家0 (主公) [主公] (白板武将) - 血量: 4/5 - 手牌: 无 - 装备: 进攻马: 进攻马
2025-11-25 20:44:47 - INFO - 玩家1 (反贼1) [反贼] (张飞) - 血量: 4/4 - 手牌: 桃, 闪, 闪, 无懈可击 - 装备: 无
2025-11-25 20:44:47 - INFO - 玩家2 (忠臣) [忠臣] (赵云) - 血量: 4/4 - 手牌: 闪, 桃, 杀, 杀 - 装备: 防具: 仁王盾, 防御马: 防御马
2025-11-25 20:44:47 - INFO - 玩家3 (反贼2) [反贼] (吕蒙) - 血量: 1/4 - 手牌: 杀, 杀, 杀, 杀, 杀 - 装备: 武器: 青釭剑
2025-11-25 20:44:47 - INFO - 玩家4 (内奸) [内奸] (凌操) - 血量: 4/4 - 手牌: 闪, 桃, 桃, 桃 - 装备: 武器: 诸葛连弩
2025-11-25 20:44:47 - INFO - ============================================================
2025-11-25 20:44:47 - INFO - ============================================================
2025-11-25 20:44:47 - INFO - 当前牌堆状态:
2025-11-25 20:44:47 - INFO - 正常牌堆: 27 张牌
2025-11-25 20:44:47 - INFO - 弃牌堆: 20 张牌
2025-11-25 20:44:47 - INFO - 弃牌堆最后5张牌: 杀, 杀, 闪, 杀, 闪
2025-11-25 20:44:47 - INFO - ============================================================
2025-11-25 20:44:47 - INFO - 主公 进入 准备 阶段
2025-11-25 20:44:47 - INFO - 主公 进入 摸牌 阶段
2025-11-25 20:44:49 - INFO - 主公 摸牌: 无懈可击, 杀
2025-11-25 20:44:49 - INFO - 主公 进入 出牌 阶段
2025-11-25 20:44:49 - INFO - 主公 使用 杀，目标: 反贼1
2025-11-25 20:44:51 - INFO - 主公对反贼1表敌意（杀）
2025-11-25 20:44:51 - INFO - 主公对反贼1表敌意（杀）
2025-11-25 20:44:51 - INFO - 主公对反贼1表敌意（杀）
2025-11-25 20:44:51 - INFO - 玩家 主公 打出牌: 杀
2025-11-25 20:44:51 - INFO - 反贼1 使用 闪 响应
2025-11-25 20:44:54 - INFO - 主公 回合结束
2025-11-25 20:44:54 - INFO - === 第 12 回合开始，反贼1 的回合 ===
2025-11-25 20:44:54 - INFO - ============================================================
2025-11-25 20:44:54 - INFO - 当前所有玩家状态:
2025-11-25 20:44:54 - INFO - 玩家0 (主公) [主公] (白板武将) - 血量: 4/5 - 手牌: 无懈可击 - 装备: 进攻马: 进攻马
2025-11-25 20:44:54 - INFO - 玩家1 (反贼1) [反贼] (张飞) - 血量: 4/4 - 手牌: 桃, 闪, 无懈可击 - 装备: 无
2025-11-25 20:44:54 - INFO - 玩家2 (忠臣) [忠臣] (赵云) - 血量: 4/4 - 手牌: 闪, 桃, 杀, 杀 - 装备: 防具: 仁王盾, 防御马: 防御马
2025-11-25 20:44:54 - INFO - 玩家3 (反贼2) [反贼] (吕蒙) - 血量: 1/4 - 手牌: 杀, 杀, 杀, 杀, 杀 - 装备: 武器: 青釭剑
2025-11-25 20:44:54 - INFO - 玩家4 (内奸) [内奸] (凌操) - 血量: 4/4 - 手牌: 闪, 桃, 桃, 桃 - 装备: 武器: 诸葛连弩
2025-11-25 20:44:54 - INFO - ============================================================
2025-11-25 20:44:54 - INFO - ============================================================
2025-11-25 20:44:54 - INFO - 当前牌堆状态:
2025-11-25 20:44:54 - INFO - 正常牌堆: 25 张牌
2025-11-25 20:44:54 - INFO - 弃牌堆: 22 张牌
2025-11-25 20:44:54 - INFO - 弃牌堆最后5张牌: 闪, 杀, 闪, 杀, 闪
2025-11-25 20:44:54 - INFO - ============================================================
2025-11-25 20:44:54 - INFO - 反贼1 进入 准备 阶段
2025-11-25 20:44:54 - INFO - 反贼1 进入 摸牌 阶段
2025-11-25 20:44:55 - INFO - 反贼1 摸牌: 闪, 闪
2025-11-25 20:44:55 - INFO - 反贼1 进入 出牌 阶段
2025-11-25 20:44:55 - INFO - 反贼1发动技能[咆哮]
2025-11-25 20:44:57 - INFO - 反贼1 弃牌: 桃
2025-11-25 20:44:57 - INFO - 反贼1 回合结束
2025-11-25 20:44:57 - INFO - === 第 13 回合开始，忠臣 的回合 ===
2025-11-25 20:44:57 - INFO - ============================================================
2025-11-25 20:44:57 - INFO - 当前所有玩家状态:
2025-11-25 20:44:57 - INFO - 玩家0 (主公) [主公] (白板武将) - 血量: 4/5 - 手牌: 无懈可击 - 装备: 进攻马: 进攻马
2025-11-25 20:44:57 - INFO - 玩家1 (反贼1) [反贼] (张飞) - 血量: 4/4 - 手牌: 闪, 无懈可击, 闪, 闪 - 装备: 无
2025-11-25 20:44:57 - INFO - 玩家2 (忠臣) [忠臣] (赵云) - 血量: 4/4 - 手牌: 闪, 桃, 杀, 杀 - 装备: 防具: 仁王盾, 防御马: 防御马
2025-11-25 20:44:57 - INFO - 玩家3 (反贼2) [反贼] (吕蒙) - 血量: 1/4 - 手牌: 杀, 杀, 杀, 杀, 杀 - 装备: 武器: 青釭剑
2025-11-25 20:44:57 - INFO - 玩家4 (内奸) [内奸] (凌操) - 血量: 4/4 - 手牌: 闪, 桃, 桃, 桃 - 装备: 武器: 诸葛连弩
2025-11-25 20:44:57 - INFO - ============================================================
2025-11-25 20:44:57 - INFO - ============================================================
2025-11-25 20:44:57 - INFO - 当前牌堆状态:
2025-11-25 20:44:57 - INFO - 正常牌堆: 23 张牌
2025-11-25 20:44:57 - INFO - 弃牌堆: 23 张牌
2025-11-25 20:44:57 - INFO - 弃牌堆最后5张牌: 杀, 闪, 杀, 闪, 桃
2025-11-25 20:44:57 - INFO - ============================================================
2025-11-25 20:44:57 - INFO - 忠臣 进入 准备 阶段
2025-11-25 20:44:57 - INFO - 忠臣 进入 摸牌 阶段
2025-11-25 20:44:59 - INFO - 忠臣 摸牌: 万箭齐发, 南蛮入侵
2025-11-25 20:44:59 - INFO - 忠臣 进入 出牌 阶段
2025-11-25 20:45:05 - INFO - 忠臣 使用 杀，目标: 反贼2
2025-11-25 20:45:07 - INFO - 忠臣对反贼2表敌意（杀）
2025-11-25 20:45:07 - INFO - 忠臣对反贼2表敌意（杀）
2025-11-25 20:45:07 - INFO - 忠臣对反贼2表敌意（杀）
2025-11-25 20:45:07 - INFO - 玩家 忠臣 打出牌: 杀
2025-11-25 20:45:07 - INFO - 反贼2 受到 1 点伤害，当前血量: 0/4
2025-11-25 20:45:09 - WARNING - 反贼2 濒死！
2025-11-25 20:45:09 - WARNING - 反贼2 (反贼) 死亡！
2025-11-25 20:45:09 - INFO - 忠臣 杀死了反贼 反贼2，摸三张牌！
2025-11-25 20:45:11 - INFO - 忠臣 摸牌: 闪, 南蛮入侵, 桃
2025-11-25 20:45:11 - INFO - 忠臣 摸到了: 闪, 南蛮入侵, 桃
2025-11-25 20:45:28 - INFO - 忠臣 使用 万箭齐发，目标: 主公, 反贼1, 内奸
2025-11-25 20:45:30 - INFO - 玩家 忠臣 打出牌: 万箭齐发
2025-11-25 20:45:30 - INFO - 忠臣 使用 万箭齐发 响应
2025-11-25 20:45:30 - INFO - 反贼1 使用 无懈可击 响应
2025-11-25 20:45:32 - INFO - 反贼1对内奸献殷勤（无懈可击）
2025-11-25 20:45:32 - INFO - 反贼1对内奸献殷勤（无懈可击）
2025-11-25 20:45:32 - INFO - 反贼1对内奸献殷勤（无懈可击）
2025-11-25 20:45:32 - INFO - 万箭齐发对 内奸 被无懈可击
2025-11-25 20:45:32 - INFO - 主公 使用 无懈可击 响应
2025-11-25 20:45:35 - INFO - 主公对主公献殷勤（无懈可击）
2025-11-25 20:45:35 - INFO - 主公对主公献殷勤（无懈可击）
2025-11-25 20:45:35 - INFO - 主公对主公献殷勤（无懈可击）
2025-11-25 20:45:35 - INFO - 万箭齐发对 主公 被无懈可击
2025-11-25 20:45:35 - INFO - 反贼1 使用 闪 响应
2025-11-25 20:45:41 - INFO - 忠臣 使用 南蛮入侵，目标: 主公, 反贼1, 内奸
2025-11-25 20:45:43 - INFO - 玩家 忠臣 打出牌: 南蛮入侵
2025-11-25 20:45:43 - INFO - 忠臣 使用 南蛮入侵 响应
2025-11-25 20:45:43 - INFO - 内奸 受到 1 点伤害，当前血量: 3/4
2025-11-25 20:45:45 - INFO - 主公 受到 1 点伤害，当前血量: 3/5
2025-11-25 20:45:47 - INFO - 反贼1 受到 1 点伤害，当前血量: 3/4
2025-11-25 20:45:52 - INFO - 忠臣 使用 南蛮入侵，目标: 主公, 反贼1, 内奸
2025-11-25 20:45:54 - INFO - 玩家 忠臣 打出牌: 南蛮入侵
2025-11-25 20:45:54 - INFO - 忠臣 使用 南蛮入侵 响应
2025-11-25 20:45:54 - INFO - 内奸 受到 1 点伤害，当前血量: 2/4
2025-11-25 20:45:56 - INFO - 主公 受到 1 点伤害，当前血量: 2/5
2025-11-25 20:45:58 - INFO - 反贼1 受到 1 点伤害，当前血量: 2/4
2025-11-25 20:46:09 - INFO - 忠臣 弃牌: 杀
2025-11-25 20:46:09 - INFO - 忠臣 回合结束
2025-11-25 20:46:09 - INFO - === 第 14 回合开始，内奸 的回合 ===
2025-11-25 20:46:09 - INFO - ============================================================
2025-11-25 20:46:09 - INFO - 当前所有玩家状态:
2025-11-25 20:46:09 - INFO - 玩家0 (主公) [主公] (白板武将) - 血量: 2/5 - 手牌: 无 - 装备: 进攻马: 进攻马
2025-11-25 20:46:09 - INFO - 玩家1 (反贼1) [反贼] (张飞) - 血量: 2/4 - 手牌: 闪, 闪 - 装备: 无
2025-11-25 20:46:09 - INFO - 玩家2 (忠臣) [忠臣] (赵云) - 血量: 4/4 - 手牌: 闪, 桃, 闪, 桃 - 装备: 防具: 仁王盾, 防御马: 防御马
2025-11-25 20:46:09 - INFO - 玩家3 (反贼2) [反贼] (吕蒙) - 血量: 0/4 - 手牌: 无 - 装备: 无
2025-11-25 20:46:09 - INFO - 玩家4 (内奸) [内奸] (凌操) - 血量: 2/4 - 手牌: 闪, 桃, 桃, 桃 - 装备: 武器: 诸葛连弩
2025-11-25 20:46:09 - INFO - ============================================================
2025-11-25 20:46:09 - INFO - ============================================================
2025-11-25 20:46:09 - INFO - 当前牌堆状态:
2025-11-25 20:46:09 - INFO - 正常牌堆: 18 张牌
2025-11-25 20:46:09 - INFO - 弃牌堆: 37 张牌
2025-11-25 20:46:09 - INFO - 弃牌堆最后5张牌: 闪, 万箭齐发, 南蛮入侵, 南蛮入侵, 杀
2025-11-25 20:46:09 - INFO - ============================================================
2025-11-25 20:46:09 - INFO - 内奸 进入 准备 阶段
2025-11-25 20:46:09 - INFO - 内奸 进入 摸牌 阶段
2025-11-25 20:46:09 - INFO - 内奸发动技能[凌操]
2025-11-25 20:46:10 - INFO - 内奸 摸牌: 南蛮入侵, 杀, 杀
2025-11-25 20:46:10 - INFO - 内奸 进入 出牌 阶段
2025-11-25 20:46:10 - INFO - 内奸 使用 杀，目标: 主公
2025-11-25 20:46:12 - INFO - 内奸对主公表敌意（杀）
2025-11-25 20:46:12 - INFO - 内奸对主公表敌意（杀）
2025-11-25 20:46:12 - INFO - 内奸对主公表敌意（杀）
2025-11-25 20:46:12 - INFO - 玩家 内奸 打出牌: 杀
2025-11-25 20:46:12 - INFO - 主公 受到 1 点伤害，当前血量: 1/5
2025-11-25 20:46:14 - INFO - 内奸 使用 桃，目标: 内奸
2025-11-25 20:46:17 - INFO - 玩家 内奸 打出牌: 桃
2025-11-25 20:46:17 - INFO - 内奸 恢复 1 点血量，当前血量: 3/4
2025-11-25 20:46:19 - INFO - 内奸 使用 桃，目标: 内奸
2025-11-25 20:46:21 - INFO - 玩家 内奸 打出牌: 桃
2025-11-25 20:46:21 - INFO - 内奸 恢复 1 点血量，当前血量: 4/4
2025-11-25 20:46:23 - INFO - 内奸 使用 南蛮入侵，目标: 主公, 反贼1, 忠臣
2025-11-25 20:46:25 - INFO - 玩家 内奸 打出牌: 南蛮入侵
2025-11-25 20:46:25 - INFO - 内奸 使用 南蛮入侵 响应
2025-11-25 20:46:25 - INFO - 主公 受到 1 点伤害，当前血量: 0/5
2025-11-25 20:46:27 - WARNING - 主公 濒死！
2025-11-25 20:46:27 - WARNING - 主公 (主公) 死亡！
2025-11-25 20:46:30 - INFO - 内奸 回合结束
2025-11-25 20:46:30 - INFO -  游戏结束！反贼胜利 - 反贼1, 反贼2
2025-11-25 20:46:30 - INFO - ==================================================
2025-11-25 20:46:30 - INFO - 游戏会话结束
2025-11-25 20:46:30 - INFO - ==================================================
