2025-11-24 18:31:40 - INFO - ==================================================
2025-11-24 18:31:40 - INFO - 游戏开始
2025-11-24 18:31:40 - INFO - 时间: 2025-11-24 18:31:40
2025-11-24 18:31:40 - INFO - 模式: 正常模式
2025-11-24 18:31:40 - INFO - ==================================================
2025-11-24 18:31:40 - INFO - 开始新游戏，玩家数量: 5
2025-11-24 18:31:40 - INFO - 开始初始化游戏...
2025-11-24 18:31:40 - INFO - 开始初始化牌堆...
2025-11-24 18:31:40 - INFO - 牌堆初始化完成，总牌数: 69
2025-11-24 18:31:40 - INFO - 牌堆创建完成，总牌数: 69
2025-11-24 18:31:40 - INFO - 开始初始化玩家...
2025-11-24 18:31:44 - INFO - 主公 初始手牌: 杀, 南蛮入侵, 闪, 闪
2025-11-24 18:31:44 - INFO - 创建玩家 0: 主公 (身份: 主公, 武将: 白板武将, 血量: 5)
2025-11-24 18:31:47 - INFO - 反贼1 初始手牌: 闪, 杀, 闪, 杀
2025-11-24 18:31:47 - INFO - 创建玩家 1: 反贼1 (身份: 反贼, 武将: 张飞, 血量: 4)
2025-11-24 18:31:50 - INFO - 忠臣 初始手牌: 杀, 杀, 杀, 杀
2025-11-24 18:31:50 - INFO - 创建玩家 2: 忠臣 (身份: 忠臣, 武将: 白板武将, 血量: 4)
2025-11-24 18:31:51 - INFO - 反贼2 初始手牌: 青釭剑, 无懈可击, 无懈可击, 闪
2025-11-24 18:31:51 - INFO - 创建玩家 3: 反贼2 (身份: 反贼, 武将: 吕蒙, 血量: 4)
2025-11-24 18:31:52 - INFO - 内奸 初始手牌: 决斗, 杀, 杀, 桃
2025-11-24 18:31:52 - INFO - 创建玩家 4: 内奸 (身份: 内奸, 武将: 凌操, 血量: 4)
2025-11-24 18:31:52 - INFO - ControlManager初始化完成，管理 5 个Control实例
2025-11-24 18:31:52 - INFO - 玩家控制器创建完成，玩家数量: 5
2025-11-24 18:31:52 - INFO - 初始玩家ID: 0
2025-11-24 18:31:52 - INFO - 游戏初始化完成
2025-11-24 18:31:52 - INFO - 游戏主循环开始
2025-11-24 18:31:52 - INFO - === 第 1 回合开始，主公 的回合 ===
2025-11-24 18:31:52 - INFO - ============================================================
2025-11-24 18:31:52 - INFO - 当前所有玩家状态:
2025-11-24 18:31:52 - INFO - 玩家0 (主公) [主公] (白板武将) - 血量: 5/5 - 手牌: 杀, 南蛮入侵, 闪, 闪 - 装备: 无
2025-11-24 18:31:52 - INFO - 玩家1 (反贼1) [反贼] (张飞) - 血量: 4/4 - 手牌: 闪, 杀, 闪, 杀 - 装备: 无
2025-11-24 18:31:52 - INFO - 玩家2 (忠臣) [忠臣] (白板武将) - 血量: 4/4 - 手牌: 杀, 杀, 杀, 杀 - 装备: 无
2025-11-24 18:31:52 - INFO - 玩家3 (反贼2) [反贼] (吕蒙) - 血量: 4/4 - 手牌: 青釭剑, 无懈可击, 无懈可击, 闪 - 装备: 无
2025-11-24 18:31:52 - INFO - 玩家4 (内奸) [内奸] (凌操) - 血量: 4/4 - 手牌: 决斗, 杀, 杀, 桃 - 装备: 无
2025-11-24 18:31:52 - INFO - ============================================================
2025-11-24 18:31:52 - INFO - ============================================================
2025-11-24 18:31:52 - INFO - 当前牌堆状态:
2025-11-24 18:31:52 - INFO - 正常牌堆: 49 张牌
2025-11-24 18:31:52 - INFO - 弃牌堆: 0 张牌
2025-11-24 18:31:52 - INFO - ============================================================
2025-11-24 18:31:52 - INFO - 主公 进入 准备 阶段
2025-11-24 18:31:52 - INFO - 主公 进入 摸牌 阶段
2025-11-24 18:31:54 - INFO - 主公 摸牌: 杀, 闪
2025-11-24 18:31:54 - INFO - 主公 进入 出牌 阶段
2025-11-24 18:31:54 - INFO - 主公 使用 南蛮入侵，目标: 反贼1, 忠臣, 反贼2, 内奸
2025-11-24 18:31:56 - INFO - 玩家 主公 打出牌: 南蛮入侵
2025-11-24 18:31:56 - INFO - 主公 使用 南蛮入侵 响应
2025-11-24 18:31:56 - INFO - 反贼1 使用 杀 响应
2025-11-24 18:31:58 - INFO - 忠臣 使用 杀 响应
2025-11-24 18:32:01 - INFO - 反贼2 受到 1 点伤害，当前血量: 3/4
2025-11-24 18:32:03 - INFO - 内奸 使用 杀 响应
2025-11-24 18:32:05 - INFO - 主公 回合结束
2025-11-24 18:32:05 - INFO - === 第 2 回合开始，反贼1 的回合 ===
2025-11-24 18:32:05 - INFO - ============================================================
2025-11-24 18:32:05 - INFO - 当前所有玩家状态:
2025-11-24 18:32:05 - INFO - 玩家0 (主公) [主公] (白板武将) - 血量: 5/5 - 手牌: 杀, 闪, 闪, 杀, 闪 - 装备: 无
2025-11-24 18:32:05 - INFO - 玩家1 (反贼1) [反贼] (张飞) - 血量: 4/4 - 手牌: 闪, 闪, 杀 - 装备: 无
2025-11-24 18:32:05 - INFO - 玩家2 (忠臣) [忠臣] (白板武将) - 血量: 4/4 - 手牌: 杀, 杀, 杀 - 装备: 无
2025-11-24 18:32:05 - INFO - 玩家3 (反贼2) [反贼] (吕蒙) - 血量: 3/4 - 手牌: 青釭剑, 无懈可击, 无懈可击, 闪 - 装备: 无
2025-11-24 18:32:05 - INFO - 玩家4 (内奸) [内奸] (凌操) - 血量: 4/4 - 手牌: 决斗, 杀, 桃 - 装备: 无
2025-11-24 18:32:05 - INFO - ============================================================
2025-11-24 18:32:05 - INFO - ============================================================
2025-11-24 18:32:05 - INFO - 当前牌堆状态:
2025-11-24 18:32:05 - INFO - 正常牌堆: 47 张牌
2025-11-24 18:32:05 - INFO - 弃牌堆: 4 张牌
2025-11-24 18:32:05 - INFO - 弃牌堆所有牌: 杀, 杀, 杀, 南蛮入侵
2025-11-24 18:32:05 - INFO - ============================================================
2025-11-24 18:32:05 - INFO - 反贼1 进入 准备 阶段
2025-11-24 18:32:05 - INFO - 反贼1 进入 摸牌 阶段
2025-11-24 18:32:07 - INFO - 反贼1 摸牌: 无懈可击, 杀
2025-11-24 18:32:07 - INFO - 反贼1 进入 出牌 阶段
2025-11-24 18:32:07 - INFO - 反贼1发动技能[咆哮]
2025-11-24 18:32:10 - INFO - 反贼1 弃牌: 闪
2025-11-24 18:32:10 - INFO - 反贼1 回合结束
2025-11-24 18:32:10 - INFO - === 第 3 回合开始，忠臣 的回合 ===
2025-11-24 18:32:10 - INFO - ============================================================
2025-11-24 18:32:10 - INFO - 当前所有玩家状态:
2025-11-24 18:32:10 - INFO - 玩家0 (主公) [主公] (白板武将) - 血量: 5/5 - 手牌: 杀, 闪, 闪, 杀, 闪 - 装备: 无
2025-11-24 18:32:10 - INFO - 玩家1 (反贼1) [反贼] (张飞) - 血量: 4/4 - 手牌: 闪, 杀, 无懈可击, 杀 - 装备: 无
2025-11-24 18:32:10 - INFO - 玩家2 (忠臣) [忠臣] (白板武将) - 血量: 4/4 - 手牌: 杀, 杀, 杀 - 装备: 无
2025-11-24 18:32:10 - INFO - 玩家3 (反贼2) [反贼] (吕蒙) - 血量: 3/4 - 手牌: 青釭剑, 无懈可击, 无懈可击, 闪 - 装备: 无
2025-11-24 18:32:10 - INFO - 玩家4 (内奸) [内奸] (凌操) - 血量: 4/4 - 手牌: 决斗, 杀, 桃 - 装备: 无
2025-11-24 18:32:10 - INFO - ============================================================
2025-11-24 18:32:10 - INFO - ============================================================
2025-11-24 18:32:10 - INFO - 当前牌堆状态:
2025-11-24 18:32:10 - INFO - 正常牌堆: 45 张牌
2025-11-24 18:32:10 - INFO - 弃牌堆: 5 张牌
2025-11-24 18:32:10 - INFO - 弃牌堆所有牌: 杀, 杀, 杀, 南蛮入侵, 闪
2025-11-24 18:32:10 - INFO - ============================================================
2025-11-24 18:32:10 - INFO - 忠臣 进入 准备 阶段
2025-11-24 18:32:10 - INFO - 忠臣 进入 摸牌 阶段
2025-11-24 18:32:11 - INFO - 忠臣 摸牌: 桃, 杀
2025-11-24 18:32:11 - INFO - 忠臣 进入 出牌 阶段
2025-11-24 18:32:13 - INFO - 忠臣 弃牌: 桃
2025-11-24 18:32:13 - INFO - 忠臣 回合结束
2025-11-24 18:32:13 - INFO - === 第 4 回合开始，反贼2 的回合 ===
2025-11-24 18:32:13 - INFO - ============================================================
2025-11-24 18:32:13 - INFO - 当前所有玩家状态:
2025-11-24 18:32:13 - INFO - 玩家0 (主公) [主公] (白板武将) - 血量: 5/5 - 手牌: 杀, 闪, 闪, 杀, 闪 - 装备: 无
2025-11-24 18:32:13 - INFO - 玩家1 (反贼1) [反贼] (张飞) - 血量: 4/4 - 手牌: 闪, 杀, 无懈可击, 杀 - 装备: 无
2025-11-24 18:32:13 - INFO - 玩家2 (忠臣) [忠臣] (白板武将) - 血量: 4/4 - 手牌: 杀, 杀, 杀, 杀 - 装备: 无
2025-11-24 18:32:13 - INFO - 玩家3 (反贼2) [反贼] (吕蒙) - 血量: 3/4 - 手牌: 青釭剑, 无懈可击, 无懈可击, 闪 - 装备: 无
2025-11-24 18:32:13 - INFO - 玩家4 (内奸) [内奸] (凌操) - 血量: 4/4 - 手牌: 决斗, 杀, 桃 - 装备: 无
2025-11-24 18:32:13 - INFO - ============================================================
2025-11-24 18:32:13 - INFO - ============================================================
2025-11-24 18:32:13 - INFO - 当前牌堆状态:
2025-11-24 18:32:13 - INFO - 正常牌堆: 43 张牌
2025-11-24 18:32:13 - INFO - 弃牌堆: 6 张牌
2025-11-24 18:32:13 - INFO - 弃牌堆最后5张牌: 杀, 杀, 南蛮入侵, 闪, 桃
2025-11-24 18:32:13 - INFO - ============================================================
2025-11-24 18:32:13 - INFO - 反贼2 进入 准备 阶段
2025-11-24 18:32:13 - INFO - 反贼2 进入 摸牌 阶段
2025-11-24 18:32:14 - INFO - 反贼2 摸牌: 杀, 杀
2025-11-24 18:32:14 - INFO - 反贼2 进入 出牌 阶段
2025-11-24 18:32:14 - INFO - 反贼2 使用 青釭剑，目标: 反贼2
2025-11-24 18:32:16 - INFO - 玩家 反贼2 打出牌: 青釭剑
2025-11-24 18:32:16 - INFO - 反贼2 装备 青釭剑 (武器)
2025-11-24 18:32:16 - INFO - 反贼2发动技能[克己]
2025-11-24 18:32:16 - INFO - 反贼2 技能[克己]生效：本回合未使用杀，不弃任何手牌
2025-11-24 18:32:16 - INFO - 反贼2 回合结束
2025-11-24 18:32:16 - INFO - === 第 5 回合开始，内奸 的回合 ===
2025-11-24 18:32:16 - INFO - ============================================================
2025-11-24 18:32:16 - INFO - 当前所有玩家状态:
2025-11-24 18:32:16 - INFO - 玩家0 (主公) [主公] (白板武将) - 血量: 5/5 - 手牌: 杀, 闪, 闪, 杀, 闪 - 装备: 无
2025-11-24 18:32:16 - INFO - 玩家1 (反贼1) [反贼] (张飞) - 血量: 4/4 - 手牌: 闪, 杀, 无懈可击, 杀 - 装备: 无
2025-11-24 18:32:16 - INFO - 玩家2 (忠臣) [忠臣] (白板武将) - 血量: 4/4 - 手牌: 杀, 杀, 杀, 杀 - 装备: 无
2025-11-24 18:32:16 - INFO - 玩家3 (反贼2) [反贼] (吕蒙) - 血量: 3/4 - 手牌: 无懈可击, 无懈可击, 闪, 杀, 杀 - 装备: 武器: 青釭剑
2025-11-24 18:32:16 - INFO - 玩家4 (内奸) [内奸] (凌操) - 血量: 4/4 - 手牌: 决斗, 杀, 桃 - 装备: 无
2025-11-24 18:32:16 - INFO - ============================================================
2025-11-24 18:32:16 - INFO - ============================================================
2025-11-24 18:32:16 - INFO - 当前牌堆状态:
2025-11-24 18:32:16 - INFO - 正常牌堆: 41 张牌
2025-11-24 18:32:16 - INFO - 弃牌堆: 6 张牌
2025-11-24 18:32:16 - INFO - 弃牌堆最后5张牌: 杀, 杀, 南蛮入侵, 闪, 桃
2025-11-24 18:32:16 - INFO - ============================================================
2025-11-24 18:32:16 - INFO - 内奸 进入 准备 阶段
2025-11-24 18:32:16 - INFO - 内奸 进入 摸牌 阶段
2025-11-24 18:32:16 - INFO - 内奸发动技能[凌操]
2025-11-24 18:32:17 - INFO - 内奸 摸牌: 杀, 万箭齐发, 闪
2025-11-24 18:32:17 - INFO - 内奸 进入 出牌 阶段
2025-11-24 18:32:17 - INFO - 内奸 使用 杀，目标: 主公
2025-11-24 18:32:20 - INFO - 内奸对主公表敌意（杀）
2025-11-24 18:32:20 - INFO - 内奸跳反
2025-11-24 18:32:20 - INFO - 内奸对主公表敌意（杀）
2025-11-24 18:32:20 - INFO - 内奸跳反
2025-11-24 18:32:20 - INFO - 内奸对主公表敌意（杀）
2025-11-24 18:32:20 - INFO - 内奸跳反
2025-11-24 18:32:20 - INFO - 内奸对主公表敌意（杀）
2025-11-24 18:32:20 - INFO - 内奸跳反
2025-11-24 18:32:20 - INFO - 玩家 内奸 打出牌: 杀
2025-11-24 18:32:20 - INFO - 主公 使用 闪 响应
2025-11-24 18:32:22 - INFO - 内奸 使用 决斗，目标: 反贼2
2025-11-24 18:32:24 - INFO - 内奸对反贼2表敌意（决斗）
2025-11-24 18:32:24 - INFO - 内奸对反贼2表敌意（决斗）
2025-11-24 18:32:24 - INFO - 内奸对反贼2表敌意（决斗）
2025-11-24 18:32:24 - INFO - 内奸对反贼2表敌意（决斗）
2025-11-24 18:32:24 - INFO - 玩家 内奸 打出牌: 决斗
2025-11-24 18:32:24 - INFO - 内奸 使用 决斗，目标: 反贼2
2025-11-24 18:32:24 - INFO - 决斗第1轮：反贼2 对 内奸
2025-11-24 18:32:24 - INFO - 反贼2 使用 杀 响应
2025-11-24 18:32:27 - INFO - 决斗第2轮：内奸 对 反贼2
2025-11-24 18:32:27 - INFO - 内奸 使用 杀 响应
2025-11-24 18:32:29 - INFO - 决斗第3轮：反贼2 对 内奸
2025-11-24 18:32:29 - INFO - 反贼2 使用 杀 响应
2025-11-24 18:32:31 - INFO - 决斗第4轮：内奸 对 反贼2
2025-11-24 18:32:31 - INFO - 内奸 受到 1 点伤害，当前血量: 3/4
2025-11-24 18:32:33 - INFO - 内奸 使用 万箭齐发，目标: 主公, 反贼1, 忠臣, 反贼2
2025-11-24 18:32:36 - INFO - 玩家 内奸 打出牌: 万箭齐发
2025-11-24 18:32:36 - INFO - 内奸 使用 万箭齐发 响应
2025-11-24 18:32:36 - INFO - 主公 使用 闪 响应
2025-11-24 18:32:38 - INFO - 反贼1 使用 闪 响应
