2025-11-26 20:30:02 - INFO - ==================================================
2025-11-26 20:30:02 - INFO - 游戏开始
2025-11-26 20:30:02 - INFO - 时间: 2025-11-26 20:30:02
2025-11-26 20:30:02 - INFO - 模式: 正常模式
2025-11-26 20:30:02 - INFO - ==================================================
2025-11-26 20:30:02 - INFO - 开始新游戏，玩家数量: 5
2025-11-26 20:30:02 - INFO - 开始初始化游戏...
2025-11-26 20:30:02 - INFO - 开始初始化牌堆...
2025-11-26 20:30:02 - INFO - 牌堆初始化完成，总牌数: 69
2025-11-26 20:30:02 - INFO - 牌堆创建完成，总牌数: 69
2025-11-26 20:30:02 - INFO - 开始初始化玩家...
2025-11-26 20:30:07 - INFO - 主公 初始手牌: 杀, 闪, 决斗, 闪
2025-11-26 20:30:07 - INFO - 创建玩家 0: 主公 (身份: 主公, 武将: 白板武将, 血量: 5)
2025-11-26 20:30:09 - INFO - 反贼1 初始手牌: 无懈可击, 闪, 杀, 杀
2025-11-26 20:30:09 - INFO - 创建玩家 1: 反贼1 (身份: 反贼, 武将: 张飞, 血量: 4)
2025-11-26 20:30:12 - INFO - 忠臣 初始手牌: 杀, 杀, 杀, 南蛮入侵
2025-11-26 20:30:12 - INFO - 创建玩家 2: 忠臣 (身份: 忠臣, 武将: 赵云, 血量: 4)
2025-11-26 20:30:14 - INFO - 反贼2 初始手牌: 杀, 杀, 决斗, 杀
2025-11-26 20:30:14 - INFO - 创建玩家 3: 反贼2 (身份: 反贼, 武将: 吕蒙, 血量: 4)
2025-11-26 20:30:15 - INFO - 内奸 初始手牌: 诸葛连弩, 杀, 闪, 杀
2025-11-26 20:30:15 - INFO - 创建玩家 4: 内奸 (身份: 内奸, 武将: 凌操, 血量: 4)
2025-11-26 20:30:15 - INFO - ControlManager初始化完成，管理 5 个Control实例
2025-11-26 20:30:15 - INFO - 玩家控制器创建完成，玩家数量: 5
2025-11-26 20:30:15 - INFO - 初始玩家ID: 0
2025-11-26 20:30:15 - INFO - 游戏初始化完成
2025-11-26 20:30:15 - INFO - 游戏主循环开始
2025-11-26 20:30:15 - INFO - === 第 1 回合开始，主公 的回合 ===
2025-11-26 20:30:15 - INFO - ============================================================
2025-11-26 20:30:15 - INFO - 当前所有玩家状态:
2025-11-26 20:30:15 - INFO - 玩家0 (主公) [主公] (白板武将) - 血量: 5/5 - 手牌: 杀, 闪, 决斗, 闪 - 装备: 无
2025-11-26 20:30:15 - INFO - 玩家1 (反贼1) [反贼] (张飞) - 血量: 4/4 - 手牌: 无懈可击, 闪, 杀, 杀 - 装备: 无
2025-11-26 20:30:15 - INFO - 玩家2 (忠臣) [忠臣] (赵云) - 血量: 4/4 - 手牌: 杀, 杀, 杀, 南蛮入侵 - 装备: 无
2025-11-26 20:30:15 - INFO - 玩家3 (反贼2) [反贼] (吕蒙) - 血量: 4/4 - 手牌: 杀, 杀, 决斗, 杀 - 装备: 无
2025-11-26 20:30:15 - INFO - 玩家4 (内奸) [内奸] (凌操) - 血量: 4/4 - 手牌: 诸葛连弩, 杀, 闪, 杀 - 装备: 无
2025-11-26 20:30:15 - INFO - ============================================================
2025-11-26 20:30:15 - INFO - ============================================================
2025-11-26 20:30:15 - INFO - 当前牌堆状态:
2025-11-26 20:30:15 - INFO - 正常牌堆: 49 张牌
2025-11-26 20:30:15 - INFO - 弃牌堆: 0 张牌
2025-11-26 20:30:15 - INFO - ============================================================
2025-11-26 20:30:15 - INFO - 主公 进入 准备 阶段
2025-11-26 20:30:15 - INFO - 主公 进入 摸牌 阶段
2025-11-26 20:30:16 - INFO - 主公 摸牌: 杀, 桃
2025-11-26 20:30:16 - INFO - 主公 进入 出牌 阶段
2025-11-26 20:30:19 - INFO - 主公 弃牌: 决斗
2025-11-26 20:30:19 - INFO - 主公 回合结束
2025-11-26 20:30:19 - INFO - === 第 2 回合开始，反贼1 的回合 ===
2025-11-26 20:30:19 - INFO - ============================================================
2025-11-26 20:30:19 - INFO - 当前所有玩家状态:
2025-11-26 20:30:19 - INFO - 玩家0 (主公) [主公] (白板武将) - 血量: 5/5 - 手牌: 杀, 闪, 闪, 杀, 桃 - 装备: 无
2025-11-26 20:30:19 - INFO - 玩家1 (反贼1) [反贼] (张飞) - 血量: 4/4 - 手牌: 无懈可击, 闪, 杀, 杀 - 装备: 无
2025-11-26 20:30:19 - INFO - 玩家2 (忠臣) [忠臣] (赵云) - 血量: 4/4 - 手牌: 杀, 杀, 杀, 南蛮入侵 - 装备: 无
2025-11-26 20:30:19 - INFO - 玩家3 (反贼2) [反贼] (吕蒙) - 血量: 4/4 - 手牌: 杀, 杀, 决斗, 杀 - 装备: 无
2025-11-26 20:30:19 - INFO - 玩家4 (内奸) [内奸] (凌操) - 血量: 4/4 - 手牌: 诸葛连弩, 杀, 闪, 杀 - 装备: 无
2025-11-26 20:30:19 - INFO - ============================================================
2025-11-26 20:30:19 - INFO - ============================================================
2025-11-26 20:30:19 - INFO - 当前牌堆状态:
2025-11-26 20:30:19 - INFO - 正常牌堆: 47 张牌
2025-11-26 20:30:19 - INFO - 弃牌堆: 1 张牌
2025-11-26 20:30:19 - INFO - 弃牌堆所有牌: 决斗
2025-11-26 20:30:19 - INFO - ============================================================
2025-11-26 20:30:19 - INFO - 反贼1 进入 准备 阶段
2025-11-26 20:30:19 - INFO - 反贼1 进入 摸牌 阶段
2025-11-26 20:30:20 - INFO - 反贼1 摸牌: 南蛮入侵, 桃
2025-11-26 20:30:20 - INFO - 反贼1 进入 出牌 阶段
2025-11-26 20:30:20 - INFO - 反贼1发动技能[咆哮]
2025-11-26 20:30:20 - INFO - 反贼1 使用 南蛮入侵，目标: 主公, 忠臣, 反贼2, 内奸
2025-11-26 20:30:22 - INFO - 玩家 反贼1 打出牌: 南蛮入侵
2025-11-26 20:30:22 - INFO - 反贼1 使用 南蛮入侵 响应
2025-11-26 20:30:25 - INFO - 忠臣 使用 杀 响应
2025-11-26 20:30:27 - INFO - 反贼2 使用 杀 响应
2025-11-26 20:30:29 - INFO - 内奸 使用 杀 响应
2025-11-26 20:30:32 - INFO - 主公 使用 杀 响应
2025-11-26 20:30:34 - INFO - 反贼1发动技能[咆哮]
2025-11-26 20:30:37 - INFO - 反贼1 弃牌: 杀
2025-11-26 20:30:37 - INFO - 反贼1 回合结束
2025-11-26 20:30:37 - INFO - === 第 3 回合开始，忠臣 的回合 ===
2025-11-26 20:30:37 - INFO - ============================================================
2025-11-26 20:30:37 - INFO - 当前所有玩家状态:
2025-11-26 20:30:37 - INFO - 玩家0 (主公) [主公] (白板武将) - 血量: 5/5 - 手牌: 闪, 闪, 杀, 桃 - 装备: 无
2025-11-26 20:30:37 - INFO - 玩家1 (反贼1) [反贼] (张飞) - 血量: 4/4 - 手牌: 无懈可击, 闪, 杀, 桃 - 装备: 无
2025-11-26 20:30:37 - INFO - 玩家2 (忠臣) [忠臣] (赵云) - 血量: 4/4 - 手牌: 杀, 杀, 南蛮入侵 - 装备: 无
2025-11-26 20:30:37 - INFO - 玩家3 (反贼2) [反贼] (吕蒙) - 血量: 4/4 - 手牌: 杀, 决斗, 杀 - 装备: 无
2025-11-26 20:30:37 - INFO - 玩家4 (内奸) [内奸] (凌操) - 血量: 4/4 - 手牌: 诸葛连弩, 闪, 杀 - 装备: 无
2025-11-26 20:30:37 - INFO - ============================================================
2025-11-26 20:30:37 - INFO - ============================================================
2025-11-26 20:30:37 - INFO - 当前牌堆状态:
2025-11-26 20:30:37 - INFO - 正常牌堆: 45 张牌
2025-11-26 20:30:37 - INFO - 弃牌堆: 7 张牌
2025-11-26 20:30:37 - INFO - 弃牌堆最后5张牌: 杀, 杀, 杀, 南蛮入侵, 杀
2025-11-26 20:30:37 - INFO - ============================================================
2025-11-26 20:30:37 - INFO - 忠臣 进入 准备 阶段
2025-11-26 20:30:37 - INFO - 忠臣 进入 摸牌 阶段
2025-11-26 20:30:38 - INFO - 忠臣 摸牌: 杀, 桃
2025-11-26 20:30:38 - INFO - 忠臣 进入 出牌 阶段
2025-11-26 20:30:42 - INFO - 忠臣 使用 杀，目标: 反贼2
2025-11-26 20:30:44 - INFO - 忠臣对反贼2表敌意（杀）
2025-11-26 20:30:44 - INFO - 忠臣对反贼2表敌意（杀）
2025-11-26 20:30:44 - INFO - 忠臣对反贼2表敌意（杀）
2025-11-26 20:30:44 - INFO - 玩家 忠臣 打出牌: 杀
2025-11-26 20:30:44 - INFO - 反贼2 受到 1 点伤害，当前血量: 3/4
2025-11-26 20:30:46 - INFO - 忠臣 回合结束
2025-11-26 20:30:46 - INFO - === 第 4 回合开始，反贼2 的回合 ===
2025-11-26 20:30:46 - INFO - ============================================================
2025-11-26 20:30:46 - INFO - 当前所有玩家状态:
2025-11-26 20:30:46 - INFO - 玩家0 (主公) [主公] (白板武将) - 血量: 5/5 - 手牌: 闪, 闪, 杀, 桃 - 装备: 无
2025-11-26 20:30:46 - INFO - 玩家1 (反贼1) [反贼] (张飞) - 血量: 4/4 - 手牌: 无懈可击, 闪, 杀, 桃 - 装备: 无
2025-11-26 20:30:46 - INFO - 玩家2 (忠臣) [忠臣] (赵云) - 血量: 4/4 - 手牌: 杀, 南蛮入侵, 杀, 桃 - 装备: 无
2025-11-26 20:30:46 - INFO - 玩家3 (反贼2) [反贼] (吕蒙) - 血量: 3/4 - 手牌: 杀, 决斗, 杀 - 装备: 无
2025-11-26 20:30:46 - INFO - 玩家4 (内奸) [内奸] (凌操) - 血量: 4/4 - 手牌: 诸葛连弩, 闪, 杀 - 装备: 无
2025-11-26 20:30:46 - INFO - ============================================================
2025-11-26 20:30:46 - INFO - ============================================================
2025-11-26 20:30:46 - INFO - 当前牌堆状态:
2025-11-26 20:30:46 - INFO - 正常牌堆: 43 张牌
2025-11-26 20:30:46 - INFO - 弃牌堆: 8 张牌
2025-11-26 20:30:46 - INFO - 弃牌堆最后5张牌: 杀, 杀, 南蛮入侵, 杀, 杀
2025-11-26 20:30:46 - INFO - ============================================================
2025-11-26 20:30:46 - INFO - 反贼2 进入 准备 阶段
2025-11-26 20:30:46 - INFO - 反贼2 进入 摸牌 阶段
2025-11-26 20:30:47 - INFO - 反贼2 摸牌: 杀, 杀
2025-11-26 20:30:47 - INFO - 反贼2 进入 出牌 阶段
2025-11-26 20:30:47 - INFO - 反贼2 使用 决斗，目标: 主公
2025-11-26 20:30:50 - INFO - 反贼2对主公表敌意（决斗）
2025-11-26 20:30:50 - INFO - 反贼2跳反
2025-11-26 20:30:50 - INFO - 反贼2对主公表敌意（决斗）
2025-11-26 20:30:50 - INFO - 反贼2跳反
2025-11-26 20:30:50 - INFO - 反贼2对主公表敌意（决斗）
2025-11-26 20:30:50 - INFO - 反贼2跳反
2025-11-26 20:30:50 - INFO - 玩家 反贼2 打出牌: 决斗
2025-11-26 20:30:50 - INFO - 反贼2 使用 决斗，目标: 主公
2025-11-26 20:30:50 - INFO - 决斗第1轮：主公 对 反贼2
2025-11-26 20:30:50 - INFO - 主公 使用 杀 响应
2025-11-26 20:30:52 - INFO - 决斗第2轮：反贼2 对 主公
2025-11-26 20:30:52 - INFO - 反贼2 使用 杀 响应
2025-11-26 20:30:54 - INFO - 决斗第3轮：主公 对 反贼2
2025-11-26 20:30:54 - INFO - 主公 受到 1 点伤害，当前血量: 4/5
2025-11-26 20:30:56 - INFO - 反贼2发动技能[克己]
2025-11-26 20:30:56 - INFO - 反贼2 技能[克己]生效：本回合未使用杀，手牌未超限，无需弃牌
2025-11-26 20:30:56 - INFO - 反贼2 回合结束
2025-11-26 20:30:56 - INFO - === 第 5 回合开始，内奸 的回合 ===
2025-11-26 20:30:56 - INFO - ============================================================
2025-11-26 20:30:56 - INFO - 当前所有玩家状态:
2025-11-26 20:30:56 - INFO - 玩家0 (主公) [主公] (白板武将) - 血量: 4/5 - 手牌: 闪, 闪, 桃 - 装备: 无
2025-11-26 20:30:56 - INFO - 玩家1 (反贼1) [反贼] (张飞) - 血量: 4/4 - 手牌: 无懈可击, 闪, 杀, 桃 - 装备: 无
2025-11-26 20:30:56 - INFO - 玩家2 (忠臣) [忠臣] (赵云) - 血量: 4/4 - 手牌: 杀, 南蛮入侵, 杀, 桃 - 装备: 无
2025-11-26 20:30:56 - INFO - 玩家3 (反贼2) [反贼] (吕蒙) - 血量: 3/4 - 手牌: 杀, 杀, 杀 - 装备: 无
2025-11-26 20:30:56 - INFO - 玩家4 (内奸) [内奸] (凌操) - 血量: 4/4 - 手牌: 诸葛连弩, 闪, 杀 - 装备: 无
2025-11-26 20:30:56 - INFO - ============================================================
2025-11-26 20:30:56 - INFO - ============================================================
2025-11-26 20:30:56 - INFO - 当前牌堆状态:
2025-11-26 20:30:56 - INFO - 正常牌堆: 41 张牌
2025-11-26 20:30:56 - INFO - 弃牌堆: 11 张牌
2025-11-26 20:30:56 - INFO - 弃牌堆最后5张牌: 杀, 杀, 杀, 杀, 决斗
2025-11-26 20:30:56 - INFO - ============================================================
2025-11-26 20:30:56 - INFO - 内奸 进入 准备 阶段
2025-11-26 20:30:56 - INFO - 内奸 进入 摸牌 阶段
2025-11-26 20:30:56 - INFO - 内奸发动技能[凌操]
2025-11-26 20:30:57 - INFO - 内奸 摸牌: 杀, 无懈可击, 仁王盾
2025-11-26 20:30:57 - INFO - 内奸 进入 出牌 阶段
2025-11-26 20:30:57 - INFO - 内奸 使用 仁王盾，目标: 内奸
2025-11-26 20:30:59 - INFO - 玩家 内奸 打出牌: 仁王盾
2025-11-26 20:30:59 - INFO - 内奸 装备 仁王盾 (防具)
2025-11-26 20:30:59 - INFO - 内奸 使用 杀，目标: 反贼2
2025-11-26 20:31:02 - INFO - 内奸对反贼2表敌意（杀）
2025-11-26 20:31:02 - INFO - 内奸跳忠
2025-11-26 20:31:02 - INFO - 内奸对反贼2表敌意（杀）
2025-11-26 20:31:02 - INFO - 内奸跳忠
2025-11-26 20:31:02 - INFO - 内奸对反贼2表敌意（杀）
2025-11-26 20:31:02 - INFO - 内奸跳忠
2025-11-26 20:31:02 - INFO - 玩家 内奸 打出牌: 杀
2025-11-26 20:31:02 - INFO - 反贼2 受到 1 点伤害，当前血量: 2/4
2025-11-26 20:31:04 - INFO - 内奸 使用 诸葛连弩，目标: 内奸
2025-11-26 20:31:06 - INFO - 玩家 内奸 打出牌: 诸葛连弩
2025-11-26 20:31:06 - INFO - 内奸 装备 诸葛连弩 (武器)
2025-11-26 20:31:06 - INFO - 内奸 使用 杀，目标: 主公
2025-11-26 20:31:09 - INFO - 内奸对主公表敌意（杀）
2025-11-26 20:31:09 - INFO - 内奸跳反
2025-11-26 20:31:09 - INFO - 内奸对主公表敌意（杀）
2025-11-26 20:31:09 - INFO - 内奸跳反
2025-11-26 20:31:09 - INFO - 内奸对主公表敌意（杀）
2025-11-26 20:31:09 - INFO - 内奸跳反
2025-11-26 20:31:09 - INFO - 玩家 内奸 打出牌: 杀
2025-11-26 20:31:09 - INFO - 主公 使用 闪 响应
2025-11-26 20:31:11 - INFO - 内奸 回合结束
2025-11-26 20:31:11 - INFO - === 第 6 回合开始，主公 的回合 ===
2025-11-26 20:31:11 - INFO - ============================================================
2025-11-26 20:31:11 - INFO - 当前所有玩家状态:
2025-11-26 20:31:11 - INFO - 玩家0 (主公) [主公] (白板武将) - 血量: 4/5 - 手牌: 闪, 桃 - 装备: 无
2025-11-26 20:31:11 - INFO - 玩家1 (反贼1) [反贼] (张飞) - 血量: 4/4 - 手牌: 无懈可击, 闪, 杀, 桃 - 装备: 无
2025-11-26 20:31:11 - INFO - 玩家2 (忠臣) [忠臣] (赵云) - 血量: 4/4 - 手牌: 杀, 南蛮入侵, 杀, 桃 - 装备: 无
2025-11-26 20:31:11 - INFO - 玩家3 (反贼2) [反贼] (吕蒙) - 血量: 2/4 - 手牌: 杀, 杀, 杀 - 装备: 无
2025-11-26 20:31:11 - INFO - 玩家4 (内奸) [内奸] (凌操) - 血量: 4/4 - 手牌: 闪, 无懈可击 - 装备: 武器: 诸葛连弩, 防具: 仁王盾
2025-11-26 20:31:11 - INFO - ============================================================
2025-11-26 20:31:11 - INFO - ============================================================
2025-11-26 20:31:11 - INFO - 当前牌堆状态:
2025-11-26 20:31:11 - INFO - 正常牌堆: 38 张牌
2025-11-26 20:31:11 - INFO - 弃牌堆: 14 张牌
2025-11-26 20:31:11 - INFO - 弃牌堆最后5张牌: 杀, 决斗, 杀, 杀, 闪
2025-11-26 20:31:11 - INFO - ============================================================
2025-11-26 20:31:11 - INFO - 主公 进入 准备 阶段
2025-11-26 20:31:11 - INFO - 主公 进入 摸牌 阶段
2025-11-26 20:31:13 - INFO - 主公 摸牌: 桃, 闪
2025-11-26 20:31:13 - INFO - 主公 进入 出牌 阶段
2025-11-26 20:31:13 - INFO - 主公 使用 桃，目标: 主公
2025-11-26 20:31:15 - INFO - 玩家 主公 打出牌: 桃
2025-11-26 20:31:15 - INFO - 主公 恢复 1 点血量，当前血量: 5/5
2025-11-26 20:31:17 - INFO - 主公 回合结束
2025-11-26 20:31:17 - INFO - === 第 7 回合开始，反贼1 的回合 ===
2025-11-26 20:31:17 - INFO - ============================================================
2025-11-26 20:31:17 - INFO - 当前所有玩家状态:
2025-11-26 20:31:17 - INFO - 玩家0 (主公) [主公] (白板武将) - 血量: 5/5 - 手牌: 闪, 桃, 闪 - 装备: 无
2025-11-26 20:31:17 - INFO - 玩家1 (反贼1) [反贼] (张飞) - 血量: 4/4 - 手牌: 无懈可击, 闪, 杀, 桃 - 装备: 无
2025-11-26 20:31:17 - INFO - 玩家2 (忠臣) [忠臣] (赵云) - 血量: 4/4 - 手牌: 杀, 南蛮入侵, 杀, 桃 - 装备: 无
2025-11-26 20:31:17 - INFO - 玩家3 (反贼2) [反贼] (吕蒙) - 血量: 2/4 - 手牌: 杀, 杀, 杀 - 装备: 无
2025-11-26 20:31:17 - INFO - 玩家4 (内奸) [内奸] (凌操) - 血量: 4/4 - 手牌: 闪, 无懈可击 - 装备: 武器: 诸葛连弩, 防具: 仁王盾
2025-11-26 20:31:17 - INFO - ============================================================
2025-11-26 20:31:17 - INFO - ============================================================
2025-11-26 20:31:17 - INFO - 当前牌堆状态:
2025-11-26 20:31:17 - INFO - 正常牌堆: 36 张牌
2025-11-26 20:31:17 - INFO - 弃牌堆: 15 张牌
2025-11-26 20:31:17 - INFO - 弃牌堆最后5张牌: 决斗, 杀, 杀, 闪, 桃
2025-11-26 20:31:17 - INFO - ============================================================
2025-11-26 20:31:17 - INFO - 反贼1 进入 准备 阶段
2025-11-26 20:31:17 - INFO - 反贼1 进入 摸牌 阶段
2025-11-26 20:31:18 - INFO - 反贼1 摸牌: 闪, 杀
2025-11-26 20:31:18 - INFO - 反贼1 进入 出牌 阶段
2025-11-26 20:31:18 - INFO - 反贼1发动技能[咆哮]
2025-11-26 20:31:23 - INFO - 反贼1 弃牌: 杀, 杀
2025-11-26 20:31:23 - INFO - 反贼1 回合结束
2025-11-26 20:31:23 - INFO - === 第 8 回合开始，忠臣 的回合 ===
2025-11-26 20:31:23 - INFO - ============================================================
2025-11-26 20:31:23 - INFO - 当前所有玩家状态:
2025-11-26 20:31:23 - INFO - 玩家0 (主公) [主公] (白板武将) - 血量: 5/5 - 手牌: 闪, 桃, 闪 - 装备: 无
2025-11-26 20:31:23 - INFO - 玩家1 (反贼1) [反贼] (张飞) - 血量: 4/4 - 手牌: 无懈可击, 闪, 桃, 闪 - 装备: 无
2025-11-26 20:31:23 - INFO - 玩家2 (忠臣) [忠臣] (赵云) - 血量: 4/4 - 手牌: 杀, 南蛮入侵, 杀, 桃 - 装备: 无
2025-11-26 20:31:23 - INFO - 玩家3 (反贼2) [反贼] (吕蒙) - 血量: 2/4 - 手牌: 杀, 杀, 杀 - 装备: 无
2025-11-26 20:31:23 - INFO - 玩家4 (内奸) [内奸] (凌操) - 血量: 4/4 - 手牌: 闪, 无懈可击 - 装备: 武器: 诸葛连弩, 防具: 仁王盾
2025-11-26 20:31:23 - INFO - ============================================================
2025-11-26 20:31:23 - INFO - ============================================================
2025-11-26 20:31:23 - INFO - 当前牌堆状态:
2025-11-26 20:31:23 - INFO - 正常牌堆: 34 张牌
2025-11-26 20:31:23 - INFO - 弃牌堆: 17 张牌
2025-11-26 20:31:23 - INFO - 弃牌堆最后5张牌: 杀, 闪, 桃, 杀, 杀
2025-11-26 20:31:23 - INFO - ============================================================
2025-11-26 20:31:23 - INFO - 忠臣 进入 准备 阶段
2025-11-26 20:31:23 - INFO - 忠臣 进入 摸牌 阶段
2025-11-26 20:31:25 - INFO - 忠臣 摸牌: 青釭剑, 桃
2025-11-26 20:31:25 - INFO - 忠臣 进入 出牌 阶段
2025-11-26 20:31:31 - INFO - 忠臣 使用 杀，目标: 反贼1
2025-11-26 20:31:33 - INFO - 忠臣对反贼1表敌意（杀）
2025-11-26 20:31:33 - INFO - 忠臣对反贼1表敌意（杀）
2025-11-26 20:31:33 - INFO - 忠臣对反贼1表敌意（杀）
2025-11-26 20:31:33 - INFO - 玩家 忠臣 打出牌: 杀
2025-11-26 20:31:33 - INFO - 反贼1 使用 闪 响应
2025-11-26 20:31:37 - INFO - 忠臣 使用 青釭剑，目标: 忠臣
2025-11-26 20:31:40 - INFO - 玩家 忠臣 打出牌: 青釭剑
2025-11-26 20:31:40 - INFO - 忠臣 装备 青釭剑 (武器)
2025-11-26 20:31:40 - INFO - 忠臣 使用 南蛮入侵，目标: 主公, 反贼1, 反贼2, 内奸
2025-11-26 20:31:43 - INFO - 玩家 忠臣 打出牌: 南蛮入侵
2025-11-26 20:31:43 - INFO - 忠臣 使用 南蛮入侵 响应
2025-11-26 20:31:43 - INFO - 内奸 使用 无懈可击 响应
2025-11-26 20:31:45 - INFO - 内奸对反贼2献殷勤（无懈可击）
2025-11-26 20:31:45 - INFO - 内奸对反贼2献殷勤（无懈可击）
2025-11-26 20:31:45 - INFO - 内奸对反贼2献殷勤（无懈可击）
2025-11-26 20:31:45 - INFO - 南蛮入侵对 反贼2 被无懈可击
2025-11-26 20:31:45 - INFO - 反贼1 使用 无懈可击 响应
2025-11-26 20:31:47 - INFO - 反贼1对内奸献殷勤（无懈可击）
2025-11-26 20:31:47 - INFO - 反贼1跳反
2025-11-26 20:31:47 - INFO - 反贼1对内奸献殷勤（无懈可击）
2025-11-26 20:31:47 - INFO - 反贼1跳反
2025-11-26 20:31:47 - INFO - 反贼1对内奸献殷勤（无懈可击）
2025-11-26 20:31:47 - INFO - 反贼1跳反
2025-11-26 20:31:47 - INFO - 南蛮入侵对 内奸 被无懈可击
2025-11-26 20:31:47 - INFO - 主公 受到 1 点伤害，当前血量: 4/5
2025-11-26 20:31:49 - INFO - 主猪认为忠臣是类反猪
2025-11-26 20:31:49 - INFO - 反贼1 受到 1 点伤害，当前血量: 3/4
2025-11-26 20:31:51 - INFO - 忠臣 回合结束
2025-11-26 20:31:51 - INFO - === 第 9 回合开始，反贼2 的回合 ===
2025-11-26 20:31:51 - INFO - ============================================================
2025-11-26 20:31:51 - INFO - 当前所有玩家状态:
2025-11-26 20:31:51 - INFO - 玩家0 (主公) [主公] (白板武将) - 血量: 4/5 - 手牌: 闪, 桃, 闪 - 装备: 无
2025-11-26 20:31:51 - INFO - 玩家1 (反贼1) [反贼] (张飞) - 血量: 3/4 - 手牌: 桃, 闪 - 装备: 无
2025-11-26 20:31:51 - INFO - 玩家2 (忠臣) [忠臣] (赵云) - 血量: 4/4 - 手牌: 杀, 桃, 桃 - 装备: 武器: 青釭剑
2025-11-26 20:31:51 - INFO - 玩家3 (反贼2) [反贼] (吕蒙) - 血量: 2/4 - 手牌: 杀, 杀, 杀 - 装备: 无
2025-11-26 20:31:51 - INFO - 玩家4 (内奸) [内奸] (凌操) - 血量: 4/4 - 手牌: 闪 - 装备: 武器: 诸葛连弩, 防具: 仁王盾
2025-11-26 20:31:51 - INFO - ============================================================
2025-11-26 20:31:51 - INFO - ============================================================
2025-11-26 20:31:51 - INFO - 当前牌堆状态:
2025-11-26 20:31:51 - INFO - 正常牌堆: 32 张牌
2025-11-26 20:31:51 - INFO - 弃牌堆: 22 张牌
2025-11-26 20:31:51 - INFO - 弃牌堆最后5张牌: 杀, 闪, 无懈可击, 无懈可击, 南蛮入侵
2025-11-26 20:31:51 - INFO - ============================================================
2025-11-26 20:31:51 - INFO - 反贼2 进入 准备 阶段
2025-11-26 20:31:51 - INFO - 反贼2 进入 摸牌 阶段
2025-11-26 20:31:52 - INFO - 反贼2 摸牌: 闪, 杀
2025-11-26 20:31:52 - INFO - 反贼2 进入 出牌 阶段
2025-11-26 20:31:52 - INFO - 反贼2发动技能[克己]
2025-11-26 20:31:52 - INFO - 反贼2 技能[克己]生效：本回合未使用杀，不弃任何手牌
2025-11-26 20:31:52 - INFO - 反贼2 回合结束
2025-11-26 20:31:52 - INFO - === 第 10 回合开始，内奸 的回合 ===
2025-11-26 20:31:52 - INFO - ============================================================
2025-11-26 20:31:52 - INFO - 当前所有玩家状态:
2025-11-26 20:31:52 - INFO - 玩家0 (主公) [主公] (白板武将) - 血量: 4/5 - 手牌: 闪, 桃, 闪 - 装备: 无
2025-11-26 20:31:52 - INFO - 玩家1 (反贼1) [反贼] (张飞) - 血量: 3/4 - 手牌: 桃, 闪 - 装备: 无
2025-11-26 20:31:52 - INFO - 玩家2 (忠臣) [忠臣] (赵云) - 血量: 4/4 - 手牌: 杀, 桃, 桃 - 装备: 武器: 青釭剑
2025-11-26 20:31:52 - INFO - 玩家3 (反贼2) [反贼] (吕蒙) - 血量: 2/4 - 手牌: 杀, 杀, 杀, 闪, 杀 - 装备: 无
2025-11-26 20:31:52 - INFO - 玩家4 (内奸) [内奸] (凌操) - 血量: 4/4 - 手牌: 闪 - 装备: 武器: 诸葛连弩, 防具: 仁王盾
2025-11-26 20:31:52 - INFO - ============================================================
2025-11-26 20:31:52 - INFO - ============================================================
2025-11-26 20:31:52 - INFO - 当前牌堆状态:
2025-11-26 20:31:52 - INFO - 正常牌堆: 30 张牌
2025-11-26 20:31:52 - INFO - 弃牌堆: 22 张牌
2025-11-26 20:31:52 - INFO - 弃牌堆最后5张牌: 杀, 闪, 无懈可击, 无懈可击, 南蛮入侵
2025-11-26 20:31:52 - INFO - ============================================================
2025-11-26 20:31:52 - INFO - 内奸 进入 准备 阶段
2025-11-26 20:31:52 - INFO - 内奸 进入 摸牌 阶段
2025-11-26 20:31:52 - INFO - 内奸发动技能[凌操]
2025-11-26 20:31:53 - INFO - 内奸 摸牌: 桃, 杀, 闪, 进攻马
2025-11-26 20:31:53 - INFO - 内奸 进入 出牌 阶段
2025-11-26 20:31:53 - INFO - 内奸 使用 进攻马，目标: 内奸
2025-11-26 20:31:56 - INFO - 玩家 内奸 打出牌: 进攻马
2025-11-26 20:31:56 - INFO - 内奸 装备 进攻马 (进攻马)
2025-11-26 20:31:56 - INFO - 内奸 使用 杀，目标: 主公
2025-11-26 20:31:58 - INFO - 内奸对主公表敌意（杀）
2025-11-26 20:31:58 - INFO - 内奸对主公表敌意（杀）
2025-11-26 20:31:58 - INFO - 内奸对主公表敌意（杀）
2025-11-26 20:31:58 - INFO - 玩家 内奸 打出牌: 杀
2025-11-26 20:31:58 - INFO - 主公 使用 闪 响应
2025-11-26 20:32:00 - INFO - 内奸 回合结束
2025-11-26 20:32:00 - INFO - === 第 11 回合开始，主公 的回合 ===
2025-11-26 20:32:00 - INFO - ============================================================
2025-11-26 20:32:00 - INFO - 当前所有玩家状态:
2025-11-26 20:32:00 - INFO - 玩家0 (主公) [主公] (白板武将) - 血量: 4/5 - 手牌: 桃, 闪 - 装备: 无
2025-11-26 20:32:00 - INFO - 玩家1 (反贼1) [反贼] (张飞) - 血量: 3/4 - 手牌: 桃, 闪 - 装备: 无
2025-11-26 20:32:00 - INFO - 玩家2 (忠臣) [忠臣] (赵云) - 血量: 4/4 - 手牌: 杀, 桃, 桃 - 装备: 武器: 青釭剑
2025-11-26 20:32:00 - INFO - 玩家3 (反贼2) [反贼] (吕蒙) - 血量: 2/4 - 手牌: 杀, 杀, 杀, 闪, 杀 - 装备: 无
2025-11-26 20:32:00 - INFO - 玩家4 (内奸) [内奸] (凌操) - 血量: 4/4 - 手牌: 闪, 桃, 闪 - 装备: 武器: 诸葛连弩, 防具: 仁王盾, 进攻马: 进攻马
2025-11-26 20:32:00 - INFO - ============================================================
2025-11-26 20:32:00 - INFO - ============================================================
2025-11-26 20:32:00 - INFO - 当前牌堆状态:
2025-11-26 20:32:00 - INFO - 正常牌堆: 26 张牌
2025-11-26 20:32:00 - INFO - 弃牌堆: 24 张牌
2025-11-26 20:32:00 - INFO - 弃牌堆最后5张牌: 无懈可击, 无懈可击, 南蛮入侵, 杀, 闪
2025-11-26 20:32:00 - INFO - ============================================================
2025-11-26 20:32:00 - INFO - 主公 进入 准备 阶段
2025-11-26 20:32:00 - INFO - 主公 进入 摸牌 阶段
2025-11-26 20:32:02 - INFO - 主公 摸牌: 杀, 闪
2025-11-26 20:32:02 - INFO - 主公 进入 出牌 阶段
2025-11-26 20:32:02 - INFO - 主公 使用 桃，目标: 主公
2025-11-26 20:32:04 - INFO - 玩家 主公 打出牌: 桃
2025-11-26 20:32:04 - INFO - 主公 恢复 1 点血量，当前血量: 5/5
2025-11-26 20:32:06 - INFO - 主公 使用 杀，目标: 反贼1
2025-11-26 20:32:09 - INFO - 主公对反贼1表敌意（杀）
2025-11-26 20:32:09 - INFO - 主公跳忠
2025-11-26 20:32:09 - INFO - 主公对反贼1表敌意（杀）
2025-11-26 20:32:09 - INFO - 主公跳忠
2025-11-26 20:32:09 - INFO - 主公对反贼1表敌意（杀）
2025-11-26 20:32:09 - INFO - 主公跳忠
2025-11-26 20:32:09 - INFO - 玩家 主公 打出牌: 杀
2025-11-26 20:32:09 - INFO - 反贼1 使用 闪 响应
2025-11-26 20:32:11 - INFO - 主公 回合结束
2025-11-26 20:32:11 - INFO - === 第 12 回合开始，反贼1 的回合 ===
2025-11-26 20:32:11 - INFO - ============================================================
2025-11-26 20:32:11 - INFO - 当前所有玩家状态:
2025-11-26 20:32:11 - INFO - 玩家0 (主公) [主公] (白板武将) - 血量: 5/5 - 手牌: 闪, 闪 - 装备: 无
2025-11-26 20:32:11 - INFO - 玩家1 (反贼1) [反贼] (张飞) - 血量: 3/4 - 手牌: 桃 - 装备: 无
2025-11-26 20:32:11 - INFO - 玩家2 (忠臣) [忠臣] (赵云) - 血量: 4/4 - 手牌: 杀, 桃, 桃 - 装备: 武器: 青釭剑
2025-11-26 20:32:11 - INFO - 玩家3 (反贼2) [反贼] (吕蒙) - 血量: 2/4 - 手牌: 杀, 杀, 杀, 闪, 杀 - 装备: 无
2025-11-26 20:32:11 - INFO - 玩家4 (内奸) [内奸] (凌操) - 血量: 4/4 - 手牌: 闪, 桃, 闪 - 装备: 武器: 诸葛连弩, 防具: 仁王盾, 进攻马: 进攻马
2025-11-26 20:32:11 - INFO - ============================================================
2025-11-26 20:32:11 - INFO - ============================================================
2025-11-26 20:32:11 - INFO - 当前牌堆状态:
2025-11-26 20:32:11 - INFO - 正常牌堆: 24 张牌
2025-11-26 20:32:11 - INFO - 弃牌堆: 27 张牌
2025-11-26 20:32:11 - INFO - 弃牌堆最后5张牌: 杀, 闪, 桃, 杀, 闪
2025-11-26 20:32:11 - INFO - ============================================================
2025-11-26 20:32:11 - INFO - 反贼1 进入 准备 阶段
2025-11-26 20:32:11 - INFO - 反贼1 进入 摸牌 阶段
2025-11-26 20:32:12 - INFO - 反贼1 摸牌: 杀, 闪
2025-11-26 20:32:12 - INFO - 反贼1 进入 出牌 阶段
2025-11-26 20:32:12 - INFO - 反贼1发动技能[咆哮]
2025-11-26 20:32:12 - INFO - 反贼1 使用 桃，目标: 反贼1
2025-11-26 20:32:15 - INFO - 玩家 反贼1 打出牌: 桃
2025-11-26 20:32:15 - INFO - 反贼1 恢复 1 点血量，当前血量: 4/4
2025-11-26 20:32:17 - INFO - 反贼1发动技能[咆哮]
2025-11-26 20:32:17 - INFO - 反贼1 回合结束
2025-11-26 20:32:17 - INFO - === 第 13 回合开始，忠臣 的回合 ===
2025-11-26 20:32:17 - INFO - ============================================================
2025-11-26 20:32:17 - INFO - 当前所有玩家状态:
2025-11-26 20:32:17 - INFO - 玩家0 (主公) [主公] (白板武将) - 血量: 5/5 - 手牌: 闪, 闪 - 装备: 无
2025-11-26 20:32:17 - INFO - 玩家1 (反贼1) [反贼] (张飞) - 血量: 4/4 - 手牌: 杀, 闪 - 装备: 无
2025-11-26 20:32:17 - INFO - 玩家2 (忠臣) [忠臣] (赵云) - 血量: 4/4 - 手牌: 杀, 桃, 桃 - 装备: 武器: 青釭剑
2025-11-26 20:32:17 - INFO - 玩家3 (反贼2) [反贼] (吕蒙) - 血量: 2/4 - 手牌: 杀, 杀, 杀, 闪, 杀 - 装备: 无
2025-11-26 20:32:17 - INFO - 玩家4 (内奸) [内奸] (凌操) - 血量: 4/4 - 手牌: 闪, 桃, 闪 - 装备: 武器: 诸葛连弩, 防具: 仁王盾, 进攻马: 进攻马
2025-11-26 20:32:17 - INFO - ============================================================
2025-11-26 20:32:17 - INFO - ============================================================
2025-11-26 20:32:17 - INFO - 当前牌堆状态:
2025-11-26 20:32:17 - INFO - 正常牌堆: 22 张牌
2025-11-26 20:32:17 - INFO - 弃牌堆: 28 张牌
2025-11-26 20:32:17 - INFO - 弃牌堆最后5张牌: 闪, 桃, 杀, 闪, 桃
2025-11-26 20:32:17 - INFO - ============================================================
2025-11-26 20:32:17 - INFO - 忠臣 进入 准备 阶段
2025-11-26 20:32:17 - INFO - 忠臣 进入 摸牌 阶段
2025-11-26 20:32:18 - INFO - 忠臣 摸牌: 桃, 决斗
2025-11-26 20:32:18 - INFO - 忠臣 进入 出牌 阶段
2025-11-26 20:32:37 - INFO - 忠臣 弃牌: 桃
2025-11-26 20:32:37 - INFO - 忠臣 回合结束
2025-11-26 20:32:37 - INFO - === 第 14 回合开始，反贼2 的回合 ===
2025-11-26 20:32:37 - INFO - ============================================================
2025-11-26 20:32:37 - INFO - 当前所有玩家状态:
2025-11-26 20:32:37 - INFO - 玩家0 (主公) [主公] (白板武将) - 血量: 5/5 - 手牌: 闪, 闪 - 装备: 无
2025-11-26 20:32:37 - INFO - 玩家1 (反贼1) [反贼] (张飞) - 血量: 4/4 - 手牌: 杀, 闪 - 装备: 无
2025-11-26 20:32:37 - INFO - 玩家2 (忠臣) [忠臣] (赵云) - 血量: 4/4 - 手牌: 杀, 桃, 桃, 决斗 - 装备: 武器: 青釭剑
2025-11-26 20:32:37 - INFO - 玩家3 (反贼2) [反贼] (吕蒙) - 血量: 2/4 - 手牌: 杀, 杀, 杀, 闪, 杀 - 装备: 无
2025-11-26 20:32:37 - INFO - 玩家4 (内奸) [内奸] (凌操) - 血量: 4/4 - 手牌: 闪, 桃, 闪 - 装备: 武器: 诸葛连弩, 防具: 仁王盾, 进攻马: 进攻马
2025-11-26 20:32:37 - INFO - ============================================================
2025-11-26 20:32:37 - INFO - ============================================================
2025-11-26 20:32:37 - INFO - 当前牌堆状态:
2025-11-26 20:32:37 - INFO - 正常牌堆: 20 张牌
2025-11-26 20:32:37 - INFO - 弃牌堆: 29 张牌
2025-11-26 20:32:37 - INFO - 弃牌堆最后5张牌: 桃, 杀, 闪, 桃, 桃
2025-11-26 20:32:37 - INFO - ============================================================
2025-11-26 20:32:37 - INFO - 反贼2 进入 准备 阶段
2025-11-26 20:32:37 - INFO - 反贼2 进入 摸牌 阶段
2025-11-26 20:32:38 - INFO - 反贼2 摸牌: 防御马, 南蛮入侵
2025-11-26 20:32:38 - INFO - 反贼2 进入 出牌 阶段
2025-11-26 20:32:38 - INFO - 反贼2 使用 防御马，目标: 反贼2
2025-11-26 20:32:40 - INFO - 玩家 反贼2 打出牌: 防御马
2025-11-26 20:32:40 - INFO - 反贼2 装备 防御马 (防御马)
2025-11-26 20:32:40 - INFO - 反贼2 使用 南蛮入侵，目标: 主公, 反贼1, 忠臣, 内奸
2025-11-26 20:32:42 - INFO - 玩家 反贼2 打出牌: 南蛮入侵
2025-11-26 20:32:42 - INFO - 反贼2 使用 南蛮入侵 响应
2025-11-26 20:32:42 - INFO - 内奸 受到 1 点伤害，当前血量: 3/4
2025-11-26 20:32:44 - INFO - 主公 受到 1 点伤害，当前血量: 4/5
2025-11-26 20:32:46 - INFO - 反贼1 使用 杀 响应
2025-11-26 20:33:00 - INFO - 忠臣 使用 杀 响应
2025-11-26 20:33:03 - INFO - 反贼2发动技能[克己]
2025-11-26 20:33:03 - INFO - 反贼2 技能[克己]生效：本回合未使用杀，不弃任何手牌
2025-11-26 20:33:03 - INFO - 反贼2 回合结束
2025-11-26 20:33:03 - INFO - === 第 15 回合开始，内奸 的回合 ===
2025-11-26 20:33:03 - INFO - ============================================================
2025-11-26 20:33:03 - INFO - 当前所有玩家状态:
2025-11-26 20:33:03 - INFO - 玩家0 (主公) [主公] (白板武将) - 血量: 4/5 - 手牌: 闪, 闪 - 装备: 无
2025-11-26 20:33:03 - INFO - 玩家1 (反贼1) [反贼] (张飞) - 血量: 4/4 - 手牌: 闪 - 装备: 无
2025-11-26 20:33:03 - INFO - 玩家2 (忠臣) [忠臣] (赵云) - 血量: 4/4 - 手牌: 桃, 桃, 决斗 - 装备: 武器: 青釭剑
2025-11-26 20:33:03 - INFO - 玩家3 (反贼2) [反贼] (吕蒙) - 血量: 2/4 - 手牌: 杀, 杀, 杀, 闪, 杀 - 装备: 防御马: 防御马
2025-11-26 20:33:03 - INFO - 玩家4 (内奸) [内奸] (凌操) - 血量: 3/4 - 手牌: 闪, 桃, 闪 - 装备: 武器: 诸葛连弩, 防具: 仁王盾, 进攻马: 进攻马
2025-11-26 20:33:03 - INFO - ============================================================
2025-11-26 20:33:03 - INFO - ============================================================
2025-11-26 20:33:03 - INFO - 当前牌堆状态:
2025-11-26 20:33:03 - INFO - 正常牌堆: 18 张牌
2025-11-26 20:33:03 - INFO - 弃牌堆: 32 张牌
2025-11-26 20:33:03 - INFO - 弃牌堆最后5张牌: 桃, 桃, 杀, 杀, 南蛮入侵
2025-11-26 20:33:03 - INFO - ============================================================
2025-11-26 20:33:03 - INFO - 内奸 进入 准备 阶段
2025-11-26 20:33:03 - INFO - 内奸 进入 摸牌 阶段
2025-11-26 20:33:03 - INFO - 内奸发动技能[凌操]
2025-11-26 20:33:04 - INFO - 内奸 摸牌: 无懈可击, 杀, 桃, 杀
2025-11-26 20:33:04 - INFO - 内奸 进入 出牌 阶段
2025-11-26 20:33:04 - INFO - 内奸 使用 杀，目标: 主公
2025-11-26 20:33:06 - INFO - 内奸对主公表敌意（杀）
2025-11-26 20:33:06 - INFO - 内奸对主公表敌意（杀）
2025-11-26 20:33:06 - INFO - 内奸对主公表敌意（杀）
2025-11-26 20:33:06 - INFO - 玩家 内奸 打出牌: 杀
2025-11-26 20:33:06 - INFO - 主公 使用 闪 响应
2025-11-26 20:33:08 - INFO - 内奸 使用 桃，目标: 内奸
2025-11-26 20:33:11 - INFO - 玩家 内奸 打出牌: 桃
2025-11-26 20:33:11 - INFO - 内奸 恢复 1 点血量，当前血量: 4/4
2025-11-26 20:33:13 - INFO - 内奸 使用 杀，目标: 反贼1
2025-11-26 20:33:15 - INFO - 内奸对反贼1表敌意（杀）
2025-11-26 20:33:15 - INFO - 内奸跳忠
2025-11-26 20:33:15 - INFO - 内奸对反贼1表敌意（杀）
2025-11-26 20:33:15 - INFO - 内奸跳忠
2025-11-26 20:33:15 - INFO - 内奸对反贼1表敌意（杀）
2025-11-26 20:33:15 - INFO - 内奸跳忠
2025-11-26 20:33:15 - INFO - 玩家 内奸 打出牌: 杀
2025-11-26 20:33:15 - INFO - 反贼1 使用 闪 响应
2025-11-26 20:33:18 - INFO - 内奸 回合结束
2025-11-26 20:33:18 - INFO - === 第 16 回合开始，主公 的回合 ===
2025-11-26 20:33:18 - INFO - ============================================================
2025-11-26 20:33:18 - INFO - 当前所有玩家状态:
2025-11-26 20:33:18 - INFO - 玩家0 (主公) [主公] (白板武将) - 血量: 4/5 - 手牌: 闪 - 装备: 无
2025-11-26 20:33:18 - INFO - 玩家1 (反贼1) [反贼] (张飞) - 血量: 4/4 - 手牌: 无 - 装备: 无
2025-11-26 20:33:18 - INFO - 玩家2 (忠臣) [忠臣] (赵云) - 血量: 4/4 - 手牌: 桃, 桃, 决斗 - 装备: 武器: 青釭剑
2025-11-26 20:33:18 - INFO - 玩家3 (反贼2) [反贼] (吕蒙) - 血量: 2/4 - 手牌: 杀, 杀, 杀, 闪, 杀 - 装备: 防御马: 防御马
2025-11-26 20:33:18 - INFO - 玩家4 (内奸) [内奸] (凌操) - 血量: 4/4 - 手牌: 闪, 闪, 无懈可击, 桃 - 装备: 武器: 诸葛连弩, 防具: 仁王盾, 进攻马: 进攻马
2025-11-26 20:33:18 - INFO - ============================================================
2025-11-26 20:33:18 - INFO - ============================================================
2025-11-26 20:33:18 - INFO - 当前牌堆状态:
2025-11-26 20:33:18 - INFO - 正常牌堆: 14 张牌
2025-11-26 20:33:18 - INFO - 弃牌堆: 37 张牌
2025-11-26 20:33:18 - INFO - 弃牌堆最后5张牌: 杀, 闪, 桃, 杀, 闪
2025-11-26 20:33:18 - INFO - ============================================================
2025-11-26 20:33:18 - INFO - 主公 进入 准备 阶段
2025-11-26 20:33:18 - INFO - 主公 进入 摸牌 阶段
2025-11-26 20:33:19 - INFO - 主公 摸牌: 闪, 杀
2025-11-26 20:33:19 - INFO - 主公 进入 出牌 阶段
2025-11-26 20:33:19 - INFO - 主公 使用 杀，目标: 反贼1
2025-11-26 20:33:22 - INFO - 主公对反贼1表敌意（杀）
2025-11-26 20:33:22 - INFO - 主公对反贼1表敌意（杀）
2025-11-26 20:33:22 - INFO - 主公对反贼1表敌意（杀）
2025-11-26 20:33:22 - INFO - 玩家 主公 打出牌: 杀
2025-11-26 20:33:22 - INFO - 反贼1 受到 1 点伤害，当前血量: 3/4
2025-11-26 20:33:24 - INFO - 主公 回合结束
2025-11-26 20:33:24 - INFO - === 第 17 回合开始，反贼1 的回合 ===
2025-11-26 20:33:24 - INFO - ============================================================
2025-11-26 20:33:24 - INFO - 当前所有玩家状态:
2025-11-26 20:33:24 - INFO - 玩家0 (主公) [主公] (白板武将) - 血量: 4/5 - 手牌: 闪, 闪 - 装备: 无
2025-11-26 20:33:24 - INFO - 玩家1 (反贼1) [反贼] (张飞) - 血量: 3/4 - 手牌: 无 - 装备: 无
2025-11-26 20:33:24 - INFO - 玩家2 (忠臣) [忠臣] (赵云) - 血量: 4/4 - 手牌: 桃, 桃, 决斗 - 装备: 武器: 青釭剑
2025-11-26 20:33:24 - INFO - 玩家3 (反贼2) [反贼] (吕蒙) - 血量: 2/4 - 手牌: 杀, 杀, 杀, 闪, 杀 - 装备: 防御马: 防御马
2025-11-26 20:33:24 - INFO - 玩家4 (内奸) [内奸] (凌操) - 血量: 4/4 - 手牌: 闪, 闪, 无懈可击, 桃 - 装备: 武器: 诸葛连弩, 防具: 仁王盾, 进攻马: 进攻马
2025-11-26 20:33:24 - INFO - ============================================================
2025-11-26 20:33:24 - INFO - ============================================================
2025-11-26 20:33:24 - INFO - 当前牌堆状态:
2025-11-26 20:33:24 - INFO - 正常牌堆: 12 张牌
2025-11-26 20:33:24 - INFO - 弃牌堆: 38 张牌
2025-11-26 20:33:24 - INFO - 弃牌堆最后5张牌: 闪, 桃, 杀, 闪, 杀
2025-11-26 20:33:24 - INFO - ============================================================
2025-11-26 20:33:24 - INFO - 反贼1 进入 准备 阶段
2025-11-26 20:33:24 - INFO - 反贼1 进入 摸牌 阶段
2025-11-26 20:33:25 - INFO - 反贼1 摸牌: 杀, 杀
2025-11-26 20:33:25 - INFO - 反贼1 进入 出牌 阶段
2025-11-26 20:33:25 - INFO - 反贼1发动技能[咆哮]
2025-11-26 20:33:25 - INFO - 反贼1 回合结束
2025-11-26 20:33:25 - INFO - === 第 18 回合开始，忠臣 的回合 ===
2025-11-26 20:33:25 - INFO - ============================================================
2025-11-26 20:33:25 - INFO - 当前所有玩家状态:
2025-11-26 20:33:25 - INFO - 玩家0 (主公) [主公] (白板武将) - 血量: 4/5 - 手牌: 闪, 闪 - 装备: 无
2025-11-26 20:33:25 - INFO - 玩家1 (反贼1) [反贼] (张飞) - 血量: 3/4 - 手牌: 杀, 杀 - 装备: 无
2025-11-26 20:33:25 - INFO - 玩家2 (忠臣) [忠臣] (赵云) - 血量: 4/4 - 手牌: 桃, 桃, 决斗 - 装备: 武器: 青釭剑
2025-11-26 20:33:25 - INFO - 玩家3 (反贼2) [反贼] (吕蒙) - 血量: 2/4 - 手牌: 杀, 杀, 杀, 闪, 杀 - 装备: 防御马: 防御马
2025-11-26 20:33:25 - INFO - 玩家4 (内奸) [内奸] (凌操) - 血量: 4/4 - 手牌: 闪, 闪, 无懈可击, 桃 - 装备: 武器: 诸葛连弩, 防具: 仁王盾, 进攻马: 进攻马
2025-11-26 20:33:25 - INFO - ============================================================
2025-11-26 20:33:25 - INFO - ============================================================
2025-11-26 20:33:25 - INFO - 当前牌堆状态:
2025-11-26 20:33:25 - INFO - 正常牌堆: 10 张牌
2025-11-26 20:33:25 - INFO - 弃牌堆: 38 张牌
2025-11-26 20:33:25 - INFO - 弃牌堆最后5张牌: 闪, 桃, 杀, 闪, 杀
2025-11-26 20:33:25 - INFO - ============================================================
2025-11-26 20:33:25 - INFO - 忠臣 进入 准备 阶段
2025-11-26 20:33:25 - INFO - 忠臣 进入 摸牌 阶段
2025-11-26 20:33:26 - INFO - 忠臣 摸牌: 杀, 杀
2025-11-26 20:33:26 - INFO - 忠臣 进入 出牌 阶段
2025-11-26 20:33:32 - INFO - 忠臣 使用 杀，目标: 主公
2025-11-26 20:33:34 - INFO - 忠臣对主公表敌意（杀）
2025-11-26 20:33:34 - INFO - 忠臣跳反
2025-11-26 20:33:34 - INFO - 忠臣对主公表敌意（杀）
2025-11-26 20:33:34 - INFO - 忠臣跳反
2025-11-26 20:33:34 - INFO - 忠臣对主公表敌意（杀）
2025-11-26 20:33:34 - INFO - 忠臣跳反
2025-11-26 20:33:34 - INFO - 玩家 忠臣 打出牌: 杀
2025-11-26 20:33:34 - INFO - 主公 使用 闪 响应
2025-11-26 20:33:37 - INFO - 忠臣 回合结束
2025-11-26 20:33:37 - INFO - === 第 19 回合开始，反贼2 的回合 ===
2025-11-26 20:33:37 - INFO - ============================================================
2025-11-26 20:33:37 - INFO - 当前所有玩家状态:
2025-11-26 20:33:37 - INFO - 玩家0 (主公) [主公] (白板武将) - 血量: 4/5 - 手牌: 闪 - 装备: 无
2025-11-26 20:33:37 - INFO - 玩家1 (反贼1) [反贼] (张飞) - 血量: 3/4 - 手牌: 杀, 杀 - 装备: 无
2025-11-26 20:33:37 - INFO - 玩家2 (忠臣) [忠臣] (赵云) - 血量: 4/4 - 手牌: 桃, 桃, 决斗, 杀 - 装备: 武器: 青釭剑
2025-11-26 20:33:37 - INFO - 玩家3 (反贼2) [反贼] (吕蒙) - 血量: 2/4 - 手牌: 杀, 杀, 杀, 闪, 杀 - 装备: 防御马: 防御马
2025-11-26 20:33:37 - INFO - 玩家4 (内奸) [内奸] (凌操) - 血量: 4/4 - 手牌: 闪, 闪, 无懈可击, 桃 - 装备: 武器: 诸葛连弩, 防具: 仁王盾, 进攻马: 进攻马
2025-11-26 20:33:37 - INFO - ============================================================
2025-11-26 20:33:37 - INFO - ============================================================
2025-11-26 20:33:37 - INFO - 当前牌堆状态:
2025-11-26 20:33:37 - INFO - 正常牌堆: 8 张牌
2025-11-26 20:33:37 - INFO - 弃牌堆: 40 张牌
2025-11-26 20:33:37 - INFO - 弃牌堆最后5张牌: 杀, 闪, 杀, 杀, 闪
2025-11-26 20:33:37 - INFO - ============================================================
2025-11-26 20:33:37 - INFO - 反贼2 进入 准备 阶段
2025-11-26 20:33:37 - INFO - 反贼2 进入 摸牌 阶段
2025-11-26 20:33:38 - INFO - 反贼2 摸牌: 杀, 万箭齐发
2025-11-26 20:33:38 - INFO - 反贼2 进入 出牌 阶段
2025-11-26 20:33:38 - INFO - 反贼2 使用 杀，目标: 内奸
2025-11-26 20:33:40 - INFO - 反贼2对内奸表敌意（杀）
2025-11-26 20:33:40 - INFO - 反贼2对内奸表敌意（杀）
2025-11-26 20:33:40 - INFO - 反贼2对内奸表敌意（杀）
2025-11-26 20:33:40 - INFO - 玩家 反贼2 打出牌: 杀
2025-11-26 20:33:40 - INFO - 仁王盾 效果: 黑色杀对 内奸 无效
2025-11-26 20:33:40 - INFO - 反贼2 使用 万箭齐发，目标: 主公, 反贼1, 忠臣, 内奸
2025-11-26 20:33:43 - INFO - 玩家 反贼2 打出牌: 万箭齐发
2025-11-26 20:33:43 - INFO - 反贼2 使用 万箭齐发 响应
2025-11-26 20:33:43 - INFO - 内奸 使用 无懈可击 响应
2025-11-26 20:33:45 - INFO - 内奸对内奸献殷勤（无懈可击）
2025-11-26 20:33:45 - INFO - 内奸对内奸献殷勤（无懈可击）
2025-11-26 20:33:45 - INFO - 内奸对内奸献殷勤（无懈可击）
2025-11-26 20:33:45 - INFO - 万箭齐发对 内奸 被无懈可击
2025-11-26 20:33:45 - INFO - 主公 使用 闪 响应
2025-11-26 20:33:47 - INFO - 反贼1 受到 1 点伤害，当前血量: 2/4
2025-11-26 20:33:52 - INFO - 忠臣 使用 闪 响应
2025-11-26 20:33:55 - INFO - 反贼2发动技能[克己]
2025-11-26 20:33:55 - INFO - 反贼2 技能[克己]失效：本回合已使用过杀，需要弃牌
2025-11-26 20:34:02 - INFO - 反贼2 弃牌: 杀, 闪, 杀
2025-11-26 20:34:02 - INFO - 反贼2 回合结束
2025-11-26 20:34:02 - INFO - === 第 20 回合开始，内奸 的回合 ===
2025-11-26 20:34:02 - INFO - ============================================================
2025-11-26 20:34:02 - INFO - 当前所有玩家状态:
2025-11-26 20:34:02 - INFO - 玩家0 (主公) [主公] (白板武将) - 血量: 4/5 - 手牌: 无 - 装备: 无
2025-11-26 20:34:02 - INFO - 玩家1 (反贼1) [反贼] (张飞) - 血量: 2/4 - 手牌: 杀, 杀 - 装备: 无
2025-11-26 20:34:02 - INFO - 玩家2 (忠臣) [忠臣] (赵云) - 血量: 4/4 - 手牌: 桃, 桃, 决斗 - 装备: 武器: 青釭剑
2025-11-26 20:34:02 - INFO - 玩家3 (反贼2) [反贼] (吕蒙) - 血量: 2/4 - 手牌: 杀, 杀 - 装备: 防御马: 防御马
2025-11-26 20:34:02 - INFO - 玩家4 (内奸) [内奸] (凌操) - 血量: 4/4 - 手牌: 闪, 闪, 桃 - 装备: 武器: 诸葛连弩, 防具: 仁王盾, 进攻马: 进攻马
2025-11-26 20:34:02 - INFO - ============================================================
2025-11-26 20:34:02 - INFO - ============================================================
2025-11-26 20:34:02 - INFO - 当前牌堆状态:
2025-11-26 20:34:02 - INFO - 正常牌堆: 6 张牌
2025-11-26 20:34:02 - INFO - 弃牌堆: 48 张牌
2025-11-26 20:34:02 - INFO - 弃牌堆最后5张牌: 杀, 万箭齐发, 杀, 闪, 杀
2025-11-26 20:34:02 - INFO - ============================================================
2025-11-26 20:34:02 - INFO - 内奸 进入 准备 阶段
2025-11-26 20:34:02 - INFO - 内奸 进入 摸牌 阶段
2025-11-26 20:34:02 - INFO - 内奸发动技能[凌操]
2025-11-26 20:34:03 - INFO - 内奸 摸牌: 闪, 闪, 闪, 闪
2025-11-26 20:34:03 - INFO - 内奸 进入 出牌 阶段
2025-11-26 20:34:09 - INFO - 内奸 弃牌: 闪, 闪, 桃
2025-11-26 20:34:09 - INFO - 内奸 回合结束
2025-11-26 20:34:09 - INFO - === 第 21 回合开始，主公 的回合 ===
2025-11-26 20:34:09 - INFO - ============================================================
2025-11-26 20:34:09 - INFO - 当前所有玩家状态:
2025-11-26 20:34:09 - INFO - 玩家0 (主公) [主公] (白板武将) - 血量: 4/5 - 手牌: 无 - 装备: 无
2025-11-26 20:34:09 - INFO - 玩家1 (反贼1) [反贼] (张飞) - 血量: 2/4 - 手牌: 杀, 杀 - 装备: 无
2025-11-26 20:34:09 - INFO - 玩家2 (忠臣) [忠臣] (赵云) - 血量: 4/4 - 手牌: 桃, 桃, 决斗 - 装备: 武器: 青釭剑
2025-11-26 20:34:09 - INFO - 玩家3 (反贼2) [反贼] (吕蒙) - 血量: 2/4 - 手牌: 杀, 杀 - 装备: 防御马: 防御马
2025-11-26 20:34:09 - INFO - 玩家4 (内奸) [内奸] (凌操) - 血量: 4/4 - 手牌: 闪, 闪, 闪, 闪 - 装备: 武器: 诸葛连弩, 防具: 仁王盾, 进攻马: 进攻马
2025-11-26 20:34:09 - INFO - ============================================================
2025-11-26 20:34:09 - INFO - ============================================================
2025-11-26 20:34:09 - INFO - 当前牌堆状态:
2025-11-26 20:34:09 - INFO - 正常牌堆: 2 张牌
2025-11-26 20:34:09 - INFO - 弃牌堆: 51 张牌
2025-11-26 20:34:09 - INFO - 弃牌堆最后5张牌: 闪, 杀, 闪, 闪, 桃
2025-11-26 20:34:09 - INFO - ============================================================
2025-11-26 20:34:09 - INFO - 主公 进入 准备 阶段
2025-11-26 20:34:09 - INFO - 主公 进入 摸牌 阶段
2025-11-26 20:34:11 - INFO - 主公 摸牌: 杀, 无懈可击
2025-11-26 20:34:11 - INFO - 主公 进入 出牌 阶段
2025-11-26 20:34:11 - INFO - 主公 使用 杀，目标: 反贼1
2025-11-26 20:34:13 - INFO - 主公对反贼1表敌意（杀）
2025-11-26 20:34:13 - INFO - 主公对反贼1表敌意（杀）
2025-11-26 20:34:13 - INFO - 主公对反贼1表敌意（杀）
2025-11-26 20:34:13 - INFO - 玩家 主公 打出牌: 杀
2025-11-26 20:34:13 - INFO - 反贼1 受到 1 点伤害，当前血量: 1/4
2025-11-26 20:34:15 - INFO - 主公 回合结束
2025-11-26 20:34:15 - INFO - === 第 22 回合开始，反贼1 的回合 ===
2025-11-26 20:34:15 - INFO - ============================================================
2025-11-26 20:34:15 - INFO - 当前所有玩家状态:
2025-11-26 20:34:15 - INFO - 玩家0 (主公) [主公] (白板武将) - 血量: 4/5 - 手牌: 无懈可击 - 装备: 无
2025-11-26 20:34:15 - INFO - 玩家1 (反贼1) [反贼] (张飞) - 血量: 1/4 - 手牌: 杀, 杀 - 装备: 无
2025-11-26 20:34:15 - INFO - 玩家2 (忠臣) [忠臣] (赵云) - 血量: 4/4 - 手牌: 桃, 桃, 决斗 - 装备: 武器: 青釭剑
2025-11-26 20:34:15 - INFO - 玩家3 (反贼2) [反贼] (吕蒙) - 血量: 2/4 - 手牌: 杀, 杀 - 装备: 防御马: 防御马
2025-11-26 20:34:15 - INFO - 玩家4 (内奸) [内奸] (凌操) - 血量: 4/4 - 手牌: 闪, 闪, 闪, 闪 - 装备: 武器: 诸葛连弩, 防具: 仁王盾, 进攻马: 进攻马
2025-11-26 20:34:15 - INFO - ============================================================
2025-11-26 20:34:15 - INFO - ============================================================
2025-11-26 20:34:15 - INFO - 当前牌堆状态:
2025-11-26 20:34:15 - INFO - 正常牌堆: 0 张牌
2025-11-26 20:34:15 - INFO - 弃牌堆: 52 张牌
2025-11-26 20:34:15 - INFO - 弃牌堆最后5张牌: 杀, 闪, 闪, 桃, 杀
2025-11-26 20:34:15 - INFO - ============================================================
2025-11-26 20:34:15 - INFO - 反贼1 进入 准备 阶段
2025-11-26 20:34:15 - INFO - 反贼1 进入 摸牌 阶段
2025-11-26 20:34:17 - INFO - 反贼1 摸牌: 桃, 杀
2025-11-26 20:34:17 - INFO - 反贼1 进入 出牌 阶段
2025-11-26 20:34:17 - INFO - 反贼1发动技能[咆哮]
2025-11-26 20:34:17 - INFO - 反贼1 使用 桃，目标: 反贼1
2025-11-26 20:34:19 - INFO - 玩家 反贼1 打出牌: 桃
2025-11-26 20:34:19 - INFO - 反贼1 恢复 1 点血量，当前血量: 2/4
2025-11-26 20:34:21 - INFO - 反贼1发动技能[咆哮]
2025-11-26 20:34:23 - INFO - 反贼1 弃牌: 杀
2025-11-26 20:34:23 - INFO - 反贼1 回合结束
2025-11-26 20:34:23 - INFO - === 第 23 回合开始，忠臣 的回合 ===
2025-11-26 20:34:23 - INFO - ============================================================
2025-11-26 20:34:23 - INFO - 当前所有玩家状态:
2025-11-26 20:34:23 - INFO - 玩家0 (主公) [主公] (白板武将) - 血量: 4/5 - 手牌: 无懈可击 - 装备: 无
2025-11-26 20:34:23 - INFO - 玩家1 (反贼1) [反贼] (张飞) - 血量: 2/4 - 手牌: 杀, 杀 - 装备: 无
2025-11-26 20:34:23 - INFO - 玩家2 (忠臣) [忠臣] (赵云) - 血量: 4/4 - 手牌: 桃, 桃, 决斗 - 装备: 武器: 青釭剑
2025-11-26 20:34:23 - INFO - 玩家3 (反贼2) [反贼] (吕蒙) - 血量: 2/4 - 手牌: 杀, 杀 - 装备: 防御马: 防御马
2025-11-26 20:34:23 - INFO - 玩家4 (内奸) [内奸] (凌操) - 血量: 4/4 - 手牌: 闪, 闪, 闪, 闪 - 装备: 武器: 诸葛连弩, 防具: 仁王盾, 进攻马: 进攻马
2025-11-26 20:34:23 - INFO - ============================================================
2025-11-26 20:34:23 - INFO - ============================================================
2025-11-26 20:34:23 - INFO - 当前牌堆状态:
2025-11-26 20:34:23 - INFO - 正常牌堆: 50 张牌
2025-11-26 20:34:23 - INFO - 弃牌堆: 2 张牌
2025-11-26 20:34:23 - INFO - 弃牌堆所有牌: 桃, 杀
2025-11-26 20:34:23 - INFO - ============================================================
2025-11-26 20:34:23 - INFO - 忠臣 进入 准备 阶段
2025-11-26 20:34:23 - INFO - 忠臣 进入 摸牌 阶段
2025-11-26 20:34:25 - INFO - 忠臣 摸牌: 杀, 决斗
2025-11-26 20:34:25 - INFO - 忠臣 进入 出牌 阶段
2025-11-26 20:34:35 - INFO - 忠臣 弃牌: 决斗
2025-11-26 20:34:35 - INFO - 忠臣 回合结束
2025-11-26 20:34:35 - INFO - === 第 24 回合开始，反贼2 的回合 ===
2025-11-26 20:34:35 - INFO - ============================================================
2025-11-26 20:34:35 - INFO - 当前所有玩家状态:
2025-11-26 20:34:35 - INFO - 玩家0 (主公) [主公] (白板武将) - 血量: 4/5 - 手牌: 无懈可击 - 装备: 无
2025-11-26 20:34:35 - INFO - 玩家1 (反贼1) [反贼] (张飞) - 血量: 2/4 - 手牌: 杀, 杀 - 装备: 无
2025-11-26 20:34:35 - INFO - 玩家2 (忠臣) [忠臣] (赵云) - 血量: 4/4 - 手牌: 桃, 桃, 杀, 决斗 - 装备: 武器: 青釭剑
2025-11-26 20:34:35 - INFO - 玩家3 (反贼2) [反贼] (吕蒙) - 血量: 2/4 - 手牌: 杀, 杀 - 装备: 防御马: 防御马
2025-11-26 20:34:35 - INFO - 玩家4 (内奸) [内奸] (凌操) - 血量: 4/4 - 手牌: 闪, 闪, 闪, 闪 - 装备: 武器: 诸葛连弩, 防具: 仁王盾, 进攻马: 进攻马
2025-11-26 20:34:35 - INFO - ============================================================
2025-11-26 20:34:35 - INFO - ============================================================
2025-11-26 20:34:35 - INFO - 当前牌堆状态:
2025-11-26 20:34:35 - INFO - 正常牌堆: 48 张牌
2025-11-26 20:34:35 - INFO - 弃牌堆: 3 张牌
2025-11-26 20:34:35 - INFO - 弃牌堆所有牌: 桃, 杀, 决斗
2025-11-26 20:34:35 - INFO - ============================================================
2025-11-26 20:34:35 - INFO - 反贼2 进入 准备 阶段
2025-11-26 20:34:35 - INFO - 反贼2 进入 摸牌 阶段
2025-11-26 20:34:35 - INFO - 反贼2 摸牌: 杀, 桃
2025-11-26 20:34:35 - INFO - 反贼2 进入 出牌 阶段
2025-11-26 20:34:35 - INFO - 反贼2 使用 杀，目标: 内奸
2025-11-26 20:34:38 - INFO - 反贼2对内奸表敌意（杀）
2025-11-26 20:34:38 - INFO - 反贼2对内奸表敌意（杀）
2025-11-26 20:34:38 - INFO - 反贼2对内奸表敌意（杀）
2025-11-26 20:34:38 - INFO - 玩家 反贼2 打出牌: 杀
2025-11-26 20:34:38 - INFO - 仁王盾 效果: 黑色杀对 内奸 无效
2025-11-26 20:34:38 - INFO - 反贼2 使用 桃，目标: 反贼2
2025-11-26 20:34:40 - INFO - 玩家 反贼2 打出牌: 桃
2025-11-26 20:34:40 - INFO - 反贼2 恢复 1 点血量，当前血量: 3/4
2025-11-26 20:34:42 - INFO - 反贼2发动技能[克己]
2025-11-26 20:34:42 - INFO - 反贼2 技能[克己]失效：本回合已使用过杀，需要弃牌
2025-11-26 20:34:42 - INFO - 反贼2 回合结束
2025-11-26 20:34:42 - INFO - === 第 25 回合开始，内奸 的回合 ===
2025-11-26 20:34:42 - INFO - ============================================================
2025-11-26 20:34:42 - INFO - 当前所有玩家状态:
2025-11-26 20:34:42 - INFO - 玩家0 (主公) [主公] (白板武将) - 血量: 4/5 - 手牌: 无懈可击 - 装备: 无
2025-11-26 20:34:42 - INFO - 玩家1 (反贼1) [反贼] (张飞) - 血量: 2/4 - 手牌: 杀, 杀 - 装备: 无
2025-11-26 20:34:42 - INFO - 玩家2 (忠臣) [忠臣] (赵云) - 血量: 4/4 - 手牌: 桃, 桃, 杀, 决斗 - 装备: 武器: 青釭剑
2025-11-26 20:34:42 - INFO - 玩家3 (反贼2) [反贼] (吕蒙) - 血量: 3/4 - 手牌: 杀, 杀 - 装备: 防御马: 防御马
2025-11-26 20:34:42 - INFO - 玩家4 (内奸) [内奸] (凌操) - 血量: 4/4 - 手牌: 闪, 闪, 闪, 闪 - 装备: 武器: 诸葛连弩, 防具: 仁王盾, 进攻马: 进攻马
2025-11-26 20:34:42 - INFO - ============================================================
2025-11-26 20:34:42 - INFO - ============================================================
2025-11-26 20:34:42 - INFO - 当前牌堆状态:
2025-11-26 20:34:42 - INFO - 正常牌堆: 46 张牌
2025-11-26 20:34:42 - INFO - 弃牌堆: 5 张牌
2025-11-26 20:34:42 - INFO - 弃牌堆所有牌: 桃, 杀, 决斗, 杀, 桃
2025-11-26 20:34:42 - INFO - ============================================================
2025-11-26 20:34:42 - INFO - 内奸 进入 准备 阶段
2025-11-26 20:34:42 - INFO - 内奸 进入 摸牌 阶段
2025-11-26 20:34:42 - INFO - 内奸发动技能[凌操]
2025-11-26 20:34:43 - INFO - 内奸 摸牌: 杀, 闪, 杀, 闪
2025-11-26 20:34:43 - INFO - 内奸 进入 出牌 阶段
2025-11-26 20:34:43 - INFO - 内奸 使用 杀，目标: 主公
2025-11-26 20:34:45 - INFO - 内奸对主公表敌意（杀）
2025-11-26 20:34:45 - INFO - 内奸跳反
2025-11-26 20:34:45 - INFO - 内奸对主公表敌意（杀）
2025-11-26 20:34:45 - INFO - 内奸跳反
2025-11-26 20:34:45 - INFO - 内奸对主公表敌意（杀）
2025-11-26 20:34:45 - INFO - 内奸跳反
2025-11-26 20:34:45 - INFO - 玩家 内奸 打出牌: 杀
2025-11-26 20:34:45 - INFO - 主公 受到 1 点伤害，当前血量: 3/5
2025-11-26 20:34:47 - INFO - 内奸 使用 杀，目标: 反贼1
2025-11-26 20:34:50 - INFO - 内奸对反贼1表敌意（杀）
2025-11-26 20:34:50 - INFO - 内奸跳忠
2025-11-26 20:34:50 - INFO - 内奸对反贼1表敌意（杀）
2025-11-26 20:34:50 - INFO - 内奸跳忠
2025-11-26 20:34:50 - INFO - 内奸对反贼1表敌意（杀）
2025-11-26 20:34:50 - INFO - 内奸跳忠
2025-11-26 20:34:50 - INFO - 玩家 内奸 打出牌: 杀
2025-11-26 20:34:50 - INFO - 反贼1 受到 1 点伤害，当前血量: 1/4
2025-11-26 20:34:56 - INFO - 内奸 弃牌: 闪, 闪
2025-11-26 20:34:56 - INFO - 内奸 回合结束
2025-11-26 20:34:56 - INFO - === 第 26 回合开始，主公 的回合 ===
2025-11-26 20:34:56 - INFO - ============================================================
2025-11-26 20:34:56 - INFO - 当前所有玩家状态:
2025-11-26 20:34:56 - INFO - 玩家0 (主公) [主公] (白板武将) - 血量: 3/5 - 手牌: 无懈可击 - 装备: 无
2025-11-26 20:34:56 - INFO - 玩家1 (反贼1) [反贼] (张飞) - 血量: 1/4 - 手牌: 杀, 杀 - 装备: 无
2025-11-26 20:34:56 - INFO - 玩家2 (忠臣) [忠臣] (赵云) - 血量: 4/4 - 手牌: 桃, 桃, 杀, 决斗 - 装备: 武器: 青釭剑
2025-11-26 20:34:56 - INFO - 玩家3 (反贼2) [反贼] (吕蒙) - 血量: 3/4 - 手牌: 杀, 杀 - 装备: 防御马: 防御马
2025-11-26 20:34:56 - INFO - 玩家4 (内奸) [内奸] (凌操) - 血量: 4/4 - 手牌: 闪, 闪, 闪, 闪 - 装备: 武器: 诸葛连弩, 防具: 仁王盾, 进攻马: 进攻马
2025-11-26 20:34:56 - INFO - ============================================================
2025-11-26 20:34:56 - INFO - ============================================================
2025-11-26 20:34:56 - INFO - 当前牌堆状态:
2025-11-26 20:34:56 - INFO - 正常牌堆: 42 张牌
2025-11-26 20:34:56 - INFO - 弃牌堆: 9 张牌
2025-11-26 20:34:56 - INFO - 弃牌堆最后5张牌: 桃, 杀, 杀, 闪, 闪
2025-11-26 20:34:56 - INFO - ============================================================
2025-11-26 20:34:56 - INFO - 主公 进入 准备 阶段
2025-11-26 20:34:56 - INFO - 主公 进入 摸牌 阶段
2025-11-26 20:34:58 - INFO - 主公 摸牌: 杀, 桃
2025-11-26 20:34:58 - INFO - 主公 进入 出牌 阶段
2025-11-26 20:34:58 - INFO - 主公 使用 杀，目标: 反贼1
2025-11-26 20:35:00 - INFO - 主公对反贼1表敌意（杀）
2025-11-26 20:35:00 - INFO - 主公对反贼1表敌意（杀）
2025-11-26 20:35:00 - INFO - 主公对反贼1表敌意（杀）
2025-11-26 20:35:00 - INFO - 玩家 主公 打出牌: 杀
2025-11-26 20:35:00 - INFO - 反贼1 受到 1 点伤害，当前血量: 0/4
2025-11-26 20:35:02 - WARNING - 反贼1 濒死！
2025-11-26 20:35:02 - WARNING - 反贼1 (反贼) 死亡！
2025-11-26 20:35:02 - INFO - 主公 杀死了反贼 反贼1，摸三张牌！
2025-11-26 20:35:05 - INFO - 主公 摸牌: 闪, 闪, 杀
2025-11-26 20:35:05 - INFO - 主公 摸到了: 闪, 闪, 杀
2025-11-26 20:35:10 - INFO - 主公 使用 桃，目标: 主公
2025-11-26 20:35:12 - INFO - 玩家 主公 打出牌: 桃
2025-11-26 20:35:12 - INFO - 主公 恢复 1 点血量，当前血量: 4/5
2025-11-26 20:35:14 - INFO - 主公 回合结束
2025-11-26 20:35:14 - INFO - === 第 27 回合开始，忠臣 的回合 ===
2025-11-26 20:35:14 - INFO - ============================================================
2025-11-26 20:35:14 - INFO - 当前所有玩家状态:
2025-11-26 20:35:14 - INFO - 玩家0 (主公) [主公] (白板武将) - 血量: 4/5 - 手牌: 无懈可击, 闪, 闪, 杀 - 装备: 无
2025-11-26 20:35:14 - INFO - 玩家1 (反贼1) [反贼] (张飞) - 血量: 0/4 - 手牌: 无 - 装备: 无
2025-11-26 20:35:14 - INFO - 玩家2 (忠臣) [忠臣] (赵云) - 血量: 4/4 - 手牌: 桃, 桃, 杀, 决斗 - 装备: 武器: 青釭剑
2025-11-26 20:35:14 - INFO - 玩家3 (反贼2) [反贼] (吕蒙) - 血量: 3/4 - 手牌: 杀, 杀 - 装备: 防御马: 防御马
2025-11-26 20:35:14 - INFO - 玩家4 (内奸) [内奸] (凌操) - 血量: 4/4 - 手牌: 闪, 闪, 闪, 闪 - 装备: 武器: 诸葛连弩, 防具: 仁王盾, 进攻马: 进攻马
2025-11-26 20:35:14 - INFO - ============================================================
2025-11-26 20:35:14 - INFO - ============================================================
2025-11-26 20:35:14 - INFO - 当前牌堆状态:
2025-11-26 20:35:14 - INFO - 正常牌堆: 37 张牌
2025-11-26 20:35:14 - INFO - 弃牌堆: 13 张牌
2025-11-26 20:35:14 - INFO - 弃牌堆最后5张牌: 闪, 杀, 杀, 杀, 桃
2025-11-26 20:35:14 - INFO - ============================================================
2025-11-26 20:35:14 - INFO - 忠臣 进入 准备 阶段
2025-11-26 20:35:14 - INFO - 忠臣 进入 摸牌 阶段
2025-11-26 20:35:16 - INFO - 忠臣 摸牌: 杀, 闪
2025-11-26 20:35:16 - INFO - 忠臣 进入 出牌 阶段
2025-11-26 20:35:20 - INFO - 忠臣 使用 杀，目标: 主公
2025-11-26 20:35:23 - INFO - 忠臣对主公表敌意（杀）
2025-11-26 20:35:23 - INFO - 忠臣对主公表敌意（杀）
2025-11-26 20:35:23 - INFO - 忠臣对主公表敌意（杀）
2025-11-26 20:35:23 - INFO - 玩家 忠臣 打出牌: 杀
2025-11-26 20:35:23 - INFO - 主公 使用 闪 响应
