2025-11-25 20:21:20 - INFO - ==================================================
2025-11-25 20:21:20 - INFO - 游戏开始
2025-11-25 20:21:20 - INFO - 时间: 2025-11-25 20:21:20
2025-11-25 20:21:20 - INFO - 模式: 正常模式
2025-11-25 20:21:20 - INFO - ==================================================
2025-11-25 20:21:20 - INFO - 开始新游戏（猪国杀模式），玩家数量: 3
2025-11-25 20:21:20 - INFO - 开始初始化游戏...
2025-11-25 20:21:20 - INFO - 开始初始化牌堆...
2025-11-25 20:21:20 - INFO - 牌堆初始化完成，总牌数: 30
2025-11-25 20:21:20 - INFO - 牌堆创建完成，总牌数: 30
2025-11-25 20:21:20 - INFO - 开始初始化玩家...
2025-11-25 20:21:20 - INFO - 玩家1 初始手牌: 决斗, 决斗, 无懈可击, 诸葛连弩
2025-11-25 20:21:20 - INFO - 创建玩家 0: 玩家1 (身份: 主公, 武将: 猪国杀武将, 血量: 5)
2025-11-25 20:21:20 - INFO - 玩家2 初始手牌: 诸葛连弩, 万箭齐发, 杀, 杀
2025-11-25 20:21:20 - INFO - 创建玩家 1: 玩家2 (身份: 反贼, 武将: 猪国杀武将, 血量: 4)
2025-11-25 20:21:20 - INFO - 玩家3 初始手牌: 杀, 杀, 杀, 杀
2025-11-25 20:21:20 - INFO - 创建玩家 2: 玩家3 (身份: 反贼, 武将: 猪国杀武将, 血量: 4)
2025-11-25 20:21:20 - INFO - ControlManager初始化完成，管理 3 个Control实例
2025-11-25 20:21:20 - INFO - 玩家控制器创建完成，玩家数量: 3
2025-11-25 20:21:20 - INFO - 初始玩家ID: 0
2025-11-25 20:21:20 - INFO - 游戏初始化完成
2025-11-25 20:21:20 - INFO - 游戏主循环开始
2025-11-25 20:21:20 - INFO - === 第 1 回合开始，玩家1 的回合 ===
2025-11-25 20:21:20 - INFO - ============================================================
2025-11-25 20:21:20 - INFO - 当前所有玩家状态:
2025-11-25 20:21:20 - INFO - 玩家0 (玩家1) [主公] (猪国杀武将) - 血量: 4/4 - 手牌: 闪, 万箭齐发, 闪, 无懈可击 - 装备: 无
2025-11-25 20:21:20 - INFO - 玩家1 (玩家2) [反贼] (猪国杀武将) - 血量: 4/4 - 手牌: 闪, 诸葛连弩, 决斗, 无懈可击 - 装备: 无
2025-11-25 20:21:20 - INFO - 玩家2 (玩家3) [反贼] (猪国杀武将) - 血量: 4/4 - 手牌: 桃, 万箭齐发, 无懈可击, 诸葛连弩 - 装备: 无
2025-11-25 20:21:20 - INFO - ============================================================
2025-11-25 20:21:20 - INFO - ============================================================
2025-11-25 20:21:20 - INFO - 当前牌堆状态:
2025-11-25 20:21:20 - INFO - 正常牌堆: 130 张牌
2025-11-25 20:21:20 - INFO - 弃牌堆: 0 张牌
2025-11-25 20:21:20 - INFO - ============================================================
2025-11-25 20:21:20 - INFO - 玩家1 进入 准备 阶段
2025-11-25 20:21:20 - INFO - 玩家1 进入 摸牌 阶段
2025-11-25 20:21:20 - INFO - 玩家1 摸牌: 决斗, 无懈可击
2025-11-25 20:21:20 - INFO - 玩家1 进入 出牌 阶段
2025-11-25 20:21:20 - INFO - 玩家1 使用 万箭齐发，目标: 玩家2, 玩家3
2025-11-25 20:21:20 - INFO - 玩家 玩家1 打出牌: 万箭齐发
2025-11-25 20:21:20 - INFO - 玩家1 使用 万箭齐发 响应
2025-11-25 20:21:20 - INFO - 玩家2 使用 闪 响应
2025-11-25 20:21:20 - INFO - 玩家3 受到 1 点伤害，当前血量: 3/4
2025-11-25 20:21:20 - INFO - 玩家1发动技能[无弃牌阶段]
2025-11-25 20:21:20 - INFO - 玩家1 猪国杀规则：跳过弃牌阶段
2025-11-25 20:21:20 - INFO - 玩家1 回合结束
2025-11-25 20:21:20 - INFO - === 第 2 回合开始，玩家2 的回合 ===
2025-11-25 20:21:20 - INFO - ============================================================
2025-11-25 20:21:20 - INFO - 当前所有玩家状态:
2025-11-25 20:21:20 - INFO - 玩家0 (玩家1) [主公] (猪国杀武将) - 血量: 4/4 - 手牌: 闪, 闪, 无懈可击, 决斗, 无懈可击 - 装备: 无
2025-11-25 20:21:20 - INFO - 玩家1 (玩家2) [反贼] (猪国杀武将) - 血量: 4/4 - 手牌: 诸葛连弩, 决斗, 无懈可击 - 装备: 无
2025-11-25 20:21:20 - INFO - 玩家2 (玩家3) [反贼] (猪国杀武将) - 血量: 3/4 - 手牌: 桃, 万箭齐发, 无懈可击, 诸葛连弩 - 装备: 无
2025-11-25 20:21:20 - INFO - ============================================================
2025-11-25 20:21:20 - INFO - ============================================================
2025-11-25 20:21:20 - INFO - 当前牌堆状态:
2025-11-25 20:21:20 - INFO - 正常牌堆: 128 张牌
2025-11-25 20:21:20 - INFO - 弃牌堆: 2 张牌
2025-11-25 20:21:20 - INFO - 弃牌堆所有牌: 闪, 万箭齐发
2025-11-25 20:21:20 - INFO - ============================================================
2025-11-25 20:21:20 - INFO - 玩家2 进入 准备 阶段
2025-11-25 20:21:20 - INFO - 玩家2 进入 摸牌 阶段
2025-11-25 20:21:20 - INFO - 玩家2 摸牌: 诸葛连弩, 万箭齐发
2025-11-25 20:21:20 - INFO - 玩家2 进入 出牌 阶段
2025-11-25 20:21:20 - INFO - 玩家2 使用 诸葛连弩，目标: 玩家2
2025-11-25 20:21:20 - INFO - 玩家 玩家2 打出牌: 诸葛连弩
2025-11-25 20:21:20 - INFO - 玩家2 装备 诸葛连弩 (武器)
2025-11-25 20:21:20 - INFO - 玩家2 使用 决斗，目标: 玩家1
2025-11-25 20:21:20 - INFO - 玩家2对玩家1表敌意（决斗）
2025-11-25 20:21:20 - INFO - 玩家2跳反
2025-11-25 20:21:20 - INFO - 玩家2对玩家1表敌意（决斗）
2025-11-25 20:21:20 - INFO - 玩家2跳反
2025-11-25 20:21:20 - INFO - 玩家2对玩家1表敌意（决斗）
2025-11-25 20:21:20 - INFO - 玩家2跳反
2025-11-25 20:21:20 - INFO - 玩家 玩家2 打出牌: 决斗
2025-11-25 20:21:20 - INFO - 玩家2 使用 决斗，目标: 玩家1
2025-11-25 20:21:20 - INFO - 玩家1 使用 无懈可击 响应
2025-11-25 20:21:20 - INFO - 玩家1对玩家1献殷勤（无懈可击）
2025-11-25 20:21:20 - INFO - 玩家1跳忠
2025-11-25 20:21:20 - INFO - 玩家1对玩家1献殷勤（无懈可击）
2025-11-25 20:21:20 - INFO - 玩家1跳忠
2025-11-25 20:21:20 - INFO - 玩家1对玩家1献殷勤（无懈可击）
2025-11-25 20:21:20 - INFO - 玩家1跳忠
2025-11-25 20:21:20 - INFO - 玩家2 使用 无懈可击 响应
2025-11-25 20:21:20 - INFO - 玩家2对玩家1表敌意（无懈可击抵消）
2025-11-25 20:21:20 - INFO - 玩家2对玩家1表敌意（无懈可击抵消）
2025-11-25 20:21:20 - INFO - 玩家2对玩家1表敌意（无懈可击抵消）
2025-11-25 20:21:20 - INFO - 玩家1 使用 无懈可击 响应
2025-11-25 20:21:20 - INFO - 玩家1对玩家1献殷勤（无懈可击）
2025-11-25 20:21:20 - INFO - 玩家1对玩家1献殷勤（无懈可击）
2025-11-25 20:21:20 - INFO - 玩家1对玩家1献殷勤（无懈可击）
2025-11-25 20:21:20 - INFO - 玩家3 使用 无懈可击 响应
2025-11-25 20:21:20 - INFO - 玩家3对玩家1表敌意（无懈可击抵消）
2025-11-25 20:21:20 - INFO - 玩家3跳反
2025-11-25 20:21:20 - INFO - 玩家3对玩家1表敌意（无懈可击抵消）
2025-11-25 20:21:20 - INFO - 玩家3跳反
2025-11-25 20:21:20 - INFO - 玩家3对玩家1表敌意（无懈可击抵消）
2025-11-25 20:21:20 - INFO - 玩家3跳反
2025-11-25 20:21:20 - INFO - 决斗第1轮：玩家1 对 玩家2
2025-11-25 20:21:20 - INFO - 玩家1 受到 1 点伤害，当前血量: 3/4
2025-11-25 20:21:20 - INFO - 玩家2 使用 诸葛连弩，目标: 玩家2
2025-11-25 20:21:20 - INFO - 玩家 玩家2 打出牌: 诸葛连弩
2025-11-25 20:21:20 - INFO - 玩家2 装备 诸葛连弩 (武器)
2025-11-25 20:21:20 - INFO - 玩家2 使用 万箭齐发，目标: 玩家1, 玩家3
2025-11-25 20:21:20 - INFO - 玩家 玩家2 打出牌: 万箭齐发
2025-11-25 20:21:20 - INFO - 玩家2 使用 万箭齐发 响应
2025-11-25 20:21:20 - INFO - 玩家3 受到 1 点伤害，当前血量: 2/4
2025-11-25 20:21:20 - INFO - 玩家1 使用 闪 响应
2025-11-25 20:21:20 - INFO - 玩家2发动技能[无弃牌阶段]
2025-11-25 20:21:20 - INFO - 玩家2 猪国杀规则：跳过弃牌阶段
2025-11-25 20:21:20 - INFO - 玩家2 回合结束
2025-11-25 20:21:20 - INFO - === 第 3 回合开始，玩家3 的回合 ===
2025-11-25 20:21:20 - INFO - ============================================================
2025-11-25 20:21:20 - INFO - 当前所有玩家状态:
2025-11-25 20:21:20 - INFO - 玩家0 (玩家1) [主公] (猪国杀武将) - 血量: 3/4 - 手牌: 闪, 决斗 - 装备: 无
2025-11-25 20:21:20 - INFO - 玩家1 (玩家2) [反贼] (猪国杀武将) - 血量: 4/4 - 手牌: 无 - 装备: 武器: 诸葛连弩
2025-11-25 20:21:20 - INFO - 玩家2 (玩家3) [反贼] (猪国杀武将) - 血量: 2/4 - 手牌: 桃, 万箭齐发, 诸葛连弩 - 装备: 无
2025-11-25 20:21:20 - INFO - ============================================================
2025-11-25 20:21:20 - INFO - ============================================================
2025-11-25 20:21:20 - INFO - 当前牌堆状态:
2025-11-25 20:21:20 - INFO - 正常牌堆: 126 张牌
2025-11-25 20:21:20 - INFO - 弃牌堆: 10 张牌
2025-11-25 20:21:20 - INFO - 弃牌堆最后5张牌: 无懈可击, 决斗, 诸葛连弩, 闪, 万箭齐发
2025-11-25 20:21:20 - INFO - ============================================================
2025-11-25 20:21:20 - INFO - 玩家3 进入 准备 阶段
2025-11-25 20:21:20 - INFO - 玩家3 进入 摸牌 阶段
2025-11-25 20:21:20 - INFO - 玩家3 摸牌: 诸葛连弩, 决斗
2025-11-25 20:21:20 - INFO - 玩家3 进入 出牌 阶段
2025-11-25 20:21:20 - INFO - 玩家3 使用 桃，目标: 玩家3
2025-11-25 20:21:20 - INFO - 玩家 玩家3 打出牌: 桃
2025-11-25 20:21:20 - INFO - 玩家3 恢复 1 点血量，当前血量: 3/4
2025-11-25 20:21:20 - INFO - 玩家3 使用 万箭齐发，目标: 玩家1, 玩家2
2025-11-25 20:21:20 - INFO - 玩家 玩家3 打出牌: 万箭齐发
2025-11-25 20:21:20 - INFO - 玩家3 使用 万箭齐发 响应
2025-11-25 20:21:20 - INFO - 玩家1 使用 闪 响应
2025-11-25 20:21:20 - INFO - 玩家2 受到 1 点伤害，当前血量: 3/4
2025-11-25 20:21:20 - INFO - 玩家3 使用 诸葛连弩，目标: 玩家3
2025-11-25 20:21:20 - INFO - 玩家 玩家3 打出牌: 诸葛连弩
2025-11-25 20:21:20 - INFO - 玩家3 装备 诸葛连弩 (武器)
2025-11-25 20:21:20 - INFO - 玩家3 使用 诸葛连弩，目标: 玩家3
2025-11-25 20:21:20 - INFO - 玩家 玩家3 打出牌: 诸葛连弩
2025-11-25 20:21:20 - INFO - 玩家3 装备 诸葛连弩 (武器)
2025-11-25 20:21:20 - INFO - 玩家3 使用 决斗，目标: 玩家1
2025-11-25 20:21:20 - INFO - 玩家3对玩家1表敌意（决斗）
2025-11-25 20:21:20 - INFO - 玩家3对玩家1表敌意（决斗）
2025-11-25 20:21:20 - INFO - 玩家3对玩家1表敌意（决斗）
2025-11-25 20:21:20 - INFO - 玩家 玩家3 打出牌: 决斗
2025-11-25 20:21:20 - INFO - 玩家3 使用 决斗，目标: 玩家1
2025-11-25 20:21:20 - INFO - 决斗第1轮：玩家1 对 玩家3
2025-11-25 20:21:20 - INFO - 玩家1 受到 1 点伤害，当前血量: 2/4
2025-11-25 20:21:20 - INFO - 玩家3发动技能[无弃牌阶段]
2025-11-25 20:21:20 - INFO - 玩家3 猪国杀规则：跳过弃牌阶段
2025-11-25 20:21:20 - INFO - 玩家3 回合结束
2025-11-25 20:21:20 - INFO - === 第 4 回合开始，玩家1 的回合 ===
2025-11-25 20:21:20 - INFO - ============================================================
2025-11-25 20:21:20 - INFO - 当前所有玩家状态:
2025-11-25 20:21:20 - INFO - 玩家0 (玩家1) [主公] (猪国杀武将) - 血量: 2/4 - 手牌: 决斗 - 装备: 无
2025-11-25 20:21:20 - INFO - 玩家1 (玩家2) [反贼] (猪国杀武将) - 血量: 3/4 - 手牌: 无 - 装备: 武器: 诸葛连弩
2025-11-25 20:21:20 - INFO - 玩家2 (玩家3) [反贼] (猪国杀武将) - 血量: 3/4 - 手牌: 无 - 装备: 武器: 诸葛连弩
2025-11-25 20:21:20 - INFO - ============================================================
2025-11-25 20:21:20 - INFO - ============================================================
2025-11-25 20:21:20 - INFO - 当前牌堆状态:
2025-11-25 20:21:20 - INFO - 正常牌堆: 124 张牌
2025-11-25 20:21:20 - INFO - 弃牌堆: 15 张牌
2025-11-25 20:21:20 - INFO - 弃牌堆最后5张牌: 桃, 闪, 万箭齐发, 诸葛连弩, 决斗
2025-11-25 20:21:20 - INFO - ============================================================
2025-11-25 20:21:20 - INFO - 玩家1 进入 准备 阶段
2025-11-25 20:21:20 - INFO - 玩家1 进入 摸牌 阶段
2025-11-25 20:21:20 - INFO - 玩家1 摸牌: 杀, 杀
2025-11-25 20:21:20 - INFO - 玩家1 进入 出牌 阶段
2025-11-25 20:21:20 - INFO - 玩家1 使用 决斗，目标: 玩家2
2025-11-25 20:21:20 - INFO - 玩家1对玩家2表敌意（决斗）
2025-11-25 20:21:20 - INFO - 玩家1对玩家2表敌意（决斗）
2025-11-25 20:21:20 - INFO - 玩家1对玩家2表敌意（决斗）
2025-11-25 20:21:20 - INFO - 玩家 玩家1 打出牌: 决斗
2025-11-25 20:21:20 - INFO - 玩家1 使用 决斗，目标: 玩家2
2025-11-25 20:21:20 - INFO - 决斗第1轮：玩家2 对 玩家1
2025-11-25 20:21:20 - INFO - 玩家2 受到 1 点伤害，当前血量: 2/4
2025-11-25 20:21:20 - INFO - 玩家1 使用 杀，目标: 玩家2
2025-11-25 20:21:20 - INFO - 玩家1对玩家2表敌意（杀）
2025-11-25 20:21:20 - INFO - 玩家1对玩家2表敌意（杀）
2025-11-25 20:21:20 - INFO - 玩家1对玩家2表敌意（杀）
2025-11-25 20:21:20 - INFO - 玩家 玩家1 打出牌: 杀
2025-11-25 20:21:20 - INFO - 玩家2 受到 1 点伤害，当前血量: 1/4
2025-11-25 20:21:20 - INFO - 玩家1发动技能[无弃牌阶段]
2025-11-25 20:21:20 - INFO - 玩家1 猪国杀规则：跳过弃牌阶段
2025-11-25 20:21:20 - INFO - 玩家1 回合结束
2025-11-25 20:21:20 - INFO - === 第 5 回合开始，玩家2 的回合 ===
2025-11-25 20:21:20 - INFO - ============================================================
2025-11-25 20:21:20 - INFO - 当前所有玩家状态:
2025-11-25 20:21:20 - INFO - 玩家0 (玩家1) [主公] (猪国杀武将) - 血量: 2/4 - 手牌: 杀 - 装备: 无
2025-11-25 20:21:20 - INFO - 玩家1 (玩家2) [反贼] (猪国杀武将) - 血量: 1/4 - 手牌: 无 - 装备: 武器: 诸葛连弩
2025-11-25 20:21:20 - INFO - 玩家2 (玩家3) [反贼] (猪国杀武将) - 血量: 3/4 - 手牌: 无 - 装备: 武器: 诸葛连弩
2025-11-25 20:21:20 - INFO - ============================================================
2025-11-25 20:21:20 - INFO - ============================================================
2025-11-25 20:21:20 - INFO - 当前牌堆状态:
2025-11-25 20:21:20 - INFO - 正常牌堆: 122 张牌
2025-11-25 20:21:20 - INFO - 弃牌堆: 17 张牌
2025-11-25 20:21:20 - INFO - 弃牌堆最后5张牌: 万箭齐发, 诸葛连弩, 决斗, 决斗, 杀
2025-11-25 20:21:20 - INFO - ============================================================
2025-11-25 20:21:20 - INFO - 玩家2 进入 准备 阶段
2025-11-25 20:21:20 - INFO - 玩家2 进入 摸牌 阶段
2025-11-25 20:21:20 - INFO - 玩家2 摸牌: 杀, 杀
2025-11-25 20:21:20 - INFO - 玩家2 进入 出牌 阶段
2025-11-25 20:21:20 - INFO - 玩家2发动技能[无弃牌阶段]
2025-11-25 20:21:20 - INFO - 玩家2 猪国杀规则：跳过弃牌阶段
2025-11-25 20:21:20 - INFO - 玩家2 回合结束
2025-11-25 20:21:20 - INFO - === 第 6 回合开始，玩家3 的回合 ===
2025-11-25 20:21:20 - INFO - ============================================================
2025-11-25 20:21:20 - INFO - 当前所有玩家状态:
2025-11-25 20:21:20 - INFO - 玩家0 (玩家1) [主公] (猪国杀武将) - 血量: 2/4 - 手牌: 杀 - 装备: 无
2025-11-25 20:21:20 - INFO - 玩家1 (玩家2) [反贼] (猪国杀武将) - 血量: 1/4 - 手牌: 杀, 杀 - 装备: 武器: 诸葛连弩
2025-11-25 20:21:20 - INFO - 玩家2 (玩家3) [反贼] (猪国杀武将) - 血量: 3/4 - 手牌: 无 - 装备: 武器: 诸葛连弩
2025-11-25 20:21:20 - INFO - ============================================================
2025-11-25 20:21:20 - INFO - ============================================================
2025-11-25 20:21:20 - INFO - 当前牌堆状态:
2025-11-25 20:21:20 - INFO - 正常牌堆: 120 张牌
2025-11-25 20:21:20 - INFO - 弃牌堆: 17 张牌
2025-11-25 20:21:20 - INFO - 弃牌堆最后5张牌: 万箭齐发, 诸葛连弩, 决斗, 决斗, 杀
2025-11-25 20:21:20 - INFO - ============================================================
2025-11-25 20:21:20 - INFO - 玩家3 进入 准备 阶段
2025-11-25 20:21:20 - INFO - 玩家3 进入 摸牌 阶段
2025-11-25 20:21:20 - INFO - 玩家3 摸牌: 杀, 杀
2025-11-25 20:21:20 - INFO - 玩家3 进入 出牌 阶段
2025-11-25 20:21:20 - INFO - 玩家3 使用 杀，目标: 玩家1
2025-11-25 20:21:20 - INFO - 玩家3对玩家1表敌意（杀）
2025-11-25 20:21:20 - INFO - 玩家3对玩家1表敌意（杀）
2025-11-25 20:21:20 - INFO - 玩家3对玩家1表敌意（杀）
2025-11-25 20:21:20 - INFO - 玩家 玩家3 打出牌: 杀
2025-11-25 20:21:20 - INFO - 玩家1 受到 1 点伤害，当前血量: 1/4
2025-11-25 20:21:20 - INFO - 玩家3 使用 杀，目标: 玩家1
2025-11-25 20:21:20 - INFO - 玩家3对玩家1表敌意（杀）
2025-11-25 20:21:20 - INFO - 玩家3对玩家1表敌意（杀）
2025-11-25 20:21:20 - INFO - 玩家3对玩家1表敌意（杀）
2025-11-25 20:21:20 - INFO - 玩家 玩家3 打出牌: 杀
2025-11-25 20:21:20 - INFO - 玩家1 受到 1 点伤害，当前血量: 0/4
2025-11-25 20:21:20 - WARNING - 玩家1 濒死！
2025-11-25 20:21:20 - WARNING - 玩家1 (主公) 死亡！
2025-11-25 20:21:20 - INFO - 玩家3发动技能[无弃牌阶段]
2025-11-25 20:21:20 - INFO - 玩家3 猪国杀规则：跳过弃牌阶段
2025-11-25 20:21:20 - INFO - 玩家3 回合结束
2025-11-25 20:21:20 - INFO -  游戏结束！反贼胜利 - 玩家2, 玩家3
2025-11-25 20:21:20 - INFO - ==================================================
2025-11-25 20:21:20 - INFO - 游戏会话结束
2025-11-25 20:21:20 - INFO - ==================================================
