2025-11-25 20:46:54 - INFO - ==================================================
2025-11-25 20:46:54 - INFO - 游戏开始
2025-11-25 20:46:54 - INFO - 时间: 2025-11-25 20:46:54
2025-11-25 20:46:54 - INFO - 模式: 正常模式
2025-11-25 20:46:54 - INFO - ==================================================
2025-11-25 20:46:54 - INFO - 开始新游戏，玩家数量: 5
2025-11-25 20:46:54 - INFO - 开始初始化游戏...
2025-11-25 20:46:54 - INFO - 开始初始化牌堆...
2025-11-25 20:46:54 - INFO - 牌堆初始化完成，总牌数: 69
2025-11-25 20:46:54 - INFO - 牌堆创建完成，总牌数: 69
2025-11-25 20:46:54 - INFO - 开始初始化玩家...
2025-11-25 20:46:59 - INFO - 主公 初始手牌: 防御马, 闪, 决斗, 杀
2025-11-25 20:46:59 - INFO - 创建玩家 0: 主公 (身份: 主公, 武将: 白板武将, 血量: 5)
2025-11-25 20:47:01 - INFO - 反贼1 初始手牌: 杀, 决斗, 杀, 闪
2025-11-25 20:47:01 - INFO - 创建玩家 1: 反贼1 (身份: 反贼, 武将: 张飞, 血量: 4)
2025-11-25 20:47:04 - INFO - 忠臣 初始手牌: 闪, 杀, 杀, 闪
2025-11-25 20:47:04 - INFO - 创建玩家 2: 忠臣 (身份: 忠臣, 武将: 赵云, 血量: 4)
2025-11-25 20:47:06 - INFO - 反贼2 初始手牌: 桃, 杀, 闪, 杀
2025-11-25 20:47:06 - INFO - 创建玩家 3: 反贼2 (身份: 反贼, 武将: 吕蒙, 血量: 4)
2025-11-25 20:47:07 - INFO - 内奸 初始手牌: 决斗, 桃, 闪, 无懈可击
2025-11-25 20:47:07 - INFO - 创建玩家 4: 内奸 (身份: 内奸, 武将: 凌操, 血量: 4)
2025-11-25 20:47:07 - INFO - ControlManager初始化完成，管理 5 个Control实例
2025-11-25 20:47:07 - INFO - 玩家控制器创建完成，玩家数量: 5
2025-11-25 20:47:07 - INFO - 初始玩家ID: 0
2025-11-25 20:47:07 - INFO - 游戏初始化完成
2025-11-25 20:47:07 - INFO - 游戏主循环开始
2025-11-25 20:47:07 - INFO - === 第 1 回合开始，主公 的回合 ===
2025-11-25 20:47:07 - INFO - ============================================================
2025-11-25 20:47:07 - INFO - 当前所有玩家状态:
2025-11-25 20:47:07 - INFO - 玩家0 (主公) [主公] (白板武将) - 血量: 5/5 - 手牌: 防御马, 闪, 决斗, 杀 - 装备: 无
2025-11-25 20:47:07 - INFO - 玩家1 (反贼1) [反贼] (张飞) - 血量: 4/4 - 手牌: 杀, 决斗, 杀, 闪 - 装备: 无
2025-11-25 20:47:07 - INFO - 玩家2 (忠臣) [忠臣] (赵云) - 血量: 4/4 - 手牌: 闪, 杀, 杀, 闪 - 装备: 无
2025-11-25 20:47:07 - INFO - 玩家3 (反贼2) [反贼] (吕蒙) - 血量: 4/4 - 手牌: 桃, 杀, 闪, 杀 - 装备: 无
2025-11-25 20:47:07 - INFO - 玩家4 (内奸) [内奸] (凌操) - 血量: 4/4 - 手牌: 决斗, 桃, 闪, 无懈可击 - 装备: 无
2025-11-25 20:47:07 - INFO - ============================================================
2025-11-25 20:47:07 - INFO - ============================================================
2025-11-25 20:47:07 - INFO - 当前牌堆状态:
2025-11-25 20:47:07 - INFO - 正常牌堆: 49 张牌
2025-11-25 20:47:07 - INFO - 弃牌堆: 0 张牌
2025-11-25 20:47:07 - INFO - ============================================================
2025-11-25 20:47:07 - INFO - 主公 进入 准备 阶段
2025-11-25 20:47:07 - INFO - 主公 进入 摸牌 阶段
2025-11-25 20:47:08 - INFO - 主公 摸牌: 仁王盾, 杀
2025-11-25 20:47:08 - INFO - 主公 进入 出牌 阶段
2025-11-25 20:47:08 - INFO - 主公 使用 防御马，目标: 主公
2025-11-25 20:47:11 - INFO - 玩家 主公 打出牌: 防御马
2025-11-25 20:47:11 - INFO - 主公 装备 防御马 (防御马)
2025-11-25 20:47:11 - INFO - 主公 使用 仁王盾，目标: 主公
2025-11-25 20:47:13 - INFO - 玩家 主公 打出牌: 仁王盾
2025-11-25 20:47:13 - INFO - 主公 装备 仁王盾 (防具)
2025-11-25 20:47:13 - INFO - 主公 回合结束
2025-11-25 20:47:13 - INFO - === 第 2 回合开始，反贼1 的回合 ===
2025-11-25 20:47:13 - INFO - ============================================================
2025-11-25 20:47:13 - INFO - 当前所有玩家状态:
2025-11-25 20:47:13 - INFO - 玩家0 (主公) [主公] (白板武将) - 血量: 5/5 - 手牌: 闪, 决斗, 杀, 杀 - 装备: 防具: 仁王盾, 防御马: 防御马
2025-11-25 20:47:13 - INFO - 玩家1 (反贼1) [反贼] (张飞) - 血量: 4/4 - 手牌: 杀, 决斗, 杀, 闪 - 装备: 无
2025-11-25 20:47:13 - INFO - 玩家2 (忠臣) [忠臣] (赵云) - 血量: 4/4 - 手牌: 闪, 杀, 杀, 闪 - 装备: 无
2025-11-25 20:47:13 - INFO - 玩家3 (反贼2) [反贼] (吕蒙) - 血量: 4/4 - 手牌: 桃, 杀, 闪, 杀 - 装备: 无
2025-11-25 20:47:13 - INFO - 玩家4 (内奸) [内奸] (凌操) - 血量: 4/4 - 手牌: 决斗, 桃, 闪, 无懈可击 - 装备: 无
2025-11-25 20:47:13 - INFO - ============================================================
2025-11-25 20:47:13 - INFO - ============================================================
2025-11-25 20:47:13 - INFO - 当前牌堆状态:
2025-11-25 20:47:13 - INFO - 正常牌堆: 47 张牌
2025-11-25 20:47:13 - INFO - 弃牌堆: 0 张牌
2025-11-25 20:47:13 - INFO - ============================================================
2025-11-25 20:47:13 - INFO - 反贼1 进入 准备 阶段
2025-11-25 20:47:13 - INFO - 反贼1 进入 摸牌 阶段
2025-11-25 20:47:14 - INFO - 反贼1 摸牌: 桃, 杀
2025-11-25 20:47:14 - INFO - 反贼1 进入 出牌 阶段
2025-11-25 20:47:14 - INFO - 反贼1发动技能[咆哮]
2025-11-25 20:47:14 - INFO - 反贼1 使用 决斗，目标: 主公
2025-11-25 20:47:17 - INFO - 反贼1对主公表敌意（决斗）
2025-11-25 20:47:17 - INFO - 反贼1跳反
2025-11-25 20:47:17 - INFO - 反贼1对主公表敌意（决斗）
2025-11-25 20:47:17 - INFO - 反贼1跳反
2025-11-25 20:47:17 - INFO - 反贼1对主公表敌意（决斗）
2025-11-25 20:47:17 - INFO - 反贼1跳反
2025-11-25 20:47:17 - INFO - 玩家 反贼1 打出牌: 决斗
2025-11-25 20:47:17 - INFO - 反贼1 使用 决斗，目标: 主公
2025-11-25 20:47:17 - INFO - 内奸 使用 无懈可击 响应
2025-11-25 20:47:19 - INFO - 内奸对主公献殷勤（无懈可击）
2025-11-25 20:47:19 - INFO - 内奸跳忠
2025-11-25 20:47:19 - INFO - 内奸对主公献殷勤（无懈可击）
2025-11-25 20:47:19 - INFO - 内奸跳忠
2025-11-25 20:47:19 - INFO - 内奸对主公献殷勤（无懈可击）
2025-11-25 20:47:19 - INFO - 内奸跳忠
2025-11-25 20:47:19 - INFO - 决斗被无懈可击抵消
2025-11-25 20:47:19 - INFO - 反贼1发动技能[咆哮]
2025-11-25 20:47:21 - INFO - 反贼1 弃牌: 杀
2025-11-25 20:47:21 - INFO - 反贼1 回合结束
2025-11-25 20:47:21 - INFO - === 第 3 回合开始，忠臣 的回合 ===
2025-11-25 20:47:21 - INFO - ============================================================
2025-11-25 20:47:21 - INFO - 当前所有玩家状态:
2025-11-25 20:47:21 - INFO - 玩家0 (主公) [主公] (白板武将) - 血量: 5/5 - 手牌: 闪, 决斗, 杀, 杀 - 装备: 防具: 仁王盾, 防御马: 防御马
2025-11-25 20:47:21 - INFO - 玩家1 (反贼1) [反贼] (张飞) - 血量: 4/4 - 手牌: 杀, 闪, 桃, 杀 - 装备: 无
2025-11-25 20:47:21 - INFO - 玩家2 (忠臣) [忠臣] (赵云) - 血量: 4/4 - 手牌: 闪, 杀, 杀, 闪 - 装备: 无
2025-11-25 20:47:21 - INFO - 玩家3 (反贼2) [反贼] (吕蒙) - 血量: 4/4 - 手牌: 桃, 杀, 闪, 杀 - 装备: 无
2025-11-25 20:47:21 - INFO - 玩家4 (内奸) [内奸] (凌操) - 血量: 4/4 - 手牌: 决斗, 桃, 闪 - 装备: 无
2025-11-25 20:47:21 - INFO - ============================================================
2025-11-25 20:47:21 - INFO - ============================================================
2025-11-25 20:47:21 - INFO - 当前牌堆状态:
2025-11-25 20:47:21 - INFO - 正常牌堆: 45 张牌
2025-11-25 20:47:21 - INFO - 弃牌堆: 3 张牌
2025-11-25 20:47:21 - INFO - 弃牌堆所有牌: 无懈可击, 决斗, 杀
2025-11-25 20:47:21 - INFO - ============================================================
2025-11-25 20:47:21 - INFO - 忠臣 进入 准备 阶段
2025-11-25 20:47:21 - INFO - 忠臣 进入 摸牌 阶段
2025-11-25 20:47:23 - INFO - 忠臣 摸牌: 杀, 杀
2025-11-25 20:47:23 - INFO - 忠臣 进入 出牌 阶段
2025-11-25 20:47:34 - INFO - 忠臣 使用 杀，目标: 反贼1
2025-11-25 20:47:36 - INFO - 忠臣对反贼1表敌意（杀）
2025-11-25 20:47:36 - INFO - 忠臣跳忠
2025-11-25 20:47:36 - INFO - 忠臣对反贼1表敌意（杀）
2025-11-25 20:47:36 - INFO - 忠臣跳忠
2025-11-25 20:47:36 - INFO - 忠臣对反贼1表敌意（杀）
2025-11-25 20:47:36 - INFO - 忠臣跳忠
2025-11-25 20:47:36 - INFO - 玩家 忠臣 打出牌: 杀
2025-11-25 20:47:36 - INFO - 反贼1 使用 闪 响应
2025-11-25 20:47:45 - INFO - 忠臣 弃牌: 杀
2025-11-25 20:47:45 - INFO - 忠臣 回合结束
2025-11-25 20:47:45 - INFO - === 第 4 回合开始，反贼2 的回合 ===
2025-11-25 20:47:45 - INFO - ============================================================
2025-11-25 20:47:45 - INFO - 当前所有玩家状态:
2025-11-25 20:47:45 - INFO - 玩家0 (主公) [主公] (白板武将) - 血量: 5/5 - 手牌: 闪, 决斗, 杀, 杀 - 装备: 防具: 仁王盾, 防御马: 防御马
2025-11-25 20:47:45 - INFO - 玩家1 (反贼1) [反贼] (张飞) - 血量: 4/4 - 手牌: 杀, 桃, 杀 - 装备: 无
2025-11-25 20:47:45 - INFO - 玩家2 (忠臣) [忠臣] (赵云) - 血量: 4/4 - 手牌: 闪, 闪, 杀, 杀 - 装备: 无
2025-11-25 20:47:45 - INFO - 玩家3 (反贼2) [反贼] (吕蒙) - 血量: 4/4 - 手牌: 桃, 杀, 闪, 杀 - 装备: 无
2025-11-25 20:47:45 - INFO - 玩家4 (内奸) [内奸] (凌操) - 血量: 4/4 - 手牌: 决斗, 桃, 闪 - 装备: 无
2025-11-25 20:47:45 - INFO - ============================================================
2025-11-25 20:47:45 - INFO - ============================================================
2025-11-25 20:47:45 - INFO - 当前牌堆状态:
2025-11-25 20:47:45 - INFO - 正常牌堆: 43 张牌
2025-11-25 20:47:45 - INFO - 弃牌堆: 6 张牌
2025-11-25 20:47:45 - INFO - 弃牌堆最后5张牌: 决斗, 杀, 杀, 闪, 杀
2025-11-25 20:47:45 - INFO - ============================================================
2025-11-25 20:47:45 - INFO - 反贼2 进入 准备 阶段
2025-11-25 20:47:45 - INFO - 反贼2 进入 摸牌 阶段
2025-11-25 20:47:46 - INFO - 反贼2 摸牌: 闪, 杀
2025-11-25 20:47:46 - INFO - 反贼2 进入 出牌 阶段
2025-11-25 20:47:46 - INFO - 反贼2 使用 杀，目标: 内奸
2025-11-25 20:47:48 - INFO - 反贼2对内奸表敌意（杀）
2025-11-25 20:47:48 - INFO - 反贼2跳反
2025-11-25 20:47:48 - INFO - 反贼2对内奸表敌意（杀）
2025-11-25 20:47:48 - INFO - 反贼2跳反
2025-11-25 20:47:48 - INFO - 反贼2对内奸表敌意（杀）
2025-11-25 20:47:48 - INFO - 反贼2跳反
2025-11-25 20:47:48 - INFO - 玩家 反贼2 打出牌: 杀
2025-11-25 20:47:48 - INFO - 内奸 使用 闪 响应
2025-11-25 20:47:51 - INFO - 反贼2发动技能[克己]
2025-11-25 20:47:51 - INFO - 反贼2 技能[克己]失效：本回合已使用过杀，需要弃牌
2025-11-25 20:47:53 - INFO - 反贼2 弃牌: 桃
2025-11-25 20:47:53 - INFO - 反贼2 回合结束
2025-11-25 20:47:53 - INFO - === 第 5 回合开始，内奸 的回合 ===
2025-11-25 20:47:53 - INFO - ============================================================
2025-11-25 20:47:53 - INFO - 当前所有玩家状态:
2025-11-25 20:47:53 - INFO - 玩家0 (主公) [主公] (白板武将) - 血量: 5/5 - 手牌: 闪, 决斗, 杀, 杀 - 装备: 防具: 仁王盾, 防御马: 防御马
2025-11-25 20:47:53 - INFO - 玩家1 (反贼1) [反贼] (张飞) - 血量: 4/4 - 手牌: 杀, 桃, 杀 - 装备: 无
2025-11-25 20:47:53 - INFO - 玩家2 (忠臣) [忠臣] (赵云) - 血量: 4/4 - 手牌: 闪, 闪, 杀, 杀 - 装备: 无
2025-11-25 20:47:53 - INFO - 玩家3 (反贼2) [反贼] (吕蒙) - 血量: 4/4 - 手牌: 闪, 杀, 闪, 杀 - 装备: 无
2025-11-25 20:47:53 - INFO - 玩家4 (内奸) [内奸] (凌操) - 血量: 4/4 - 手牌: 决斗, 桃 - 装备: 无
2025-11-25 20:47:53 - INFO - ============================================================
2025-11-25 20:47:53 - INFO - ============================================================
2025-11-25 20:47:53 - INFO - 当前牌堆状态:
2025-11-25 20:47:53 - INFO - 正常牌堆: 41 张牌
2025-11-25 20:47:53 - INFO - 弃牌堆: 9 张牌
2025-11-25 20:47:53 - INFO - 弃牌堆最后5张牌: 闪, 杀, 杀, 闪, 桃
2025-11-25 20:47:53 - INFO - ============================================================
2025-11-25 20:47:53 - INFO - 内奸 进入 准备 阶段
2025-11-25 20:47:53 - INFO - 内奸 进入 摸牌 阶段
2025-11-25 20:47:53 - INFO - 内奸发动技能[凌操]
2025-11-25 20:47:54 - INFO - 内奸 摸牌: 南蛮入侵, 闪, 进攻马
2025-11-25 20:47:54 - INFO - 内奸 进入 出牌 阶段
2025-11-25 20:47:54 - INFO - 内奸 使用 决斗，目标: 忠臣
2025-11-25 20:47:56 - INFO - 内奸对忠臣表敌意（决斗）
2025-11-25 20:47:56 - INFO - 内奸跳反
2025-11-25 20:47:56 - INFO - 内奸对忠臣表敌意（决斗）
2025-11-25 20:47:56 - INFO - 内奸跳反
2025-11-25 20:47:56 - INFO - 内奸对忠臣表敌意（决斗）
2025-11-25 20:47:56 - INFO - 内奸跳反
2025-11-25 20:47:56 - INFO - 玩家 内奸 打出牌: 决斗
2025-11-25 20:47:56 - INFO - 内奸 使用 决斗，目标: 忠臣
2025-11-25 20:47:56 - INFO - 决斗第1轮：忠臣 对 内奸
2025-11-25 20:47:58 - INFO - 忠臣 使用 杀 响应
2025-11-25 20:48:00 - INFO - 决斗第2轮：内奸 对 忠臣
2025-11-25 20:48:00 - INFO - 内奸 受到 1 点伤害，当前血量: 3/4
2025-11-25 20:48:02 - INFO - 内奸 使用 桃，目标: 内奸
2025-11-25 20:48:05 - INFO - 玩家 内奸 打出牌: 桃
2025-11-25 20:48:05 - INFO - 内奸 恢复 1 点血量，当前血量: 4/4
2025-11-25 20:48:07 - INFO - 内奸 使用 南蛮入侵，目标: 主公, 反贼1, 忠臣, 反贼2
2025-11-25 20:48:09 - INFO - 玩家 内奸 打出牌: 南蛮入侵
2025-11-25 20:48:09 - INFO - 内奸 使用 南蛮入侵 响应
2025-11-25 20:48:09 - INFO - 主公 使用 杀 响应
2025-11-25 20:48:12 - INFO - 反贼1 使用 杀 响应
2025-11-25 20:48:15 - INFO - 忠臣 使用 杀 响应
2025-11-25 20:48:18 - INFO - 反贼2 使用 杀 响应
2025-11-25 20:48:20 - INFO - 内奸 使用 进攻马，目标: 内奸
2025-11-25 20:48:22 - INFO - 玩家 内奸 打出牌: 进攻马
2025-11-25 20:48:22 - INFO - 内奸 装备 进攻马 (进攻马)
2025-11-25 20:48:22 - INFO - 内奸 回合结束
2025-11-25 20:48:22 - INFO - === 第 6 回合开始，主公 的回合 ===
2025-11-25 20:48:22 - INFO - ============================================================
2025-11-25 20:48:22 - INFO - 当前所有玩家状态:
2025-11-25 20:48:22 - INFO - 玩家0 (主公) [主公] (白板武将) - 血量: 5/5 - 手牌: 闪, 决斗, 杀 - 装备: 防具: 仁王盾, 防御马: 防御马
2025-11-25 20:48:22 - INFO - 玩家1 (反贼1) [反贼] (张飞) - 血量: 4/4 - 手牌: 桃, 杀 - 装备: 无
2025-11-25 20:48:22 - INFO - 玩家2 (忠臣) [忠臣] (赵云) - 血量: 4/4 - 手牌: 闪, 闪 - 装备: 无
2025-11-25 20:48:22 - INFO - 玩家3 (反贼2) [反贼] (吕蒙) - 血量: 4/4 - 手牌: 闪, 闪, 杀 - 装备: 无
2025-11-25 20:48:22 - INFO - 玩家4 (内奸) [内奸] (凌操) - 血量: 4/4 - 手牌: 闪 - 装备: 进攻马: 进攻马
2025-11-25 20:48:22 - INFO - ============================================================
2025-11-25 20:48:22 - INFO - ============================================================
2025-11-25 20:48:22 - INFO - 当前牌堆状态:
2025-11-25 20:48:22 - INFO - 正常牌堆: 38 张牌
2025-11-25 20:48:22 - INFO - 弃牌堆: 17 张牌
2025-11-25 20:48:22 - INFO - 弃牌堆最后5张牌: 杀, 杀, 杀, 杀, 南蛮入侵
2025-11-25 20:48:22 - INFO - ============================================================
2025-11-25 20:48:22 - INFO - 主公 进入 准备 阶段
2025-11-25 20:48:22 - INFO - 主公 进入 摸牌 阶段
2025-11-25 20:48:24 - INFO - 主公 摸牌: 杀, 杀
2025-11-25 20:48:24 - INFO - 主公 进入 出牌 阶段
2025-11-25 20:48:24 - INFO - 主公 使用 决斗，目标: 反贼1
2025-11-25 20:48:26 - INFO - 主公对反贼1表敌意（决斗）
2025-11-25 20:48:26 - INFO - 主公跳忠
2025-11-25 20:48:26 - INFO - 主公对反贼1表敌意（决斗）
2025-11-25 20:48:26 - INFO - 主公跳忠
2025-11-25 20:48:26 - INFO - 主公对反贼1表敌意（决斗）
2025-11-25 20:48:26 - INFO - 主公跳忠
2025-11-25 20:48:26 - INFO - 玩家 主公 打出牌: 决斗
2025-11-25 20:48:26 - INFO - 主公 使用 决斗，目标: 反贼1
2025-11-25 20:48:26 - INFO - 决斗第1轮：反贼1 对 主公
2025-11-25 20:48:26 - INFO - 反贼1 使用 杀 响应
2025-11-25 20:48:28 - INFO - 决斗第2轮：主公 对 反贼1
2025-11-25 20:48:28 - INFO - 主公 使用 杀 响应
2025-11-25 20:48:31 - INFO - 决斗第3轮：反贼1 对 主公
2025-11-25 20:48:31 - INFO - 反贼1 受到 1 点伤害，当前血量: 3/4
2025-11-25 20:48:33 - INFO - 主公 使用 杀，目标: 反贼1
2025-11-25 20:48:35 - INFO - 主公对反贼1表敌意（杀）
2025-11-25 20:48:35 - INFO - 主公对反贼1表敌意（杀）
2025-11-25 20:48:35 - INFO - 主公对反贼1表敌意（杀）
2025-11-25 20:48:35 - INFO - 玩家 主公 打出牌: 杀
2025-11-25 20:48:35 - INFO - 反贼1 受到 1 点伤害，当前血量: 2/4
2025-11-25 20:48:37 - INFO - 主公 回合结束
2025-11-25 20:48:37 - INFO - === 第 7 回合开始，反贼1 的回合 ===
2025-11-25 20:48:37 - INFO - ============================================================
2025-11-25 20:48:37 - INFO - 当前所有玩家状态:
2025-11-25 20:48:37 - INFO - 玩家0 (主公) [主公] (白板武将) - 血量: 5/5 - 手牌: 闪, 杀 - 装备: 防具: 仁王盾, 防御马: 防御马
2025-11-25 20:48:37 - INFO - 玩家1 (反贼1) [反贼] (张飞) - 血量: 2/4 - 手牌: 桃 - 装备: 无
2025-11-25 20:48:37 - INFO - 玩家2 (忠臣) [忠臣] (赵云) - 血量: 4/4 - 手牌: 闪, 闪 - 装备: 无
2025-11-25 20:48:37 - INFO - 玩家3 (反贼2) [反贼] (吕蒙) - 血量: 4/4 - 手牌: 闪, 闪, 杀 - 装备: 无
2025-11-25 20:48:37 - INFO - 玩家4 (内奸) [内奸] (凌操) - 血量: 4/4 - 手牌: 闪 - 装备: 进攻马: 进攻马
2025-11-25 20:48:37 - INFO - ============================================================
2025-11-25 20:48:37 - INFO - ============================================================
2025-11-25 20:48:37 - INFO - 当前牌堆状态:
2025-11-25 20:48:37 - INFO - 正常牌堆: 36 张牌
2025-11-25 20:48:37 - INFO - 弃牌堆: 21 张牌
2025-11-25 20:48:37 - INFO - 弃牌堆最后5张牌: 南蛮入侵, 杀, 杀, 决斗, 杀
2025-11-25 20:48:37 - INFO - ============================================================
2025-11-25 20:48:37 - INFO - 反贼1 进入 准备 阶段
2025-11-25 20:48:37 - INFO - 反贼1 进入 摸牌 阶段
2025-11-25 20:48:38 - INFO - 反贼1 摸牌: 杀, 杀
2025-11-25 20:48:38 - INFO - 反贼1 进入 出牌 阶段
2025-11-25 20:48:38 - INFO - 反贼1发动技能[咆哮]
2025-11-25 20:48:38 - INFO - 反贼1 使用 桃，目标: 反贼1
2025-11-25 20:48:41 - INFO - 玩家 反贼1 打出牌: 桃
2025-11-25 20:48:41 - INFO - 反贼1 恢复 1 点血量，当前血量: 3/4
2025-11-25 20:48:43 - INFO - 反贼1发动技能[咆哮]
2025-11-25 20:48:43 - INFO - 反贼1 使用 杀，目标: 忠臣
2025-11-25 20:48:45 - INFO - 反贼1对忠臣表敌意（杀）
2025-11-25 20:48:45 - INFO - 反贼1对忠臣表敌意（杀）
2025-11-25 20:48:45 - INFO - 反贼1对忠臣表敌意（杀）
2025-11-25 20:48:45 - INFO - 玩家 反贼1 打出牌: 杀
2025-11-25 20:48:46 - INFO - 忠臣 使用 闪 响应
2025-11-25 20:48:48 - INFO - 反贼1发动技能[咆哮]
2025-11-25 20:48:48 - INFO - 反贼1 使用 杀，目标: 忠臣
2025-11-25 20:48:51 - INFO - 反贼1对忠臣表敌意（杀）
2025-11-25 20:48:51 - INFO - 反贼1对忠臣表敌意（杀）
2025-11-25 20:48:51 - INFO - 反贼1对忠臣表敌意（杀）
2025-11-25 20:48:51 - INFO - 玩家 反贼1 打出牌: 杀
2025-11-25 20:48:51 - INFO - 忠臣 使用 闪 响应
2025-11-25 20:48:53 - INFO - 反贼1发动技能[咆哮]
2025-11-25 20:48:53 - INFO - 反贼1 回合结束
2025-11-25 20:48:53 - INFO - === 第 8 回合开始，忠臣 的回合 ===
2025-11-25 20:48:53 - INFO - ============================================================
2025-11-25 20:48:53 - INFO - 当前所有玩家状态:
2025-11-25 20:48:53 - INFO - 玩家0 (主公) [主公] (白板武将) - 血量: 5/5 - 手牌: 闪, 杀 - 装备: 防具: 仁王盾, 防御马: 防御马
2025-11-25 20:48:53 - INFO - 玩家1 (反贼1) [反贼] (张飞) - 血量: 3/4 - 手牌: 无 - 装备: 无
2025-11-25 20:48:53 - INFO - 玩家2 (忠臣) [忠臣] (赵云) - 血量: 4/4 - 手牌: 无 - 装备: 无
2025-11-25 20:48:53 - INFO - 玩家3 (反贼2) [反贼] (吕蒙) - 血量: 4/4 - 手牌: 闪, 闪, 杀 - 装备: 无
2025-11-25 20:48:53 - INFO - 玩家4 (内奸) [内奸] (凌操) - 血量: 4/4 - 手牌: 闪 - 装备: 进攻马: 进攻马
2025-11-25 20:48:53 - INFO - ============================================================
2025-11-25 20:48:53 - INFO - ============================================================
2025-11-25 20:48:53 - INFO - 当前牌堆状态:
2025-11-25 20:48:53 - INFO - 正常牌堆: 34 张牌
2025-11-25 20:48:53 - INFO - 弃牌堆: 26 张牌
2025-11-25 20:48:53 - INFO - 弃牌堆最后5张牌: 桃, 杀, 闪, 杀, 闪
2025-11-25 20:48:53 - INFO - ============================================================
2025-11-25 20:48:53 - INFO - 忠臣 进入 准备 阶段
2025-11-25 20:48:53 - INFO - 忠臣 进入 摸牌 阶段
2025-11-25 20:48:55 - INFO - 忠臣 摸牌: 无懈可击, 南蛮入侵
2025-11-25 20:48:55 - INFO - 忠臣 进入 出牌 阶段
2025-11-25 20:48:58 - INFO - 忠臣 使用 南蛮入侵，目标: 主公, 反贼1, 反贼2, 内奸
2025-11-25 20:49:00 - INFO - 玩家 忠臣 打出牌: 南蛮入侵
2025-11-25 20:49:00 - INFO - 忠臣 使用 南蛮入侵 响应
2025-11-25 20:49:05 - INFO - 反贼2 使用 杀 响应
2025-11-25 20:49:10 - INFO - 内奸 受到 1 点伤害，当前血量: 3/4
2025-11-25 20:49:17 - INFO - 主公 使用 杀 响应
2025-11-25 20:49:21 - INFO - 反贼1 受到 1 点伤害，当前血量: 2/4
2025-11-25 20:49:23 - INFO - 忠臣 回合结束
2025-11-25 20:49:23 - INFO - === 第 9 回合开始，反贼2 的回合 ===
2025-11-25 20:49:23 - INFO - ============================================================
2025-11-25 20:49:23 - INFO - 当前所有玩家状态:
2025-11-25 20:49:23 - INFO - 玩家0 (主公) [主公] (白板武将) - 血量: 5/5 - 手牌: 闪 - 装备: 防具: 仁王盾, 防御马: 防御马
2025-11-25 20:49:23 - INFO - 玩家1 (反贼1) [反贼] (张飞) - 血量: 2/4 - 手牌: 无 - 装备: 无
2025-11-25 20:49:23 - INFO - 玩家2 (忠臣) [忠臣] (赵云) - 血量: 4/4 - 手牌: 无懈可击 - 装备: 无
2025-11-25 20:49:23 - INFO - 玩家3 (反贼2) [反贼] (吕蒙) - 血量: 4/4 - 手牌: 闪, 闪 - 装备: 无
2025-11-25 20:49:23 - INFO - 玩家4 (内奸) [内奸] (凌操) - 血量: 3/4 - 手牌: 闪 - 装备: 进攻马: 进攻马
2025-11-25 20:49:23 - INFO - ============================================================
2025-11-25 20:49:23 - INFO - ============================================================
2025-11-25 20:49:23 - INFO - 当前牌堆状态:
2025-11-25 20:49:23 - INFO - 正常牌堆: 32 张牌
2025-11-25 20:49:23 - INFO - 弃牌堆: 29 张牌
2025-11-25 20:49:23 - INFO - 弃牌堆最后5张牌: 杀, 闪, 杀, 杀, 南蛮入侵
2025-11-25 20:49:23 - INFO - ============================================================
2025-11-25 20:49:23 - INFO - 反贼2 进入 准备 阶段
2025-11-25 20:49:23 - INFO - 反贼2 进入 摸牌 阶段
2025-11-25 20:49:24 - INFO - 反贼2 摸牌: 诸葛连弩, 杀
2025-11-25 20:49:24 - INFO - 反贼2 进入 出牌 阶段
2025-11-25 20:49:24 - INFO - 反贼2 使用 诸葛连弩，目标: 反贼2
2025-11-25 20:49:26 - INFO - 玩家 反贼2 打出牌: 诸葛连弩
2025-11-25 20:49:26 - INFO - 反贼2 装备 诸葛连弩 (武器)
2025-11-25 20:49:26 - INFO - 反贼2发动技能[克己]
2025-11-25 20:49:26 - INFO - 反贼2 技能[克己]生效：本回合未使用杀，手牌未超限，无需弃牌
2025-11-25 20:49:26 - INFO - 反贼2 回合结束
2025-11-25 20:49:26 - INFO - === 第 10 回合开始，内奸 的回合 ===
2025-11-25 20:49:26 - INFO - ============================================================
2025-11-25 20:49:26 - INFO - 当前所有玩家状态:
2025-11-25 20:49:26 - INFO - 玩家0 (主公) [主公] (白板武将) - 血量: 5/5 - 手牌: 闪 - 装备: 防具: 仁王盾, 防御马: 防御马
2025-11-25 20:49:26 - INFO - 玩家1 (反贼1) [反贼] (张飞) - 血量: 2/4 - 手牌: 无 - 装备: 无
2025-11-25 20:49:26 - INFO - 玩家2 (忠臣) [忠臣] (赵云) - 血量: 4/4 - 手牌: 无懈可击 - 装备: 无
2025-11-25 20:49:26 - INFO - 玩家3 (反贼2) [反贼] (吕蒙) - 血量: 4/4 - 手牌: 闪, 闪, 杀 - 装备: 武器: 诸葛连弩
2025-11-25 20:49:26 - INFO - 玩家4 (内奸) [内奸] (凌操) - 血量: 3/4 - 手牌: 闪 - 装备: 进攻马: 进攻马
2025-11-25 20:49:26 - INFO - ============================================================
2025-11-25 20:49:26 - INFO - ============================================================
2025-11-25 20:49:26 - INFO - 当前牌堆状态:
2025-11-25 20:49:26 - INFO - 正常牌堆: 30 张牌
2025-11-25 20:49:26 - INFO - 弃牌堆: 29 张牌
2025-11-25 20:49:26 - INFO - 弃牌堆最后5张牌: 杀, 闪, 杀, 杀, 南蛮入侵
2025-11-25 20:49:26 - INFO - ============================================================
2025-11-25 20:49:26 - INFO - 内奸 进入 准备 阶段
2025-11-25 20:49:26 - INFO - 内奸 进入 摸牌 阶段
2025-11-25 20:49:26 - INFO - 内奸发动技能[凌操]
2025-11-25 20:49:27 - INFO - 内奸 摸牌: 杀, 桃, 闪
2025-11-25 20:49:27 - INFO - 内奸 进入 出牌 阶段
2025-11-25 20:49:27 - INFO - 内奸 使用 杀，目标: 反贼2
2025-11-25 20:49:29 - INFO - 内奸对反贼2表敌意（杀）
2025-11-25 20:49:29 - INFO - 内奸跳忠
2025-11-25 20:49:29 - INFO - 内奸对反贼2表敌意（杀）
2025-11-25 20:49:29 - INFO - 内奸跳忠
2025-11-25 20:49:29 - INFO - 内奸对反贼2表敌意（杀）
2025-11-25 20:49:29 - INFO - 内奸跳忠
2025-11-25 20:49:29 - INFO - 玩家 内奸 打出牌: 杀
2025-11-25 20:49:29 - INFO - 反贼2 使用 闪 响应
2025-11-25 20:49:32 - INFO - 内奸 使用 桃，目标: 内奸
2025-11-25 20:49:34 - INFO - 玩家 内奸 打出牌: 桃
2025-11-25 20:49:34 - INFO - 内奸 恢复 1 点血量，当前血量: 4/4
2025-11-25 20:49:36 - INFO - 内奸 回合结束
2025-11-25 20:49:36 - INFO - === 第 11 回合开始，主公 的回合 ===
2025-11-25 20:49:36 - INFO - ============================================================
2025-11-25 20:49:36 - INFO - 当前所有玩家状态:
2025-11-25 20:49:36 - INFO - 玩家0 (主公) [主公] (白板武将) - 血量: 5/5 - 手牌: 闪 - 装备: 防具: 仁王盾, 防御马: 防御马
2025-11-25 20:49:36 - INFO - 玩家1 (反贼1) [反贼] (张飞) - 血量: 2/4 - 手牌: 无 - 装备: 无
2025-11-25 20:49:36 - INFO - 玩家2 (忠臣) [忠臣] (赵云) - 血量: 4/4 - 手牌: 无懈可击 - 装备: 无
2025-11-25 20:49:36 - INFO - 玩家3 (反贼2) [反贼] (吕蒙) - 血量: 4/4 - 手牌: 闪, 杀 - 装备: 武器: 诸葛连弩
2025-11-25 20:49:36 - INFO - 玩家4 (内奸) [内奸] (凌操) - 血量: 4/4 - 手牌: 闪, 闪 - 装备: 进攻马: 进攻马
2025-11-25 20:49:36 - INFO - ============================================================
2025-11-25 20:49:36 - INFO - ============================================================
2025-11-25 20:49:36 - INFO - 当前牌堆状态:
2025-11-25 20:49:36 - INFO - 正常牌堆: 27 张牌
2025-11-25 20:49:36 - INFO - 弃牌堆: 32 张牌
2025-11-25 20:49:36 - INFO - 弃牌堆最后5张牌: 杀, 南蛮入侵, 杀, 闪, 桃
2025-11-25 20:49:36 - INFO - ============================================================
2025-11-25 20:49:36 - INFO - 主公 进入 准备 阶段
2025-11-25 20:49:36 - INFO - 主公 进入 摸牌 阶段
2025-11-25 20:49:38 - INFO - 主公 摸牌: 杀, 南蛮入侵
2025-11-25 20:49:38 - INFO - 主公 进入 出牌 阶段
2025-11-25 20:49:38 - INFO - 主公 使用 杀，目标: 反贼1
2025-11-25 20:49:40 - INFO - 主公对反贼1表敌意（杀）
2025-11-25 20:49:40 - INFO - 主公对反贼1表敌意（杀）
2025-11-25 20:49:40 - INFO - 主公对反贼1表敌意（杀）
2025-11-25 20:49:40 - INFO - 玩家 主公 打出牌: 杀
2025-11-25 20:49:40 - INFO - 反贼1 受到 1 点伤害，当前血量: 1/4
2025-11-25 20:49:42 - INFO - 主公 使用 南蛮入侵，目标: 反贼1, 忠臣, 反贼2, 内奸
2025-11-25 20:49:44 - INFO - 玩家 主公 打出牌: 南蛮入侵
2025-11-25 20:49:44 - INFO - 主公 使用 南蛮入侵 响应
2025-11-25 20:49:47 - INFO - 反贼1 受到 1 点伤害，当前血量: 0/4
2025-11-25 20:49:49 - WARNING - 反贼1 濒死！
2025-11-25 20:49:49 - WARNING - 反贼1 (反贼) 死亡！
2025-11-25 20:49:50 - INFO - 主公 杀死了反贼 反贼1，摸三张牌！
2025-11-25 20:49:52 - INFO - 主公 摸牌: 桃, 杀, 杀
2025-11-25 20:49:52 - INFO - 主公 摸到了: 桃, 杀, 杀
2025-11-25 20:50:00 - INFO - 忠臣 使用 无懈可击 响应
2025-11-25 20:50:03 - INFO - 忠臣对忠臣献殷勤（无懈可击）
2025-11-25 20:50:03 - INFO - 忠臣对忠臣献殷勤（无懈可击）
2025-11-25 20:50:03 - INFO - 忠臣对忠臣献殷勤（无懈可击）
2025-11-25 20:50:03 - INFO - 南蛮入侵对 忠臣 被无懈可击
2025-11-25 20:50:03 - INFO - 反贼2 使用 杀 响应
2025-11-25 20:50:05 - INFO - 内奸 受到 1 点伤害，当前血量: 3/4
2025-11-25 20:50:07 - INFO - 主公 回合结束
2025-11-25 20:50:07 - INFO - === 第 12 回合开始，忠臣 的回合 ===
2025-11-25 20:50:07 - INFO - ============================================================
2025-11-25 20:50:07 - INFO - 当前所有玩家状态:
2025-11-25 20:50:07 - INFO - 玩家0 (主公) [主公] (白板武将) - 血量: 5/5 - 手牌: 闪, 桃, 杀, 杀 - 装备: 防具: 仁王盾, 防御马: 防御马
2025-11-25 20:50:07 - INFO - 玩家1 (反贼1) [反贼] (张飞) - 血量: 0/4 - 手牌: 无 - 装备: 无
2025-11-25 20:50:07 - INFO - 玩家2 (忠臣) [忠臣] (赵云) - 血量: 4/4 - 手牌: 无 - 装备: 无
2025-11-25 20:50:07 - INFO - 玩家3 (反贼2) [反贼] (吕蒙) - 血量: 4/4 - 手牌: 闪 - 装备: 武器: 诸葛连弩
2025-11-25 20:50:07 - INFO - 玩家4 (内奸) [内奸] (凌操) - 血量: 3/4 - 手牌: 闪, 闪 - 装备: 进攻马: 进攻马
2025-11-25 20:50:07 - INFO - ============================================================
2025-11-25 20:50:07 - INFO - ============================================================
2025-11-25 20:50:07 - INFO - 当前牌堆状态:
2025-11-25 20:50:07 - INFO - 正常牌堆: 22 张牌
2025-11-25 20:50:07 - INFO - 弃牌堆: 36 张牌
2025-11-25 20:50:07 - INFO - 弃牌堆最后5张牌: 桃, 杀, 无懈可击, 杀, 南蛮入侵
2025-11-25 20:50:07 - INFO - ============================================================
2025-11-25 20:50:07 - INFO - 忠臣 进入 准备 阶段
2025-11-25 20:50:07 - INFO - 忠臣 进入 摸牌 阶段
2025-11-25 20:50:08 - INFO - 忠臣 摸牌: 桃, 闪
2025-11-25 20:50:08 - INFO - 忠臣 进入 出牌 阶段
2025-11-25 20:50:08 - INFO - 忠臣 回合结束
2025-11-25 20:50:08 - INFO - === 第 13 回合开始，反贼2 的回合 ===
2025-11-25 20:50:08 - INFO - ============================================================
2025-11-25 20:50:08 - INFO - 当前所有玩家状态:
2025-11-25 20:50:08 - INFO - 玩家0 (主公) [主公] (白板武将) - 血量: 5/5 - 手牌: 闪, 桃, 杀, 杀 - 装备: 防具: 仁王盾, 防御马: 防御马
2025-11-25 20:50:08 - INFO - 玩家1 (反贼1) [反贼] (张飞) - 血量: 0/4 - 手牌: 无 - 装备: 无
2025-11-25 20:50:08 - INFO - 玩家2 (忠臣) [忠臣] (赵云) - 血量: 4/4 - 手牌: 桃, 闪 - 装备: 无
2025-11-25 20:50:08 - INFO - 玩家3 (反贼2) [反贼] (吕蒙) - 血量: 4/4 - 手牌: 闪 - 装备: 武器: 诸葛连弩
2025-11-25 20:50:08 - INFO - 玩家4 (内奸) [内奸] (凌操) - 血量: 3/4 - 手牌: 闪, 闪 - 装备: 进攻马: 进攻马
2025-11-25 20:50:08 - INFO - ============================================================
2025-11-25 20:50:08 - INFO - ============================================================
2025-11-25 20:50:08 - INFO - 当前牌堆状态:
2025-11-25 20:50:08 - INFO - 正常牌堆: 20 张牌
2025-11-25 20:50:08 - INFO - 弃牌堆: 36 张牌
2025-11-25 20:50:08 - INFO - 弃牌堆最后5张牌: 桃, 杀, 无懈可击, 杀, 南蛮入侵
2025-11-25 20:50:08 - INFO - ============================================================
2025-11-25 20:50:08 - INFO - 反贼2 进入 准备 阶段
2025-11-25 20:50:08 - INFO - 反贼2 进入 摸牌 阶段
2025-11-25 20:50:09 - INFO - 反贼2 摸牌: 杀, 闪
2025-11-25 20:50:09 - INFO - 反贼2 进入 出牌 阶段
2025-11-25 20:50:09 - INFO - 反贼2 使用 杀，目标: 内奸
2025-11-25 20:50:11 - INFO - 反贼2对内奸表敌意（杀）
2025-11-25 20:50:11 - INFO - 反贼2对内奸表敌意（杀）
2025-11-25 20:50:11 - INFO - 反贼2对内奸表敌意（杀）
2025-11-25 20:50:11 - INFO - 玩家 反贼2 打出牌: 杀
2025-11-25 20:50:11 - INFO - 内奸 使用 闪 响应
2025-11-25 20:50:14 - INFO - 反贼2发动技能[克己]
2025-11-25 20:50:14 - INFO - 反贼2 技能[克己]生效：本回合未使用杀，手牌未超限，无需弃牌
2025-11-25 20:50:14 - INFO - 反贼2 回合结束
2025-11-25 20:50:14 - INFO - === 第 14 回合开始，内奸 的回合 ===
2025-11-25 20:50:14 - INFO - ============================================================
2025-11-25 20:50:14 - INFO - 当前所有玩家状态:
2025-11-25 20:50:14 - INFO - 玩家0 (主公) [主公] (白板武将) - 血量: 5/5 - 手牌: 闪, 桃, 杀, 杀 - 装备: 防具: 仁王盾, 防御马: 防御马
2025-11-25 20:50:14 - INFO - 玩家1 (反贼1) [反贼] (张飞) - 血量: 0/4 - 手牌: 无 - 装备: 无
2025-11-25 20:50:14 - INFO - 玩家2 (忠臣) [忠臣] (赵云) - 血量: 4/4 - 手牌: 桃, 闪 - 装备: 无
2025-11-25 20:50:14 - INFO - 玩家3 (反贼2) [反贼] (吕蒙) - 血量: 4/4 - 手牌: 闪, 闪 - 装备: 武器: 诸葛连弩
2025-11-25 20:50:14 - INFO - 玩家4 (内奸) [内奸] (凌操) - 血量: 3/4 - 手牌: 闪 - 装备: 进攻马: 进攻马
2025-11-25 20:50:14 - INFO - ============================================================
2025-11-25 20:50:14 - INFO - ============================================================
2025-11-25 20:50:14 - INFO - 当前牌堆状态:
2025-11-25 20:50:14 - INFO - 正常牌堆: 18 张牌
2025-11-25 20:50:14 - INFO - 弃牌堆: 38 张牌
2025-11-25 20:50:14 - INFO - 弃牌堆最后5张牌: 无懈可击, 杀, 南蛮入侵, 杀, 闪
2025-11-25 20:50:14 - INFO - ============================================================
2025-11-25 20:50:14 - INFO - 内奸 进入 准备 阶段
2025-11-25 20:50:14 - INFO - 内奸 进入 摸牌 阶段
2025-11-25 20:50:14 - INFO - 内奸发动技能[凌操]
2025-11-25 20:50:14 - INFO - 内奸 摸牌: 杀, 闪, 闪
2025-11-25 20:50:14 - INFO - 内奸 进入 出牌 阶段
2025-11-25 20:50:14 - INFO - 内奸 使用 杀，目标: 反贼2
2025-11-25 20:50:17 - INFO - 内奸对反贼2表敌意（杀）
2025-11-25 20:50:17 - INFO - 内奸对反贼2表敌意（杀）
2025-11-25 20:50:17 - INFO - 内奸对反贼2表敌意（杀）
2025-11-25 20:50:17 - INFO - 玩家 内奸 打出牌: 杀
2025-11-25 20:50:17 - INFO - 反贼2 使用 闪 响应
2025-11-25 20:50:19 - INFO - 内奸 回合结束
2025-11-25 20:50:19 - INFO - === 第 15 回合开始，主公 的回合 ===
2025-11-25 20:50:19 - INFO - ============================================================
2025-11-25 20:50:19 - INFO - 当前所有玩家状态:
2025-11-25 20:50:19 - INFO - 玩家0 (主公) [主公] (白板武将) - 血量: 5/5 - 手牌: 闪, 桃, 杀, 杀 - 装备: 防具: 仁王盾, 防御马: 防御马
2025-11-25 20:50:19 - INFO - 玩家1 (反贼1) [反贼] (张飞) - 血量: 0/4 - 手牌: 无 - 装备: 无
2025-11-25 20:50:19 - INFO - 玩家2 (忠臣) [忠臣] (赵云) - 血量: 4/4 - 手牌: 桃, 闪 - 装备: 无
2025-11-25 20:50:19 - INFO - 玩家3 (反贼2) [反贼] (吕蒙) - 血量: 4/4 - 手牌: 闪 - 装备: 武器: 诸葛连弩
2025-11-25 20:50:19 - INFO - 玩家4 (内奸) [内奸] (凌操) - 血量: 3/4 - 手牌: 闪, 闪, 闪 - 装备: 进攻马: 进攻马
2025-11-25 20:50:19 - INFO - ============================================================
2025-11-25 20:50:19 - INFO - ============================================================
2025-11-25 20:50:19 - INFO - 当前牌堆状态:
2025-11-25 20:50:19 - INFO - 正常牌堆: 15 张牌
2025-11-25 20:50:19 - INFO - 弃牌堆: 40 张牌
2025-11-25 20:50:19 - INFO - 弃牌堆最后5张牌: 南蛮入侵, 杀, 闪, 杀, 闪
2025-11-25 20:50:19 - INFO - ============================================================
2025-11-25 20:50:19 - INFO - 主公 进入 准备 阶段
2025-11-25 20:50:19 - INFO - 主公 进入 摸牌 阶段
2025-11-25 20:50:21 - INFO - 主公 摸牌: 桃, 无懈可击
2025-11-25 20:50:21 - INFO - 主公 进入 出牌 阶段
2025-11-25 20:50:23 - INFO - 主公 弃牌: 桃
2025-11-25 20:50:23 - INFO - 主公 回合结束
2025-11-25 20:50:23 - INFO - === 第 16 回合开始，忠臣 的回合 ===
2025-11-25 20:50:23 - INFO - ============================================================
2025-11-25 20:50:23 - INFO - 当前所有玩家状态:
2025-11-25 20:50:23 - INFO - 玩家0 (主公) [主公] (白板武将) - 血量: 5/5 - 手牌: 闪, 杀, 杀, 桃, 无懈可击 - 装备: 防具: 仁王盾, 防御马: 防御马
2025-11-25 20:50:23 - INFO - 玩家1 (反贼1) [反贼] (张飞) - 血量: 0/4 - 手牌: 无 - 装备: 无
2025-11-25 20:50:23 - INFO - 玩家2 (忠臣) [忠臣] (赵云) - 血量: 4/4 - 手牌: 桃, 闪 - 装备: 无
2025-11-25 20:50:23 - INFO - 玩家3 (反贼2) [反贼] (吕蒙) - 血量: 4/4 - 手牌: 闪 - 装备: 武器: 诸葛连弩
2025-11-25 20:50:23 - INFO - 玩家4 (内奸) [内奸] (凌操) - 血量: 3/4 - 手牌: 闪, 闪, 闪 - 装备: 进攻马: 进攻马
2025-11-25 20:50:23 - INFO - ============================================================
2025-11-25 20:50:23 - INFO - ============================================================
2025-11-25 20:50:23 - INFO - 当前牌堆状态:
2025-11-25 20:50:23 - INFO - 正常牌堆: 13 张牌
2025-11-25 20:50:23 - INFO - 弃牌堆: 41 张牌
2025-11-25 20:50:23 - INFO - 弃牌堆最后5张牌: 杀, 闪, 杀, 闪, 桃
2025-11-25 20:50:23 - INFO - ============================================================
2025-11-25 20:50:23 - INFO - 忠臣 进入 准备 阶段
2025-11-25 20:50:23 - INFO - 忠臣 进入 摸牌 阶段
2025-11-25 20:50:25 - INFO - 忠臣 摸牌: 青釭剑, 无懈可击
2025-11-25 20:50:25 - INFO - 忠臣 进入 出牌 阶段
2025-11-25 20:50:28 - INFO - 忠臣 使用 青釭剑，目标: 忠臣
2025-11-25 20:50:30 - INFO - 玩家 忠臣 打出牌: 青釭剑
2025-11-25 20:50:30 - INFO - 忠臣 装备 青釭剑 (武器)
2025-11-25 20:50:30 - INFO - 忠臣 回合结束
2025-11-25 20:50:30 - INFO - === 第 17 回合开始，反贼2 的回合 ===
2025-11-25 20:50:30 - INFO - ============================================================
2025-11-25 20:50:30 - INFO - 当前所有玩家状态:
2025-11-25 20:50:30 - INFO - 玩家0 (主公) [主公] (白板武将) - 血量: 5/5 - 手牌: 闪, 杀, 杀, 桃, 无懈可击 - 装备: 防具: 仁王盾, 防御马: 防御马
2025-11-25 20:50:30 - INFO - 玩家1 (反贼1) [反贼] (张飞) - 血量: 0/4 - 手牌: 无 - 装备: 无
2025-11-25 20:50:30 - INFO - 玩家2 (忠臣) [忠臣] (赵云) - 血量: 4/4 - 手牌: 桃, 闪, 无懈可击 - 装备: 武器: 青釭剑
2025-11-25 20:50:30 - INFO - 玩家3 (反贼2) [反贼] (吕蒙) - 血量: 4/4 - 手牌: 闪 - 装备: 武器: 诸葛连弩
2025-11-25 20:50:30 - INFO - 玩家4 (内奸) [内奸] (凌操) - 血量: 3/4 - 手牌: 闪, 闪, 闪 - 装备: 进攻马: 进攻马
2025-11-25 20:50:30 - INFO - ============================================================
2025-11-25 20:50:30 - INFO - ============================================================
2025-11-25 20:50:30 - INFO - 当前牌堆状态:
2025-11-25 20:50:30 - INFO - 正常牌堆: 11 张牌
2025-11-25 20:50:30 - INFO - 弃牌堆: 41 张牌
2025-11-25 20:50:30 - INFO - 弃牌堆最后5张牌: 杀, 闪, 杀, 闪, 桃
2025-11-25 20:50:30 - INFO - ============================================================
2025-11-25 20:50:30 - INFO - 反贼2 进入 准备 阶段
2025-11-25 20:50:30 - INFO - 反贼2 进入 摸牌 阶段
2025-11-25 20:50:31 - INFO - 反贼2 摸牌: 杀, 闪
2025-11-25 20:50:31 - INFO - 反贼2 进入 出牌 阶段
2025-11-25 20:50:31 - INFO - 反贼2 使用 杀，目标: 内奸
2025-11-25 20:50:33 - INFO - 反贼2对内奸表敌意（杀）
2025-11-25 20:50:33 - INFO - 反贼2对内奸表敌意（杀）
2025-11-25 20:50:33 - INFO - 反贼2对内奸表敌意（杀）
2025-11-25 20:50:33 - INFO - 玩家 反贼2 打出牌: 杀
2025-11-25 20:50:33 - INFO - 内奸 使用 闪 响应
2025-11-25 20:50:36 - INFO - 反贼2发动技能[克己]
2025-11-25 20:50:36 - INFO - 反贼2 技能[克己]生效：本回合未使用杀，手牌未超限，无需弃牌
2025-11-25 20:50:36 - INFO - 反贼2 回合结束
2025-11-25 20:50:36 - INFO - === 第 18 回合开始，内奸 的回合 ===
2025-11-25 20:50:36 - INFO - ============================================================
2025-11-25 20:50:36 - INFO - 当前所有玩家状态:
2025-11-25 20:50:36 - INFO - 玩家0 (主公) [主公] (白板武将) - 血量: 5/5 - 手牌: 闪, 杀, 杀, 桃, 无懈可击 - 装备: 防具: 仁王盾, 防御马: 防御马
2025-11-25 20:50:36 - INFO - 玩家1 (反贼1) [反贼] (张飞) - 血量: 0/4 - 手牌: 无 - 装备: 无
2025-11-25 20:50:36 - INFO - 玩家2 (忠臣) [忠臣] (赵云) - 血量: 4/4 - 手牌: 桃, 闪, 无懈可击 - 装备: 武器: 青釭剑
2025-11-25 20:50:36 - INFO - 玩家3 (反贼2) [反贼] (吕蒙) - 血量: 4/4 - 手牌: 闪, 闪 - 装备: 武器: 诸葛连弩
2025-11-25 20:50:36 - INFO - 玩家4 (内奸) [内奸] (凌操) - 血量: 3/4 - 手牌: 闪, 闪 - 装备: 进攻马: 进攻马
2025-11-25 20:50:36 - INFO - ============================================================
2025-11-25 20:50:36 - INFO - ============================================================
2025-11-25 20:50:36 - INFO - 当前牌堆状态:
2025-11-25 20:50:36 - INFO - 正常牌堆: 9 张牌
2025-11-25 20:50:36 - INFO - 弃牌堆: 43 张牌
2025-11-25 20:50:36 - INFO - 弃牌堆最后5张牌: 杀, 闪, 桃, 杀, 闪
2025-11-25 20:50:36 - INFO - ============================================================
2025-11-25 20:50:36 - INFO - 内奸 进入 准备 阶段
2025-11-25 20:50:36 - INFO - 内奸 进入 摸牌 阶段
2025-11-25 20:50:36 - INFO - 内奸发动技能[凌操]
2025-11-25 20:50:37 - INFO - 内奸 摸牌: 杀, 杀, 杀
2025-11-25 20:50:37 - INFO - 内奸 进入 出牌 阶段
2025-11-25 20:50:37 - INFO - 内奸 使用 杀，目标: 反贼2
2025-11-25 20:50:39 - INFO - 内奸对反贼2表敌意（杀）
2025-11-25 20:50:39 - INFO - 内奸对反贼2表敌意（杀）
2025-11-25 20:50:39 - INFO - 内奸对反贼2表敌意（杀）
2025-11-25 20:50:39 - INFO - 玩家 内奸 打出牌: 杀
2025-11-25 20:50:39 - INFO - 反贼2 使用 闪 响应
2025-11-25 20:50:43 - INFO - 内奸 弃牌: 闪
2025-11-25 20:50:43 - INFO - 内奸 回合结束
2025-11-25 20:50:43 - INFO - === 第 19 回合开始，主公 的回合 ===
2025-11-25 20:50:43 - INFO - ============================================================
2025-11-25 20:50:43 - INFO - 当前所有玩家状态:
2025-11-25 20:50:43 - INFO - 玩家0 (主公) [主公] (白板武将) - 血量: 5/5 - 手牌: 闪, 杀, 杀, 桃, 无懈可击 - 装备: 防具: 仁王盾, 防御马: 防御马
2025-11-25 20:50:43 - INFO - 玩家1 (反贼1) [反贼] (张飞) - 血量: 0/4 - 手牌: 无 - 装备: 无
2025-11-25 20:50:43 - INFO - 玩家2 (忠臣) [忠臣] (赵云) - 血量: 4/4 - 手牌: 桃, 闪, 无懈可击 - 装备: 武器: 青釭剑
2025-11-25 20:50:43 - INFO - 玩家3 (反贼2) [反贼] (吕蒙) - 血量: 4/4 - 手牌: 闪 - 装备: 武器: 诸葛连弩
2025-11-25 20:50:43 - INFO - 玩家4 (内奸) [内奸] (凌操) - 血量: 3/4 - 手牌: 闪, 杀, 杀 - 装备: 进攻马: 进攻马
2025-11-25 20:50:43 - INFO - ============================================================
2025-11-25 20:50:43 - INFO - ============================================================
2025-11-25 20:50:43 - INFO - 当前牌堆状态:
2025-11-25 20:50:43 - INFO - 正常牌堆: 6 张牌
2025-11-25 20:50:43 - INFO - 弃牌堆: 46 张牌
2025-11-25 20:50:43 - INFO - 弃牌堆最后5张牌: 杀, 闪, 杀, 闪, 闪
2025-11-25 20:50:43 - INFO - ============================================================
2025-11-25 20:50:43 - INFO - 主公 进入 准备 阶段
2025-11-25 20:50:43 - INFO - 主公 进入 摸牌 阶段
2025-11-25 20:50:45 - INFO - 主公 摸牌: 闪, 杀
2025-11-25 20:50:45 - INFO - 主公 进入 出牌 阶段
2025-11-25 20:50:51 - INFO - 主公 弃牌: 桃, 闪
2025-11-25 20:50:51 - INFO - 主公 回合结束
2025-11-25 20:50:51 - INFO - === 第 20 回合开始，忠臣 的回合 ===
2025-11-25 20:50:51 - INFO - ============================================================
2025-11-25 20:50:51 - INFO - 当前所有玩家状态:
2025-11-25 20:50:51 - INFO - 玩家0 (主公) [主公] (白板武将) - 血量: 5/5 - 手牌: 杀, 杀, 无懈可击, 闪, 杀 - 装备: 防具: 仁王盾, 防御马: 防御马
2025-11-25 20:50:51 - INFO - 玩家1 (反贼1) [反贼] (张飞) - 血量: 0/4 - 手牌: 无 - 装备: 无
2025-11-25 20:50:51 - INFO - 玩家2 (忠臣) [忠臣] (赵云) - 血量: 4/4 - 手牌: 桃, 闪, 无懈可击 - 装备: 武器: 青釭剑
2025-11-25 20:50:51 - INFO - 玩家3 (反贼2) [反贼] (吕蒙) - 血量: 4/4 - 手牌: 闪 - 装备: 武器: 诸葛连弩
2025-11-25 20:50:51 - INFO - 玩家4 (内奸) [内奸] (凌操) - 血量: 3/4 - 手牌: 闪, 杀, 杀 - 装备: 进攻马: 进攻马
2025-11-25 20:50:51 - INFO - ============================================================
2025-11-25 20:50:51 - INFO - ============================================================
2025-11-25 20:50:51 - INFO - 当前牌堆状态:
2025-11-25 20:50:51 - INFO - 正常牌堆: 4 张牌
2025-11-25 20:50:51 - INFO - 弃牌堆: 48 张牌
2025-11-25 20:50:51 - INFO - 弃牌堆最后5张牌: 杀, 闪, 闪, 桃, 闪
2025-11-25 20:50:51 - INFO - ============================================================
2025-11-25 20:50:51 - INFO - 忠臣 进入 准备 阶段
2025-11-25 20:50:51 - INFO - 忠臣 进入 摸牌 阶段
2025-11-25 20:50:52 - INFO - 忠臣 摸牌: 杀, 杀
2025-11-25 20:50:52 - INFO - 忠臣 进入 出牌 阶段
2025-11-25 20:51:02 - INFO - 忠臣 使用 杀，目标: 反贼2
2025-11-25 20:51:04 - INFO - 忠臣对反贼2表敌意（杀）
2025-11-25 20:51:04 - INFO - 忠臣对反贼2表敌意（杀）
2025-11-25 20:51:04 - INFO - 忠臣对反贼2表敌意（杀）
2025-11-25 20:51:04 - INFO - 玩家 忠臣 打出牌: 杀
2025-11-25 20:51:04 - INFO - 反贼2 使用 闪 响应
2025-11-25 20:51:07 - INFO - 忠臣 回合结束
2025-11-25 20:51:07 - INFO - === 第 21 回合开始，反贼2 的回合 ===
2025-11-25 20:51:07 - INFO - ============================================================
2025-11-25 20:51:07 - INFO - 当前所有玩家状态:
2025-11-25 20:51:07 - INFO - 玩家0 (主公) [主公] (白板武将) - 血量: 5/5 - 手牌: 杀, 杀, 无懈可击, 闪, 杀 - 装备: 防具: 仁王盾, 防御马: 防御马
2025-11-25 20:51:07 - INFO - 玩家1 (反贼1) [反贼] (张飞) - 血量: 0/4 - 手牌: 无 - 装备: 无
2025-11-25 20:51:07 - INFO - 玩家2 (忠臣) [忠臣] (赵云) - 血量: 4/4 - 手牌: 桃, 闪, 无懈可击, 杀 - 装备: 武器: 青釭剑
2025-11-25 20:51:07 - INFO - 玩家3 (反贼2) [反贼] (吕蒙) - 血量: 4/4 - 手牌: 无 - 装备: 武器: 诸葛连弩
2025-11-25 20:51:07 - INFO - 玩家4 (内奸) [内奸] (凌操) - 血量: 3/4 - 手牌: 闪, 杀, 杀 - 装备: 进攻马: 进攻马
2025-11-25 20:51:07 - INFO - ============================================================
2025-11-25 20:51:07 - INFO - ============================================================
2025-11-25 20:51:07 - INFO - 当前牌堆状态:
2025-11-25 20:51:07 - INFO - 正常牌堆: 2 张牌
2025-11-25 20:51:07 - INFO - 弃牌堆: 50 张牌
2025-11-25 20:51:07 - INFO - 弃牌堆最后5张牌: 闪, 桃, 闪, 杀, 闪
2025-11-25 20:51:07 - INFO - ============================================================
2025-11-25 20:51:07 - INFO - 反贼2 进入 准备 阶段
2025-11-25 20:51:07 - INFO - 反贼2 进入 摸牌 阶段
2025-11-25 20:51:07 - INFO - 反贼2 摸牌: 桃, 万箭齐发
2025-11-25 20:51:07 - INFO - 反贼2 进入 出牌 阶段
2025-11-25 20:51:07 - INFO - 反贼2 使用 万箭齐发，目标: 主公, 忠臣, 内奸
2025-11-25 20:51:10 - INFO - 玩家 反贼2 打出牌: 万箭齐发
2025-11-25 20:51:10 - INFO - 反贼2 使用 万箭齐发 响应
2025-11-25 20:51:10 - INFO - 主公 使用 无懈可击 响应
2025-11-25 20:51:12 - INFO - 主公对内奸献殷勤（无懈可击）
2025-11-25 20:51:12 - INFO - 主公对内奸献殷勤（无懈可击）
2025-11-25 20:51:12 - INFO - 主公对内奸献殷勤（无懈可击）
2025-11-25 20:51:16 - INFO - 万箭齐发对 内奸 被无懈可击
2025-11-25 20:51:17 - INFO - 主公 使用 闪 响应
2025-11-25 20:51:25 - INFO - 忠臣 使用 闪 响应
2025-11-25 20:51:27 - INFO - 反贼2发动技能[克己]
2025-11-25 20:51:27 - INFO - 反贼2 技能[克己]生效：本回合未使用杀，手牌未超限，无需弃牌
2025-11-25 20:51:27 - INFO - 反贼2 回合结束
2025-11-25 20:51:27 - INFO - === 第 22 回合开始，内奸 的回合 ===
2025-11-25 20:51:27 - INFO - ============================================================
2025-11-25 20:51:27 - INFO - 当前所有玩家状态:
2025-11-25 20:51:27 - INFO - 玩家0 (主公) [主公] (白板武将) - 血量: 5/5 - 手牌: 杀, 杀, 杀 - 装备: 防具: 仁王盾, 防御马: 防御马
2025-11-25 20:51:27 - INFO - 玩家1 (反贼1) [反贼] (张飞) - 血量: 0/4 - 手牌: 无 - 装备: 无
2025-11-25 20:51:27 - INFO - 玩家2 (忠臣) [忠臣] (赵云) - 血量: 4/4 - 手牌: 桃, 无懈可击, 杀 - 装备: 武器: 青釭剑
2025-11-25 20:51:27 - INFO - 玩家3 (反贼2) [反贼] (吕蒙) - 血量: 4/4 - 手牌: 桃 - 装备: 武器: 诸葛连弩
2025-11-25 20:51:27 - INFO - 玩家4 (内奸) [内奸] (凌操) - 血量: 3/4 - 手牌: 闪, 杀, 杀 - 装备: 进攻马: 进攻马
2025-11-25 20:51:27 - INFO - ============================================================
2025-11-25 20:51:27 - INFO - ============================================================
2025-11-25 20:51:27 - INFO - 当前牌堆状态:
2025-11-25 20:51:27 - INFO - 正常牌堆: 0 张牌
2025-11-25 20:51:27 - INFO - 弃牌堆: 54 张牌
2025-11-25 20:51:27 - INFO - 弃牌堆最后5张牌: 闪, 无懈可击, 闪, 闪, 万箭齐发
2025-11-25 20:51:27 - INFO - ============================================================
2025-11-25 20:51:27 - INFO - 内奸 进入 准备 阶段
2025-11-25 20:51:27 - INFO - 内奸 进入 摸牌 阶段
2025-11-25 20:51:27 - INFO - 内奸发动技能[凌操]
2025-11-25 20:51:28 - INFO - 内奸 摸牌: 闪, 杀, 杀
2025-11-25 20:51:28 - INFO - 内奸 进入 出牌 阶段
2025-11-25 20:51:28 - INFO - 内奸 使用 杀，目标: 反贼2
2025-11-25 20:51:30 - INFO - 内奸对反贼2表敌意（杀）
2025-11-25 20:51:30 - INFO - 内奸对反贼2表敌意（杀）
2025-11-25 20:51:30 - INFO - 内奸对反贼2表敌意（杀）
2025-11-25 20:51:30 - INFO - 玩家 内奸 打出牌: 杀
2025-11-25 20:51:30 - INFO - 反贼2 受到 1 点伤害，当前血量: 3/4
2025-11-25 20:51:37 - INFO - 内奸 弃牌: 闪, 杀
2025-11-25 20:51:37 - INFO - 内奸 回合结束
2025-11-25 20:51:37 - INFO - === 第 23 回合开始，主公 的回合 ===
2025-11-25 20:51:37 - INFO - ============================================================
2025-11-25 20:51:37 - INFO - 当前所有玩家状态:
2025-11-25 20:51:37 - INFO - 玩家0 (主公) [主公] (白板武将) - 血量: 5/5 - 手牌: 杀, 杀, 杀 - 装备: 防具: 仁王盾, 防御马: 防御马
2025-11-25 20:51:37 - INFO - 玩家1 (反贼1) [反贼] (张飞) - 血量: 0/4 - 手牌: 无 - 装备: 无
2025-11-25 20:51:37 - INFO - 玩家2 (忠臣) [忠臣] (赵云) - 血量: 4/4 - 手牌: 桃, 无懈可击, 杀 - 装备: 武器: 青釭剑
2025-11-25 20:51:37 - INFO - 玩家3 (反贼2) [反贼] (吕蒙) - 血量: 3/4 - 手牌: 桃 - 装备: 武器: 诸葛连弩
2025-11-25 20:51:37 - INFO - 玩家4 (内奸) [内奸] (凌操) - 血量: 3/4 - 手牌: 闪, 杀, 杀 - 装备: 进攻马: 进攻马
2025-11-25 20:51:37 - INFO - ============================================================
2025-11-25 20:51:37 - INFO - ============================================================
2025-11-25 20:51:37 - INFO - 当前牌堆状态:
2025-11-25 20:51:37 - INFO - 正常牌堆: 51 张牌
2025-11-25 20:51:37 - INFO - 弃牌堆: 3 张牌
2025-11-25 20:51:37 - INFO - 弃牌堆所有牌: 杀, 闪, 杀
2025-11-25 20:51:37 - INFO - ============================================================
2025-11-25 20:51:37 - INFO - 主公 进入 准备 阶段
2025-11-25 20:51:37 - INFO - 主公 进入 摸牌 阶段
2025-11-25 20:51:38 - INFO - 主公 摸牌: 杀, 杀
2025-11-25 20:51:38 - INFO - 主公 进入 出牌 阶段
2025-11-25 20:51:38 - INFO - 主公 回合结束
2025-11-25 20:51:38 - INFO - === 第 24 回合开始，忠臣 的回合 ===
2025-11-25 20:51:38 - INFO - ============================================================
2025-11-25 20:51:38 - INFO - 当前所有玩家状态:
2025-11-25 20:51:38 - INFO - 玩家0 (主公) [主公] (白板武将) - 血量: 5/5 - 手牌: 杀, 杀, 杀, 杀, 杀 - 装备: 防具: 仁王盾, 防御马: 防御马
2025-11-25 20:51:38 - INFO - 玩家1 (反贼1) [反贼] (张飞) - 血量: 0/4 - 手牌: 无 - 装备: 无
2025-11-25 20:51:38 - INFO - 玩家2 (忠臣) [忠臣] (赵云) - 血量: 4/4 - 手牌: 桃, 无懈可击, 杀 - 装备: 武器: 青釭剑
2025-11-25 20:51:38 - INFO - 玩家3 (反贼2) [反贼] (吕蒙) - 血量: 3/4 - 手牌: 桃 - 装备: 武器: 诸葛连弩
2025-11-25 20:51:38 - INFO - 玩家4 (内奸) [内奸] (凌操) - 血量: 3/4 - 手牌: 闪, 杀, 杀 - 装备: 进攻马: 进攻马
2025-11-25 20:51:38 - INFO - ============================================================
2025-11-25 20:51:38 - INFO - ============================================================
2025-11-25 20:51:38 - INFO - 当前牌堆状态:
2025-11-25 20:51:38 - INFO - 正常牌堆: 49 张牌
2025-11-25 20:51:38 - INFO - 弃牌堆: 3 张牌
2025-11-25 20:51:38 - INFO - 弃牌堆所有牌: 杀, 闪, 杀
2025-11-25 20:51:38 - INFO - ============================================================
2025-11-25 20:51:38 - INFO - 忠臣 进入 准备 阶段
2025-11-25 20:51:38 - INFO - 忠臣 进入 摸牌 阶段
2025-11-25 20:51:40 - INFO - 忠臣 摸牌: 决斗, 杀
2025-11-25 20:51:40 - INFO - 忠臣 进入 出牌 阶段
2025-11-25 20:51:52 - INFO - 忠臣 使用 杀，目标: 反贼2
2025-11-25 20:51:55 - INFO - 忠臣对反贼2表敌意（杀）
2025-11-25 20:51:55 - INFO - 忠臣对反贼2表敌意（杀）
2025-11-25 20:51:55 - INFO - 忠臣对反贼2表敌意（杀）
2025-11-25 20:51:55 - INFO - 玩家 忠臣 打出牌: 杀
2025-11-25 20:51:55 - INFO - 反贼2 受到 1 点伤害，当前血量: 2/4
2025-11-25 20:52:01 - INFO - 忠臣 使用 决斗，目标: 内奸
2025-11-25 20:52:03 - INFO - 忠臣对内奸表敌意（决斗）
2025-11-25 20:52:03 - INFO - 忠臣跳反
2025-11-25 20:52:03 - INFO - 忠臣对内奸表敌意（决斗）
2025-11-25 20:52:03 - INFO - 忠臣跳反
2025-11-25 20:52:03 - INFO - 忠臣对内奸表敌意（决斗）
2025-11-25 20:52:03 - INFO - 忠臣跳反
2025-11-25 20:52:03 - INFO - 玩家 忠臣 打出牌: 决斗
2025-11-25 20:52:03 - INFO - 忠臣 使用 决斗，目标: 内奸
2025-11-25 20:52:06 - INFO - 决斗第1轮：内奸 对 忠臣
2025-11-25 20:52:06 - INFO - 内奸 使用 杀 响应
2025-11-25 20:52:08 - INFO - 决斗第2轮：忠臣 对 内奸
2025-11-25 20:52:14 - INFO - 忠臣 使用 杀 响应
2025-11-25 20:52:17 - INFO - 决斗第3轮：内奸 对 忠臣
2025-11-25 20:52:17 - INFO - 内奸 使用 杀 响应
2025-11-25 20:52:19 - INFO - 决斗第4轮：忠臣 对 内奸
2025-11-25 20:52:19 - INFO - 忠臣 受到 1 点伤害，当前血量: 3/4
2025-11-25 20:52:25 - INFO - 忠臣 使用 桃，目标: 忠臣
2025-11-25 20:52:27 - INFO - 玩家 忠臣 打出牌: 桃
2025-11-25 20:52:27 - INFO - 忠臣 恢复 1 点血量，当前血量: 4/4
2025-11-25 20:52:29 - INFO - 忠臣 回合结束
2025-11-25 20:52:29 - INFO - === 第 25 回合开始，反贼2 的回合 ===
2025-11-25 20:52:29 - INFO - ============================================================
2025-11-25 20:52:29 - INFO - 当前所有玩家状态:
2025-11-25 20:52:29 - INFO - 玩家0 (主公) [主公] (白板武将) - 血量: 5/5 - 手牌: 杀, 杀, 杀, 杀, 杀 - 装备: 防具: 仁王盾, 防御马: 防御马
2025-11-25 20:52:29 - INFO - 玩家1 (反贼1) [反贼] (张飞) - 血量: 0/4 - 手牌: 无 - 装备: 无
2025-11-25 20:52:29 - INFO - 玩家2 (忠臣) [忠臣] (赵云) - 血量: 4/4 - 手牌: 无懈可击 - 装备: 武器: 青釭剑
2025-11-25 20:52:29 - INFO - 玩家3 (反贼2) [反贼] (吕蒙) - 血量: 2/4 - 手牌: 桃 - 装备: 武器: 诸葛连弩
2025-11-25 20:52:29 - INFO - 玩家4 (内奸) [内奸] (凌操) - 血量: 3/4 - 手牌: 闪 - 装备: 进攻马: 进攻马
2025-11-25 20:52:29 - INFO - ============================================================
2025-11-25 20:52:29 - INFO - ============================================================
2025-11-25 20:52:29 - INFO - 当前牌堆状态:
2025-11-25 20:52:29 - INFO - 正常牌堆: 47 张牌
2025-11-25 20:52:29 - INFO - 弃牌堆: 9 张牌
2025-11-25 20:52:29 - INFO - 弃牌堆最后5张牌: 杀, 杀, 杀, 决斗, 桃
2025-11-25 20:52:29 - INFO - ============================================================
2025-11-25 20:52:29 - INFO - 反贼2 进入 准备 阶段
2025-11-25 20:52:29 - INFO - 反贼2 进入 摸牌 阶段
2025-11-25 20:52:30 - INFO - 反贼2 摸牌: 杀, 杀
2025-11-25 20:52:30 - INFO - 反贼2 进入 出牌 阶段
2025-11-25 20:52:30 - INFO - 反贼2 使用 桃，目标: 反贼2
2025-11-25 20:52:32 - INFO - 玩家 反贼2 打出牌: 桃
2025-11-25 20:52:32 - INFO - 反贼2 恢复 1 点血量，当前血量: 3/4
2025-11-25 20:52:34 - INFO - 反贼2 使用 杀，目标: 内奸
2025-11-25 20:52:36 - INFO - 反贼2对内奸表敌意（杀）
2025-11-25 20:52:36 - INFO - 反贼2对内奸表敌意（杀）
2025-11-25 20:52:36 - INFO - 反贼2对内奸表敌意（杀）
2025-11-25 20:52:36 - INFO - 玩家 反贼2 打出牌: 杀
2025-11-25 20:52:36 - INFO - 内奸 使用 闪 响应
2025-11-25 20:52:39 - INFO - 反贼2 使用 杀，目标: 内奸
2025-11-25 20:52:41 - INFO - 反贼2对内奸表敌意（杀）
2025-11-25 20:52:41 - INFO - 反贼2对内奸表敌意（杀）
2025-11-25 20:52:41 - INFO - 反贼2对内奸表敌意（杀）
2025-11-25 20:52:41 - INFO - 玩家 反贼2 打出牌: 杀
2025-11-25 20:52:41 - INFO - 内奸 受到 1 点伤害，当前血量: 2/4
2025-11-25 20:52:43 - INFO - 反贼2发动技能[克己]
2025-11-25 20:52:43 - INFO - 反贼2 技能[克己]生效：本回合未使用杀，手牌未超限，无需弃牌
2025-11-25 20:52:43 - INFO - 反贼2 回合结束
2025-11-25 20:52:43 - INFO - === 第 26 回合开始，内奸 的回合 ===
2025-11-25 20:52:43 - INFO - ============================================================
2025-11-25 20:52:43 - INFO - 当前所有玩家状态:
2025-11-25 20:52:43 - INFO - 玩家0 (主公) [主公] (白板武将) - 血量: 5/5 - 手牌: 杀, 杀, 杀, 杀, 杀 - 装备: 防具: 仁王盾, 防御马: 防御马
2025-11-25 20:52:43 - INFO - 玩家1 (反贼1) [反贼] (张飞) - 血量: 0/4 - 手牌: 无 - 装备: 无
2025-11-25 20:52:43 - INFO - 玩家2 (忠臣) [忠臣] (赵云) - 血量: 4/4 - 手牌: 无懈可击 - 装备: 武器: 青釭剑
2025-11-25 20:52:43 - INFO - 玩家3 (反贼2) [反贼] (吕蒙) - 血量: 3/4 - 手牌: 无 - 装备: 武器: 诸葛连弩
2025-11-25 20:52:43 - INFO - 玩家4 (内奸) [内奸] (凌操) - 血量: 2/4 - 手牌: 无 - 装备: 进攻马: 进攻马
2025-11-25 20:52:43 - INFO - ============================================================
2025-11-25 20:52:43 - INFO - ============================================================
2025-11-25 20:52:43 - INFO - 当前牌堆状态:
2025-11-25 20:52:43 - INFO - 正常牌堆: 45 张牌
2025-11-25 20:52:43 - INFO - 弃牌堆: 13 张牌
2025-11-25 20:52:43 - INFO - 弃牌堆最后5张牌: 桃, 桃, 杀, 闪, 杀
2025-11-25 20:52:43 - INFO - ============================================================
2025-11-25 20:52:43 - INFO - 内奸 进入 准备 阶段
2025-11-25 20:52:43 - INFO - 内奸 进入 摸牌 阶段
2025-11-25 20:52:43 - INFO - 内奸发动技能[凌操]
2025-11-25 20:52:44 - INFO - 内奸 摸牌: 杀, 杀, 决斗
2025-11-25 20:52:44 - INFO - 内奸 进入 出牌 阶段
2025-11-25 20:52:44 - INFO - 内奸 使用 决斗，目标: 主公
2025-11-25 20:52:46 - INFO - 内奸对主公表敌意（决斗）
2025-11-25 20:52:46 - INFO - 内奸跳反
2025-11-25 20:52:46 - INFO - 内奸对主公表敌意（决斗）
2025-11-25 20:52:46 - INFO - 内奸跳反
2025-11-25 20:52:46 - INFO - 内奸对主公表敌意（决斗）
2025-11-25 20:52:46 - INFO - 内奸跳反
2025-11-25 20:52:46 - INFO - 玩家 内奸 打出牌: 决斗
2025-11-25 20:52:46 - INFO - 内奸 使用 决斗，目标: 主公
2025-11-25 20:52:50 - INFO - 忠臣 使用 无懈可击 响应
2025-11-25 20:52:52 - INFO - 忠臣对主公献殷勤（无懈可击）
2025-11-25 20:52:52 - INFO - 忠臣跳忠
2025-11-25 20:52:52 - INFO - 忠臣对主公献殷勤（无懈可击）
2025-11-25 20:52:52 - INFO - 忠臣跳忠
2025-11-25 20:52:52 - INFO - 忠臣对主公献殷勤（无懈可击）
2025-11-25 20:52:52 - INFO - 忠臣跳忠
2025-11-25 20:52:52 - INFO - 决斗被无懈可击抵消
2025-11-25 20:52:52 - INFO - 内奸 使用 杀，目标: 反贼2
2025-11-25 20:52:55 - INFO - 内奸对反贼2表敌意（杀）
2025-11-25 20:52:55 - INFO - 内奸跳忠
2025-11-25 20:52:55 - INFO - 内奸对反贼2表敌意（杀）
2025-11-25 20:52:55 - INFO - 内奸跳忠
2025-11-25 20:52:55 - INFO - 内奸对反贼2表敌意（杀）
2025-11-25 20:52:55 - INFO - 内奸跳忠
2025-11-25 20:52:55 - INFO - 玩家 内奸 打出牌: 杀
2025-11-25 20:52:55 - INFO - 反贼2 受到 1 点伤害，当前血量: 2/4
2025-11-25 20:52:57 - INFO - 内奸 回合结束
2025-11-25 20:52:57 - INFO - === 第 27 回合开始，主公 的回合 ===
2025-11-25 20:52:57 - INFO - ============================================================
2025-11-25 20:52:57 - INFO - 当前所有玩家状态:
2025-11-25 20:52:57 - INFO - 玩家0 (主公) [主公] (白板武将) - 血量: 5/5 - 手牌: 杀, 杀, 杀, 杀, 杀 - 装备: 防具: 仁王盾, 防御马: 防御马
2025-11-25 20:52:57 - INFO - 玩家1 (反贼1) [反贼] (张飞) - 血量: 0/4 - 手牌: 无 - 装备: 无
2025-11-25 20:52:57 - INFO - 玩家2 (忠臣) [忠臣] (赵云) - 血量: 4/4 - 手牌: 无 - 装备: 武器: 青釭剑
2025-11-25 20:52:57 - INFO - 玩家3 (反贼2) [反贼] (吕蒙) - 血量: 2/4 - 手牌: 无 - 装备: 武器: 诸葛连弩
2025-11-25 20:52:57 - INFO - 玩家4 (内奸) [内奸] (凌操) - 血量: 2/4 - 手牌: 杀 - 装备: 进攻马: 进攻马
2025-11-25 20:52:57 - INFO - ============================================================
2025-11-25 20:52:57 - INFO - ============================================================
2025-11-25 20:52:57 - INFO - 当前牌堆状态:
2025-11-25 20:52:57 - INFO - 正常牌堆: 42 张牌
2025-11-25 20:52:57 - INFO - 弃牌堆: 16 张牌
2025-11-25 20:52:57 - INFO - 弃牌堆最后5张牌: 闪, 杀, 无懈可击, 决斗, 杀
2025-11-25 20:52:57 - INFO - ============================================================
2025-11-25 20:52:57 - INFO - 主公 进入 准备 阶段
2025-11-25 20:52:57 - INFO - 主公 进入 摸牌 阶段
2025-11-25 20:52:58 - INFO - 主公 摸牌: 闪, 桃
2025-11-25 20:52:58 - INFO - 主公 进入 出牌 阶段
2025-11-25 20:53:04 - INFO - 主公 弃牌: 桃, 杀
2025-11-25 20:53:04 - INFO - 主公 回合结束
2025-11-25 20:53:04 - INFO - === 第 28 回合开始，忠臣 的回合 ===
2025-11-25 20:53:04 - INFO - ============================================================
2025-11-25 20:53:04 - INFO - 当前所有玩家状态:
2025-11-25 20:53:04 - INFO - 玩家0 (主公) [主公] (白板武将) - 血量: 5/5 - 手牌: 杀, 杀, 杀, 杀, 闪 - 装备: 防具: 仁王盾, 防御马: 防御马
2025-11-25 20:53:04 - INFO - 玩家1 (反贼1) [反贼] (张飞) - 血量: 0/4 - 手牌: 无 - 装备: 无
2025-11-25 20:53:04 - INFO - 玩家2 (忠臣) [忠臣] (赵云) - 血量: 4/4 - 手牌: 无 - 装备: 武器: 青釭剑
2025-11-25 20:53:04 - INFO - 玩家3 (反贼2) [反贼] (吕蒙) - 血量: 2/4 - 手牌: 无 - 装备: 武器: 诸葛连弩
2025-11-25 20:53:04 - INFO - 玩家4 (内奸) [内奸] (凌操) - 血量: 2/4 - 手牌: 杀 - 装备: 进攻马: 进攻马
2025-11-25 20:53:04 - INFO - ============================================================
2025-11-25 20:53:04 - INFO - ============================================================
2025-11-25 20:53:04 - INFO - 当前牌堆状态:
2025-11-25 20:53:04 - INFO - 正常牌堆: 40 张牌
2025-11-25 20:53:04 - INFO - 弃牌堆: 18 张牌
2025-11-25 20:53:04 - INFO - 弃牌堆最后5张牌: 无懈可击, 决斗, 杀, 桃, 杀
2025-11-25 20:53:04 - INFO - ============================================================
2025-11-25 20:53:04 - INFO - 忠臣 进入 准备 阶段
2025-11-25 20:53:04 - INFO - 忠臣 进入 摸牌 阶段
2025-11-25 20:53:05 - INFO - 忠臣 摸牌: 南蛮入侵, 南蛮入侵
2025-11-25 20:53:05 - INFO - 忠臣 进入 出牌 阶段
2025-11-25 20:53:09 - INFO - 忠臣 使用 南蛮入侵，目标: 主公, 反贼2, 内奸
2025-11-25 20:53:11 - INFO - 玩家 忠臣 打出牌: 南蛮入侵
2025-11-25 20:53:11 - INFO - 忠臣 使用 南蛮入侵 响应
2025-11-25 20:53:11 - INFO - 反贼2 受到 1 点伤害，当前血量: 1/4
2025-11-25 20:53:13 - INFO - 内奸 使用 杀 响应
2025-11-25 20:53:15 - INFO - 主公 使用 杀 响应
2025-11-25 20:53:18 - INFO - 忠臣 使用 南蛮入侵，目标: 主公, 反贼2, 内奸
2025-11-25 20:53:21 - INFO - 玩家 忠臣 打出牌: 南蛮入侵
2025-11-25 20:53:21 - INFO - 忠臣 使用 南蛮入侵 响应
2025-11-25 20:53:21 - INFO - 反贼2 受到 1 点伤害，当前血量: 0/4
2025-11-25 20:53:23 - WARNING - 反贼2 濒死！
2025-11-25 20:53:23 - WARNING - 反贼2 (反贼) 死亡！
2025-11-25 20:53:23 - INFO - 忠臣 杀死了反贼 反贼2，摸三张牌！
2025-11-25 20:53:25 - INFO - 忠臣 摸牌: 桃, 桃, 闪
2025-11-25 20:53:25 - INFO - 忠臣 摸到了: 桃, 桃, 闪
2025-11-25 20:53:27 - INFO - 内奸 受到 1 点伤害，当前血量: 1/4
2025-11-25 20:53:29 - INFO - 主公 使用 杀 响应
2025-11-25 20:53:32 - INFO - 忠臣 回合结束
2025-11-25 20:53:32 - INFO - === 第 29 回合开始，内奸 的回合 ===
2025-11-25 20:53:32 - INFO - ============================================================
2025-11-25 20:53:32 - INFO - 当前所有玩家状态:
2025-11-25 20:53:32 - INFO - 玩家0 (主公) [主公] (白板武将) - 血量: 5/5 - 手牌: 杀, 杀, 闪 - 装备: 防具: 仁王盾, 防御马: 防御马
2025-11-25 20:53:32 - INFO - 玩家1 (反贼1) [反贼] (张飞) - 血量: 0/4 - 手牌: 无 - 装备: 无
2025-11-25 20:53:32 - INFO - 玩家2 (忠臣) [忠臣] (赵云) - 血量: 4/4 - 手牌: 桃, 桃, 闪 - 装备: 武器: 青釭剑
2025-11-25 20:53:32 - INFO - 玩家3 (反贼2) [反贼] (吕蒙) - 血量: 0/4 - 手牌: 无 - 装备: 无
2025-11-25 20:53:32 - INFO - 玩家4 (内奸) [内奸] (凌操) - 血量: 1/4 - 手牌: 无 - 装备: 进攻马: 进攻马
2025-11-25 20:53:32 - INFO - ============================================================
2025-11-25 20:53:32 - INFO - ============================================================
2025-11-25 20:53:32 - INFO - 当前牌堆状态:
2025-11-25 20:53:32 - INFO - 正常牌堆: 35 张牌
2025-11-25 20:53:32 - INFO - 弃牌堆: 24 张牌
2025-11-25 20:53:32 - INFO - 弃牌堆最后5张牌: 杀, 南蛮入侵, 诸葛连弩, 杀, 南蛮入侵
2025-11-25 20:53:32 - INFO - ============================================================
2025-11-25 20:53:32 - INFO - 内奸 进入 准备 阶段
2025-11-25 20:53:32 - INFO - 内奸 进入 摸牌 阶段
2025-11-25 20:53:32 - INFO - 内奸发动技能[凌操]
2025-11-25 20:53:32 - INFO - 内奸 摸牌: 杀, 杀, 闪
2025-11-25 20:53:32 - INFO - 内奸 进入 出牌 阶段
2025-11-25 20:53:32 - INFO - 内奸 使用 杀，目标: 忠臣
2025-11-25 20:53:35 - INFO - 内奸对忠臣表敌意（杀）
2025-11-25 20:53:35 - INFO - 内奸跳反
2025-11-25 20:53:35 - INFO - 内奸对忠臣表敌意（杀）
2025-11-25 20:53:35 - INFO - 内奸跳反
2025-11-25 20:53:35 - INFO - 内奸对忠臣表敌意（杀）
2025-11-25 20:53:35 - INFO - 内奸跳反
2025-11-25 20:53:35 - INFO - 玩家 内奸 打出牌: 杀
2025-11-25 20:53:36 - INFO - 忠臣 使用 闪 响应
2025-11-25 20:53:41 - INFO - 内奸 弃牌: 杀
2025-11-25 20:53:41 - INFO - 内奸 回合结束
2025-11-25 20:53:41 - INFO - === 第 30 回合开始，主公 的回合 ===
2025-11-25 20:53:41 - INFO - ============================================================
2025-11-25 20:53:41 - INFO - 当前所有玩家状态:
2025-11-25 20:53:41 - INFO - 玩家0 (主公) [主公] (白板武将) - 血量: 5/5 - 手牌: 杀, 杀, 闪 - 装备: 防具: 仁王盾, 防御马: 防御马
2025-11-25 20:53:41 - INFO - 玩家1 (反贼1) [反贼] (张飞) - 血量: 0/4 - 手牌: 无 - 装备: 无
2025-11-25 20:53:41 - INFO - 玩家2 (忠臣) [忠臣] (赵云) - 血量: 4/4 - 手牌: 桃, 桃 - 装备: 武器: 青釭剑
2025-11-25 20:53:41 - INFO - 玩家3 (反贼2) [反贼] (吕蒙) - 血量: 0/4 - 手牌: 无 - 装备: 无
2025-11-25 20:53:41 - INFO - 玩家4 (内奸) [内奸] (凌操) - 血量: 1/4 - 手牌: 闪 - 装备: 进攻马: 进攻马
2025-11-25 20:53:41 - INFO - ============================================================
2025-11-25 20:53:41 - INFO - ============================================================
2025-11-25 20:53:41 - INFO - 当前牌堆状态:
2025-11-25 20:53:41 - INFO - 正常牌堆: 32 张牌
2025-11-25 20:53:41 - INFO - 弃牌堆: 27 张牌
2025-11-25 20:53:41 - INFO - 弃牌堆最后5张牌: 杀, 南蛮入侵, 杀, 闪, 杀
2025-11-25 20:53:41 - INFO - ============================================================
2025-11-25 20:53:41 - INFO - 主公 进入 准备 阶段
2025-11-25 20:53:41 - INFO - 主公 进入 摸牌 阶段
2025-11-25 20:53:43 - INFO - 主公 摸牌: 闪, 闪
2025-11-25 20:53:43 - INFO - 主公 进入 出牌 阶段
2025-11-25 20:53:43 - INFO - 主公 回合结束
2025-11-25 20:53:43 - INFO - === 第 31 回合开始，忠臣 的回合 ===
2025-11-25 20:53:43 - INFO - ============================================================
2025-11-25 20:53:43 - INFO - 当前所有玩家状态:
2025-11-25 20:53:43 - INFO - 玩家0 (主公) [主公] (白板武将) - 血量: 5/5 - 手牌: 杀, 杀, 闪, 闪, 闪 - 装备: 防具: 仁王盾, 防御马: 防御马
2025-11-25 20:53:43 - INFO - 玩家1 (反贼1) [反贼] (张飞) - 血量: 0/4 - 手牌: 无 - 装备: 无
2025-11-25 20:53:43 - INFO - 玩家2 (忠臣) [忠臣] (赵云) - 血量: 4/4 - 手牌: 桃, 桃 - 装备: 武器: 青釭剑
2025-11-25 20:53:43 - INFO - 玩家3 (反贼2) [反贼] (吕蒙) - 血量: 0/4 - 手牌: 无 - 装备: 无
2025-11-25 20:53:43 - INFO - 玩家4 (内奸) [内奸] (凌操) - 血量: 1/4 - 手牌: 闪 - 装备: 进攻马: 进攻马
2025-11-25 20:53:43 - INFO - ============================================================
2025-11-25 20:53:43 - INFO - ============================================================
2025-11-25 20:53:43 - INFO - 当前牌堆状态:
2025-11-25 20:53:43 - INFO - 正常牌堆: 30 张牌
2025-11-25 20:53:43 - INFO - 弃牌堆: 27 张牌
2025-11-25 20:53:43 - INFO - 弃牌堆最后5张牌: 杀, 南蛮入侵, 杀, 闪, 杀
2025-11-25 20:53:43 - INFO - ============================================================
2025-11-25 20:53:43 - INFO - 忠臣 进入 准备 阶段
2025-11-25 20:53:43 - INFO - 忠臣 进入 摸牌 阶段
2025-11-25 20:53:44 - INFO - 忠臣 摸牌: 杀, 闪
2025-11-25 20:53:44 - INFO - 忠臣 进入 出牌 阶段
2025-11-25 20:53:50 - INFO - 忠臣 使用 杀，目标: 内奸
2025-11-25 20:53:52 - INFO - 忠臣对内奸表敌意（杀）
2025-11-25 20:53:52 - INFO - 忠臣对内奸表敌意（杀）
2025-11-25 20:53:52 - INFO - 忠臣对内奸表敌意（杀）
2025-11-25 20:53:52 - INFO - 玩家 忠臣 打出牌: 杀
2025-11-25 20:53:52 - INFO - 内奸 使用 闪 响应
2025-11-25 20:53:54 - INFO - 忠臣 回合结束
2025-11-25 20:53:54 - INFO - === 第 32 回合开始，内奸 的回合 ===
2025-11-25 20:53:54 - INFO - ============================================================
2025-11-25 20:53:54 - INFO - 当前所有玩家状态:
2025-11-25 20:53:54 - INFO - 玩家0 (主公) [主公] (白板武将) - 血量: 5/5 - 手牌: 杀, 杀, 闪, 闪, 闪 - 装备: 防具: 仁王盾, 防御马: 防御马
2025-11-25 20:53:54 - INFO - 玩家1 (反贼1) [反贼] (张飞) - 血量: 0/4 - 手牌: 无 - 装备: 无
2025-11-25 20:53:54 - INFO - 玩家2 (忠臣) [忠臣] (赵云) - 血量: 4/4 - 手牌: 桃, 桃, 闪 - 装备: 武器: 青釭剑
2025-11-25 20:53:54 - INFO - 玩家3 (反贼2) [反贼] (吕蒙) - 血量: 0/4 - 手牌: 无 - 装备: 无
2025-11-25 20:53:54 - INFO - 玩家4 (内奸) [内奸] (凌操) - 血量: 1/4 - 手牌: 无 - 装备: 进攻马: 进攻马
2025-11-25 20:53:54 - INFO - ============================================================
2025-11-25 20:53:54 - INFO - ============================================================
2025-11-25 20:53:54 - INFO - 当前牌堆状态:
2025-11-25 20:53:54 - INFO - 正常牌堆: 28 张牌
2025-11-25 20:53:54 - INFO - 弃牌堆: 29 张牌
2025-11-25 20:53:54 - INFO - 弃牌堆最后5张牌: 杀, 闪, 杀, 杀, 闪
2025-11-25 20:53:54 - INFO - ============================================================
2025-11-25 20:53:54 - INFO - 内奸 进入 准备 阶段
2025-11-25 20:53:54 - INFO - 内奸 进入 摸牌 阶段
2025-11-25 20:53:54 - INFO - 内奸发动技能[凌操]
2025-11-25 20:53:55 - INFO - 内奸 摸牌: 南蛮入侵, 无懈可击, 闪
2025-11-25 20:53:55 - INFO - 内奸 进入 出牌 阶段
2025-11-25 20:53:55 - INFO - 内奸 使用 南蛮入侵，目标: 主公, 忠臣
