2025-11-26 13:33:36 - INFO - ==================================================
2025-11-26 13:33:36 - INFO - 游戏开始
2025-11-26 13:33:36 - INFO - 时间: 2025-11-26 13:33:36
2025-11-26 13:33:36 - INFO - 模式: 正常模式
2025-11-26 13:33:36 - INFO - ==================================================
2025-11-26 13:33:36 - INFO - 开始新游戏，玩家数量: 5
2025-11-26 13:33:36 - INFO - 开始初始化游戏...
2025-11-26 13:33:36 - INFO - 开始初始化牌堆...
2025-11-26 13:33:36 - INFO - 牌堆初始化完成，总牌数: 69
2025-11-26 13:33:36 - INFO - 牌堆创建完成，总牌数: 69
2025-11-26 13:33:36 - INFO - 开始初始化玩家...
2025-11-26 13:33:40 - INFO - 主公 初始手牌: 杀, 杀, 决斗, 杀
2025-11-26 13:33:40 - INFO - 创建玩家 0: 主公 (身份: 主公, 武将: 白板武将, 血量: 5)
2025-11-26 13:33:43 - INFO - 反贼1 初始手牌: 诸葛连弩, 闪, 杀, 进攻马
2025-11-26 13:33:43 - INFO - 创建玩家 1: 反贼1 (身份: 反贼, 武将: 张飞, 血量: 4)
2025-11-26 13:33:46 - INFO - 忠臣 初始手牌: 闪, 杀, 决斗, 闪
2025-11-26 13:33:46 - INFO - 创建玩家 2: 忠臣 (身份: 忠臣, 武将: 赵云, 血量: 4)
2025-11-26 13:33:47 - INFO - 反贼2 初始手牌: 杀, 杀, 闪, 桃
2025-11-26 13:33:47 - INFO - 创建玩家 3: 反贼2 (身份: 反贼, 武将: 吕蒙, 血量: 4)
2025-11-26 13:33:48 - INFO - 内奸 初始手牌: 杀, 闪, 杀, 桃
2025-11-26 13:33:48 - INFO - 创建玩家 4: 内奸 (身份: 内奸, 武将: 凌操, 血量: 4)
2025-11-26 13:33:48 - INFO - ControlManager初始化完成，管理 5 个Control实例
2025-11-26 13:33:48 - INFO - 玩家控制器创建完成，玩家数量: 5
2025-11-26 13:33:48 - INFO - 初始玩家ID: 0
2025-11-26 13:33:48 - INFO - 游戏初始化完成
2025-11-26 13:33:48 - INFO - 游戏主循环开始
2025-11-26 13:33:48 - INFO - === 第 1 回合开始，主公 的回合 ===
2025-11-26 13:33:48 - INFO - ============================================================
2025-11-26 13:33:48 - INFO - 当前所有玩家状态:
2025-11-26 13:33:48 - INFO - 玩家0 (主公) [主公] (白板武将) - 血量: 5/5 - 手牌: 杀, 杀, 决斗, 杀 - 装备: 无
2025-11-26 13:33:48 - INFO - 玩家1 (反贼1) [反贼] (张飞) - 血量: 4/4 - 手牌: 诸葛连弩, 闪, 杀, 进攻马 - 装备: 无
2025-11-26 13:33:48 - INFO - 玩家2 (忠臣) [忠臣] (赵云) - 血量: 4/4 - 手牌: 闪, 杀, 决斗, 闪 - 装备: 无
2025-11-26 13:33:48 - INFO - 玩家3 (反贼2) [反贼] (吕蒙) - 血量: 4/4 - 手牌: 杀, 杀, 闪, 桃 - 装备: 无
2025-11-26 13:33:48 - INFO - 玩家4 (内奸) [内奸] (凌操) - 血量: 4/4 - 手牌: 杀, 闪, 杀, 桃 - 装备: 无
2025-11-26 13:33:48 - INFO - ============================================================
2025-11-26 13:33:48 - INFO - ============================================================
2025-11-26 13:33:48 - INFO - 当前牌堆状态:
2025-11-26 13:33:48 - INFO - 正常牌堆: 49 张牌
2025-11-26 13:33:48 - INFO - 弃牌堆: 0 张牌
2025-11-26 13:33:48 - INFO - ============================================================
2025-11-26 13:33:48 - INFO - 主公 进入 准备 阶段
2025-11-26 13:33:48 - INFO - 主公 进入 摸牌 阶段
2025-11-26 13:33:50 - INFO - 主公 摸牌: 闪, 杀
2025-11-26 13:33:50 - INFO - 主公 进入 出牌 阶段
2025-11-26 13:33:53 - INFO - 主公 弃牌: 杀
2025-11-26 13:33:53 - INFO - 主公 回合结束
2025-11-26 13:33:53 - INFO - === 第 2 回合开始，反贼1 的回合 ===
2025-11-26 13:33:53 - INFO - ============================================================
2025-11-26 13:33:53 - INFO - 当前所有玩家状态:
2025-11-26 13:33:53 - INFO - 玩家0 (主公) [主公] (白板武将) - 血量: 5/5 - 手牌: 杀, 决斗, 杀, 闪, 杀 - 装备: 无
2025-11-26 13:33:53 - INFO - 玩家1 (反贼1) [反贼] (张飞) - 血量: 4/4 - 手牌: 诸葛连弩, 闪, 杀, 进攻马 - 装备: 无
2025-11-26 13:33:53 - INFO - 玩家2 (忠臣) [忠臣] (赵云) - 血量: 4/4 - 手牌: 闪, 杀, 决斗, 闪 - 装备: 无
2025-11-26 13:33:53 - INFO - 玩家3 (反贼2) [反贼] (吕蒙) - 血量: 4/4 - 手牌: 杀, 杀, 闪, 桃 - 装备: 无
2025-11-26 13:33:53 - INFO - 玩家4 (内奸) [内奸] (凌操) - 血量: 4/4 - 手牌: 杀, 闪, 杀, 桃 - 装备: 无
2025-11-26 13:33:53 - INFO - ============================================================
2025-11-26 13:33:53 - INFO - ============================================================
2025-11-26 13:33:53 - INFO - 当前牌堆状态:
2025-11-26 13:33:53 - INFO - 正常牌堆: 47 张牌
2025-11-26 13:33:53 - INFO - 弃牌堆: 1 张牌
2025-11-26 13:33:53 - INFO - 弃牌堆所有牌: 杀
2025-11-26 13:33:53 - INFO - ============================================================
2025-11-26 13:33:53 - INFO - 反贼1 进入 准备 阶段
2025-11-26 13:33:53 - INFO - 反贼1 进入 摸牌 阶段
2025-11-26 13:33:54 - INFO - 反贼1 摸牌: 杀, 杀
2025-11-26 13:33:54 - INFO - 反贼1 进入 出牌 阶段
2025-11-26 13:33:54 - INFO - 反贼1发动技能[咆哮]
2025-11-26 13:33:54 - INFO - 反贼1 使用 诸葛连弩，目标: 反贼1
2025-11-26 13:33:56 - INFO - 玩家 反贼1 打出牌: 诸葛连弩
2025-11-26 13:33:56 - INFO - 反贼1 装备 诸葛连弩 (武器)
2025-11-26 13:33:56 - INFO - 反贼1发动技能[咆哮]
2025-11-26 13:33:56 - INFO - 反贼1 使用 进攻马，目标: 反贼1
2025-11-26 13:33:58 - INFO - 玩家 反贼1 打出牌: 进攻马
2025-11-26 13:33:58 - INFO - 反贼1 装备 进攻马 (进攻马)
2025-11-26 13:33:58 - INFO - 反贼1发动技能[咆哮]
2025-11-26 13:33:58 - INFO - 反贼1 回合结束
2025-11-26 13:33:58 - INFO - === 第 3 回合开始，忠臣 的回合 ===
2025-11-26 13:33:58 - INFO - ============================================================
2025-11-26 13:33:58 - INFO - 当前所有玩家状态:
2025-11-26 13:33:58 - INFO - 玩家0 (主公) [主公] (白板武将) - 血量: 5/5 - 手牌: 杀, 决斗, 杀, 闪, 杀 - 装备: 无
2025-11-26 13:33:58 - INFO - 玩家1 (反贼1) [反贼] (张飞) - 血量: 4/4 - 手牌: 闪, 杀, 杀, 杀 - 装备: 武器: 诸葛连弩, 进攻马: 进攻马
2025-11-26 13:33:58 - INFO - 玩家2 (忠臣) [忠臣] (赵云) - 血量: 4/4 - 手牌: 闪, 杀, 决斗, 闪 - 装备: 无
2025-11-26 13:33:58 - INFO - 玩家3 (反贼2) [反贼] (吕蒙) - 血量: 4/4 - 手牌: 杀, 杀, 闪, 桃 - 装备: 无
2025-11-26 13:33:58 - INFO - 玩家4 (内奸) [内奸] (凌操) - 血量: 4/4 - 手牌: 杀, 闪, 杀, 桃 - 装备: 无
2025-11-26 13:33:58 - INFO - ============================================================
2025-11-26 13:33:58 - INFO - ============================================================
2025-11-26 13:33:58 - INFO - 当前牌堆状态:
2025-11-26 13:33:58 - INFO - 正常牌堆: 45 张牌
2025-11-26 13:33:58 - INFO - 弃牌堆: 1 张牌
2025-11-26 13:33:58 - INFO - 弃牌堆所有牌: 杀
2025-11-26 13:33:58 - INFO - ============================================================
2025-11-26 13:33:58 - INFO - 忠臣 进入 准备 阶段
2025-11-26 13:33:58 - INFO - 忠臣 进入 摸牌 阶段
2025-11-26 13:34:00 - INFO - 忠臣 摸牌: 桃, 南蛮入侵
2025-11-26 13:34:00 - INFO - 忠臣 进入 出牌 阶段
2025-11-26 13:34:05 - INFO - 忠臣 使用 闪，目标: 忠臣
2025-11-26 13:34:07 - INFO - 玩家 忠臣 打出牌: 闪
2025-11-26 13:34:07 - WARNING - 未知的牌类型或牌名: 闪
