2025-11-26 19:57:45 - INFO - ==================================================
2025-11-26 19:57:45 - INFO - 游戏开始
2025-11-26 19:57:45 - INFO - 时间: 2025-11-26 19:57:45
2025-11-26 19:57:45 - INFO - 模式: 正常模式
2025-11-26 19:57:45 - INFO - ==================================================
2025-11-26 19:57:45 - INFO - 开始新游戏，玩家数量: 5
2025-11-26 19:57:45 - INFO - 开始初始化游戏...
2025-11-26 19:57:45 - INFO - 开始初始化牌堆...
2025-11-26 19:57:45 - INFO - 牌堆初始化完成，总牌数: 69
2025-11-26 19:57:45 - INFO - 牌堆创建完成，总牌数: 69
2025-11-26 19:57:45 - INFO - 开始初始化玩家...
2025-11-26 19:57:50 - INFO - 主公 初始手牌: 青釭剑, 杀, 杀, 闪
2025-11-26 19:57:50 - INFO - 创建玩家 0: 主公 (身份: 主公, 武将: 白板武将, 血量: 5)
2025-11-26 19:57:52 - INFO - 反贼1 初始手牌: 闪, 杀, 杀, 闪
2025-11-26 19:57:52 - INFO - 创建玩家 1: 反贼1 (身份: 反贼, 武将: 张飞, 血量: 4)
2025-11-26 19:57:55 - INFO - 忠臣 初始手牌: 杀, 杀, 南蛮入侵, 桃
2025-11-26 19:57:55 - INFO - 创建玩家 2: 忠臣 (身份: 忠臣, 武将: 赵云, 血量: 4)
2025-11-26 19:57:57 - INFO - 反贼2 初始手牌: 无懈可击, 闪, 桃, 杀
2025-11-26 19:57:57 - INFO - 创建玩家 3: 反贼2 (身份: 反贼, 武将: 吕蒙, 血量: 4)
2025-11-26 19:57:58 - INFO - 内奸 初始手牌: 杀, 闪, 决斗, 杀
2025-11-26 19:57:58 - INFO - 创建玩家 4: 内奸 (身份: 内奸, 武将: 凌操, 血量: 4)
2025-11-26 19:57:58 - INFO - ControlManager初始化完成，管理 5 个Control实例
2025-11-26 19:57:58 - INFO - 玩家控制器创建完成，玩家数量: 5
2025-11-26 19:57:58 - INFO - 初始玩家ID: 0
2025-11-26 19:57:58 - INFO - 游戏初始化完成
2025-11-26 19:57:58 - INFO - 游戏主循环开始
2025-11-26 19:57:58 - INFO - === 第 1 回合开始，主公 的回合 ===
2025-11-26 19:57:58 - INFO - ============================================================
2025-11-26 19:57:58 - INFO - 当前所有玩家状态:
2025-11-26 19:57:58 - INFO - 玩家0 (主公) [主公] (白板武将) - 血量: 5/5 - 手牌: 青釭剑, 杀, 杀, 闪 - 装备: 无
2025-11-26 19:57:58 - INFO - 玩家1 (反贼1) [反贼] (张飞) - 血量: 4/4 - 手牌: 闪, 杀, 杀, 闪 - 装备: 无
2025-11-26 19:57:58 - INFO - 玩家2 (忠臣) [忠臣] (赵云) - 血量: 4/4 - 手牌: 杀, 杀, 南蛮入侵, 桃 - 装备: 无
2025-11-26 19:57:58 - INFO - 玩家3 (反贼2) [反贼] (吕蒙) - 血量: 4/4 - 手牌: 无懈可击, 闪, 桃, 杀 - 装备: 无
2025-11-26 19:57:58 - INFO - 玩家4 (内奸) [内奸] (凌操) - 血量: 4/4 - 手牌: 杀, 闪, 决斗, 杀 - 装备: 无
2025-11-26 19:57:58 - INFO - ============================================================
2025-11-26 19:57:58 - INFO - ============================================================
2025-11-26 19:57:58 - INFO - 当前牌堆状态:
2025-11-26 19:57:58 - INFO - 正常牌堆: 49 张牌
2025-11-26 19:57:58 - INFO - 弃牌堆: 0 张牌
2025-11-26 19:57:58 - INFO - ============================================================
2025-11-26 19:57:58 - INFO - 主公 进入 准备 阶段
2025-11-26 19:57:58 - INFO - 主公 进入 摸牌 阶段
2025-11-26 19:57:59 - INFO - 主公 摸牌: 桃, 杀
2025-11-26 19:57:59 - INFO - 主公 进入 出牌 阶段
2025-11-26 19:57:59 - INFO - 主公 使用 青釭剑，目标: 主公
2025-11-26 19:58:02 - INFO - 玩家 主公 打出牌: 青釭剑
2025-11-26 19:58:02 - INFO - 主公 装备 青釭剑 (武器)
2025-11-26 19:58:02 - INFO - 主公 回合结束
2025-11-26 19:58:02 - INFO - === 第 2 回合开始，反贼1 的回合 ===
2025-11-26 19:58:02 - INFO - ============================================================
2025-11-26 19:58:02 - INFO - 当前所有玩家状态:
2025-11-26 19:58:02 - INFO - 玩家0 (主公) [主公] (白板武将) - 血量: 5/5 - 手牌: 杀, 杀, 闪, 桃, 杀 - 装备: 武器: 青釭剑
2025-11-26 19:58:02 - INFO - 玩家1 (反贼1) [反贼] (张飞) - 血量: 4/4 - 手牌: 闪, 杀, 杀, 闪 - 装备: 无
2025-11-26 19:58:02 - INFO - 玩家2 (忠臣) [忠臣] (赵云) - 血量: 4/4 - 手牌: 杀, 杀, 南蛮入侵, 桃 - 装备: 无
2025-11-26 19:58:02 - INFO - 玩家3 (反贼2) [反贼] (吕蒙) - 血量: 4/4 - 手牌: 无懈可击, 闪, 桃, 杀 - 装备: 无
2025-11-26 19:58:02 - INFO - 玩家4 (内奸) [内奸] (凌操) - 血量: 4/4 - 手牌: 杀, 闪, 决斗, 杀 - 装备: 无
2025-11-26 19:58:02 - INFO - ============================================================
2025-11-26 19:58:02 - INFO - ============================================================
2025-11-26 19:58:02 - INFO - 当前牌堆状态:
2025-11-26 19:58:02 - INFO - 正常牌堆: 47 张牌
2025-11-26 19:58:02 - INFO - 弃牌堆: 0 张牌
2025-11-26 19:58:02 - INFO - ============================================================
2025-11-26 19:58:02 - INFO - 反贼1 进入 准备 阶段
2025-11-26 19:58:02 - INFO - 反贼1 进入 摸牌 阶段
2025-11-26 19:58:03 - INFO - 反贼1 摸牌: 桃, 闪
2025-11-26 19:58:03 - INFO - 反贼1 进入 出牌 阶段
2025-11-26 19:58:03 - INFO - 反贼1发动技能[咆哮]
2025-11-26 19:58:08 - INFO - 反贼1 弃牌: 桃, 闪
2025-11-26 19:58:08 - INFO - 反贼1 回合结束
2025-11-26 19:58:08 - INFO - === 第 3 回合开始，忠臣 的回合 ===
2025-11-26 19:58:08 - INFO - ============================================================
2025-11-26 19:58:08 - INFO - 当前所有玩家状态:
2025-11-26 19:58:08 - INFO - 玩家0 (主公) [主公] (白板武将) - 血量: 5/5 - 手牌: 杀, 杀, 闪, 桃, 杀 - 装备: 武器: 青釭剑
2025-11-26 19:58:08 - INFO - 玩家1 (反贼1) [反贼] (张飞) - 血量: 4/4 - 手牌: 杀, 杀, 闪, 闪 - 装备: 无
2025-11-26 19:58:08 - INFO - 玩家2 (忠臣) [忠臣] (赵云) - 血量: 4/4 - 手牌: 杀, 杀, 南蛮入侵, 桃 - 装备: 无
2025-11-26 19:58:08 - INFO - 玩家3 (反贼2) [反贼] (吕蒙) - 血量: 4/4 - 手牌: 无懈可击, 闪, 桃, 杀 - 装备: 无
2025-11-26 19:58:08 - INFO - 玩家4 (内奸) [内奸] (凌操) - 血量: 4/4 - 手牌: 杀, 闪, 决斗, 杀 - 装备: 无
2025-11-26 19:58:08 - INFO - ============================================================
2025-11-26 19:58:08 - INFO - ============================================================
2025-11-26 19:58:08 - INFO - 当前牌堆状态:
2025-11-26 19:58:08 - INFO - 正常牌堆: 45 张牌
2025-11-26 19:58:08 - INFO - 弃牌堆: 2 张牌
2025-11-26 19:58:08 - INFO - 弃牌堆所有牌: 桃, 闪
2025-11-26 19:58:08 - INFO - ============================================================
2025-11-26 19:58:08 - INFO - 忠臣 进入 准备 阶段
2025-11-26 19:58:08 - INFO - 忠臣 进入 摸牌 阶段
2025-11-26 19:58:09 - INFO - 忠臣 摸牌: 决斗, 杀
2025-11-26 19:58:09 - INFO - 忠臣 进入 出牌 阶段
2025-11-26 19:58:27 - INFO - 忠臣 弃牌: 杀, 杀
2025-11-26 19:58:27 - INFO - 忠臣 回合结束
2025-11-26 19:58:27 - INFO - === 第 4 回合开始，反贼2 的回合 ===
2025-11-26 19:58:27 - INFO - ============================================================
2025-11-26 19:58:27 - INFO - 当前所有玩家状态:
2025-11-26 19:58:27 - INFO - 玩家0 (主公) [主公] (白板武将) - 血量: 5/5 - 手牌: 杀, 杀, 闪, 桃, 杀 - 装备: 武器: 青釭剑
2025-11-26 19:58:27 - INFO - 玩家1 (反贼1) [反贼] (张飞) - 血量: 4/4 - 手牌: 杀, 杀, 闪, 闪 - 装备: 无
2025-11-26 19:58:27 - INFO - 玩家2 (忠臣) [忠臣] (赵云) - 血量: 4/4 - 手牌: 南蛮入侵, 桃, 决斗, 杀 - 装备: 无
2025-11-26 19:58:27 - INFO - 玩家3 (反贼2) [反贼] (吕蒙) - 血量: 4/4 - 手牌: 无懈可击, 闪, 桃, 杀 - 装备: 无
2025-11-26 19:58:27 - INFO - 玩家4 (内奸) [内奸] (凌操) - 血量: 4/4 - 手牌: 杀, 闪, 决斗, 杀 - 装备: 无
2025-11-26 19:58:27 - INFO - ============================================================
2025-11-26 19:58:27 - INFO - ============================================================
2025-11-26 19:58:27 - INFO - 当前牌堆状态:
2025-11-26 19:58:27 - INFO - 正常牌堆: 43 张牌
2025-11-26 19:58:27 - INFO - 弃牌堆: 4 张牌
2025-11-26 19:58:27 - INFO - 弃牌堆所有牌: 桃, 闪, 杀, 杀
2025-11-26 19:58:27 - INFO - ============================================================
2025-11-26 19:58:27 - INFO - 反贼2 进入 准备 阶段
2025-11-26 19:58:27 - INFO - 反贼2 进入 摸牌 阶段
2025-11-26 19:58:28 - INFO - 反贼2 摸牌: 桃, 闪
2025-11-26 19:58:28 - INFO - 反贼2 进入 出牌 阶段
2025-11-26 19:58:28 - INFO - 反贼2发动技能[克己]
2025-11-26 19:58:28 - INFO - 反贼2 技能[克己]生效：本回合未使用杀，不弃任何手牌
2025-11-26 19:58:28 - INFO - 反贼2 回合结束
2025-11-26 19:58:28 - INFO - === 第 5 回合开始，内奸 的回合 ===
2025-11-26 19:58:28 - INFO - ============================================================
2025-11-26 19:58:28 - INFO - 当前所有玩家状态:
2025-11-26 19:58:28 - INFO - 玩家0 (主公) [主公] (白板武将) - 血量: 5/5 - 手牌: 杀, 杀, 闪, 桃, 杀 - 装备: 武器: 青釭剑
2025-11-26 19:58:28 - INFO - 玩家1 (反贼1) [反贼] (张飞) - 血量: 4/4 - 手牌: 杀, 杀, 闪, 闪 - 装备: 无
2025-11-26 19:58:28 - INFO - 玩家2 (忠臣) [忠臣] (赵云) - 血量: 4/4 - 手牌: 南蛮入侵, 桃, 决斗, 杀 - 装备: 无
2025-11-26 19:58:28 - INFO - 玩家3 (反贼2) [反贼] (吕蒙) - 血量: 4/4 - 手牌: 无懈可击, 闪, 桃, 杀, 桃, 闪 - 装备: 无
2025-11-26 19:58:28 - INFO - 玩家4 (内奸) [内奸] (凌操) - 血量: 4/4 - 手牌: 杀, 闪, 决斗, 杀 - 装备: 无
2025-11-26 19:58:28 - INFO - ============================================================
2025-11-26 19:58:28 - INFO - ============================================================
2025-11-26 19:58:28 - INFO - 当前牌堆状态:
2025-11-26 19:58:28 - INFO - 正常牌堆: 41 张牌
2025-11-26 19:58:28 - INFO - 弃牌堆: 4 张牌
2025-11-26 19:58:28 - INFO - 弃牌堆所有牌: 桃, 闪, 杀, 杀
2025-11-26 19:58:28 - INFO - ============================================================
2025-11-26 19:58:28 - INFO - 内奸 进入 准备 阶段
2025-11-26 19:58:28 - INFO - 内奸 进入 摸牌 阶段
2025-11-26 19:58:28 - INFO - 内奸发动技能[凌操]
2025-11-26 19:58:28 - INFO - 内奸 摸牌: 杀, 无懈可击, 杀
2025-11-26 19:58:28 - INFO - 内奸 进入 出牌 阶段
2025-11-26 19:58:28 - INFO - 内奸 使用 杀，目标: 反贼2
2025-11-26 19:58:31 - INFO - 内奸对反贼2表敌意（杀）
2025-11-26 19:58:31 - INFO - 内奸对反贼2表敌意（杀）
2025-11-26 19:58:31 - INFO - 内奸对反贼2表敌意（杀）
2025-11-26 19:58:31 - INFO - 玩家 内奸 打出牌: 杀
2025-11-26 19:58:31 - INFO - 反贼2 使用 闪 响应
2025-11-26 19:58:33 - INFO - 内奸 使用 决斗，目标: 反贼1
2025-11-26 19:58:36 - INFO - 内奸对反贼1表敌意（决斗）
2025-11-26 19:58:36 - INFO - 内奸对反贼1表敌意（决斗）
2025-11-26 19:58:36 - INFO - 内奸对反贼1表敌意（决斗）
2025-11-26 19:58:36 - INFO - 玩家 内奸 打出牌: 决斗
2025-11-26 19:58:36 - INFO - 内奸 使用 决斗，目标: 反贼1
2025-11-26 19:58:36 - INFO - 内奸 使用 无懈可击 响应
2025-11-26 19:58:38 - INFO - 内奸对反贼1献殷勤（无懈可击）
2025-11-26 19:58:38 - INFO - 内奸对反贼1献殷勤（无懈可击）
2025-11-26 19:58:38 - INFO - 内奸对反贼1献殷勤（无懈可击）
2025-11-26 19:58:38 - INFO - 决斗被无懈可击抵消
2025-11-26 19:58:38 - INFO - 内奸 回合结束
2025-11-26 19:58:38 - INFO - === 第 6 回合开始，主公 的回合 ===
2025-11-26 19:58:38 - INFO - ============================================================
2025-11-26 19:58:38 - INFO - 当前所有玩家状态:
2025-11-26 19:58:38 - INFO - 玩家0 (主公) [主公] (白板武将) - 血量: 5/5 - 手牌: 杀, 杀, 闪, 桃, 杀 - 装备: 武器: 青釭剑
2025-11-26 19:58:38 - INFO - 玩家1 (反贼1) [反贼] (张飞) - 血量: 4/4 - 手牌: 杀, 杀, 闪, 闪 - 装备: 无
2025-11-26 19:58:38 - INFO - 玩家2 (忠臣) [忠臣] (赵云) - 血量: 4/4 - 手牌: 南蛮入侵, 桃, 决斗, 杀 - 装备: 无
2025-11-26 19:58:38 - INFO - 玩家3 (反贼2) [反贼] (吕蒙) - 血量: 4/4 - 手牌: 无懈可击, 桃, 杀, 桃, 闪 - 装备: 无
2025-11-26 19:58:38 - INFO - 玩家4 (内奸) [内奸] (凌操) - 血量: 4/4 - 手牌: 杀, 闪, 杀, 杀 - 装备: 无
2025-11-26 19:58:38 - INFO - ============================================================
2025-11-26 19:58:38 - INFO - ============================================================
2025-11-26 19:58:38 - INFO - 当前牌堆状态:
2025-11-26 19:58:38 - INFO - 正常牌堆: 38 张牌
2025-11-26 19:58:38 - INFO - 弃牌堆: 8 张牌
2025-11-26 19:58:38 - INFO - 弃牌堆最后5张牌: 杀, 杀, 闪, 无懈可击, 决斗
2025-11-26 19:58:38 - INFO - ============================================================
2025-11-26 19:58:38 - INFO - 主公 进入 准备 阶段
2025-11-26 19:58:38 - INFO - 主公 进入 摸牌 阶段
2025-11-26 19:58:40 - INFO - 主公 摸牌: 无懈可击, 杀
2025-11-26 19:58:40 - INFO - 主公 进入 出牌 阶段
2025-11-26 19:58:45 - INFO - 主公 弃牌: 杀, 桃
2025-11-26 19:58:45 - INFO - 主公 回合结束
2025-11-26 19:58:45 - INFO - === 第 7 回合开始，反贼1 的回合 ===
2025-11-26 19:58:45 - INFO - ============================================================
2025-11-26 19:58:45 - INFO - 当前所有玩家状态:
2025-11-26 19:58:45 - INFO - 玩家0 (主公) [主公] (白板武将) - 血量: 5/5 - 手牌: 杀, 闪, 杀, 无懈可击, 杀 - 装备: 武器: 青釭剑
2025-11-26 19:58:45 - INFO - 玩家1 (反贼1) [反贼] (张飞) - 血量: 4/4 - 手牌: 杀, 杀, 闪, 闪 - 装备: 无
2025-11-26 19:58:45 - INFO - 玩家2 (忠臣) [忠臣] (赵云) - 血量: 4/4 - 手牌: 南蛮入侵, 桃, 决斗, 杀 - 装备: 无
2025-11-26 19:58:45 - INFO - 玩家3 (反贼2) [反贼] (吕蒙) - 血量: 4/4 - 手牌: 无懈可击, 桃, 杀, 桃, 闪 - 装备: 无
2025-11-26 19:58:45 - INFO - 玩家4 (内奸) [内奸] (凌操) - 血量: 4/4 - 手牌: 杀, 闪, 杀, 杀 - 装备: 无
2025-11-26 19:58:45 - INFO - ============================================================
2025-11-26 19:58:45 - INFO - ============================================================
2025-11-26 19:58:45 - INFO - 当前牌堆状态:
2025-11-26 19:58:45 - INFO - 正常牌堆: 36 张牌
2025-11-26 19:58:45 - INFO - 弃牌堆: 10 张牌
2025-11-26 19:58:45 - INFO - 弃牌堆最后5张牌: 闪, 无懈可击, 决斗, 杀, 桃
2025-11-26 19:58:45 - INFO - ============================================================
2025-11-26 19:58:45 - INFO - 反贼1 进入 准备 阶段
2025-11-26 19:58:45 - INFO - 反贼1 进入 摸牌 阶段
2025-11-26 19:58:46 - INFO - 反贼1 摸牌: 南蛮入侵, 万箭齐发
2025-11-26 19:58:46 - INFO - 反贼1 进入 出牌 阶段
2025-11-26 19:58:46 - INFO - 反贼1发动技能[咆哮]
2025-11-26 19:58:46 - INFO - 反贼1 使用 南蛮入侵，目标: 主公, 忠臣, 反贼2, 内奸
2025-11-26 19:58:49 - INFO - 玩家 反贼1 打出牌: 南蛮入侵
2025-11-26 19:58:49 - INFO - 反贼1 使用 南蛮入侵 响应
2025-11-26 19:58:51 - INFO - 忠臣 使用 杀 响应
2025-11-26 19:58:54 - INFO - 反贼2 使用 杀 响应
2025-11-26 19:58:56 - INFO - 内奸 使用 杀 响应
2025-11-26 19:58:58 - INFO - 主公 使用 无懈可击 响应
2025-11-26 19:59:01 - INFO - 主公对主公献殷勤（无懈可击）
2025-11-26 19:59:01 - INFO - 主公跳忠
2025-11-26 19:59:01 - INFO - 主公对主公献殷勤（无懈可击）
2025-11-26 19:59:01 - INFO - 主公跳忠
2025-11-26 19:59:01 - INFO - 主公对主公献殷勤（无懈可击）
2025-11-26 19:59:01 - INFO - 主公跳忠
2025-11-26 19:59:01 - INFO - 反贼2 使用 无懈可击 响应
2025-11-26 19:59:03 - INFO - 反贼2对主公表敌意（无懈可击抵消）
2025-11-26 19:59:03 - INFO - 反贼2跳反
2025-11-26 19:59:03 - INFO - 反贼2对主公表敌意（无懈可击抵消）
2025-11-26 19:59:03 - INFO - 反贼2跳反
2025-11-26 19:59:03 - INFO - 反贼2对主公表敌意（无懈可击抵消）
2025-11-26 19:59:03 - INFO - 反贼2跳反
2025-11-26 19:59:03 - INFO - 主公 使用 杀 响应
2025-11-26 19:59:05 - INFO - 反贼1发动技能[咆哮]
2025-11-26 19:59:05 - INFO - 反贼1 使用 万箭齐发，目标: 主公, 忠臣, 反贼2, 内奸
2025-11-26 19:59:08 - INFO - 玩家 反贼1 打出牌: 万箭齐发
2025-11-26 19:59:08 - INFO - 反贼1 使用 万箭齐发 响应
2025-11-26 19:59:08 - INFO - 忠臣 受到 1 点伤害，当前血量: 3/4
2025-11-26 19:59:10 - INFO - 反贼2 使用 闪 响应
2025-11-26 19:59:12 - INFO - 内奸 使用 闪 响应
2025-11-26 19:59:14 - INFO - 主公 使用 闪 响应
2025-11-26 19:59:17 - INFO - 反贼1发动技能[咆哮]
2025-11-26 19:59:17 - INFO - 反贼1 回合结束
2025-11-26 19:59:17 - INFO - === 第 8 回合开始，忠臣 的回合 ===
2025-11-26 19:59:17 - INFO - ============================================================
2025-11-26 19:59:17 - INFO - 当前所有玩家状态:
2025-11-26 19:59:17 - INFO - 玩家0 (主公) [主公] (白板武将) - 血量: 5/5 - 手牌: 杀, 杀 - 装备: 武器: 青釭剑
2025-11-26 19:59:17 - INFO - 玩家1 (反贼1) [反贼] (张飞) - 血量: 4/4 - 手牌: 杀, 杀, 闪, 闪 - 装备: 无
2025-11-26 19:59:17 - INFO - 玩家2 (忠臣) [忠臣] (赵云) - 血量: 3/4 - 手牌: 南蛮入侵, 桃, 决斗 - 装备: 无
2025-11-26 19:59:17 - INFO - 玩家3 (反贼2) [反贼] (吕蒙) - 血量: 4/4 - 手牌: 桃, 桃 - 装备: 无
2025-11-26 19:59:17 - INFO - 玩家4 (内奸) [内奸] (凌操) - 血量: 4/4 - 手牌: 杀, 杀 - 装备: 无
2025-11-26 19:59:17 - INFO - ============================================================
2025-11-26 19:59:17 - INFO - ============================================================
2025-11-26 19:59:17 - INFO - 当前牌堆状态:
2025-11-26 19:59:17 - INFO - 正常牌堆: 34 张牌
2025-11-26 19:59:17 - INFO - 弃牌堆: 21 张牌
2025-11-26 19:59:17 - INFO - 弃牌堆最后5张牌: 南蛮入侵, 闪, 闪, 闪, 万箭齐发
2025-11-26 19:59:17 - INFO - ============================================================
2025-11-26 19:59:17 - INFO - 忠臣 进入 准备 阶段
2025-11-26 19:59:17 - INFO - 忠臣 进入 摸牌 阶段
2025-11-26 19:59:18 - INFO - 忠臣 摸牌: 杀, 闪
2025-11-26 19:59:18 - INFO - 忠臣 进入 出牌 阶段
2025-11-26 19:59:24 - INFO - 忠臣 使用 杀，目标: 反贼1
2025-11-26 19:59:26 - INFO - 忠臣对反贼1表敌意（杀）
2025-11-26 19:59:26 - INFO - 忠臣对反贼1表敌意（杀）
2025-11-26 19:59:26 - INFO - 忠臣对反贼1表敌意（杀）
2025-11-26 19:59:26 - INFO - 玩家 忠臣 打出牌: 杀
2025-11-26 19:59:26 - INFO - 反贼1 使用 闪 响应
2025-11-26 19:59:39 - INFO - 忠臣 使用 桃，目标: 忠臣
2025-11-26 19:59:42 - INFO - 玩家 忠臣 打出牌: 桃
2025-11-26 19:59:42 - INFO - 忠臣 恢复 1 点血量，当前血量: 4/4
