2025-11-26 19:33:06 - INFO - ==================================================
2025-11-26 19:33:06 - INFO - 游戏开始
2025-11-26 19:33:06 - INFO - 时间: 2025-11-26 19:33:06
2025-11-26 19:33:06 - INFO - 模式: 正常模式
2025-11-26 19:33:06 - INFO - ==================================================
2025-11-26 19:33:06 - INFO - 开始新游戏，玩家数量: 5
2025-11-26 19:33:06 - INFO - 开始初始化游戏...
2025-11-26 19:33:06 - INFO - 开始初始化牌堆...
2025-11-26 19:33:06 - INFO - 牌堆初始化完成，总牌数: 69
2025-11-26 19:33:06 - INFO - 牌堆创建完成，总牌数: 69
2025-11-26 19:33:06 - INFO - 开始初始化玩家...
2025-11-26 19:33:11 - INFO - 主公 初始手牌: 杀, 杀, 杀, 仁王盾
2025-11-26 19:33:11 - INFO - 创建玩家 0: 主公 (身份: 主公, 武将: 白板武将, 血量: 5)
2025-11-26 19:33:13 - INFO - 反贼1 初始手牌: 无懈可击, 无懈可击, 进攻马, 闪
2025-11-26 19:33:13 - INFO - 创建玩家 1: 反贼1 (身份: 反贼, 武将: 张飞, 血量: 4)
2025-11-26 19:33:16 - INFO - 忠臣 初始手牌: 诸葛连弩, 闪, 杀, 桃
2025-11-26 19:33:16 - INFO - 创建玩家 2: 忠臣 (身份: 忠臣, 武将: 赵云, 血量: 4)
2025-11-26 19:33:18 - INFO - 反贼2 初始手牌: 南蛮入侵, 决斗, 闪, 闪
2025-11-26 19:33:18 - INFO - 创建玩家 3: 反贼2 (身份: 反贼, 武将: 吕蒙, 血量: 4)
2025-11-26 19:33:19 - INFO - 内奸 初始手牌: 杀, 闪, 桃, 杀
2025-11-26 19:33:19 - INFO - 创建玩家 4: 内奸 (身份: 内奸, 武将: 凌操, 血量: 4)
2025-11-26 19:33:19 - INFO - ControlManager初始化完成，管理 5 个Control实例
2025-11-26 19:33:19 - INFO - 玩家控制器创建完成，玩家数量: 5
2025-11-26 19:33:19 - INFO - 初始玩家ID: 0
2025-11-26 19:33:19 - INFO - 游戏初始化完成
2025-11-26 19:33:19 - INFO - 游戏主循环开始
2025-11-26 19:33:19 - INFO - === 第 1 回合开始，主公 的回合 ===
2025-11-26 19:33:19 - INFO - ============================================================
2025-11-26 19:33:19 - INFO - 当前所有玩家状态:
2025-11-26 19:33:19 - INFO - 玩家0 (主公) [主公] (白板武将) - 血量: 5/5 - 手牌: 杀, 杀, 杀, 仁王盾 - 装备: 无
2025-11-26 19:33:19 - INFO - 玩家1 (反贼1) [反贼] (张飞) - 血量: 4/4 - 手牌: 无懈可击, 无懈可击, 进攻马, 闪 - 装备: 无
2025-11-26 19:33:19 - INFO - 玩家2 (忠臣) [忠臣] (赵云) - 血量: 4/4 - 手牌: 诸葛连弩, 闪, 杀, 桃 - 装备: 无
2025-11-26 19:33:19 - INFO - 玩家3 (反贼2) [反贼] (吕蒙) - 血量: 4/4 - 手牌: 南蛮入侵, 决斗, 闪, 闪 - 装备: 无
2025-11-26 19:33:19 - INFO - 玩家4 (内奸) [内奸] (凌操) - 血量: 4/4 - 手牌: 杀, 闪, 桃, 杀 - 装备: 无
2025-11-26 19:33:19 - INFO - ============================================================
2025-11-26 19:33:19 - INFO - ============================================================
2025-11-26 19:33:19 - INFO - 当前牌堆状态:
2025-11-26 19:33:19 - INFO - 正常牌堆: 49 张牌
2025-11-26 19:33:19 - INFO - 弃牌堆: 0 张牌
2025-11-26 19:33:19 - INFO - ============================================================
2025-11-26 19:33:19 - INFO - 主公 进入 准备 阶段
2025-11-26 19:33:19 - INFO - 主公 进入 摸牌 阶段
2025-11-26 19:33:20 - INFO - 主公 摸牌: 杀, 杀
2025-11-26 19:33:20 - INFO - 主公 进入 出牌 阶段
2025-11-26 19:33:20 - INFO - 主公 使用 仁王盾，目标: 主公
2025-11-26 19:33:23 - INFO - 玩家 主公 打出牌: 仁王盾
2025-11-26 19:33:23 - INFO - 主公 装备 仁王盾 (防具)
2025-11-26 19:33:23 - INFO - 主公 回合结束
2025-11-26 19:33:23 - INFO - === 第 2 回合开始，反贼1 的回合 ===
2025-11-26 19:33:23 - INFO - ============================================================
2025-11-26 19:33:23 - INFO - 当前所有玩家状态:
2025-11-26 19:33:23 - INFO - 玩家0 (主公) [主公] (白板武将) - 血量: 5/5 - 手牌: 杀, 杀, 杀, 杀, 杀 - 装备: 防具: 仁王盾
2025-11-26 19:33:23 - INFO - 玩家1 (反贼1) [反贼] (张飞) - 血量: 4/4 - 手牌: 无懈可击, 无懈可击, 进攻马, 闪 - 装备: 无
2025-11-26 19:33:23 - INFO - 玩家2 (忠臣) [忠臣] (赵云) - 血量: 4/4 - 手牌: 诸葛连弩, 闪, 杀, 桃 - 装备: 无
2025-11-26 19:33:23 - INFO - 玩家3 (反贼2) [反贼] (吕蒙) - 血量: 4/4 - 手牌: 南蛮入侵, 决斗, 闪, 闪 - 装备: 无
2025-11-26 19:33:23 - INFO - 玩家4 (内奸) [内奸] (凌操) - 血量: 4/4 - 手牌: 杀, 闪, 桃, 杀 - 装备: 无
2025-11-26 19:33:23 - INFO - ============================================================
2025-11-26 19:33:23 - INFO - ============================================================
2025-11-26 19:33:23 - INFO - 当前牌堆状态:
2025-11-26 19:33:23 - INFO - 正常牌堆: 47 张牌
2025-11-26 19:33:23 - INFO - 弃牌堆: 0 张牌
2025-11-26 19:33:23 - INFO - ============================================================
2025-11-26 19:33:23 - INFO - 反贼1 进入 准备 阶段
2025-11-26 19:33:23 - INFO - 反贼1 进入 摸牌 阶段
2025-11-26 19:33:24 - INFO - 反贼1 摸牌: 杀, 万箭齐发
2025-11-26 19:33:24 - INFO - 反贼1 进入 出牌 阶段
2025-11-26 19:33:24 - INFO - 反贼1发动技能[咆哮]
2025-11-26 19:33:24 - INFO - 反贼1 使用 进攻马，目标: 反贼1
2025-11-26 19:33:26 - INFO - 玩家 反贼1 打出牌: 进攻马
2025-11-26 19:33:26 - INFO - 反贼1 装备 进攻马 (进攻马)
2025-11-26 19:33:26 - INFO - 反贼1发动技能[咆哮]
2025-11-26 19:33:26 - INFO - 反贼1 使用 万箭齐发，目标: 主公, 忠臣, 反贼2, 内奸
2025-11-26 19:33:28 - INFO - 玩家 反贼1 打出牌: 万箭齐发
2025-11-26 19:33:28 - INFO - 反贼1 使用 万箭齐发 响应
2025-11-26 19:33:32 - INFO - 忠臣 使用 闪 响应
2025-11-26 19:33:35 - INFO - 反贼2 使用 闪 响应
2025-11-26 19:33:37 - INFO - 内奸 使用 闪 响应
2025-11-26 19:33:39 - INFO - 主公 受到 1 点伤害，当前血量: 4/5
2025-11-26 19:33:41 - INFO - 主猪认为反贼1是类反猪
2025-11-26 19:33:41 - INFO - 反贼1发动技能[咆哮]
2025-11-26 19:33:41 - INFO - 反贼1 回合结束
2025-11-26 19:33:41 - INFO - === 第 3 回合开始，忠臣 的回合 ===
2025-11-26 19:33:41 - INFO - ============================================================
2025-11-26 19:33:41 - INFO - 当前所有玩家状态:
2025-11-26 19:33:41 - INFO - 玩家0 (主公) [主公] (白板武将) - 血量: 4/5 - 手牌: 杀, 杀, 杀, 杀, 杀 - 装备: 防具: 仁王盾
2025-11-26 19:33:41 - INFO - 玩家1 (反贼1) [反贼] (张飞) - 血量: 4/4 - 手牌: 无懈可击, 无懈可击, 闪, 杀 - 装备: 进攻马: 进攻马
2025-11-26 19:33:41 - INFO - 玩家2 (忠臣) [忠臣] (赵云) - 血量: 4/4 - 手牌: 诸葛连弩, 杀, 桃 - 装备: 无
2025-11-26 19:33:41 - INFO - 玩家3 (反贼2) [反贼] (吕蒙) - 血量: 4/4 - 手牌: 南蛮入侵, 决斗, 闪 - 装备: 无
2025-11-26 19:33:41 - INFO - 玩家4 (内奸) [内奸] (凌操) - 血量: 4/4 - 手牌: 杀, 桃, 杀 - 装备: 无
2025-11-26 19:33:41 - INFO - ============================================================
2025-11-26 19:33:41 - INFO - ============================================================
2025-11-26 19:33:41 - INFO - 当前牌堆状态:
2025-11-26 19:33:41 - INFO - 正常牌堆: 45 张牌
2025-11-26 19:33:41 - INFO - 弃牌堆: 4 张牌
2025-11-26 19:33:41 - INFO - 弃牌堆所有牌: 闪, 闪, 闪, 万箭齐发
2025-11-26 19:33:41 - INFO - ============================================================
2025-11-26 19:33:41 - INFO - 忠臣 进入 准备 阶段
2025-11-26 19:33:41 - INFO - 忠臣 进入 摸牌 阶段
2025-11-26 19:33:43 - INFO - 忠臣 摸牌: 闪, 杀
2025-11-26 19:33:43 - INFO - 忠臣 进入 出牌 阶段
2025-11-26 19:33:52 - INFO - 忠臣 使用 杀，目标: 反贼1
2025-11-26 19:33:55 - INFO - 忠臣对反贼1表敌意（杀）
2025-11-26 19:33:55 - INFO - 忠臣对反贼1表敌意（杀）
2025-11-26 19:33:55 - INFO - 忠臣对反贼1表敌意（杀）
2025-11-26 19:33:55 - INFO - 玩家 忠臣 打出牌: 杀
2025-11-26 19:33:55 - INFO - 反贼1 使用 闪 响应
2025-11-26 19:34:01 - INFO - 忠臣 使用 诸葛连弩，目标: 忠臣
2025-11-26 19:34:03 - INFO - 玩家 忠臣 打出牌: 诸葛连弩
2025-11-26 19:34:03 - INFO - 忠臣 装备 诸葛连弩 (武器)
2025-11-26 19:34:09 - INFO - 忠臣 使用 杀，目标: 反贼1
2025-11-26 19:34:11 - INFO - 忠臣对反贼1表敌意（杀）
2025-11-26 19:34:11 - INFO - 忠臣对反贼1表敌意（杀）
2025-11-26 19:34:11 - INFO - 忠臣对反贼1表敌意（杀）
2025-11-26 19:34:11 - INFO - 玩家 忠臣 打出牌: 杀
2025-11-26 19:34:11 - INFO - 反贼1 受到 1 点伤害，当前血量: 3/4
