2025-11-26 20:22:31 - INFO - ==================================================
2025-11-26 20:22:31 - INFO - 游戏开始
2025-11-26 20:22:31 - INFO - 时间: 2025-11-26 20:22:31
2025-11-26 20:22:31 - INFO - 模式: 正常模式
2025-11-26 20:22:31 - INFO - ==================================================
2025-11-26 20:22:31 - INFO - 开始新游戏，玩家数量: 5
2025-11-26 20:22:31 - INFO - 开始初始化游戏...
2025-11-26 20:22:31 - INFO - 开始初始化牌堆...
2025-11-26 20:22:31 - INFO - 牌堆初始化完成，总牌数: 69
2025-11-26 20:22:31 - INFO - 牌堆创建完成，总牌数: 69
2025-11-26 20:22:31 - INFO - 开始初始化玩家...
2025-11-26 20:22:36 - INFO - 主公 初始手牌: 杀, 闪, 闪, 杀
2025-11-26 20:22:36 - INFO - 创建玩家 0: 主公 (身份: 主公, 武将: 白板武将, 血量: 5)
2025-11-26 20:22:38 - INFO - 反贼1 初始手牌: 桃, 桃, 杀, 桃
2025-11-26 20:22:38 - INFO - 创建玩家 1: 反贼1 (身份: 反贼, 武将: 张飞, 血量: 4)
2025-11-26 20:22:41 - INFO - 忠臣 初始手牌: 杀, 闪, 南蛮入侵, 杀
2025-11-26 20:22:41 - INFO - 创建玩家 2: 忠臣 (身份: 忠臣, 武将: 赵云, 血量: 4)
2025-11-26 20:22:43 - INFO - 反贼2 初始手牌: 决斗, 闪, 闪, 杀
2025-11-26 20:22:43 - INFO - 创建玩家 3: 反贼2 (身份: 反贼, 武将: 吕蒙, 血量: 4)
2025-11-26 20:22:44 - INFO - 内奸 初始手牌: 闪, 防御马, 杀, 杀
2025-11-26 20:22:44 - INFO - 创建玩家 4: 内奸 (身份: 内奸, 武将: 凌操, 血量: 4)
2025-11-26 20:22:44 - INFO - ControlManager初始化完成，管理 5 个Control实例
2025-11-26 20:22:44 - INFO - 玩家控制器创建完成，玩家数量: 5
2025-11-26 20:22:44 - INFO - 初始玩家ID: 0
2025-11-26 20:22:44 - INFO - 游戏初始化完成
2025-11-26 20:22:44 - INFO - 游戏主循环开始
2025-11-26 20:22:44 - INFO - === 第 1 回合开始，主公 的回合 ===
2025-11-26 20:22:44 - INFO - ============================================================
2025-11-26 20:22:44 - INFO - 当前所有玩家状态:
2025-11-26 20:22:44 - INFO - 玩家0 (主公) [主公] (白板武将) - 血量: 5/5 - 手牌: 杀, 闪, 闪, 杀 - 装备: 无
2025-11-26 20:22:44 - INFO - 玩家1 (反贼1) [反贼] (张飞) - 血量: 4/4 - 手牌: 桃, 桃, 杀, 桃 - 装备: 无
2025-11-26 20:22:44 - INFO - 玩家2 (忠臣) [忠臣] (赵云) - 血量: 4/4 - 手牌: 杀, 闪, 南蛮入侵, 杀 - 装备: 无
2025-11-26 20:22:44 - INFO - 玩家3 (反贼2) [反贼] (吕蒙) - 血量: 4/4 - 手牌: 决斗, 闪, 闪, 杀 - 装备: 无
2025-11-26 20:22:44 - INFO - 玩家4 (内奸) [内奸] (凌操) - 血量: 4/4 - 手牌: 闪, 防御马, 杀, 杀 - 装备: 无
2025-11-26 20:22:44 - INFO - ============================================================
2025-11-26 20:22:44 - INFO - ============================================================
2025-11-26 20:22:44 - INFO - 当前牌堆状态:
2025-11-26 20:22:44 - INFO - 正常牌堆: 49 张牌
2025-11-26 20:22:44 - INFO - 弃牌堆: 0 张牌
2025-11-26 20:22:44 - INFO - ============================================================
2025-11-26 20:22:44 - INFO - 主公 进入 准备 阶段
2025-11-26 20:22:44 - INFO - 主公 进入 摸牌 阶段
2025-11-26 20:22:45 - INFO - 主公 摸牌: 杀, 杀
2025-11-26 20:22:45 - INFO - 主公 进入 出牌 阶段
2025-11-26 20:22:48 - INFO - 主公 弃牌: 杀
2025-11-26 20:22:48 - INFO - 主公 回合结束
2025-11-26 20:22:48 - INFO - === 第 2 回合开始，反贼1 的回合 ===
2025-11-26 20:22:48 - INFO - ============================================================
2025-11-26 20:22:48 - INFO - 当前所有玩家状态:
2025-11-26 20:22:48 - INFO - 玩家0 (主公) [主公] (白板武将) - 血量: 5/5 - 手牌: 杀, 闪, 闪, 杀, 杀 - 装备: 无
2025-11-26 20:22:48 - INFO - 玩家1 (反贼1) [反贼] (张飞) - 血量: 4/4 - 手牌: 桃, 桃, 杀, 桃 - 装备: 无
2025-11-26 20:22:48 - INFO - 玩家2 (忠臣) [忠臣] (赵云) - 血量: 4/4 - 手牌: 杀, 闪, 南蛮入侵, 杀 - 装备: 无
2025-11-26 20:22:48 - INFO - 玩家3 (反贼2) [反贼] (吕蒙) - 血量: 4/4 - 手牌: 决斗, 闪, 闪, 杀 - 装备: 无
2025-11-26 20:22:48 - INFO - 玩家4 (内奸) [内奸] (凌操) - 血量: 4/4 - 手牌: 闪, 防御马, 杀, 杀 - 装备: 无
2025-11-26 20:22:48 - INFO - ============================================================
2025-11-26 20:22:48 - INFO - ============================================================
2025-11-26 20:22:48 - INFO - 当前牌堆状态:
2025-11-26 20:22:48 - INFO - 正常牌堆: 47 张牌
2025-11-26 20:22:48 - INFO - 弃牌堆: 1 张牌
2025-11-26 20:22:48 - INFO - 弃牌堆所有牌: 杀
2025-11-26 20:22:48 - INFO - ============================================================
2025-11-26 20:22:48 - INFO - 反贼1 进入 准备 阶段
2025-11-26 20:22:48 - INFO - 反贼1 进入 摸牌 阶段
2025-11-26 20:22:49 - INFO - 反贼1 摸牌: 无懈可击, 闪
2025-11-26 20:22:49 - INFO - 反贼1 进入 出牌 阶段
2025-11-26 20:22:49 - INFO - 反贼1发动技能[咆哮]
2025-11-26 20:22:54 - INFO - 反贼1 弃牌: 桃, 桃
2025-11-26 20:22:54 - INFO - 反贼1 回合结束
2025-11-26 20:22:54 - INFO - === 第 3 回合开始，忠臣 的回合 ===
2025-11-26 20:22:54 - INFO - ============================================================
2025-11-26 20:22:54 - INFO - 当前所有玩家状态:
2025-11-26 20:22:54 - INFO - 玩家0 (主公) [主公] (白板武将) - 血量: 5/5 - 手牌: 杀, 闪, 闪, 杀, 杀 - 装备: 无
2025-11-26 20:22:54 - INFO - 玩家1 (反贼1) [反贼] (张飞) - 血量: 4/4 - 手牌: 桃, 杀, 无懈可击, 闪 - 装备: 无
2025-11-26 20:22:54 - INFO - 玩家2 (忠臣) [忠臣] (赵云) - 血量: 4/4 - 手牌: 杀, 闪, 南蛮入侵, 杀 - 装备: 无
2025-11-26 20:22:54 - INFO - 玩家3 (反贼2) [反贼] (吕蒙) - 血量: 4/4 - 手牌: 决斗, 闪, 闪, 杀 - 装备: 无
2025-11-26 20:22:54 - INFO - 玩家4 (内奸) [内奸] (凌操) - 血量: 4/4 - 手牌: 闪, 防御马, 杀, 杀 - 装备: 无
2025-11-26 20:22:54 - INFO - ============================================================
2025-11-26 20:22:54 - INFO - ============================================================
2025-11-26 20:22:54 - INFO - 当前牌堆状态:
2025-11-26 20:22:54 - INFO - 正常牌堆: 45 张牌
2025-11-26 20:22:54 - INFO - 弃牌堆: 3 张牌
2025-11-26 20:22:54 - INFO - 弃牌堆所有牌: 杀, 桃, 桃
2025-11-26 20:22:54 - INFO - ============================================================
2025-11-26 20:22:54 - INFO - 忠臣 进入 准备 阶段
2025-11-26 20:22:54 - INFO - 忠臣 进入 摸牌 阶段
2025-11-26 20:22:56 - INFO - 忠臣 摸牌: 杀, 诸葛连弩
2025-11-26 20:22:56 - INFO - 忠臣 进入 出牌 阶段
2025-11-26 20:23:01 - INFO - 忠臣 使用 杀，目标: 反贼1
2025-11-26 20:23:03 - INFO - 忠臣对反贼1表敌意（杀）
2025-11-26 20:23:03 - INFO - 忠臣对反贼1表敌意（杀）
2025-11-26 20:23:03 - INFO - 忠臣对反贼1表敌意（杀）
2025-11-26 20:23:03 - INFO - 玩家 忠臣 打出牌: 杀
2025-11-26 20:23:03 - INFO - 反贼1 使用 闪 响应
2025-11-26 20:23:14 - INFO - 忠臣 使用 诸葛连弩，目标: 忠臣
2025-11-26 20:23:17 - INFO - 玩家 忠臣 打出牌: 诸葛连弩
2025-11-26 20:23:17 - INFO - 忠臣 装备 诸葛连弩 (武器)
2025-11-26 20:23:22 - INFO - 忠臣 使用 杀，目标: 反贼1
2025-11-26 20:23:25 - INFO - 忠臣对反贼1表敌意（杀）
2025-11-26 20:23:25 - INFO - 忠臣对反贼1表敌意（杀）
2025-11-26 20:23:25 - INFO - 忠臣对反贼1表敌意（杀）
2025-11-26 20:23:25 - INFO - 玩家 忠臣 打出牌: 杀
2025-11-26 20:23:25 - INFO - 反贼1 受到 1 点伤害，当前血量: 3/4
2025-11-26 20:23:31 - INFO - 忠臣 使用 杀，目标: 反贼1
2025-11-26 20:23:33 - INFO - 忠臣对反贼1表敌意（杀）
2025-11-26 20:23:33 - INFO - 忠臣对反贼1表敌意（杀）
2025-11-26 20:23:33 - INFO - 忠臣对反贼1表敌意（杀）
2025-11-26 20:23:33 - INFO - 玩家 忠臣 打出牌: 杀
2025-11-26 20:23:33 - INFO - 反贼1 受到 1 点伤害，当前血量: 2/4
2025-11-26 20:23:38 - INFO - 忠臣 使用 杀，目标: 反贼1
2025-11-26 20:23:40 - INFO - 忠臣对反贼1表敌意（杀）
2025-11-26 20:23:40 - INFO - 忠臣对反贼1表敌意（杀）
2025-11-26 20:23:40 - INFO - 忠臣对反贼1表敌意（杀）
2025-11-26 20:23:40 - INFO - 玩家 忠臣 打出牌: 杀
2025-11-26 20:23:40 - INFO - 反贼1 受到 1 点伤害，当前血量: 1/4
2025-11-26 20:23:44 - INFO - 忠臣 使用 南蛮入侵，目标: 主公, 反贼1, 反贼2, 内奸
2025-11-26 20:23:46 - INFO - 玩家 忠臣 打出牌: 南蛮入侵
2025-11-26 20:23:46 - INFO - 忠臣 使用 南蛮入侵 响应
2025-11-26 20:23:46 - INFO - 反贼2 使用 杀 响应
2025-11-26 20:23:48 - INFO - 内奸 使用 杀 响应
2025-11-26 20:23:51 - INFO - 主公 使用 杀 响应
2025-11-26 20:23:53 - INFO - 反贼1 使用 杀 响应
2025-11-26 20:23:56 - INFO - 忠臣 回合结束
2025-11-26 20:23:56 - INFO - === 第 4 回合开始，反贼2 的回合 ===
2025-11-26 20:23:56 - INFO - ============================================================
2025-11-26 20:23:56 - INFO - 当前所有玩家状态:
2025-11-26 20:23:56 - INFO - 玩家0 (主公) [主公] (白板武将) - 血量: 5/5 - 手牌: 闪, 闪, 杀, 杀 - 装备: 无
2025-11-26 20:23:56 - INFO - 玩家1 (反贼1) [反贼] (张飞) - 血量: 1/4 - 手牌: 桃, 无懈可击 - 装备: 无
2025-11-26 20:23:56 - INFO - 玩家2 (忠臣) [忠臣] (赵云) - 血量: 4/4 - 手牌: 无 - 装备: 武器: 诸葛连弩
2025-11-26 20:23:56 - INFO - 玩家3 (反贼2) [反贼] (吕蒙) - 血量: 4/4 - 手牌: 决斗, 闪, 闪 - 装备: 无
2025-11-26 20:23:56 - INFO - 玩家4 (内奸) [内奸] (凌操) - 血量: 4/4 - 手牌: 闪, 防御马, 杀 - 装备: 无
2025-11-26 20:23:56 - INFO - ============================================================
2025-11-26 20:23:56 - INFO - ============================================================
2025-11-26 20:23:56 - INFO - 当前牌堆状态:
2025-11-26 20:23:56 - INFO - 正常牌堆: 43 张牌
2025-11-26 20:23:56 - INFO - 弃牌堆: 13 张牌
2025-11-26 20:23:56 - INFO - 弃牌堆最后5张牌: 杀, 杀, 杀, 杀, 南蛮入侵
2025-11-26 20:23:56 - INFO - ============================================================
2025-11-26 20:23:56 - INFO - 反贼2 进入 准备 阶段
2025-11-26 20:23:56 - INFO - 反贼2 进入 摸牌 阶段
2025-11-26 20:23:56 - INFO - 反贼2 摸牌: 无懈可击, 闪
2025-11-26 20:23:56 - INFO - 反贼2 进入 出牌 阶段
2025-11-26 20:23:56 - INFO - 反贼2 使用 决斗，目标: 主公
2025-11-26 20:23:59 - INFO - 反贼2对主公表敌意（决斗）
2025-11-26 20:23:59 - INFO - 反贼2跳反
2025-11-26 20:23:59 - INFO - 反贼2对主公表敌意（决斗）
2025-11-26 20:23:59 - INFO - 反贼2跳反
2025-11-26 20:23:59 - INFO - 反贼2对主公表敌意（决斗）
2025-11-26 20:23:59 - INFO - 反贼2跳反
2025-11-26 20:23:59 - INFO - 玩家 反贼2 打出牌: 决斗
2025-11-26 20:23:59 - INFO - 反贼2 使用 决斗，目标: 主公
2025-11-26 20:23:59 - INFO - 决斗第1轮：主公 对 反贼2
2025-11-26 20:23:59 - INFO - 主公 使用 杀 响应
2025-11-26 20:24:01 - INFO - 决斗第2轮：反贼2 对 主公
2025-11-26 20:24:01 - INFO - 反贼2 受到 1 点伤害，当前血量: 3/4
2025-11-26 20:24:03 - INFO - 反贼2发动技能[克己]
2025-11-26 20:24:03 - INFO - 反贼2 技能[克己]生效：本回合未使用杀，不弃任何手牌
2025-11-26 20:24:03 - INFO - 反贼2 回合结束
2025-11-26 20:24:03 - INFO - === 第 5 回合开始，内奸 的回合 ===
2025-11-26 20:24:03 - INFO - ============================================================
2025-11-26 20:24:03 - INFO - 当前所有玩家状态:
2025-11-26 20:24:03 - INFO - 玩家0 (主公) [主公] (白板武将) - 血量: 5/5 - 手牌: 闪, 闪, 杀 - 装备: 无
2025-11-26 20:24:03 - INFO - 玩家1 (反贼1) [反贼] (张飞) - 血量: 1/4 - 手牌: 桃, 无懈可击 - 装备: 无
2025-11-26 20:24:03 - INFO - 玩家2 (忠臣) [忠臣] (赵云) - 血量: 4/4 - 手牌: 无 - 装备: 武器: 诸葛连弩
2025-11-26 20:24:03 - INFO - 玩家3 (反贼2) [反贼] (吕蒙) - 血量: 3/4 - 手牌: 闪, 闪, 无懈可击, 闪 - 装备: 无
2025-11-26 20:24:03 - INFO - 玩家4 (内奸) [内奸] (凌操) - 血量: 4/4 - 手牌: 闪, 防御马, 杀 - 装备: 无
2025-11-26 20:24:03 - INFO - ============================================================
2025-11-26 20:24:03 - INFO - ============================================================
2025-11-26 20:24:03 - INFO - 当前牌堆状态:
2025-11-26 20:24:03 - INFO - 正常牌堆: 41 张牌
2025-11-26 20:24:03 - INFO - 弃牌堆: 15 张牌
2025-11-26 20:24:03 - INFO - 弃牌堆最后5张牌: 杀, 杀, 南蛮入侵, 杀, 决斗
2025-11-26 20:24:03 - INFO - ============================================================
2025-11-26 20:24:03 - INFO - 内奸 进入 准备 阶段
2025-11-26 20:24:03 - INFO - 内奸 进入 摸牌 阶段
2025-11-26 20:24:03 - INFO - 内奸发动技能[凌操]
2025-11-26 20:24:04 - INFO - 内奸 摸牌: 桃, 杀, 杀
2025-11-26 20:24:04 - INFO - 内奸 进入 出牌 阶段
2025-11-26 20:24:04 - INFO - 内奸 使用 杀，目标: 主公
2025-11-26 20:24:06 - INFO - 内奸对主公表敌意（杀）
2025-11-26 20:24:06 - INFO - 内奸跳反
2025-11-26 20:24:06 - INFO - 内奸对主公表敌意（杀）
2025-11-26 20:24:06 - INFO - 内奸跳反
2025-11-26 20:24:06 - INFO - 内奸对主公表敌意（杀）
2025-11-26 20:24:06 - INFO - 内奸跳反
2025-11-26 20:24:06 - INFO - 玩家 内奸 打出牌: 杀
2025-11-26 20:24:06 - INFO - 主公 使用 闪 响应
2025-11-26 20:24:09 - INFO - 内奸 使用 防御马，目标: 内奸
2025-11-26 20:24:11 - INFO - 玩家 内奸 打出牌: 防御马
2025-11-26 20:24:11 - INFO - 内奸 装备 防御马 (防御马)
2025-11-26 20:24:11 - INFO - 内奸 回合结束
2025-11-26 20:24:11 - INFO - === 第 6 回合开始，主公 的回合 ===
2025-11-26 20:24:11 - INFO - ============================================================
2025-11-26 20:24:11 - INFO - 当前所有玩家状态:
2025-11-26 20:24:11 - INFO - 玩家0 (主公) [主公] (白板武将) - 血量: 5/5 - 手牌: 闪, 杀 - 装备: 无
2025-11-26 20:24:11 - INFO - 玩家1 (反贼1) [反贼] (张飞) - 血量: 1/4 - 手牌: 桃, 无懈可击 - 装备: 无
2025-11-26 20:24:11 - INFO - 玩家2 (忠臣) [忠臣] (赵云) - 血量: 4/4 - 手牌: 无 - 装备: 武器: 诸葛连弩
2025-11-26 20:24:11 - INFO - 玩家3 (反贼2) [反贼] (吕蒙) - 血量: 3/4 - 手牌: 闪, 闪, 无懈可击, 闪 - 装备: 无
2025-11-26 20:24:11 - INFO - 玩家4 (内奸) [内奸] (凌操) - 血量: 4/4 - 手牌: 闪, 杀, 桃, 杀 - 装备: 防御马: 防御马
2025-11-26 20:24:11 - INFO - ============================================================
2025-11-26 20:24:11 - INFO - ============================================================
2025-11-26 20:24:11 - INFO - 当前牌堆状态:
2025-11-26 20:24:11 - INFO - 正常牌堆: 38 张牌
2025-11-26 20:24:11 - INFO - 弃牌堆: 17 张牌
2025-11-26 20:24:11 - INFO - 弃牌堆最后5张牌: 南蛮入侵, 杀, 决斗, 杀, 闪
2025-11-26 20:24:11 - INFO - ============================================================
2025-11-26 20:24:11 - INFO - 主公 进入 准备 阶段
2025-11-26 20:24:11 - INFO - 主公 进入 摸牌 阶段
2025-11-26 20:24:13 - INFO - 主公 摸牌: 南蛮入侵, 无懈可击
2025-11-26 20:24:13 - INFO - 主公 进入 出牌 阶段
2025-11-26 20:24:13 - INFO - 主公 使用 南蛮入侵，目标: 反贼1, 忠臣, 反贼2, 内奸
2025-11-26 20:24:15 - INFO - 玩家 主公 打出牌: 南蛮入侵
2025-11-26 20:24:15 - INFO - 主公 使用 南蛮入侵 响应
2025-11-26 20:24:15 - INFO - 反贼1 受到 1 点伤害，当前血量: 0/4
2025-11-26 20:24:17 - WARNING - 反贼1 濒死！
2025-11-26 20:24:17 - INFO - 反贼1 使用 桃 自救
2025-11-26 20:24:19 - INFO - 反贼1 恢复 1 点血量，当前血量: 1/4
2025-11-26 20:24:21 - INFO - 忠臣 受到 1 点伤害，当前血量: 3/4
2025-11-26 20:24:23 - INFO - 反贼1 使用 无懈可击 响应
2025-11-26 20:24:26 - INFO - 反贼1对反贼2献殷勤（无懈可击）
2025-11-26 20:24:26 - INFO - 反贼1跳反
2025-11-26 20:24:26 - INFO - 反贼1对反贼2献殷勤（无懈可击）
2025-11-26 20:24:26 - INFO - 反贼1跳反
2025-11-26 20:24:26 - INFO - 反贼1对反贼2献殷勤（无懈可击）
2025-11-26 20:24:26 - INFO - 反贼1跳反
2025-11-26 20:24:26 - INFO - 南蛮入侵对 反贼2 被无懈可击
2025-11-26 20:24:26 - INFO - 反贼2 使用 无懈可击 响应
2025-11-26 20:24:28 - INFO - 反贼2对内奸献殷勤（无懈可击）
2025-11-26 20:24:28 - INFO - 反贼2对内奸献殷勤（无懈可击）
2025-11-26 20:24:28 - INFO - 反贼2对内奸献殷勤（无懈可击）
2025-11-26 20:24:28 - INFO - 南蛮入侵对 内奸 被无懈可击
2025-11-26 20:24:28 - INFO - 主公 使用 杀，目标: 反贼1
2025-11-26 20:24:30 - INFO - 主公对反贼1表敌意（杀）
2025-11-26 20:24:30 - INFO - 主公跳忠
2025-11-26 20:24:30 - INFO - 主公对反贼1表敌意（杀）
2025-11-26 20:24:30 - INFO - 主公跳忠
2025-11-26 20:24:30 - INFO - 主公对反贼1表敌意（杀）
2025-11-26 20:24:30 - INFO - 主公跳忠
2025-11-26 20:24:30 - INFO - 玩家 主公 打出牌: 杀
2025-11-26 20:24:30 - INFO - 反贼1 受到 1 点伤害，当前血量: 0/4
2025-11-26 20:24:32 - WARNING - 反贼1 濒死！
2025-11-26 20:24:32 - WARNING - 反贼1 (反贼) 死亡！
2025-11-26 20:24:32 - INFO - 主公 杀死了反贼 反贼1，摸三张牌！
2025-11-26 20:24:35 - INFO - 主公 摸牌: 桃, 闪, 杀
2025-11-26 20:24:35 - INFO - 主公 摸到了: 桃, 闪, 杀
2025-11-26 20:24:35 - INFO - 主公 回合结束
2025-11-26 20:24:35 - INFO - === 第 7 回合开始，忠臣 的回合 ===
2025-11-26 20:24:35 - INFO - ============================================================
2025-11-26 20:24:35 - INFO - 当前所有玩家状态:
2025-11-26 20:24:35 - INFO - 玩家0 (主公) [主公] (白板武将) - 血量: 5/5 - 手牌: 闪, 无懈可击, 桃, 闪, 杀 - 装备: 无
2025-11-26 20:24:35 - INFO - 玩家1 (反贼1) [反贼] (张飞) - 血量: 0/4 - 手牌: 无 - 装备: 无
2025-11-26 20:24:35 - INFO - 玩家2 (忠臣) [忠臣] (赵云) - 血量: 3/4 - 手牌: 无 - 装备: 武器: 诸葛连弩
2025-11-26 20:24:35 - INFO - 玩家3 (反贼2) [反贼] (吕蒙) - 血量: 3/4 - 手牌: 闪, 闪, 闪 - 装备: 无
2025-11-26 20:24:35 - INFO - 玩家4 (内奸) [内奸] (凌操) - 血量: 4/4 - 手牌: 闪, 杀, 桃, 杀 - 装备: 防御马: 防御马
2025-11-26 20:24:35 - INFO - ============================================================
2025-11-26 20:24:35 - INFO - ============================================================
2025-11-26 20:24:35 - INFO - 当前牌堆状态:
2025-11-26 20:24:35 - INFO - 正常牌堆: 33 张牌
2025-11-26 20:24:35 - INFO - 弃牌堆: 22 张牌
2025-11-26 20:24:35 - INFO - 弃牌堆最后5张牌: 桃, 无懈可击, 无懈可击, 南蛮入侵, 杀
2025-11-26 20:24:35 - INFO - ============================================================
2025-11-26 20:24:35 - INFO - 忠臣 进入 准备 阶段
2025-11-26 20:24:35 - INFO - 忠臣 进入 摸牌 阶段
2025-11-26 20:24:36 - INFO - 忠臣 摸牌: 闪, 南蛮入侵
2025-11-26 20:24:36 - INFO - 忠臣 进入 出牌 阶段
2025-11-26 20:24:47 - INFO - 忠臣 使用 杀，目标: 主公
2025-11-26 20:24:49 - INFO - 忠臣对主公表敌意（杀）
2025-11-26 20:24:49 - INFO - 忠臣跳反
2025-11-26 20:24:49 - INFO - 忠臣对主公表敌意（杀）
2025-11-26 20:24:49 - INFO - 忠臣跳反
2025-11-26 20:24:49 - INFO - 忠臣对主公表敌意（杀）
2025-11-26 20:24:49 - INFO - 忠臣跳反
2025-11-26 20:24:49 - INFO - 玩家 忠臣 打出牌: 杀
2025-11-26 20:24:49 - INFO - 主公 使用 闪 响应
2025-11-26 20:24:53 - INFO - 忠臣 使用 南蛮入侵，目标: 主公, 反贼2, 内奸
2025-11-26 20:24:56 - INFO - 玩家 忠臣 打出牌: 南蛮入侵
2025-11-26 20:24:56 - INFO - 忠臣 使用 南蛮入侵 响应
2025-11-26 20:24:56 - INFO - 反贼2 受到 1 点伤害，当前血量: 2/4
2025-11-26 20:24:58 - INFO - 内奸 使用 杀 响应
2025-11-26 20:25:00 - INFO - 主公 使用 无懈可击 响应
2025-11-26 20:25:02 - INFO - 主公对主公献殷勤（无懈可击）
2025-11-26 20:25:02 - INFO - 主公对主公献殷勤（无懈可击）
2025-11-26 20:25:02 - INFO - 主公对主公献殷勤（无懈可击）
2025-11-26 20:25:02 - INFO - 南蛮入侵对 主公 被无懈可击
2025-11-26 20:25:02 - INFO - 忠臣 回合结束
2025-11-26 20:25:02 - INFO - === 第 8 回合开始，反贼2 的回合 ===
2025-11-26 20:25:02 - INFO - ============================================================
2025-11-26 20:25:02 - INFO - 当前所有玩家状态:
2025-11-26 20:25:02 - INFO - 玩家0 (主公) [主公] (白板武将) - 血量: 5/5 - 手牌: 桃, 闪, 杀 - 装备: 无
2025-11-26 20:25:02 - INFO - 玩家1 (反贼1) [反贼] (张飞) - 血量: 0/4 - 手牌: 无 - 装备: 无
2025-11-26 20:25:02 - INFO - 玩家2 (忠臣) [忠臣] (赵云) - 血量: 3/4 - 手牌: 无 - 装备: 武器: 诸葛连弩
2025-11-26 20:25:02 - INFO - 玩家3 (反贼2) [反贼] (吕蒙) - 血量: 2/4 - 手牌: 闪, 闪, 闪 - 装备: 无
2025-11-26 20:25:02 - INFO - 玩家4 (内奸) [内奸] (凌操) - 血量: 4/4 - 手牌: 闪, 杀, 桃 - 装备: 防御马: 防御马
2025-11-26 20:25:02 - INFO - ============================================================
2025-11-26 20:25:02 - INFO - ============================================================
2025-11-26 20:25:02 - INFO - 当前牌堆状态:
2025-11-26 20:25:02 - INFO - 正常牌堆: 31 张牌
2025-11-26 20:25:02 - INFO - 弃牌堆: 27 张牌
2025-11-26 20:25:02 - INFO - 弃牌堆最后5张牌: 杀, 闪, 杀, 无懈可击, 南蛮入侵
2025-11-26 20:25:02 - INFO - ============================================================
2025-11-26 20:25:02 - INFO - 反贼2 进入 准备 阶段
2025-11-26 20:25:02 - INFO - 反贼2 进入 摸牌 阶段
2025-11-26 20:25:03 - INFO - 反贼2 摸牌: 杀, 万箭齐发
2025-11-26 20:25:03 - INFO - 反贼2 进入 出牌 阶段
2025-11-26 20:25:03 - INFO - 反贼2 使用 万箭齐发，目标: 主公, 忠臣, 内奸
2025-11-26 20:25:06 - INFO - 玩家 反贼2 打出牌: 万箭齐发
2025-11-26 20:25:06 - INFO - 反贼2 使用 万箭齐发 响应
2025-11-26 20:25:06 - INFO - 内奸 使用 闪 响应
2025-11-26 20:25:08 - INFO - 主公 使用 闪 响应
2025-11-26 20:25:10 - INFO - 忠臣 受到 1 点伤害，当前血量: 2/4
2025-11-26 20:25:12 - INFO - 反贼2发动技能[克己]
2025-11-26 20:25:12 - INFO - 反贼2 技能[克己]生效：本回合未使用杀，不弃任何手牌
2025-11-26 20:25:12 - INFO - 反贼2 回合结束
2025-11-26 20:25:12 - INFO - === 第 9 回合开始，内奸 的回合 ===
2025-11-26 20:25:12 - INFO - ============================================================
2025-11-26 20:25:12 - INFO - 当前所有玩家状态:
2025-11-26 20:25:12 - INFO - 玩家0 (主公) [主公] (白板武将) - 血量: 5/5 - 手牌: 桃, 杀 - 装备: 无
2025-11-26 20:25:12 - INFO - 玩家1 (反贼1) [反贼] (张飞) - 血量: 0/4 - 手牌: 无 - 装备: 无
2025-11-26 20:25:12 - INFO - 玩家2 (忠臣) [忠臣] (赵云) - 血量: 2/4 - 手牌: 无 - 装备: 武器: 诸葛连弩
2025-11-26 20:25:12 - INFO - 玩家3 (反贼2) [反贼] (吕蒙) - 血量: 2/4 - 手牌: 闪, 闪, 闪, 杀 - 装备: 无
2025-11-26 20:25:12 - INFO - 玩家4 (内奸) [内奸] (凌操) - 血量: 4/4 - 手牌: 杀, 桃 - 装备: 防御马: 防御马
2025-11-26 20:25:12 - INFO - ============================================================
2025-11-26 20:25:12 - INFO - ============================================================
2025-11-26 20:25:12 - INFO - 当前牌堆状态:
2025-11-26 20:25:12 - INFO - 正常牌堆: 29 张牌
2025-11-26 20:25:12 - INFO - 弃牌堆: 30 张牌
2025-11-26 20:25:12 - INFO - 弃牌堆最后5张牌: 无懈可击, 南蛮入侵, 闪, 闪, 万箭齐发
2025-11-26 20:25:12 - INFO - ============================================================
2025-11-26 20:25:12 - INFO - 内奸 进入 准备 阶段
2025-11-26 20:25:12 - INFO - 内奸 进入 摸牌 阶段
2025-11-26 20:25:12 - INFO - 内奸发动技能[凌操]
2025-11-26 20:25:13 - INFO - 内奸 摸牌: 杀, 杀, 闪
2025-11-26 20:25:13 - INFO - 内奸 进入 出牌 阶段
2025-11-26 20:25:13 - INFO - 内奸 使用 杀，目标: 反贼2
2025-11-26 20:25:16 - INFO - 内奸对反贼2表敌意（杀）
2025-11-26 20:25:16 - INFO - 内奸跳忠
2025-11-26 20:25:16 - INFO - 内奸对反贼2表敌意（杀）
2025-11-26 20:25:16 - INFO - 内奸跳忠
2025-11-26 20:25:16 - INFO - 内奸对反贼2表敌意（杀）
2025-11-26 20:25:16 - INFO - 内奸跳忠
2025-11-26 20:25:16 - INFO - 玩家 内奸 打出牌: 杀
2025-11-26 20:25:16 - INFO - 反贼2 使用 闪 响应
2025-11-26 20:25:18 - INFO - 内奸 回合结束
2025-11-26 20:25:18 - INFO - === 第 10 回合开始，主公 的回合 ===
2025-11-26 20:25:18 - INFO - ============================================================
2025-11-26 20:25:18 - INFO - 当前所有玩家状态:
2025-11-26 20:25:18 - INFO - 玩家0 (主公) [主公] (白板武将) - 血量: 5/5 - 手牌: 桃, 杀 - 装备: 无
2025-11-26 20:25:18 - INFO - 玩家1 (反贼1) [反贼] (张飞) - 血量: 0/4 - 手牌: 无 - 装备: 无
2025-11-26 20:25:18 - INFO - 玩家2 (忠臣) [忠臣] (赵云) - 血量: 2/4 - 手牌: 无 - 装备: 武器: 诸葛连弩
2025-11-26 20:25:18 - INFO - 玩家3 (反贼2) [反贼] (吕蒙) - 血量: 2/4 - 手牌: 闪, 闪, 杀 - 装备: 无
2025-11-26 20:25:18 - INFO - 玩家4 (内奸) [内奸] (凌操) - 血量: 4/4 - 手牌: 杀, 桃, 杀, 闪 - 装备: 防御马: 防御马
2025-11-26 20:25:18 - INFO - ============================================================
2025-11-26 20:25:18 - INFO - ============================================================
2025-11-26 20:25:18 - INFO - 当前牌堆状态:
2025-11-26 20:25:18 - INFO - 正常牌堆: 26 张牌
2025-11-26 20:25:18 - INFO - 弃牌堆: 32 张牌
2025-11-26 20:25:18 - INFO - 弃牌堆最后5张牌: 闪, 闪, 万箭齐发, 杀, 闪
2025-11-26 20:25:18 - INFO - ============================================================
2025-11-26 20:25:18 - INFO - 主公 进入 准备 阶段
2025-11-26 20:25:18 - INFO - 主公 进入 摸牌 阶段
2025-11-26 20:25:19 - INFO - 主公 摸牌: 杀, 青釭剑
2025-11-26 20:25:19 - INFO - 主公 进入 出牌 阶段
2025-11-26 20:25:19 - INFO - 主公 使用 杀，目标: 忠臣
2025-11-26 20:25:22 - INFO - 主公对忠臣表敌意（杀）
2025-11-26 20:25:22 - INFO - 主公对忠臣表敌意（杀）
2025-11-26 20:25:22 - INFO - 主公对忠臣表敌意（杀）
2025-11-26 20:25:22 - INFO - 玩家 主公 打出牌: 杀
2025-11-26 20:25:22 - INFO - 忠臣 受到 1 点伤害，当前血量: 1/4
2025-11-26 20:25:24 - INFO - 主公 使用 青釭剑，目标: 主公
2025-11-26 20:25:26 - INFO - 玩家 主公 打出牌: 青釭剑
2025-11-26 20:25:26 - INFO - 主公 装备 青釭剑 (武器)
2025-11-26 20:25:26 - INFO - 主公 回合结束
2025-11-26 20:25:26 - INFO - === 第 11 回合开始，忠臣 的回合 ===
2025-11-26 20:25:26 - INFO - ============================================================
2025-11-26 20:25:26 - INFO - 当前所有玩家状态:
2025-11-26 20:25:26 - INFO - 玩家0 (主公) [主公] (白板武将) - 血量: 5/5 - 手牌: 桃, 杀 - 装备: 武器: 青釭剑
2025-11-26 20:25:26 - INFO - 玩家1 (反贼1) [反贼] (张飞) - 血量: 0/4 - 手牌: 无 - 装备: 无
2025-11-26 20:25:26 - INFO - 玩家2 (忠臣) [忠臣] (赵云) - 血量: 1/4 - 手牌: 无 - 装备: 武器: 诸葛连弩
2025-11-26 20:25:26 - INFO - 玩家3 (反贼2) [反贼] (吕蒙) - 血量: 2/4 - 手牌: 闪, 闪, 杀 - 装备: 无
2025-11-26 20:25:26 - INFO - 玩家4 (内奸) [内奸] (凌操) - 血量: 4/4 - 手牌: 杀, 桃, 杀, 闪 - 装备: 防御马: 防御马
2025-11-26 20:25:26 - INFO - ============================================================
2025-11-26 20:25:26 - INFO - ============================================================
2025-11-26 20:25:26 - INFO - 当前牌堆状态:
2025-11-26 20:25:26 - INFO - 正常牌堆: 24 张牌
2025-11-26 20:25:26 - INFO - 弃牌堆: 33 张牌
2025-11-26 20:25:26 - INFO - 弃牌堆最后5张牌: 闪, 万箭齐发, 杀, 闪, 杀
2025-11-26 20:25:26 - INFO - ============================================================
2025-11-26 20:25:26 - INFO - 忠臣 进入 准备 阶段
2025-11-26 20:25:26 - INFO - 忠臣 进入 摸牌 阶段
2025-11-26 20:25:28 - INFO - 忠臣 摸牌: 杀, 杀
2025-11-26 20:25:28 - INFO - 忠臣 进入 出牌 阶段
2025-11-26 20:25:34 - INFO - 忠臣 使用 杀，目标: 反贼2
2025-11-26 20:25:37 - INFO - 忠臣对反贼2表敌意（杀）
2025-11-26 20:25:37 - INFO - 忠臣跳忠
2025-11-26 20:25:37 - INFO - 忠臣对反贼2表敌意（杀）
2025-11-26 20:25:37 - INFO - 忠臣跳忠
2025-11-26 20:25:37 - INFO - 忠臣对反贼2表敌意（杀）
2025-11-26 20:25:37 - INFO - 忠臣跳忠
2025-11-26 20:25:37 - INFO - 玩家 忠臣 打出牌: 杀
2025-11-26 20:25:37 - INFO - 反贼2 使用 闪 响应
2025-11-26 20:25:40 - INFO - 忠臣 回合结束
2025-11-26 20:25:40 - INFO - === 第 12 回合开始，反贼2 的回合 ===
2025-11-26 20:25:40 - INFO - ============================================================
2025-11-26 20:25:40 - INFO - 当前所有玩家状态:
2025-11-26 20:25:40 - INFO - 玩家0 (主公) [主公] (白板武将) - 血量: 5/5 - 手牌: 桃, 杀 - 装备: 武器: 青釭剑
2025-11-26 20:25:40 - INFO - 玩家1 (反贼1) [反贼] (张飞) - 血量: 0/4 - 手牌: 无 - 装备: 无
2025-11-26 20:25:40 - INFO - 玩家2 (忠臣) [忠臣] (赵云) - 血量: 1/4 - 手牌: 杀 - 装备: 武器: 诸葛连弩
2025-11-26 20:25:40 - INFO - 玩家3 (反贼2) [反贼] (吕蒙) - 血量: 2/4 - 手牌: 闪, 杀 - 装备: 无
2025-11-26 20:25:40 - INFO - 玩家4 (内奸) [内奸] (凌操) - 血量: 4/4 - 手牌: 杀, 桃, 杀, 闪 - 装备: 防御马: 防御马
2025-11-26 20:25:40 - INFO - ============================================================
2025-11-26 20:25:40 - INFO - ============================================================
2025-11-26 20:25:40 - INFO - 当前牌堆状态:
2025-11-26 20:25:40 - INFO - 正常牌堆: 22 张牌
2025-11-26 20:25:40 - INFO - 弃牌堆: 35 张牌
2025-11-26 20:25:40 - INFO - 弃牌堆最后5张牌: 杀, 闪, 杀, 杀, 闪
2025-11-26 20:25:40 - INFO - ============================================================
2025-11-26 20:25:40 - INFO - 反贼2 进入 准备 阶段
2025-11-26 20:25:40 - INFO - 反贼2 进入 摸牌 阶段
2025-11-26 20:25:40 - INFO - 反贼2 摸牌: 杀, 桃
2025-11-26 20:25:40 - INFO - 反贼2 进入 出牌 阶段
2025-11-26 20:25:40 - INFO - 反贼2 使用 桃，目标: 反贼2
2025-11-26 20:25:43 - INFO - 玩家 反贼2 打出牌: 桃
2025-11-26 20:25:43 - INFO - 反贼2 恢复 1 点血量，当前血量: 3/4
2025-11-26 20:25:45 - INFO - 反贼2发动技能[克己]
2025-11-26 20:25:45 - INFO - 反贼2 技能[克己]生效：本回合未使用杀，手牌未超限，无需弃牌
2025-11-26 20:25:45 - INFO - 反贼2 回合结束
2025-11-26 20:25:45 - INFO - === 第 13 回合开始，内奸 的回合 ===
2025-11-26 20:25:45 - INFO - ============================================================
2025-11-26 20:25:45 - INFO - 当前所有玩家状态:
2025-11-26 20:25:45 - INFO - 玩家0 (主公) [主公] (白板武将) - 血量: 5/5 - 手牌: 桃, 杀 - 装备: 武器: 青釭剑
2025-11-26 20:25:45 - INFO - 玩家1 (反贼1) [反贼] (张飞) - 血量: 0/4 - 手牌: 无 - 装备: 无
2025-11-26 20:25:45 - INFO - 玩家2 (忠臣) [忠臣] (赵云) - 血量: 1/4 - 手牌: 杀 - 装备: 武器: 诸葛连弩
2025-11-26 20:25:45 - INFO - 玩家3 (反贼2) [反贼] (吕蒙) - 血量: 3/4 - 手牌: 闪, 杀, 杀 - 装备: 无
2025-11-26 20:25:45 - INFO - 玩家4 (内奸) [内奸] (凌操) - 血量: 4/4 - 手牌: 杀, 桃, 杀, 闪 - 装备: 防御马: 防御马
2025-11-26 20:25:45 - INFO - ============================================================
2025-11-26 20:25:45 - INFO - ============================================================
2025-11-26 20:25:45 - INFO - 当前牌堆状态:
2025-11-26 20:25:45 - INFO - 正常牌堆: 20 张牌
2025-11-26 20:25:45 - INFO - 弃牌堆: 36 张牌
2025-11-26 20:25:45 - INFO - 弃牌堆最后5张牌: 闪, 杀, 杀, 闪, 桃
2025-11-26 20:25:45 - INFO - ============================================================
2025-11-26 20:25:45 - INFO - 内奸 进入 准备 阶段
2025-11-26 20:25:45 - INFO - 内奸 进入 摸牌 阶段
2025-11-26 20:25:45 - INFO - 内奸发动技能[凌操]
2025-11-26 20:25:45 - INFO - 内奸 摸牌: 杀, 杀, 无懈可击
2025-11-26 20:25:45 - INFO - 内奸 进入 出牌 阶段
2025-11-26 20:25:45 - INFO - 内奸 使用 杀，目标: 主公
2025-11-26 20:25:48 - INFO - 内奸对主公表敌意（杀）
2025-11-26 20:25:48 - INFO - 内奸跳反
2025-11-26 20:25:48 - INFO - 内奸对主公表敌意（杀）
2025-11-26 20:25:48 - INFO - 内奸跳反
2025-11-26 20:25:48 - INFO - 内奸对主公表敌意（杀）
2025-11-26 20:25:48 - INFO - 内奸跳反
2025-11-26 20:25:48 - INFO - 玩家 内奸 打出牌: 杀
2025-11-26 20:25:48 - INFO - 主公 受到 1 点伤害，当前血量: 4/5
2025-11-26 20:25:54 - INFO - 内奸 弃牌: 杀, 闪
2025-11-26 20:25:54 - INFO - 内奸 回合结束
2025-11-26 20:25:54 - INFO - === 第 14 回合开始，主公 的回合 ===
2025-11-26 20:25:54 - INFO - ============================================================
2025-11-26 20:25:54 - INFO - 当前所有玩家状态:
2025-11-26 20:25:54 - INFO - 玩家0 (主公) [主公] (白板武将) - 血量: 4/5 - 手牌: 桃, 杀 - 装备: 武器: 青釭剑
2025-11-26 20:25:54 - INFO - 玩家1 (反贼1) [反贼] (张飞) - 血量: 0/4 - 手牌: 无 - 装备: 无
2025-11-26 20:25:54 - INFO - 玩家2 (忠臣) [忠臣] (赵云) - 血量: 1/4 - 手牌: 杀 - 装备: 武器: 诸葛连弩
2025-11-26 20:25:54 - INFO - 玩家3 (反贼2) [反贼] (吕蒙) - 血量: 3/4 - 手牌: 闪, 杀, 杀 - 装备: 无
2025-11-26 20:25:54 - INFO - 玩家4 (内奸) [内奸] (凌操) - 血量: 4/4 - 手牌: 桃, 杀, 杀, 无懈可击 - 装备: 防御马: 防御马
2025-11-26 20:25:54 - INFO - ============================================================
2025-11-26 20:25:54 - INFO - ============================================================
2025-11-26 20:25:54 - INFO - 当前牌堆状态:
2025-11-26 20:25:54 - INFO - 正常牌堆: 17 张牌
2025-11-26 20:25:54 - INFO - 弃牌堆: 39 张牌
2025-11-26 20:25:54 - INFO - 弃牌堆最后5张牌: 闪, 桃, 杀, 杀, 闪
2025-11-26 20:25:54 - INFO - ============================================================
2025-11-26 20:25:54 - INFO - 主公 进入 准备 阶段
2025-11-26 20:25:54 - INFO - 主公 进入 摸牌 阶段
2025-11-26 20:25:56 - INFO - 主公 摸牌: 闪, 杀
2025-11-26 20:25:56 - INFO - 主公 进入 出牌 阶段
2025-11-26 20:25:56 - INFO - 主公 使用 桃，目标: 主公
2025-11-26 20:25:58 - INFO - 玩家 主公 打出牌: 桃
2025-11-26 20:25:58 - INFO - 主公 恢复 1 点血量，当前血量: 5/5
2025-11-26 20:26:00 - INFO - 主公 回合结束
2025-11-26 20:26:00 - INFO - === 第 15 回合开始，忠臣 的回合 ===
2025-11-26 20:26:00 - INFO - ============================================================
2025-11-26 20:26:00 - INFO - 当前所有玩家状态:
2025-11-26 20:26:00 - INFO - 玩家0 (主公) [主公] (白板武将) - 血量: 5/5 - 手牌: 杀, 闪, 杀 - 装备: 武器: 青釭剑
2025-11-26 20:26:00 - INFO - 玩家1 (反贼1) [反贼] (张飞) - 血量: 0/4 - 手牌: 无 - 装备: 无
2025-11-26 20:26:00 - INFO - 玩家2 (忠臣) [忠臣] (赵云) - 血量: 1/4 - 手牌: 杀 - 装备: 武器: 诸葛连弩
2025-11-26 20:26:00 - INFO - 玩家3 (反贼2) [反贼] (吕蒙) - 血量: 3/4 - 手牌: 闪, 杀, 杀 - 装备: 无
2025-11-26 20:26:00 - INFO - 玩家4 (内奸) [内奸] (凌操) - 血量: 4/4 - 手牌: 桃, 杀, 杀, 无懈可击 - 装备: 防御马: 防御马
2025-11-26 20:26:00 - INFO - ============================================================
2025-11-26 20:26:00 - INFO - ============================================================
2025-11-26 20:26:00 - INFO - 当前牌堆状态:
2025-11-26 20:26:00 - INFO - 正常牌堆: 15 张牌
2025-11-26 20:26:00 - INFO - 弃牌堆: 40 张牌
2025-11-26 20:26:00 - INFO - 弃牌堆最后5张牌: 桃, 杀, 杀, 闪, 桃
2025-11-26 20:26:00 - INFO - ============================================================
2025-11-26 20:26:00 - INFO - 忠臣 进入 准备 阶段
2025-11-26 20:26:00 - INFO - 忠臣 进入 摸牌 阶段
2025-11-26 20:26:02 - INFO - 忠臣 摸牌: 闪, 杀
2025-11-26 20:26:02 - INFO - 忠臣 进入 出牌 阶段
2025-11-26 20:26:19 - INFO - 忠臣 弃牌: 杀, 闪
2025-11-26 20:26:19 - INFO - 忠臣 回合结束
2025-11-26 20:26:19 - INFO - === 第 16 回合开始，反贼2 的回合 ===
2025-11-26 20:26:19 - INFO - ============================================================
2025-11-26 20:26:19 - INFO - 当前所有玩家状态:
2025-11-26 20:26:19 - INFO - 玩家0 (主公) [主公] (白板武将) - 血量: 5/5 - 手牌: 杀, 闪, 杀 - 装备: 武器: 青釭剑
2025-11-26 20:26:19 - INFO - 玩家1 (反贼1) [反贼] (张飞) - 血量: 0/4 - 手牌: 无 - 装备: 无
2025-11-26 20:26:19 - INFO - 玩家2 (忠臣) [忠臣] (赵云) - 血量: 1/4 - 手牌: 杀 - 装备: 武器: 诸葛连弩
2025-11-26 20:26:19 - INFO - 玩家3 (反贼2) [反贼] (吕蒙) - 血量: 3/4 - 手牌: 闪, 杀, 杀 - 装备: 无
2025-11-26 20:26:19 - INFO - 玩家4 (内奸) [内奸] (凌操) - 血量: 4/4 - 手牌: 桃, 杀, 杀, 无懈可击 - 装备: 防御马: 防御马
2025-11-26 20:26:19 - INFO - ============================================================
2025-11-26 20:26:19 - INFO - ============================================================
2025-11-26 20:26:19 - INFO - 当前牌堆状态:
2025-11-26 20:26:19 - INFO - 正常牌堆: 13 张牌
2025-11-26 20:26:19 - INFO - 弃牌堆: 42 张牌
2025-11-26 20:26:19 - INFO - 弃牌堆最后5张牌: 杀, 闪, 桃, 杀, 闪
2025-11-26 20:26:19 - INFO - ============================================================
2025-11-26 20:26:19 - INFO - 反贼2 进入 准备 阶段
2025-11-26 20:26:19 - INFO - 反贼2 进入 摸牌 阶段
2025-11-26 20:26:20 - INFO - 反贼2 摸牌: 桃, 决斗
2025-11-26 20:26:20 - INFO - 反贼2 进入 出牌 阶段
2025-11-26 20:26:20 - INFO - 反贼2 使用 桃，目标: 反贼2
2025-11-26 20:26:22 - INFO - 玩家 反贼2 打出牌: 桃
2025-11-26 20:26:22 - INFO - 反贼2 恢复 1 点血量，当前血量: 4/4
2025-11-26 20:26:24 - INFO - 反贼2 使用 决斗，目标: 主公
2025-11-26 20:26:26 - INFO - 反贼2对主公表敌意（决斗）
2025-11-26 20:26:26 - INFO - 反贼2对主公表敌意（决斗）
2025-11-26 20:26:26 - INFO - 反贼2对主公表敌意（决斗）
2025-11-26 20:26:26 - INFO - 玩家 反贼2 打出牌: 决斗
2025-11-26 20:26:26 - INFO - 反贼2 使用 决斗，目标: 主公
2025-11-26 20:26:26 - INFO - 内奸 使用 无懈可击 响应
2025-11-26 20:26:29 - INFO - 内奸对主公献殷勤（无懈可击）
2025-11-26 20:26:29 - INFO - 内奸跳忠
2025-11-26 20:26:29 - INFO - 内奸对主公献殷勤（无懈可击）
2025-11-26 20:26:29 - INFO - 内奸跳忠
2025-11-26 20:26:29 - INFO - 内奸对主公献殷勤（无懈可击）
2025-11-26 20:26:29 - INFO - 内奸跳忠
2025-11-26 20:26:29 - INFO - 决斗被无懈可击抵消
2025-11-26 20:26:29 - INFO - 反贼2发动技能[克己]
2025-11-26 20:26:29 - INFO - 反贼2 技能[克己]生效：本回合未使用杀，手牌未超限，无需弃牌
2025-11-26 20:26:29 - INFO - 反贼2 回合结束
2025-11-26 20:26:29 - INFO - === 第 17 回合开始，内奸 的回合 ===
2025-11-26 20:26:29 - INFO - ============================================================
2025-11-26 20:26:29 - INFO - 当前所有玩家状态:
2025-11-26 20:26:29 - INFO - 玩家0 (主公) [主公] (白板武将) - 血量: 5/5 - 手牌: 杀, 闪, 杀 - 装备: 武器: 青釭剑
2025-11-26 20:26:29 - INFO - 玩家1 (反贼1) [反贼] (张飞) - 血量: 0/4 - 手牌: 无 - 装备: 无
2025-11-26 20:26:29 - INFO - 玩家2 (忠臣) [忠臣] (赵云) - 血量: 1/4 - 手牌: 杀 - 装备: 武器: 诸葛连弩
2025-11-26 20:26:29 - INFO - 玩家3 (反贼2) [反贼] (吕蒙) - 血量: 4/4 - 手牌: 闪, 杀, 杀 - 装备: 无
2025-11-26 20:26:29 - INFO - 玩家4 (内奸) [内奸] (凌操) - 血量: 4/4 - 手牌: 桃, 杀, 杀 - 装备: 防御马: 防御马
2025-11-26 20:26:29 - INFO - ============================================================
2025-11-26 20:26:29 - INFO - ============================================================
2025-11-26 20:26:29 - INFO - 当前牌堆状态:
2025-11-26 20:26:29 - INFO - 正常牌堆: 11 张牌
2025-11-26 20:26:29 - INFO - 弃牌堆: 45 张牌
2025-11-26 20:26:29 - INFO - 弃牌堆最后5张牌: 杀, 闪, 桃, 无懈可击, 决斗
2025-11-26 20:26:29 - INFO - ============================================================
2025-11-26 20:26:29 - INFO - 内奸 进入 准备 阶段
2025-11-26 20:26:29 - INFO - 内奸 进入 摸牌 阶段
2025-11-26 20:26:29 - INFO - 内奸发动技能[凌操]
2025-11-26 20:26:30 - INFO - 内奸 摸牌: 进攻马, 杀, 杀
2025-11-26 20:26:30 - INFO - 内奸 进入 出牌 阶段
2025-11-26 20:26:30 - INFO - 内奸 使用 杀，目标: 主公
2025-11-26 20:26:32 - INFO - 内奸对主公表敌意（杀）
2025-11-26 20:26:32 - INFO - 内奸跳反
2025-11-26 20:26:32 - INFO - 内奸对主公表敌意（杀）
2025-11-26 20:26:32 - INFO - 内奸跳反
2025-11-26 20:26:32 - INFO - 内奸对主公表敌意（杀）
2025-11-26 20:26:32 - INFO - 内奸跳反
2025-11-26 20:26:32 - INFO - 玩家 内奸 打出牌: 杀
2025-11-26 20:26:32 - INFO - 主公 使用 闪 响应
2025-11-26 20:26:34 - INFO - 内奸 使用 进攻马，目标: 内奸
2025-11-26 20:26:37 - INFO - 玩家 内奸 打出牌: 进攻马
2025-11-26 20:26:37 - INFO - 内奸 装备 进攻马 (进攻马)
2025-11-26 20:26:37 - INFO - 内奸 回合结束
2025-11-26 20:26:37 - INFO - === 第 18 回合开始，主公 的回合 ===
2025-11-26 20:26:37 - INFO - ============================================================
2025-11-26 20:26:37 - INFO - 当前所有玩家状态:
2025-11-26 20:26:37 - INFO - 玩家0 (主公) [主公] (白板武将) - 血量: 5/5 - 手牌: 杀, 杀 - 装备: 武器: 青釭剑
2025-11-26 20:26:37 - INFO - 玩家1 (反贼1) [反贼] (张飞) - 血量: 0/4 - 手牌: 无 - 装备: 无
2025-11-26 20:26:37 - INFO - 玩家2 (忠臣) [忠臣] (赵云) - 血量: 1/4 - 手牌: 杀 - 装备: 武器: 诸葛连弩
2025-11-26 20:26:37 - INFO - 玩家3 (反贼2) [反贼] (吕蒙) - 血量: 4/4 - 手牌: 闪, 杀, 杀 - 装备: 无
2025-11-26 20:26:37 - INFO - 玩家4 (内奸) [内奸] (凌操) - 血量: 4/4 - 手牌: 桃, 杀, 杀, 杀 - 装备: 防御马: 防御马, 进攻马: 进攻马
2025-11-26 20:26:37 - INFO - ============================================================
2025-11-26 20:26:37 - INFO - ============================================================
2025-11-26 20:26:37 - INFO - 当前牌堆状态:
2025-11-26 20:26:37 - INFO - 正常牌堆: 8 张牌
2025-11-26 20:26:37 - INFO - 弃牌堆: 47 张牌
2025-11-26 20:26:37 - INFO - 弃牌堆最后5张牌: 桃, 无懈可击, 决斗, 杀, 闪
2025-11-26 20:26:37 - INFO - ============================================================
2025-11-26 20:26:37 - INFO - 主公 进入 准备 阶段
2025-11-26 20:26:37 - INFO - 主公 进入 摸牌 阶段
2025-11-26 20:26:38 - INFO - 主公 摸牌: 闪, 桃
2025-11-26 20:26:38 - INFO - 主公 进入 出牌 阶段
2025-11-26 20:26:38 - INFO - 主公 回合结束
2025-11-26 20:26:38 - INFO - === 第 19 回合开始，忠臣 的回合 ===
2025-11-26 20:26:38 - INFO - ============================================================
2025-11-26 20:26:38 - INFO - 当前所有玩家状态:
2025-11-26 20:26:38 - INFO - 玩家0 (主公) [主公] (白板武将) - 血量: 5/5 - 手牌: 杀, 杀, 闪, 桃 - 装备: 武器: 青釭剑
2025-11-26 20:26:38 - INFO - 玩家1 (反贼1) [反贼] (张飞) - 血量: 0/4 - 手牌: 无 - 装备: 无
2025-11-26 20:26:38 - INFO - 玩家2 (忠臣) [忠臣] (赵云) - 血量: 1/4 - 手牌: 杀 - 装备: 武器: 诸葛连弩
2025-11-26 20:26:38 - INFO - 玩家3 (反贼2) [反贼] (吕蒙) - 血量: 4/4 - 手牌: 闪, 杀, 杀 - 装备: 无
2025-11-26 20:26:38 - INFO - 玩家4 (内奸) [内奸] (凌操) - 血量: 4/4 - 手牌: 桃, 杀, 杀, 杀 - 装备: 防御马: 防御马, 进攻马: 进攻马
2025-11-26 20:26:38 - INFO - ============================================================
2025-11-26 20:26:38 - INFO - ============================================================
2025-11-26 20:26:38 - INFO - 当前牌堆状态:
2025-11-26 20:26:38 - INFO - 正常牌堆: 6 张牌
2025-11-26 20:26:38 - INFO - 弃牌堆: 47 张牌
2025-11-26 20:26:38 - INFO - 弃牌堆最后5张牌: 桃, 无懈可击, 决斗, 杀, 闪
2025-11-26 20:26:38 - INFO - ============================================================
2025-11-26 20:26:38 - INFO - 忠臣 进入 准备 阶段
2025-11-26 20:26:38 - INFO - 忠臣 进入 摸牌 阶段
2025-11-26 20:26:40 - INFO - 忠臣 摸牌: 决斗, 杀
2025-11-26 20:26:40 - INFO - 忠臣 进入 出牌 阶段
2025-11-26 20:26:52 - INFO - 忠臣 弃牌: 决斗, 杀
2025-11-26 20:26:52 - INFO - 忠臣 回合结束
2025-11-26 20:26:52 - INFO - === 第 20 回合开始，反贼2 的回合 ===
2025-11-26 20:26:52 - INFO - ============================================================
2025-11-26 20:26:52 - INFO - 当前所有玩家状态:
2025-11-26 20:26:52 - INFO - 玩家0 (主公) [主公] (白板武将) - 血量: 5/5 - 手牌: 杀, 杀, 闪, 桃 - 装备: 武器: 青釭剑
2025-11-26 20:26:52 - INFO - 玩家1 (反贼1) [反贼] (张飞) - 血量: 0/4 - 手牌: 无 - 装备: 无
2025-11-26 20:26:52 - INFO - 玩家2 (忠臣) [忠臣] (赵云) - 血量: 1/4 - 手牌: 杀 - 装备: 武器: 诸葛连弩
2025-11-26 20:26:52 - INFO - 玩家3 (反贼2) [反贼] (吕蒙) - 血量: 4/4 - 手牌: 闪, 杀, 杀 - 装备: 无
2025-11-26 20:26:52 - INFO - 玩家4 (内奸) [内奸] (凌操) - 血量: 4/4 - 手牌: 桃, 杀, 杀, 杀 - 装备: 防御马: 防御马, 进攻马: 进攻马
2025-11-26 20:26:52 - INFO - ============================================================
2025-11-26 20:26:52 - INFO - ============================================================
2025-11-26 20:26:52 - INFO - 当前牌堆状态:
2025-11-26 20:26:52 - INFO - 正常牌堆: 4 张牌
2025-11-26 20:26:52 - INFO - 弃牌堆: 49 张牌
2025-11-26 20:26:52 - INFO - 弃牌堆最后5张牌: 决斗, 杀, 闪, 决斗, 杀
2025-11-26 20:26:52 - INFO - ============================================================
2025-11-26 20:26:52 - INFO - 反贼2 进入 准备 阶段
2025-11-26 20:26:52 - INFO - 反贼2 进入 摸牌 阶段
2025-11-26 20:26:53 - INFO - 反贼2 摸牌: 仁王盾, 杀
2025-11-26 20:26:53 - INFO - 反贼2 进入 出牌 阶段
2025-11-26 20:26:53 - INFO - 反贼2 使用 仁王盾，目标: 反贼2
2025-11-26 20:26:55 - INFO - 玩家 反贼2 打出牌: 仁王盾
2025-11-26 20:26:55 - INFO - 反贼2 装备 仁王盾 (防具)
2025-11-26 20:26:55 - INFO - 反贼2发动技能[克己]
2025-11-26 20:26:55 - INFO - 反贼2 技能[克己]生效：本回合未使用杀，手牌未超限，无需弃牌
2025-11-26 20:26:55 - INFO - 反贼2 回合结束
2025-11-26 20:26:55 - INFO - === 第 21 回合开始，内奸 的回合 ===
2025-11-26 20:26:55 - INFO - ============================================================
2025-11-26 20:26:55 - INFO - 当前所有玩家状态:
2025-11-26 20:26:55 - INFO - 玩家0 (主公) [主公] (白板武将) - 血量: 5/5 - 手牌: 杀, 杀, 闪, 桃 - 装备: 武器: 青釭剑
2025-11-26 20:26:55 - INFO - 玩家1 (反贼1) [反贼] (张飞) - 血量: 0/4 - 手牌: 无 - 装备: 无
2025-11-26 20:26:55 - INFO - 玩家2 (忠臣) [忠臣] (赵云) - 血量: 1/4 - 手牌: 杀 - 装备: 武器: 诸葛连弩
2025-11-26 20:26:55 - INFO - 玩家3 (反贼2) [反贼] (吕蒙) - 血量: 4/4 - 手牌: 闪, 杀, 杀, 杀 - 装备: 防具: 仁王盾
2025-11-26 20:26:55 - INFO - 玩家4 (内奸) [内奸] (凌操) - 血量: 4/4 - 手牌: 桃, 杀, 杀, 杀 - 装备: 防御马: 防御马, 进攻马: 进攻马
2025-11-26 20:26:55 - INFO - ============================================================
2025-11-26 20:26:55 - INFO - ============================================================
2025-11-26 20:26:55 - INFO - 当前牌堆状态:
2025-11-26 20:26:55 - INFO - 正常牌堆: 2 张牌
2025-11-26 20:26:55 - INFO - 弃牌堆: 49 张牌
2025-11-26 20:26:55 - INFO - 弃牌堆最后5张牌: 决斗, 杀, 闪, 决斗, 杀
2025-11-26 20:26:55 - INFO - ============================================================
2025-11-26 20:26:55 - INFO - 内奸 进入 准备 阶段
2025-11-26 20:26:55 - INFO - 内奸 进入 摸牌 阶段
2025-11-26 20:26:55 - INFO - 内奸发动技能[凌操]
2025-11-26 20:26:56 - INFO - 内奸 摸牌: 杀, 闪, 杀, 杀
2025-11-26 20:26:56 - INFO - 内奸 进入 出牌 阶段
2025-11-26 20:26:56 - INFO - 内奸 使用 杀，目标: 主公
2025-11-26 20:26:58 - INFO - 内奸对主公表敌意（杀）
2025-11-26 20:26:58 - INFO - 内奸对主公表敌意（杀）
2025-11-26 20:26:58 - INFO - 内奸对主公表敌意（杀）
2025-11-26 20:26:58 - INFO - 玩家 内奸 打出牌: 杀
2025-11-26 20:26:58 - INFO - 主公 使用 闪 响应
2025-11-26 20:27:08 - INFO - 内奸 弃牌: 杀, 桃, 杀
2025-11-26 20:27:08 - INFO - 内奸 回合结束
2025-11-26 20:27:08 - INFO - === 第 22 回合开始，主公 的回合 ===
2025-11-26 20:27:08 - INFO - ============================================================
2025-11-26 20:27:08 - INFO - 当前所有玩家状态:
2025-11-26 20:27:08 - INFO - 玩家0 (主公) [主公] (白板武将) - 血量: 5/5 - 手牌: 杀, 杀, 桃 - 装备: 武器: 青釭剑
2025-11-26 20:27:08 - INFO - 玩家1 (反贼1) [反贼] (张飞) - 血量: 0/4 - 手牌: 无 - 装备: 无
2025-11-26 20:27:08 - INFO - 玩家2 (忠臣) [忠臣] (赵云) - 血量: 1/4 - 手牌: 杀 - 装备: 武器: 诸葛连弩
2025-11-26 20:27:08 - INFO - 玩家3 (反贼2) [反贼] (吕蒙) - 血量: 4/4 - 手牌: 闪, 杀, 杀, 杀 - 装备: 防具: 仁王盾
2025-11-26 20:27:08 - INFO - 玩家4 (内奸) [内奸] (凌操) - 血量: 4/4 - 手牌: 杀, 闪, 杀, 杀 - 装备: 防御马: 防御马, 进攻马: 进攻马
2025-11-26 20:27:08 - INFO - ============================================================
2025-11-26 20:27:08 - INFO - ============================================================
2025-11-26 20:27:08 - INFO - 当前牌堆状态:
2025-11-26 20:27:08 - INFO - 正常牌堆: 47 张牌
2025-11-26 20:27:08 - INFO - 弃牌堆: 5 张牌
2025-11-26 20:27:08 - INFO - 弃牌堆所有牌: 杀, 闪, 杀, 桃, 杀
2025-11-26 20:27:08 - INFO - ============================================================
2025-11-26 20:27:08 - INFO - 主公 进入 准备 阶段
2025-11-26 20:27:08 - INFO - 主公 进入 摸牌 阶段
2025-11-26 20:27:09 - INFO - 主公 摸牌: 杀, 闪
2025-11-26 20:27:09 - INFO - 主公 进入 出牌 阶段
2025-11-26 20:27:09 - INFO - 主公 回合结束
2025-11-26 20:27:09 - INFO - === 第 23 回合开始，忠臣 的回合 ===
2025-11-26 20:27:09 - INFO - ============================================================
2025-11-26 20:27:09 - INFO - 当前所有玩家状态:
2025-11-26 20:27:09 - INFO - 玩家0 (主公) [主公] (白板武将) - 血量: 5/5 - 手牌: 杀, 杀, 桃, 杀, 闪 - 装备: 武器: 青釭剑
2025-11-26 20:27:09 - INFO - 玩家1 (反贼1) [反贼] (张飞) - 血量: 0/4 - 手牌: 无 - 装备: 无
2025-11-26 20:27:09 - INFO - 玩家2 (忠臣) [忠臣] (赵云) - 血量: 1/4 - 手牌: 杀 - 装备: 武器: 诸葛连弩
2025-11-26 20:27:09 - INFO - 玩家3 (反贼2) [反贼] (吕蒙) - 血量: 4/4 - 手牌: 闪, 杀, 杀, 杀 - 装备: 防具: 仁王盾
2025-11-26 20:27:09 - INFO - 玩家4 (内奸) [内奸] (凌操) - 血量: 4/4 - 手牌: 杀, 闪, 杀, 杀 - 装备: 防御马: 防御马, 进攻马: 进攻马
2025-11-26 20:27:09 - INFO - ============================================================
2025-11-26 20:27:09 - INFO - ============================================================
2025-11-26 20:27:09 - INFO - 当前牌堆状态:
2025-11-26 20:27:09 - INFO - 正常牌堆: 45 张牌
2025-11-26 20:27:09 - INFO - 弃牌堆: 5 张牌
2025-11-26 20:27:09 - INFO - 弃牌堆所有牌: 杀, 闪, 杀, 桃, 杀
2025-11-26 20:27:09 - INFO - ============================================================
2025-11-26 20:27:09 - INFO - 忠臣 进入 准备 阶段
2025-11-26 20:27:09 - INFO - 忠臣 进入 摸牌 阶段
2025-11-26 20:27:11 - INFO - 忠臣 摸牌: 决斗, 杀
2025-11-26 20:27:11 - INFO - 忠臣 进入 出牌 阶段
2025-11-26 20:27:15 - INFO - 忠臣 使用 杀，目标: 主公
2025-11-26 20:27:17 - INFO - 忠臣对主公表敌意（杀）
2025-11-26 20:27:17 - INFO - 忠臣跳反
2025-11-26 20:27:17 - INFO - 忠臣对主公表敌意（杀）
2025-11-26 20:27:17 - INFO - 忠臣跳反
2025-11-26 20:27:17 - INFO - 忠臣对主公表敌意（杀）
2025-11-26 20:27:17 - INFO - 忠臣跳反
2025-11-26 20:27:17 - INFO - 玩家 忠臣 打出牌: 杀
2025-11-26 20:27:17 - INFO - 主公 使用 闪 响应
2025-11-26 20:27:24 - INFO - 忠臣 弃牌: 决斗
2025-11-26 20:27:24 - INFO - 忠臣 回合结束
2025-11-26 20:27:24 - INFO - === 第 24 回合开始，反贼2 的回合 ===
2025-11-26 20:27:24 - INFO - ============================================================
2025-11-26 20:27:24 - INFO - 当前所有玩家状态:
2025-11-26 20:27:24 - INFO - 玩家0 (主公) [主公] (白板武将) - 血量: 5/5 - 手牌: 杀, 杀, 桃, 杀 - 装备: 武器: 青釭剑
2025-11-26 20:27:24 - INFO - 玩家1 (反贼1) [反贼] (张飞) - 血量: 0/4 - 手牌: 无 - 装备: 无
2025-11-26 20:27:24 - INFO - 玩家2 (忠臣) [忠臣] (赵云) - 血量: 1/4 - 手牌: 杀 - 装备: 武器: 诸葛连弩
2025-11-26 20:27:24 - INFO - 玩家3 (反贼2) [反贼] (吕蒙) - 血量: 4/4 - 手牌: 闪, 杀, 杀, 杀 - 装备: 防具: 仁王盾
2025-11-26 20:27:24 - INFO - 玩家4 (内奸) [内奸] (凌操) - 血量: 4/4 - 手牌: 杀, 闪, 杀, 杀 - 装备: 防御马: 防御马, 进攻马: 进攻马
2025-11-26 20:27:24 - INFO - ============================================================
2025-11-26 20:27:24 - INFO - ============================================================
2025-11-26 20:27:24 - INFO - 当前牌堆状态:
2025-11-26 20:27:24 - INFO - 正常牌堆: 43 张牌
2025-11-26 20:27:24 - INFO - 弃牌堆: 8 张牌
2025-11-26 20:27:24 - INFO - 弃牌堆最后5张牌: 桃, 杀, 杀, 闪, 决斗
2025-11-26 20:27:24 - INFO - ============================================================
2025-11-26 20:27:24 - INFO - 反贼2 进入 准备 阶段
2025-11-26 20:27:24 - INFO - 反贼2 进入 摸牌 阶段
2025-11-26 20:27:25 - INFO - 反贼2 摸牌: 桃, 闪
2025-11-26 20:27:25 - INFO - 反贼2 进入 出牌 阶段
2025-11-26 20:27:25 - INFO - 反贼2发动技能[克己]
2025-11-26 20:27:25 - INFO - 反贼2 技能[克己]生效：本回合未使用杀，不弃任何手牌
2025-11-26 20:27:25 - INFO - 反贼2 回合结束
2025-11-26 20:27:25 - INFO - === 第 25 回合开始，内奸 的回合 ===
2025-11-26 20:27:25 - INFO - ============================================================
2025-11-26 20:27:25 - INFO - 当前所有玩家状态:
2025-11-26 20:27:25 - INFO - 玩家0 (主公) [主公] (白板武将) - 血量: 5/5 - 手牌: 杀, 杀, 桃, 杀 - 装备: 武器: 青釭剑
2025-11-26 20:27:25 - INFO - 玩家1 (反贼1) [反贼] (张飞) - 血量: 0/4 - 手牌: 无 - 装备: 无
2025-11-26 20:27:25 - INFO - 玩家2 (忠臣) [忠臣] (赵云) - 血量: 1/4 - 手牌: 杀 - 装备: 武器: 诸葛连弩
2025-11-26 20:27:25 - INFO - 玩家3 (反贼2) [反贼] (吕蒙) - 血量: 4/4 - 手牌: 闪, 杀, 杀, 杀, 桃, 闪 - 装备: 防具: 仁王盾
2025-11-26 20:27:25 - INFO - 玩家4 (内奸) [内奸] (凌操) - 血量: 4/4 - 手牌: 杀, 闪, 杀, 杀 - 装备: 防御马: 防御马, 进攻马: 进攻马
2025-11-26 20:27:25 - INFO - ============================================================
2025-11-26 20:27:25 - INFO - ============================================================
2025-11-26 20:27:25 - INFO - 当前牌堆状态:
2025-11-26 20:27:25 - INFO - 正常牌堆: 41 张牌
2025-11-26 20:27:25 - INFO - 弃牌堆: 8 张牌
2025-11-26 20:27:25 - INFO - 弃牌堆最后5张牌: 桃, 杀, 杀, 闪, 决斗
2025-11-26 20:27:25 - INFO - ============================================================
2025-11-26 20:27:25 - INFO - 内奸 进入 准备 阶段
2025-11-26 20:27:25 - INFO - 内奸 进入 摸牌 阶段
2025-11-26 20:27:25 - INFO - 内奸发动技能[凌操]
2025-11-26 20:27:26 - INFO - 内奸 摸牌: 桃, 无懈可击, 杀, 杀
2025-11-26 20:27:26 - INFO - 内奸 进入 出牌 阶段
2025-11-26 20:27:26 - INFO - 内奸 使用 杀，目标: 反贼2
2025-11-26 20:27:29 - INFO - 内奸对反贼2表敌意（杀）
2025-11-26 20:27:29 - INFO - 内奸跳忠
2025-11-26 20:27:29 - INFO - 内奸对反贼2表敌意（杀）
2025-11-26 20:27:29 - INFO - 内奸跳忠
2025-11-26 20:27:29 - INFO - 内奸对反贼2表敌意（杀）
2025-11-26 20:27:29 - INFO - 内奸跳忠
2025-11-26 20:27:29 - INFO - 玩家 内奸 打出牌: 杀
2025-11-26 20:27:29 - INFO - 仁王盾 效果: 黑色杀对 反贼2 无效
2025-11-26 20:27:35 - INFO - 内奸 弃牌: 桃, 杀, 无懈可击
2025-11-26 20:27:35 - INFO - 内奸 回合结束
2025-11-26 20:27:35 - INFO - === 第 26 回合开始，主公 的回合 ===
2025-11-26 20:27:35 - INFO - ============================================================
2025-11-26 20:27:35 - INFO - 当前所有玩家状态:
2025-11-26 20:27:35 - INFO - 玩家0 (主公) [主公] (白板武将) - 血量: 5/5 - 手牌: 杀, 杀, 桃, 杀 - 装备: 武器: 青釭剑
2025-11-26 20:27:35 - INFO - 玩家1 (反贼1) [反贼] (张飞) - 血量: 0/4 - 手牌: 无 - 装备: 无
2025-11-26 20:27:35 - INFO - 玩家2 (忠臣) [忠臣] (赵云) - 血量: 1/4 - 手牌: 杀 - 装备: 武器: 诸葛连弩
2025-11-26 20:27:35 - INFO - 玩家3 (反贼2) [反贼] (吕蒙) - 血量: 4/4 - 手牌: 闪, 杀, 杀, 杀, 桃, 闪 - 装备: 防具: 仁王盾
2025-11-26 20:27:35 - INFO - 玩家4 (内奸) [内奸] (凌操) - 血量: 4/4 - 手牌: 杀, 闪, 杀, 杀 - 装备: 防御马: 防御马, 进攻马: 进攻马
2025-11-26 20:27:35 - INFO - ============================================================
2025-11-26 20:27:35 - INFO - ============================================================
2025-11-26 20:27:35 - INFO - 当前牌堆状态:
2025-11-26 20:27:35 - INFO - 正常牌堆: 37 张牌
2025-11-26 20:27:35 - INFO - 弃牌堆: 12 张牌
2025-11-26 20:27:35 - INFO - 弃牌堆最后5张牌: 决斗, 杀, 桃, 杀, 无懈可击
2025-11-26 20:27:35 - INFO - ============================================================
2025-11-26 20:27:35 - INFO - 主公 进入 准备 阶段
2025-11-26 20:27:35 - INFO - 主公 进入 摸牌 阶段
2025-11-26 20:27:37 - INFO - 主公 摸牌: 杀, 桃
2025-11-26 20:27:37 - INFO - 主公 进入 出牌 阶段
2025-11-26 20:27:37 - INFO - 主公 使用 杀，目标: 忠臣
2025-11-26 20:27:39 - INFO - 主公对忠臣表敌意（杀）
2025-11-26 20:27:39 - INFO - 主公对忠臣表敌意（杀）
2025-11-26 20:27:39 - INFO - 主公对忠臣表敌意（杀）
2025-11-26 20:27:39 - INFO - 玩家 主公 打出牌: 杀
2025-11-26 20:27:41 - INFO - 忠臣 使用 闪 响应
2025-11-26 20:27:44 - INFO - 主公 回合结束
2025-11-26 20:27:44 - INFO - === 第 27 回合开始，忠臣 的回合 ===
2025-11-26 20:27:44 - INFO - ============================================================
2025-11-26 20:27:44 - INFO - 当前所有玩家状态:
2025-11-26 20:27:44 - INFO - 玩家0 (主公) [主公] (白板武将) - 血量: 5/5 - 手牌: 杀, 桃, 杀, 杀, 桃 - 装备: 武器: 青釭剑
2025-11-26 20:27:44 - INFO - 玩家1 (反贼1) [反贼] (张飞) - 血量: 0/4 - 手牌: 无 - 装备: 无
2025-11-26 20:27:44 - INFO - 玩家2 (忠臣) [忠臣] (赵云) - 血量: 1/4 - 手牌: 无 - 装备: 武器: 诸葛连弩
2025-11-26 20:27:44 - INFO - 玩家3 (反贼2) [反贼] (吕蒙) - 血量: 4/4 - 手牌: 闪, 杀, 杀, 杀, 桃, 闪 - 装备: 防具: 仁王盾
2025-11-26 20:27:44 - INFO - 玩家4 (内奸) [内奸] (凌操) - 血量: 4/4 - 手牌: 杀, 闪, 杀, 杀 - 装备: 防御马: 防御马, 进攻马: 进攻马
2025-11-26 20:27:44 - INFO - ============================================================
2025-11-26 20:27:44 - INFO - ============================================================
2025-11-26 20:27:44 - INFO - 当前牌堆状态:
2025-11-26 20:27:44 - INFO - 正常牌堆: 35 张牌
2025-11-26 20:27:44 - INFO - 弃牌堆: 14 张牌
2025-11-26 20:27:44 - INFO - 弃牌堆最后5张牌: 桃, 杀, 无懈可击, 杀, 杀
2025-11-26 20:27:44 - INFO - ============================================================
2025-11-26 20:27:44 - INFO - 忠臣 进入 准备 阶段
2025-11-26 20:27:44 - INFO - 忠臣 进入 摸牌 阶段
2025-11-26 20:27:45 - INFO - 忠臣 摸牌: 杀, 桃
2025-11-26 20:27:45 - INFO - 忠臣 进入 出牌 阶段
2025-11-26 20:27:57 - INFO - 忠臣 使用 桃，目标: 忠臣
2025-11-26 20:28:00 - INFO - 玩家 忠臣 打出牌: 桃
2025-11-26 20:28:00 - INFO - 忠臣 恢复 1 点血量，当前血量: 2/4
2025-11-26 20:28:02 - INFO - 忠臣 回合结束
2025-11-26 20:28:02 - INFO - === 第 28 回合开始，反贼2 的回合 ===
2025-11-26 20:28:02 - INFO - ============================================================
2025-11-26 20:28:02 - INFO - 当前所有玩家状态:
2025-11-26 20:28:02 - INFO - 玩家0 (主公) [主公] (白板武将) - 血量: 5/5 - 手牌: 杀, 桃, 杀, 杀, 桃 - 装备: 武器: 青釭剑
2025-11-26 20:28:02 - INFO - 玩家1 (反贼1) [反贼] (张飞) - 血量: 0/4 - 手牌: 无 - 装备: 无
2025-11-26 20:28:02 - INFO - 玩家2 (忠臣) [忠臣] (赵云) - 血量: 2/4 - 手牌: 杀 - 装备: 武器: 诸葛连弩
2025-11-26 20:28:02 - INFO - 玩家3 (反贼2) [反贼] (吕蒙) - 血量: 4/4 - 手牌: 闪, 杀, 杀, 杀, 桃, 闪 - 装备: 防具: 仁王盾
2025-11-26 20:28:02 - INFO - 玩家4 (内奸) [内奸] (凌操) - 血量: 4/4 - 手牌: 杀, 闪, 杀, 杀 - 装备: 防御马: 防御马, 进攻马: 进攻马
2025-11-26 20:28:02 - INFO - ============================================================
2025-11-26 20:28:02 - INFO - ============================================================
2025-11-26 20:28:02 - INFO - 当前牌堆状态:
2025-11-26 20:28:02 - INFO - 正常牌堆: 33 张牌
2025-11-26 20:28:02 - INFO - 弃牌堆: 15 张牌
2025-11-26 20:28:02 - INFO - 弃牌堆最后5张牌: 杀, 无懈可击, 杀, 杀, 桃
2025-11-26 20:28:02 - INFO - ============================================================
2025-11-26 20:28:02 - INFO - 反贼2 进入 准备 阶段
2025-11-26 20:28:02 - INFO - 反贼2 进入 摸牌 阶段
2025-11-26 20:28:03 - INFO - 反贼2 摸牌: 杀, 闪
2025-11-26 20:28:03 - INFO - 反贼2 进入 出牌 阶段
2025-11-26 20:28:03 - INFO - 反贼2发动技能[克己]
2025-11-26 20:28:03 - INFO - 反贼2 技能[克己]生效：本回合未使用杀，不弃任何手牌
2025-11-26 20:28:03 - INFO - 反贼2 回合结束
2025-11-26 20:28:03 - INFO - === 第 29 回合开始，内奸 的回合 ===
2025-11-26 20:28:03 - INFO - ============================================================
2025-11-26 20:28:03 - INFO - 当前所有玩家状态:
2025-11-26 20:28:03 - INFO - 玩家0 (主公) [主公] (白板武将) - 血量: 5/5 - 手牌: 杀, 桃, 杀, 杀, 桃 - 装备: 武器: 青釭剑
2025-11-26 20:28:03 - INFO - 玩家1 (反贼1) [反贼] (张飞) - 血量: 0/4 - 手牌: 无 - 装备: 无
2025-11-26 20:28:03 - INFO - 玩家2 (忠臣) [忠臣] (赵云) - 血量: 2/4 - 手牌: 杀 - 装备: 武器: 诸葛连弩
2025-11-26 20:28:03 - INFO - 玩家3 (反贼2) [反贼] (吕蒙) - 血量: 4/4 - 手牌: 闪, 杀, 杀, 杀, 桃, 闪, 杀, 闪 - 装备: 防具: 仁王盾
2025-11-26 20:28:03 - INFO - 玩家4 (内奸) [内奸] (凌操) - 血量: 4/4 - 手牌: 杀, 闪, 杀, 杀 - 装备: 防御马: 防御马, 进攻马: 进攻马
2025-11-26 20:28:03 - INFO - ============================================================
2025-11-26 20:28:03 - INFO - ============================================================
2025-11-26 20:28:03 - INFO - 当前牌堆状态:
2025-11-26 20:28:03 - INFO - 正常牌堆: 31 张牌
2025-11-26 20:28:03 - INFO - 弃牌堆: 15 张牌
2025-11-26 20:28:03 - INFO - 弃牌堆最后5张牌: 杀, 无懈可击, 杀, 杀, 桃
2025-11-26 20:28:03 - INFO - ============================================================
2025-11-26 20:28:03 - INFO - 内奸 进入 准备 阶段
2025-11-26 20:28:03 - INFO - 内奸 进入 摸牌 阶段
2025-11-26 20:28:03 - INFO - 内奸发动技能[凌操]
2025-11-26 20:28:04 - INFO - 内奸 摸牌: 杀, 杀, 杀, 无懈可击
2025-11-26 20:28:04 - INFO - 内奸 进入 出牌 阶段
2025-11-26 20:28:04 - INFO - 内奸 使用 杀，目标: 主公
2025-11-26 20:28:06 - INFO - 内奸对主公表敌意（杀）
2025-11-26 20:28:06 - INFO - 内奸跳反
2025-11-26 20:28:06 - INFO - 内奸对主公表敌意（杀）
2025-11-26 20:28:06 - INFO - 内奸跳反
2025-11-26 20:28:06 - INFO - 内奸对主公表敌意（杀）
2025-11-26 20:28:06 - INFO - 内奸跳反
2025-11-26 20:28:06 - INFO - 玩家 内奸 打出牌: 杀
2025-11-26 20:28:06 - INFO - 主公 受到 1 点伤害，当前血量: 4/5
2025-11-26 20:28:15 - INFO - 内奸 弃牌: 杀, 杀, 杀
2025-11-26 20:28:15 - INFO - 内奸 回合结束
2025-11-26 20:28:15 - INFO - === 第 30 回合开始，主公 的回合 ===
2025-11-26 20:28:15 - INFO - ============================================================
2025-11-26 20:28:15 - INFO - 当前所有玩家状态:
2025-11-26 20:28:15 - INFO - 玩家0 (主公) [主公] (白板武将) - 血量: 4/5 - 手牌: 杀, 桃, 杀, 杀, 桃 - 装备: 武器: 青釭剑
2025-11-26 20:28:15 - INFO - 玩家1 (反贼1) [反贼] (张飞) - 血量: 0/4 - 手牌: 无 - 装备: 无
2025-11-26 20:28:15 - INFO - 玩家2 (忠臣) [忠臣] (赵云) - 血量: 2/4 - 手牌: 杀 - 装备: 武器: 诸葛连弩
2025-11-26 20:28:15 - INFO - 玩家3 (反贼2) [反贼] (吕蒙) - 血量: 4/4 - 手牌: 闪, 杀, 杀, 杀, 桃, 闪, 杀, 闪 - 装备: 防具: 仁王盾
2025-11-26 20:28:15 - INFO - 玩家4 (内奸) [内奸] (凌操) - 血量: 4/4 - 手牌: 闪, 杀, 杀, 无懈可击 - 装备: 防御马: 防御马, 进攻马: 进攻马
2025-11-26 20:28:15 - INFO - ============================================================
2025-11-26 20:28:15 - INFO - ============================================================
2025-11-26 20:28:15 - INFO - 当前牌堆状态:
2025-11-26 20:28:15 - INFO - 正常牌堆: 27 张牌
2025-11-26 20:28:15 - INFO - 弃牌堆: 19 张牌
2025-11-26 20:28:15 - INFO - 弃牌堆最后5张牌: 桃, 杀, 杀, 杀, 杀
2025-11-26 20:28:15 - INFO - ============================================================
2025-11-26 20:28:15 - INFO - 主公 进入 准备 阶段
2025-11-26 20:28:15 - INFO - 主公 进入 摸牌 阶段
2025-11-26 20:28:17 - INFO - 主公 摸牌: 闪, 杀
2025-11-26 20:28:17 - INFO - 主公 进入 出牌 阶段
2025-11-26 20:28:17 - INFO - 主公 使用 杀，目标: 忠臣
2025-11-26 20:28:19 - INFO - 主公对忠臣表敌意（杀）
2025-11-26 20:28:19 - INFO - 主公对忠臣表敌意（杀）
2025-11-26 20:28:19 - INFO - 主公对忠臣表敌意（杀）
2025-11-26 20:28:19 - INFO - 玩家 主公 打出牌: 杀
2025-11-26 20:28:22 - INFO - 忠臣 使用 闪 响应
2025-11-26 20:28:24 - INFO - 主公 使用 桃，目标: 主公
2025-11-26 20:28:27 - INFO - 玩家 主公 打出牌: 桃
2025-11-26 20:28:27 - INFO - 主公 恢复 1 点血量，当前血量: 5/5
