2025-11-26 20:53:30 - INFO - ==================================================
2025-11-26 20:53:30 - INFO - 游戏开始
2025-11-26 20:53:30 - INFO - 时间: 2025-11-26 20:53:30
2025-11-26 20:53:30 - INFO - 模式: 正常模式
2025-11-26 20:53:30 - INFO - ==================================================
2025-11-26 20:53:30 - INFO - 开始新游戏，玩家数量: 5
2025-11-26 20:53:30 - INFO - 开始初始化游戏...
2025-11-26 20:53:30 - INFO - 开始初始化牌堆...
2025-11-26 20:53:30 - INFO - 牌堆初始化完成，总牌数: 69
2025-11-26 20:53:30 - INFO - 牌堆创建完成，总牌数: 69
2025-11-26 20:53:30 - INFO - 开始初始化玩家...
2025-11-26 20:53:36 - INFO - 主公 初始手牌: 杀, 闪, 杀, 闪
2025-11-26 20:53:36 - INFO - 创建玩家 0: 主公 (身份: 主公, 武将: 白板武将, 血量: 5)
2025-11-26 20:53:38 - INFO - 反贼1 初始手牌: 防御马, 桃, 杀, 仁王盾
2025-11-26 20:53:38 - INFO - 创建玩家 1: 反贼1 (身份: 反贼, 武将: 张飞, 血量: 4)
2025-11-26 20:53:41 - INFO - 忠臣 初始手牌: 杀, 杀, 闪, 杀
2025-11-26 20:53:41 - INFO - 创建玩家 2: 忠臣 (身份: 忠臣, 武将: 赵云, 血量: 4)
2025-11-26 20:53:43 - INFO - 反贼2 初始手牌: 闪, 杀, 无懈可击, 南蛮入侵
2025-11-26 20:53:43 - INFO - 创建玩家 3: 反贼2 (身份: 反贼, 武将: 吕蒙, 血量: 4)
2025-11-26 20:53:44 - INFO - 内奸 初始手牌: 杀, 闪, 诸葛连弩, 无懈可击
2025-11-26 20:53:44 - INFO - 创建玩家 4: 内奸 (身份: 内奸, 武将: 凌操, 血量: 4)
2025-11-26 20:53:44 - INFO - ControlManager初始化完成，管理 5 个Control实例
2025-11-26 20:53:44 - INFO - 玩家控制器创建完成，玩家数量: 5
2025-11-26 20:53:44 - INFO - 初始玩家ID: 0
2025-11-26 20:53:44 - INFO - 游戏初始化完成
2025-11-26 20:53:44 - INFO - 游戏主循环开始
2025-11-26 20:53:44 - INFO - === 第 1 回合开始，主公 的回合 ===
2025-11-26 20:53:44 - INFO - ============================================================
2025-11-26 20:53:44 - INFO - 当前所有玩家状态:
2025-11-26 20:53:44 - INFO - 玩家0 (主公) [主公] (白板武将) - 血量: 5/5 - 手牌: 杀, 闪, 杀, 闪 - 装备: 无
2025-11-26 20:53:44 - INFO - 玩家1 (反贼1) [反贼] (张飞) - 血量: 4/4 - 手牌: 防御马, 桃, 杀, 仁王盾 - 装备: 无
2025-11-26 20:53:44 - INFO - 玩家2 (忠臣) [忠臣] (赵云) - 血量: 4/4 - 手牌: 杀, 杀, 闪, 杀 - 装备: 无
2025-11-26 20:53:44 - INFO - 玩家3 (反贼2) [反贼] (吕蒙) - 血量: 4/4 - 手牌: 闪, 杀, 无懈可击, 南蛮入侵 - 装备: 无
2025-11-26 20:53:44 - INFO - 玩家4 (内奸) [内奸] (凌操) - 血量: 4/4 - 手牌: 杀, 闪, 诸葛连弩, 无懈可击 - 装备: 无
2025-11-26 20:53:44 - INFO - ============================================================
2025-11-26 20:53:44 - INFO - ============================================================
2025-11-26 20:53:44 - INFO - 当前牌堆状态:
2025-11-26 20:53:44 - INFO - 正常牌堆: 49 张牌
2025-11-26 20:53:44 - INFO - 弃牌堆: 0 张牌
2025-11-26 20:53:44 - INFO - ============================================================
2025-11-26 20:53:44 - INFO - 主公 进入 准备 阶段
2025-11-26 20:53:44 - INFO - 主公 进入 摸牌 阶段
2025-11-26 20:53:45 - INFO - 主公 摸牌: 杀, 桃
2025-11-26 20:53:45 - INFO - 主公 进入 出牌 阶段
2025-11-26 20:53:48 - INFO - 主公 弃牌: 杀
2025-11-26 20:53:48 - INFO - 主公 回合结束
2025-11-26 20:53:48 - INFO - === 第 2 回合开始，反贼1 的回合 ===
2025-11-26 20:53:48 - INFO - ============================================================
2025-11-26 20:53:48 - INFO - 当前所有玩家状态:
2025-11-26 20:53:48 - INFO - 玩家0 (主公) [主公] (白板武将) - 血量: 5/5 - 手牌: 杀, 闪, 闪, 杀, 桃 - 装备: 无
2025-11-26 20:53:48 - INFO - 玩家1 (反贼1) [反贼] (张飞) - 血量: 4/4 - 手牌: 防御马, 桃, 杀, 仁王盾 - 装备: 无
2025-11-26 20:53:48 - INFO - 玩家2 (忠臣) [忠臣] (赵云) - 血量: 4/4 - 手牌: 杀, 杀, 闪, 杀 - 装备: 无
2025-11-26 20:53:48 - INFO - 玩家3 (反贼2) [反贼] (吕蒙) - 血量: 4/4 - 手牌: 闪, 杀, 无懈可击, 南蛮入侵 - 装备: 无
2025-11-26 20:53:48 - INFO - 玩家4 (内奸) [内奸] (凌操) - 血量: 4/4 - 手牌: 杀, 闪, 诸葛连弩, 无懈可击 - 装备: 无
2025-11-26 20:53:48 - INFO - ============================================================
2025-11-26 20:53:48 - INFO - ============================================================
2025-11-26 20:53:48 - INFO - 当前牌堆状态:
2025-11-26 20:53:48 - INFO - 正常牌堆: 47 张牌
2025-11-26 20:53:48 - INFO - 弃牌堆: 1 张牌
2025-11-26 20:53:48 - INFO - 弃牌堆所有牌: 杀
2025-11-26 20:53:48 - INFO - ============================================================
2025-11-26 20:53:48 - INFO - 反贼1 进入 准备 阶段
2025-11-26 20:53:48 - INFO - 反贼1 进入 摸牌 阶段
2025-11-26 20:53:49 - INFO - 反贼1 摸牌: 闪, 决斗
2025-11-26 20:53:49 - INFO - 反贼1 进入 出牌 阶段
2025-11-26 20:53:49 - INFO - 反贼1发动技能[咆哮]
2025-11-26 20:53:49 - INFO - 反贼1 使用 防御马，目标: 反贼1
2025-11-26 20:53:51 - INFO - 玩家 反贼1 打出牌: 防御马
2025-11-26 20:53:51 - INFO - 反贼1 装备 防御马 (防御马)
2025-11-26 20:53:51 - INFO - 反贼1发动技能[咆哮]
2025-11-26 20:53:51 - INFO - 反贼1 使用 仁王盾，目标: 反贼1
2025-11-26 20:53:54 - INFO - 玩家 反贼1 打出牌: 仁王盾
2025-11-26 20:53:54 - INFO - 反贼1 装备 仁王盾 (防具)
2025-11-26 20:53:54 - INFO - 反贼1发动技能[咆哮]
2025-11-26 20:53:54 - INFO - 反贼1 使用 决斗，目标: 主公
2025-11-26 20:53:56 - INFO - 反贼1对主公表敌意（决斗）
2025-11-26 20:53:56 - INFO - 反贼1跳反
2025-11-26 20:53:56 - INFO - 反贼1对主公表敌意（决斗）
2025-11-26 20:53:56 - INFO - 反贼1跳反
2025-11-26 20:53:56 - INFO - 反贼1对主公表敌意（决斗）
2025-11-26 20:53:56 - INFO - 反贼1跳反
2025-11-26 20:53:56 - INFO - 玩家 反贼1 打出牌: 决斗
2025-11-26 20:53:56 - INFO - 反贼1 使用 决斗，目标: 主公
2025-11-26 20:53:56 - INFO - 内奸 使用 无懈可击 响应
2025-11-26 20:53:58 - INFO - 内奸对主公献殷勤（无懈可击）
2025-11-26 20:53:58 - INFO - 内奸跳忠
2025-11-26 20:53:58 - INFO - 内奸对主公献殷勤（无懈可击）
2025-11-26 20:53:58 - INFO - 内奸跳忠
2025-11-26 20:53:58 - INFO - 内奸对主公献殷勤（无懈可击）
2025-11-26 20:53:58 - INFO - 内奸跳忠
2025-11-26 20:53:58 - INFO - 反贼2 使用 无懈可击 响应
2025-11-26 20:54:01 - INFO - 反贼2对主公表敌意（无懈可击抵消）
2025-11-26 20:54:01 - INFO - 反贼2跳反
2025-11-26 20:54:01 - INFO - 反贼2对主公表敌意（无懈可击抵消）
2025-11-26 20:54:01 - INFO - 反贼2跳反
2025-11-26 20:54:01 - INFO - 反贼2对主公表敌意（无懈可击抵消）
2025-11-26 20:54:01 - INFO - 反贼2跳反
2025-11-26 20:54:01 - INFO - 决斗第1轮：主公 对 反贼1
2025-11-26 20:54:01 - INFO - 主公 使用 杀 响应
2025-11-26 20:54:03 - INFO - 决斗第2轮：反贼1 对 主公
2025-11-26 20:54:03 - INFO - 反贼1 使用 杀 响应
2025-11-26 20:54:05 - INFO - 决斗第3轮：主公 对 反贼1
2025-11-26 20:54:05 - INFO - 主公 使用 杀 响应
2025-11-26 20:54:08 - INFO - 决斗第4轮：反贼1 对 主公
2025-11-26 20:54:08 - INFO - 反贼1 受到 1 点伤害，当前血量: 3/4
2025-11-26 20:54:10 - INFO - 反贼1发动技能[咆哮]
2025-11-26 20:54:10 - INFO - 反贼1 使用 桃，目标: 反贼1
2025-11-26 20:54:12 - INFO - 玩家 反贼1 打出牌: 桃
2025-11-26 20:54:12 - INFO - 反贼1 恢复 1 点血量，当前血量: 4/4
2025-11-26 20:54:14 - INFO - 反贼1发动技能[咆哮]
2025-11-26 20:54:14 - INFO - 反贼1 回合结束
2025-11-26 20:54:14 - INFO - === 第 3 回合开始，忠臣 的回合 ===
2025-11-26 20:54:14 - INFO - ============================================================
2025-11-26 20:54:14 - INFO - 当前所有玩家状态:
2025-11-26 20:54:14 - INFO - 玩家0 (主公) [主公] (白板武将) - 血量: 5/5 - 手牌: 闪, 闪, 桃 - 装备: 无
2025-11-26 20:54:14 - INFO - 玩家1 (反贼1) [反贼] (张飞) - 血量: 4/4 - 手牌: 闪 - 装备: 防具: 仁王盾, 防御马: 防御马
2025-11-26 20:54:14 - INFO - 玩家2 (忠臣) [忠臣] (赵云) - 血量: 4/4 - 手牌: 杀, 杀, 闪, 杀 - 装备: 无
2025-11-26 20:54:14 - INFO - 玩家3 (反贼2) [反贼] (吕蒙) - 血量: 4/4 - 手牌: 闪, 杀, 南蛮入侵 - 装备: 无
2025-11-26 20:54:14 - INFO - 玩家4 (内奸) [内奸] (凌操) - 血量: 4/4 - 手牌: 杀, 闪, 诸葛连弩 - 装备: 无
2025-11-26 20:54:14 - INFO - ============================================================
2025-11-26 20:54:14 - INFO - ============================================================
2025-11-26 20:54:14 - INFO - 当前牌堆状态:
2025-11-26 20:54:14 - INFO - 正常牌堆: 45 张牌
2025-11-26 20:54:14 - INFO - 弃牌堆: 8 张牌
2025-11-26 20:54:14 - INFO - 弃牌堆最后5张牌: 杀, 杀, 杀, 决斗, 桃
2025-11-26 20:54:14 - INFO - ============================================================
2025-11-26 20:54:14 - INFO - 忠臣 进入 准备 阶段
2025-11-26 20:54:14 - INFO - 忠臣 进入 摸牌 阶段
2025-11-26 20:54:15 - INFO - 忠臣 摸牌: 杀, 闪
2025-11-26 20:54:15 - INFO - 忠臣 进入 出牌 阶段
2025-11-26 20:54:22 - INFO - 忠臣 使用 杀，目标: 反贼2
2025-11-26 20:54:24 - INFO - 忠臣对反贼2表敌意（杀）
2025-11-26 20:54:24 - INFO - 忠臣跳忠
2025-11-26 20:54:24 - INFO - 忠臣对反贼2表敌意（杀）
2025-11-26 20:54:24 - INFO - 忠臣跳忠
2025-11-26 20:54:24 - INFO - 忠臣对反贼2表敌意（杀）
2025-11-26 20:54:24 - INFO - 忠臣跳忠
2025-11-26 20:54:24 - INFO - 玩家 忠臣 打出牌: 杀
2025-11-26 20:54:24 - INFO - 反贼2 使用 闪 响应
2025-11-26 20:55:00 - INFO - 忠臣 弃牌: 杀
2025-11-26 20:55:00 - INFO - 忠臣 回合结束
2025-11-26 20:55:00 - INFO - === 第 4 回合开始，反贼2 的回合 ===
2025-11-26 20:55:00 - INFO - ============================================================
2025-11-26 20:55:00 - INFO - 当前所有玩家状态:
2025-11-26 20:55:00 - INFO - 玩家0 (主公) [主公] (白板武将) - 血量: 5/5 - 手牌: 闪, 闪, 桃 - 装备: 无
2025-11-26 20:55:00 - INFO - 玩家1 (反贼1) [反贼] (张飞) - 血量: 4/4 - 手牌: 闪 - 装备: 防具: 仁王盾, 防御马: 防御马
2025-11-26 20:55:00 - INFO - 玩家2 (忠臣) [忠臣] (赵云) - 血量: 4/4 - 手牌: 杀, 杀, 杀, 闪 - 装备: 无
2025-11-26 20:55:00 - INFO - 玩家3 (反贼2) [反贼] (吕蒙) - 血量: 4/4 - 手牌: 杀, 南蛮入侵 - 装备: 无
2025-11-26 20:55:00 - INFO - 玩家4 (内奸) [内奸] (凌操) - 血量: 4/4 - 手牌: 杀, 闪, 诸葛连弩 - 装备: 无
2025-11-26 20:55:00 - INFO - ============================================================
2025-11-26 20:55:00 - INFO - ============================================================
2025-11-26 20:55:00 - INFO - 当前牌堆状态:
2025-11-26 20:55:00 - INFO - 正常牌堆: 43 张牌
2025-11-26 20:55:00 - INFO - 弃牌堆: 11 张牌
2025-11-26 20:55:00 - INFO - 弃牌堆最后5张牌: 决斗, 桃, 杀, 闪, 杀
2025-11-26 20:55:00 - INFO - ============================================================
2025-11-26 20:55:00 - INFO - 反贼2 进入 准备 阶段
2025-11-26 20:55:00 - INFO - 反贼2 进入 摸牌 阶段
2025-11-26 20:55:01 - INFO - 反贼2 摸牌: 闪, 闪
2025-11-26 20:55:01 - INFO - 反贼2 进入 出牌 阶段
2025-11-26 20:55:01 - INFO - 反贼2 使用 杀，目标: 内奸
2025-11-26 20:55:03 - INFO - 反贼2对内奸表敌意（杀）
2025-11-26 20:55:03 - INFO - 反贼2对内奸表敌意（杀）
2025-11-26 20:55:03 - INFO - 反贼2对内奸表敌意（杀）
2025-11-26 20:55:03 - INFO - 玩家 反贼2 打出牌: 杀
2025-11-26 20:55:03 - INFO - 内奸 使用 闪 响应
2025-11-26 20:55:06 - INFO - 反贼2 使用 南蛮入侵，目标: 主公, 反贼1, 忠臣, 内奸
2025-11-26 20:55:08 - INFO - 玩家 反贼2 打出牌: 南蛮入侵
2025-11-26 20:55:08 - INFO - 反贼2 使用 南蛮入侵 响应
2025-11-26 20:55:08 - INFO - 内奸 使用 杀 响应
2025-11-26 20:55:10 - INFO - 主公 受到 1 点伤害，当前血量: 4/5
2025-11-26 20:55:13 - INFO - 反贼1 受到 1 点伤害，当前血量: 3/4
2025-11-26 20:55:28 - INFO - 忠臣 使用 杀 响应
2025-11-26 20:55:31 - INFO - 反贼2发动技能[克己]
2025-11-26 20:55:31 - INFO - 反贼2 技能[克己]失效：本回合已使用过杀，需要弃牌
2025-11-26 20:55:31 - INFO - 反贼2 回合结束
2025-11-26 20:55:31 - INFO - === 第 5 回合开始，内奸 的回合 ===
2025-11-26 20:55:31 - INFO - ============================================================
2025-11-26 20:55:31 - INFO - 当前所有玩家状态:
2025-11-26 20:55:31 - INFO - 玩家0 (主公) [主公] (白板武将) - 血量: 4/5 - 手牌: 闪, 闪, 桃 - 装备: 无
2025-11-26 20:55:31 - INFO - 玩家1 (反贼1) [反贼] (张飞) - 血量: 3/4 - 手牌: 闪 - 装备: 防具: 仁王盾, 防御马: 防御马
2025-11-26 20:55:31 - INFO - 玩家2 (忠臣) [忠臣] (赵云) - 血量: 4/4 - 手牌: 杀, 杀, 杀 - 装备: 无
2025-11-26 20:55:31 - INFO - 玩家3 (反贼2) [反贼] (吕蒙) - 血量: 4/4 - 手牌: 闪, 闪 - 装备: 无
2025-11-26 20:55:31 - INFO - 玩家4 (内奸) [内奸] (凌操) - 血量: 4/4 - 手牌: 诸葛连弩 - 装备: 无
2025-11-26 20:55:31 - INFO - ============================================================
2025-11-26 20:55:31 - INFO - ============================================================
2025-11-26 20:55:31 - INFO - 当前牌堆状态:
2025-11-26 20:55:31 - INFO - 正常牌堆: 41 张牌
2025-11-26 20:55:31 - INFO - 弃牌堆: 16 张牌
2025-11-26 20:55:31 - INFO - 弃牌堆最后5张牌: 杀, 闪, 杀, 闪, 南蛮入侵
2025-11-26 20:55:31 - INFO - ============================================================
2025-11-26 20:55:31 - INFO - 内奸 进入 准备 阶段
2025-11-26 20:55:31 - INFO - 内奸 进入 摸牌 阶段
2025-11-26 20:55:31 - INFO - 内奸发动技能[凌操]
2025-11-26 20:55:31 - INFO - 内奸 摸牌: 闪, 闪, 杀
2025-11-26 20:55:31 - INFO - 内奸 进入 出牌 阶段
2025-11-26 20:55:31 - INFO - 内奸 使用 诸葛连弩，目标: 内奸
2025-11-26 20:55:34 - INFO - 玩家 内奸 打出牌: 诸葛连弩
2025-11-26 20:55:34 - INFO - 内奸 装备 诸葛连弩 (武器)
2025-11-26 20:55:34 - INFO - 内奸 使用 杀，目标: 反贼2
2025-11-26 20:55:36 - INFO - 内奸对反贼2表敌意（杀）
2025-11-26 20:55:36 - INFO - 内奸对反贼2表敌意（杀）
2025-11-26 20:55:36 - INFO - 内奸对反贼2表敌意（杀）
2025-11-26 20:55:36 - INFO - 玩家 内奸 打出牌: 杀
2025-11-26 20:55:36 - INFO - 反贼2 使用 闪 响应
2025-11-26 20:55:38 - INFO - 内奸 回合结束
2025-11-26 20:55:38 - INFO - === 第 6 回合开始，主公 的回合 ===
2025-11-26 20:55:38 - INFO - ============================================================
2025-11-26 20:55:38 - INFO - 当前所有玩家状态:
2025-11-26 20:55:38 - INFO - 玩家0 (主公) [主公] (白板武将) - 血量: 4/5 - 手牌: 闪, 闪, 桃 - 装备: 无
2025-11-26 20:55:38 - INFO - 玩家1 (反贼1) [反贼] (张飞) - 血量: 3/4 - 手牌: 闪 - 装备: 防具: 仁王盾, 防御马: 防御马
2025-11-26 20:55:38 - INFO - 玩家2 (忠臣) [忠臣] (赵云) - 血量: 4/4 - 手牌: 杀, 杀, 杀 - 装备: 无
2025-11-26 20:55:38 - INFO - 玩家3 (反贼2) [反贼] (吕蒙) - 血量: 4/4 - 手牌: 闪 - 装备: 无
2025-11-26 20:55:38 - INFO - 玩家4 (内奸) [内奸] (凌操) - 血量: 4/4 - 手牌: 闪, 闪 - 装备: 武器: 诸葛连弩
2025-11-26 20:55:38 - INFO - ============================================================
2025-11-26 20:55:38 - INFO - ============================================================
2025-11-26 20:55:38 - INFO - 当前牌堆状态:
2025-11-26 20:55:38 - INFO - 正常牌堆: 38 张牌
2025-11-26 20:55:38 - INFO - 弃牌堆: 18 张牌
2025-11-26 20:55:38 - INFO - 弃牌堆最后5张牌: 杀, 闪, 南蛮入侵, 杀, 闪
2025-11-26 20:55:38 - INFO - ============================================================
2025-11-26 20:55:38 - INFO - 主公 进入 准备 阶段
2025-11-26 20:55:38 - INFO - 主公 进入 摸牌 阶段
2025-11-26 20:55:40 - INFO - 主公 摸牌: 桃, 南蛮入侵
2025-11-26 20:55:40 - INFO - 主公 进入 出牌 阶段
2025-11-26 20:55:40 - INFO - 主公 使用 桃，目标: 主公
2025-11-26 20:55:42 - INFO - 玩家 主公 打出牌: 桃
2025-11-26 20:55:42 - INFO - 主公 恢复 1 点血量，当前血量: 5/5
